------------------------------------------------------------------------------------------------------------------------

[2017-01-24 15:41:52 #1 type.registry] 
New type domain.RuralHouse

[2017-01-24 15:41:52 #2 type] 
Type domain.RuralHouse is not enhanced.

[2017-01-24 15:41:52 #3 type.registry] 
New type domain.Offer

[2017-01-24 15:41:52 #4 type.registry] 
New type java.util.Vector<domain.Offer>

[2017-01-24 15:41:52 #5 type] 
Type domain.Offer is not enhanced.

[2017-01-24 15:41:52 #6 type.registry] 
New type java.util.Vector<java.lang.Object>

------------------------------------------------------------------------------------------------------------------------

[2017-01-24 15:44:50 #1 type.registry] 
New type domain.RuralHouse

[2017-01-24 15:44:50 #2 type] 
Type domain.RuralHouse is not enhanced.

[2017-01-24 15:44:50 #3 type.registry] 
New type domain.Offer

[2017-01-24 15:44:50 #4 type.registry] 
New type java.util.Vector<domain.Offer>

[2017-01-24 15:44:50 #5 type] 
Type domain.Offer is not enhanced.

[2017-01-24 15:44:50 #6 type.registry] 
New type java.util.Vector<java.lang.Object>

------------------------------------------------------------------------------------------------------------------------

[2017-01-24 15:45:37 #1 type.registry] 
New type domain.RuralHouse

[2017-01-24 15:45:37 #2 type] 
Type domain.RuralHouse is not enhanced.

[2017-01-24 15:45:37 #3 type.registry] 
New type domain.Offer

[2017-01-24 15:45:37 #4 type.registry] 
New type java.util.Vector<domain.Offer>

[2017-01-24 15:45:37 #5 type] 
Type domain.Offer is not enhanced.

[2017-01-24 15:45:37 #6 type.registry] 
New type java.util.Vector<java.lang.Object>

------------------------------------------------------------------------------------------------------------------------

[2017-01-24 15:46:31 #1 type] 
Type domain.RuralHouse is not enhanced.

[2017-01-24 15:46:31 #2 type] 
Type domain.Offer is not enhanced.

------------------------------------------------------------------------------------------------------------------------

[2017-01-24 15:48:27 #1 type.registry] 
New type domain.RuralHouse

[2017-01-24 15:48:27 #2 type] 
Type domain.RuralHouse is not enhanced.

[2017-01-24 15:48:27 #3 type.registry] 
New type domain.Offer

[2017-01-24 15:48:27 #4 type.registry] 
New type java.util.Vector<domain.Offer>

[2017-01-24 15:48:27 #5 type] 
Type domain.Offer is not enhanced.

[2017-01-24 15:48:27 #6 type.registry] 
New type java.util.Vector<java.lang.Object>

------------------------------------------------------------------------------------------------------------------------

[2017-01-24 16:39:23 #1 store] 
Database '/Users/joniturrioz/Dropbox/workspace/RuralHouse-2017/landetxeak.temp' is opened by 3320@imacRetinaJon.local

[2017-01-24 16:39:38 #2 type.registry] 
New type domain.RuralHouse

[2017-01-24 16:39:38 #3 type] 
Type domain.RuralHouse is not enhanced.

[2017-01-24 16:39:38 #4 type.registry] 
New type domain.Offer

[2017-01-24 16:39:38 #5 type.registry] 
New type java.util.Vector<domain.Offer>

[2017-01-24 16:39:38 #6 type] 
Type domain.Offer is not enhanced.

------------------------------------------------------------------------------------------------------------------------

[2017-01-24 16:40:08 #1 store] 
Database '/Users/joniturrioz/Dropbox/workspace/RuralHouse-2017/landetxeak.temp' has been recovered (tr. 1-3)

[2017-01-24 16:40:08 #2 store] 
Database '/Users/joniturrioz/Dropbox/workspace/RuralHouse-2017/landetxeak.temp' is opened by 3322@imacRetinaJon.local

[2017-01-24 16:40:08 #3 type] 
Type domain.RuralHouse is not enhanced.

[2017-01-24 16:40:08 #4 type] 
Type domain.Offer is not enhanced.

------------------------------------------------------------------------------------------------------------------------

[2017-01-24 16:41:56 #1 store] 
Database '/Users/joniturrioz/Dropbox/workspace/RuralHouse-2017/landetxeak.temp' is opened by 3333@imacRetinaJon.local

[2017-01-24 16:41:56 #2 type] 
Type domain.RuralHouse is not enhanced.

[2017-01-24 16:41:56 #3 type] 
Type domain.Offer is not enhanced.

------------------------------------------------------------------------------------------------------------------------

[2017-01-24 16:42:20 #1 store] 
Database '/Users/joniturrioz/Dropbox/workspace/RuralHouse-2017/landetxeak.temp' is opened by 3335@imacRetinaJon.local

[2017-01-24 16:42:21 #2 type.registry] 
New type domain.RuralHouse

[2017-01-24 16:42:21 #3 type] 
Type domain.RuralHouse is not enhanced.

[2017-01-24 16:42:21 #4 type.registry] 
New type domain.Offer

[2017-01-24 16:42:21 #5 type.registry] 
New type java.util.Vector<domain.Offer>

[2017-01-24 16:42:21 #6 type] 
Type domain.Offer is not enhanced.

[2017-01-24 16:42:21 #7 type.registry] 
New type java.util.Vector<java.lang.Object>

------------------------------------------------------------------------------------------------------------------------

[2017-01-24 16:42:34 #1 store] 
Database '/Users/joniturrioz/Dropbox/workspace/RuralHouse-2017/landetxeak.temp' is opened by 3337@imacRetinaJon.local

[2017-01-24 16:42:34 #2 type.registry] 
New type domain.RuralHouse

[2017-01-24 16:42:34 #3 type] 
Type domain.RuralHouse is not enhanced.

[2017-01-24 16:42:34 #4 type.registry] 
New type domain.Offer

[2017-01-24 16:42:34 #5 type.registry] 
New type java.util.Vector<domain.Offer>

[2017-01-24 16:42:34 #6 type] 
Type domain.Offer is not enhanced.

[2017-01-24 16:42:34 #7 type.registry] 
New type java.util.Vector<java.lang.Object>

------------------------------------------------------------------------------------------------------------------------

[2017-01-24 16:50:06 #1 store] 
Database '/Users/joniturrioz/Dropbox/workspace/RuralHouse-2017/landetxeak.temp' is opened by 3378@imacRetinaJon.local

[2017-01-24 16:50:06 #2 type.registry] 
New type domain.RuralHouse

[2017-01-24 16:50:06 #3 type] 
Type domain.RuralHouse is not enhanced.

[2017-01-24 16:50:06 #4 type.registry] 
New type domain.Offer

[2017-01-24 16:50:06 #5 type.registry] 
New type java.util.Vector<domain.Offer>

[2017-01-24 16:50:06 #6 type] 
Type domain.Offer is not enhanced.

[2017-01-24 16:50:06 #7 type.registry] 
New type java.util.Vector<java.lang.Object>

------------------------------------------------------------------------------------------------------------------------

[2017-01-24 16:50:28 #1 store] 
Database '/Users/joniturrioz/Dropbox/workspace/RuralHouse-2017/landetxeak2.temp' is opened by 3380@imacRetinaJon.local

[2017-01-24 16:50:28 #2 type.registry] 
New type domain.RuralHouse

[2017-01-24 16:50:28 #3 type] 
Type domain.RuralHouse is not enhanced.

[2017-01-24 16:50:28 #4 type.registry] 
New type domain.Offer

[2017-01-24 16:50:28 #5 type.registry] 
New type java.util.Vector<domain.Offer>

[2017-01-24 16:50:28 #6 type] 
Type domain.Offer is not enhanced.

[2017-01-24 16:50:28 #7 type.registry] 
New type java.util.Vector<java.lang.Object>

------------------------------------------------------------------------------------------------------------------------

[2017-01-24 17:13:45 #1 type.registry] 
New type domain.RuralHouse

[2017-01-24 17:13:45 #2 type] 
Type domain.RuralHouse is not enhanced.

[2017-01-24 17:13:45 #3 type.registry] 
New type domain.Offer

[2017-01-24 17:13:45 #4 type.registry] 
New type java.util.Vector<domain.Offer>

[2017-01-24 17:13:45 #5 type] 
Type domain.Offer is not enhanced.

[2017-01-24 17:13:45 #6 type.registry] 
New type java.util.Vector<java.lang.Object>

