------------------------------------------------------------------------------------------------------------------------

[2018-01-16 13:17:27 #1 store] 
Database 'C:\Users\jipgosaa\Documents\workspace-sts-3.8.2.RELEASE\Bets\Bets\bets.temp' is opened by 5448@U102188

[2018-01-16 13:17:27 #2 type.registry] 
New type domain.Query

[2018-01-16 13:17:27 #3 type] 
Type domain.Query is not enhanced.

[2018-01-16 13:17:27 #4 type.registry] 
New type domain.Event

[2018-01-16 13:17:27 #5 type] 
Type domain.Event is not enhanced.

[2018-01-16 13:17:27 #6 type.registry] 
New type java.util.Vector<domain.Query>

[2018-01-16 13:17:27 #7 type.registry] 
New type java.util.Vector<java.lang.Object>

------------------------------------------------------------------------------------------------------------------------

[2018-01-16 17:20:09 #1 store] 
Database 'C:\Users\jipgosaa\Documents\workspace-sts-3.8.2.RELEASE\Bets\Bets\bets.temp' is opened by 9896@U102188

[2018-01-16 17:20:10 #2 type.registry] 
New type domain.Query

[2018-01-16 17:20:10 #3 type] 
Type domain.Query is not enhanced.

[2018-01-16 17:20:10 #4 type.registry] 
New type domain.Event

[2018-01-16 17:20:10 #5 type] 
Type domain.Event is not enhanced.

[2018-01-16 17:20:10 #6 type.registry] 
New type java.util.Vector<domain.Query>

[2018-01-16 17:20:10 #7 type.registry] 
New type java.util.Vector<java.lang.Object>

------------------------------------------------------------------------------------------------------------------------

[2018-01-16 17:24:32 #1 store] 
Database 'C:\Users\jipgosaa\Documents\workspace-sts-3.8.2.RELEASE\Bets\Bets\bets.temp' is opened by 10960@U102188

[2018-01-16 17:24:32 #2 type.registry] 
New type domain.Query

[2018-01-16 17:24:32 #3 type] 
Type domain.Query is not enhanced.

[2018-01-16 17:24:32 #4 type.registry] 
New type domain.Event

[2018-01-16 17:24:32 #5 type] 
Type domain.Event is not enhanced.

[2018-01-16 17:24:32 #6 type.registry] 
New type java.util.Vector<domain.Query>

[2018-01-16 17:24:32 #7 type.registry] 
New type java.util.Vector<java.lang.Object>

------------------------------------------------------------------------------------------------------------------------

[2018-01-16 17:26:07 #1 store] 
Database 'C:\Users\jipgosaa\Documents\workspace-sts-3.8.2.RELEASE\Bets\Bets\bets.temp' is opened by 7540@U102188

[2018-01-16 17:26:07 #2 type.registry] 
New type domain.Query

[2018-01-16 17:26:07 #3 type] 
Type domain.Query is not enhanced.

[2018-01-16 17:26:07 #4 type.registry] 
New type domain.Event

[2018-01-16 17:26:08 #5 type] 
Type domain.Event is not enhanced.

[2018-01-16 17:26:08 #6 type.registry] 
New type java.util.Vector<domain.Query>

[2018-01-16 17:26:08 #7 type.registry] 
New type java.util.Vector<java.lang.Object>

------------------------------------------------------------------------------------------------------------------------

[2018-01-16 17:30:33 #1 store] 
Database 'C:\Users\jipgosaa\Documents\workspace-sts-3.8.2.RELEASE\Bets\Bets\bets.temp' is opened by 11952@U102188

[2018-01-16 17:30:33 #2 type.registry] 
New type domain.Query

[2018-01-16 17:30:33 #3 type] 
Type domain.Query is not enhanced.

[2018-01-16 17:30:33 #4 type.registry] 
New type domain.Event

[2018-01-16 17:30:33 #5 type] 
Type domain.Event is not enhanced.

[2018-01-16 17:30:33 #6 type.registry] 
New type java.util.Vector<domain.Query>

[2018-01-16 17:30:33 #7 type.registry] 
New type java.util.Vector<java.lang.Object>

------------------------------------------------------------------------------------------------------------------------

[2018-01-16 17:41:21 #1 store] 
Database 'C:\Users\jipgosaa\Documents\workspace-sts-3.8.2.RELEASE\Bets\Bets\bets.temp' is opened by 11268@U102188

[2018-01-16 17:41:21 #2 type.registry] 
New type domain.Query

[2018-01-16 17:41:21 #3 type] 
Type domain.Query is not enhanced.

[2018-01-16 17:41:21 #4 type.registry] 
New type domain.Event

[2018-01-16 17:41:21 #5 type] 
Type domain.Event is not enhanced.

[2018-01-16 17:41:21 #6 type.registry] 
New type java.util.Vector<domain.Query>

[2018-01-16 17:41:21 #7 type.registry] 
New type java.util.Vector<java.lang.Object>

------------------------------------------------------------------------------------------------------------------------

[2018-01-16 17:42:45 #1 store] 
Database 'C:\Users\jipgosaa\Documents\workspace-sts-3.8.2.RELEASE\Bets\Bets\bets.temp' is opened by 12984@U102188

[2018-01-16 17:42:45 #2 type.registry] 
New type domain.Query

[2018-01-16 17:42:45 #3 type] 
Type domain.Query is not enhanced.

[2018-01-16 17:42:45 #4 type.registry] 
New type domain.Event

[2018-01-16 17:42:45 #5 type] 
Type domain.Event is not enhanced.

[2018-01-16 17:42:45 #6 type.registry] 
New type java.util.Vector<domain.Query>

[2018-01-16 17:42:45 #7 type.registry] 
New type java.util.Vector<java.lang.Object>

------------------------------------------------------------------------------------------------------------------------

[2018-01-16 17:46:03 #1 store] 
Database 'C:\Users\jipgosaa\Documents\workspace-sts-3.8.2.RELEASE\Bets\Bets\bets.temp' is opened by 12620@U102188

[2018-01-16 17:46:03 #2 type.registry] 
New type domain.Query

[2018-01-16 17:46:03 #3 type] 
Type domain.Query is not enhanced.

[2018-01-16 17:46:03 #4 type.registry] 
New type domain.Event

[2018-01-16 17:46:03 #5 type] 
Type domain.Event is not enhanced.

[2018-01-16 17:46:03 #6 type.registry] 
New type java.util.Vector<domain.Query>

[2018-01-16 17:46:03 #7 type.registry] 
New type java.util.Vector<java.lang.Object>

------------------------------------------------------------------------------------------------------------------------

[2018-01-16 17:54:15 #1 store] 
Database 'C:\Users\jipgosaa\Documents\workspace-sts-3.8.2.RELEASE\Bets\Bets\bets.temp' is opened by 10736@U102188

[2018-01-16 17:54:15 #2 type.registry] 
New type domain.Query

[2018-01-16 17:54:15 #3 type] 
Type domain.Query is not enhanced.

[2018-01-16 17:54:15 #4 type.registry] 
New type domain.Event

[2018-01-16 17:54:15 #5 type] 
Type domain.Event is not enhanced.

[2018-01-16 17:54:16 #6 type.registry] 
New type java.util.Vector<domain.Query>

[2018-01-16 17:54:16 #7 type.registry] 
New type java.util.Vector<java.lang.Object>

------------------------------------------------------------------------------------------------------------------------

[2018-01-16 18:03:27 #1 store] 
Database 'C:\Users\jipgosaa\Documents\workspace-sts-3.8.2.RELEASE\Bets\Bets\bets.temp' is opened by 8664@U102188

[2018-01-16 18:03:27 #2 type.registry] 
New type domain.Query

[2018-01-16 18:03:27 #3 type] 
Type domain.Query is not enhanced.

[2018-01-16 18:03:27 #4 type.registry] 
New type domain.Event

[2018-01-16 18:03:27 #5 type] 
Type domain.Event is not enhanced.

[2018-01-16 18:03:27 #6 type.registry] 
New type java.util.Vector<domain.Query>

[2018-01-16 18:03:27 #7 type.registry] 
New type java.util.Vector<java.lang.Object>

------------------------------------------------------------------------------------------------------------------------

[2018-01-16 18:11:16 #1 store] 
Database 'C:\Users\jipgosaa\Documents\workspace-sts-3.8.2.RELEASE\Bets\Bets\bets.temp' is opened by 7360@U102188

[2018-01-16 18:11:17 #2 type.registry] 
New type domain.Query

[2018-01-16 18:11:17 #3 type] 
Type domain.Query is not enhanced.

[2018-01-16 18:11:17 #4 type.registry] 
New type domain.Event

[2018-01-16 18:11:17 #5 type] 
Type domain.Event is not enhanced.

[2018-01-16 18:11:17 #6 type.registry] 
New type java.util.Vector<domain.Query>

[2018-01-16 18:11:17 #7 type.registry] 
New type java.util.Vector<java.lang.Object>

------------------------------------------------------------------------------------------------------------------------

[2018-01-16 18:20:00 #1 store] 
Database 'C:\Users\jipgosaa\Documents\workspace-sts-3.8.2.RELEASE\Bets\Bets\bets.temp' is opened by 8412@U102188

[2018-01-16 18:20:00 #2 type.registry] 
New type domain.Query

[2018-01-16 18:20:00 #3 type] 
Type domain.Query is not enhanced.

[2018-01-16 18:20:00 #4 type.registry] 
New type domain.Event

[2018-01-16 18:20:00 #5 type] 
Type domain.Event is not enhanced.

[2018-01-16 18:20:00 #6 type.registry] 
New type java.util.Vector<domain.Query>

[2018-01-16 18:20:00 #7 type.registry] 
New type java.util.Vector<java.lang.Object>

------------------------------------------------------------------------------------------------------------------------

[2018-01-16 18:23:41 #1 store] 
Database 'C:\Users\jipgosaa\Documents\workspace-sts-3.8.2.RELEASE\Bets\Bets\bets.temp' is opened by 12988@U102188

[2018-01-16 18:23:42 #2 type.registry] 
New type domain.Query

[2018-01-16 18:23:42 #3 type] 
Type domain.Query is not enhanced.

[2018-01-16 18:23:42 #4 type.registry] 
New type domain.Event

[2018-01-16 18:23:42 #5 type] 
Type domain.Event is not enhanced.

[2018-01-16 18:23:42 #6 type.registry] 
New type java.util.Vector<domain.Query>

[2018-01-16 18:23:42 #7 type.registry] 
New type java.util.Vector<java.lang.Object>

------------------------------------------------------------------------------------------------------------------------

[2018-01-16 18:24:02 #1 store] 
Database 'C:\Users\jipgosaa\Documents\workspace-sts-3.8.2.RELEASE\Bets\Bets\bets.temp' is opened by 11244@U102188

[2018-01-16 18:24:03 #2 type.registry] 
New type domain.Query

[2018-01-16 18:24:03 #3 type] 
Type domain.Query is not enhanced.

[2018-01-16 18:24:03 #4 type.registry] 
New type domain.Event

[2018-01-16 18:24:03 #5 type] 
Type domain.Event is not enhanced.

[2018-01-16 18:24:03 #6 type.registry] 
New type java.util.Vector<domain.Query>

[2018-01-16 18:24:03 #7 type.registry] 
New type java.util.Vector<java.lang.Object>

------------------------------------------------------------------------------------------------------------------------

[2018-01-16 18:24:25 #1 store] 
Database 'C:\Users\jipgosaa\Documents\workspace-sts-3.8.2.RELEASE\Bets\Bets\bets.temp' is opened by 4324@U102188

[2018-01-16 18:24:25 #2 type.registry] 
New type domain.Query

[2018-01-16 18:24:25 #3 type] 
Type domain.Query is not enhanced.

[2018-01-16 18:24:25 #4 type.registry] 
New type domain.Event

[2018-01-16 18:24:25 #5 type] 
Type domain.Event is not enhanced.

[2018-01-16 18:24:25 #6 type.registry] 
New type java.util.Vector<domain.Query>

[2018-01-16 18:24:25 #7 type.registry] 
New type java.util.Vector<java.lang.Object>

------------------------------------------------------------------------------------------------------------------------

[2018-01-16 18:24:55 #1 store] 
Database 'C:\Users\jipgosaa\Documents\workspace-sts-3.8.2.RELEASE\Bets\Bets\bets.temp' is opened by 9496@U102188

[2018-01-16 18:24:55 #2 type.registry] 
New type domain.Query

[2018-01-16 18:24:55 #3 type] 
Type domain.Query is not enhanced.

[2018-01-16 18:24:55 #4 type.registry] 
New type domain.Event

[2018-01-16 18:24:55 #5 type] 
Type domain.Event is not enhanced.

[2018-01-16 18:24:55 #6 type.registry] 
New type java.util.Vector<domain.Query>

[2018-01-16 18:24:55 #7 type.registry] 
New type java.util.Vector<java.lang.Object>

------------------------------------------------------------------------------------------------------------------------

[2018-01-16 18:26:06 #1 store] 
Database 'C:\Users\jipgosaa\Documents\workspace-sts-3.8.2.RELEASE\Bets\Bets\bets.temp' is opened by 7272@U102188

[2018-01-16 18:26:06 #2 type.registry] 
New type domain.Query

[2018-01-16 18:26:06 #3 type] 
Type domain.Query is not enhanced.

[2018-01-16 18:26:06 #4 type.registry] 
New type domain.Event

[2018-01-16 18:26:06 #5 type] 
Type domain.Event is not enhanced.

[2018-01-16 18:26:06 #6 type.registry] 
New type java.util.Vector<domain.Query>

[2018-01-16 18:26:06 #7 type.registry] 
New type java.util.Vector<java.lang.Object>

------------------------------------------------------------------------------------------------------------------------

[2018-01-16 18:27:11 #1 store] 
Database 'C:\Users\jipgosaa\Documents\workspace-sts-3.8.2.RELEASE\Bets\Bets\bets.temp' is opened by 8796@U102188

[2018-01-16 18:27:11 #2 type.registry] 
New type domain.Query

[2018-01-16 18:27:11 #3 type] 
Type domain.Query is not enhanced.

[2018-01-16 18:27:11 #4 type.registry] 
New type domain.Event

[2018-01-16 18:27:11 #5 type] 
Type domain.Event is not enhanced.

[2018-01-16 18:27:11 #6 type.registry] 
New type java.util.Vector<domain.Query>

[2018-01-16 18:27:11 #7 type.registry] 
New type java.util.Vector<java.lang.Object>

------------------------------------------------------------------------------------------------------------------------

[2018-01-16 18:28:32 #1 store] 
Database 'C:\Users\jipgosaa\Documents\workspace-sts-3.8.2.RELEASE\Bets\Bets\bets.temp' is opened by 11972@U102188

[2018-01-16 18:28:33 #2 type.registry] 
New type domain.Query

[2018-01-16 18:28:33 #3 type] 
Type domain.Query is not enhanced.

[2018-01-16 18:28:33 #4 type.registry] 
New type domain.Event

[2018-01-16 18:28:33 #5 type] 
Type domain.Event is not enhanced.

[2018-01-16 18:28:33 #6 type.registry] 
New type java.util.Vector<domain.Query>

[2018-01-16 18:28:33 #7 type.registry] 
New type java.util.Vector<java.lang.Object>

------------------------------------------------------------------------------------------------------------------------

[2018-01-16 18:40:15 #1 store] 
Database 'C:\Users\jipgosaa\Documents\workspace-sts-3.8.2.RELEASE\Bets\Bets\bets.temp' is opened by 8216@U102188

[2018-01-16 18:40:16 #2 type.registry] 
New type domain.Query

[2018-01-16 18:40:16 #3 type] 
Type domain.Query is not enhanced.

[2018-01-16 18:40:16 #4 type.registry] 
New type domain.Event

[2018-01-16 18:40:16 #5 type] 
Type domain.Event is not enhanced.

[2018-01-16 18:40:16 #6 type.registry] 
New type java.util.Vector<domain.Query>

[2018-01-16 18:40:16 #7 type.registry] 
New type java.util.Vector<java.lang.Object>

------------------------------------------------------------------------------------------------------------------------

[2018-01-16 18:42:19 #1 store] 
Database 'C:\Users\jipgosaa\Documents\workspace-sts-3.8.2.RELEASE\Bets\Bets\bets.temp' is opened by 11788@U102188

[2018-01-16 18:42:19 #2 type.registry] 
New type domain.Query

[2018-01-16 18:42:19 #3 type] 
Type domain.Query is not enhanced.

[2018-01-16 18:42:19 #4 type.registry] 
New type domain.Event

[2018-01-16 18:42:19 #5 type] 
Type domain.Event is not enhanced.

[2018-01-16 18:42:19 #6 type.registry] 
New type java.util.Vector<domain.Query>

[2018-01-16 18:42:19 #7 type.registry] 
New type java.util.Vector<java.lang.Object>

------------------------------------------------------------------------------------------------------------------------

[2018-01-16 18:43:12 #1 store] 
Database 'C:\Users\jipgosaa\Documents\workspace-sts-3.8.2.RELEASE\Bets\Bets\bets.temp' is opened by 12316@U102188

[2018-01-16 18:43:12 #2 type.registry] 
New type domain.Query

[2018-01-16 18:43:12 #3 type] 
Type domain.Query is not enhanced.

[2018-01-16 18:43:12 #4 type.registry] 
New type domain.Event

[2018-01-16 18:43:12 #5 type] 
Type domain.Event is not enhanced.

[2018-01-16 18:43:12 #6 type.registry] 
New type java.util.Vector<domain.Query>

[2018-01-16 18:43:12 #7 type.registry] 
New type java.util.Vector<java.lang.Object>

