------------------------------------------------------------------------------------------------------------------------

[2018-01-11 12:18:27 #1 store] 
Database '/Volumes/Macintosh HD 2/Documents/Dropbox/workspace/Bets/bets.temp' is opened by 605@iMac-de-Jon-2.local

[2018-01-11 12:18:27 #2 type.registry] 
New type domain.Event

[2018-01-11 12:18:27 #3 type] 
Type domain.Event is not enhanced.

[2018-01-11 12:18:27 #4 type.registry] 
New type domain.Query

[2018-01-11 12:18:27 #5 type.registry] 
New type java.util.Vector<domain.Query>

[2018-01-11 12:18:27 #6 type] 
Type domain.Query is not enhanced.

[2018-01-11 12:18:27 #7 type.registry] 
New type java.util.Vector<java.lang.Object>

------------------------------------------------------------------------------------------------------------------------

[2018-01-11 12:19:00 #1 store] 
Database '/Volumes/Macintosh HD 2/Documents/Dropbox/workspace/Bets/bets.temp' is opened by 616@iMac-de-Jon-2.local

[2018-01-11 12:19:01 #2 type.registry] 
New type domain.Event

[2018-01-11 12:19:01 #3 type] 
Type domain.Event is not enhanced.

[2018-01-11 12:19:01 #4 type.registry] 
New type domain.Query

[2018-01-11 12:19:01 #5 type.registry] 
New type java.util.Vector<domain.Query>

[2018-01-11 12:19:01 #6 type] 
Type domain.Query is not enhanced.

[2018-01-11 12:19:01 #7 type.registry] 
New type java.util.Vector<java.lang.Object>

------------------------------------------------------------------------------------------------------------------------

[2018-01-11 12:25:03 #1 store] 
Database '/Volumes/Macintosh HD 2/Documents/Dropbox/workspace/Bets/bets.temp' is opened by 707@iMac-de-Jon-2.local

[2018-01-11 12:25:03 #2 type.registry] 
New type domain.Event

[2018-01-11 12:25:03 #3 type] 
Type domain.Event is not enhanced.

[2018-01-11 12:25:03 #4 type.registry] 
New type domain.Query

[2018-01-11 12:25:03 #5 type.registry] 
New type java.util.Vector<domain.Query>

[2018-01-11 12:25:03 #6 type] 
Type domain.Query is not enhanced.

[2018-01-11 12:25:03 #7 type.registry] 
New type java.util.Vector<java.lang.Object>

------------------------------------------------------------------------------------------------------------------------

[2018-01-11 12:28:57 #1 store] 
Database '/Volumes/Macintosh HD 2/Documents/Dropbox/workspace/Bets/bets.temp' is opened by 765@iMac-de-Jon-2.local

[2018-01-11 12:28:57 #2 type.registry] 
New type domain.Event

[2018-01-11 12:28:57 #3 type] 
Type domain.Event is not enhanced.

[2018-01-11 12:28:57 #4 type.registry] 
New type domain.Query

[2018-01-11 12:28:57 #5 type.registry] 
New type java.util.Vector<domain.Query>

[2018-01-11 12:28:57 #6 type] 
Type domain.Query is not enhanced.

[2018-01-11 12:28:57 #7 type.registry] 
New type java.util.Vector<java.lang.Object>

------------------------------------------------------------------------------------------------------------------------

[2018-01-11 12:29:32 #1 store] 
Database '/Volumes/Macintosh HD 2/Documents/Dropbox/workspace/Bets/bets.temp' is opened by 776@iMac-de-Jon-2.local

[2018-01-11 12:29:32 #2 type.registry] 
New type domain.Event

[2018-01-11 12:29:32 #3 type] 
Type domain.Event is not enhanced.

[2018-01-11 12:29:32 #4 type.registry] 
New type domain.Query

[2018-01-11 12:29:32 #5 type.registry] 
New type java.util.Vector<domain.Query>

[2018-01-11 12:29:32 #6 type] 
Type domain.Query is not enhanced.

[2018-01-11 12:29:32 #7 type.registry] 
New type java.util.Vector<java.lang.Object>

------------------------------------------------------------------------------------------------------------------------

[2018-01-11 12:51:27 #1 store] 
Database '/Volumes/Macintosh HD 2/Documents/Dropbox/workspace/Bets/bets.temp' is opened by 1251@iMac-de-Jon-2.local

[2018-01-11 12:51:27 #2 type.registry] 
New type domain.Event

[2018-01-11 12:51:27 #3 type] 
Type domain.Event is not enhanced.

[2018-01-11 12:51:27 #4 type.registry] 
New type domain.Query

[2018-01-11 12:51:27 #5 type.registry] 
New type java.util.Vector<domain.Query>

[2018-01-11 12:51:27 #6 type] 
Type domain.Query is not enhanced.

[2018-01-11 12:51:27 #7 type.registry] 
New type java.util.Vector<java.lang.Object>

------------------------------------------------------------------------------------------------------------------------

[2018-01-11 12:56:20 #1 store] 
Database '/Volumes/Macintosh HD 2/Documents/Dropbox/workspace/Bets/bets.temp' is opened by 1328@iMac-de-Jon-2.local

[2018-01-11 12:56:20 #2 type.registry] 
New type domain.Event

[2018-01-11 12:56:20 #3 type] 
Type domain.Event is not enhanced.

[2018-01-11 12:56:20 #4 type.registry] 
New type domain.Query

[2018-01-11 12:56:20 #5 type.registry] 
New type java.util.Vector<domain.Query>

[2018-01-11 12:56:20 #6 type] 
Type domain.Query is not enhanced.

[2018-01-11 12:56:20 #7 type.registry] 
New type java.util.Vector<java.lang.Object>

------------------------------------------------------------------------------------------------------------------------

[2018-01-11 12:58:33 #1 store] 
Database '/Volumes/Macintosh HD 2/Documents/Dropbox/workspace/Bets/bets.temp' is opened by 1361@iMac-de-Jon-2.local

[2018-01-11 12:58:33 #2 type.registry] 
New type domain.Event

[2018-01-11 12:58:33 #3 type] 
Type domain.Event is not enhanced.

[2018-01-11 12:58:33 #4 type.registry] 
New type domain.Query

[2018-01-11 12:58:33 #5 type.registry] 
New type java.util.Vector<domain.Query>

[2018-01-11 12:58:33 #6 type] 
Type domain.Query is not enhanced.

[2018-01-11 12:58:33 #7 type.registry] 
New type java.util.Vector<java.lang.Object>

------------------------------------------------------------------------------------------------------------------------

[2018-01-11 12:59:55 #1 store] 
Database '/Volumes/Macintosh HD 2/Documents/Dropbox/workspace/Bets/bets.temp' is opened by 1383@iMac-de-Jon-2.local

[2018-01-11 12:59:56 #2 type.registry] 
New type domain.Event

[2018-01-11 12:59:56 #3 type] 
Type domain.Event is not enhanced.

[2018-01-11 12:59:56 #4 type.registry] 
New type domain.Query

[2018-01-11 12:59:56 #5 type.registry] 
New type java.util.Vector<domain.Query>

[2018-01-11 12:59:56 #6 type] 
Type domain.Query is not enhanced.

[2018-01-11 12:59:56 #7 type.registry] 
New type java.util.Vector<java.lang.Object>

------------------------------------------------------------------------------------------------------------------------

[2018-01-11 13:06:39 #1 store] 
Database '/Volumes/Macintosh HD 2/Documents/Dropbox/workspace/Bets/bets.temp' is opened by 1484@iMac-de-Jon-2.local

[2018-01-11 13:06:39 #2 type.registry] 
New type domain.Event

[2018-01-11 13:06:39 #3 type] 
Type domain.Event is not enhanced.

[2018-01-11 13:06:39 #4 type.registry] 
New type domain.Query

[2018-01-11 13:06:39 #5 type.registry] 
New type java.util.Vector<domain.Query>

[2018-01-11 13:06:39 #6 type] 
Type domain.Query is not enhanced.

[2018-01-11 13:06:39 #7 type.registry] 
New type java.util.Vector<java.lang.Object>

------------------------------------------------------------------------------------------------------------------------

[2018-01-11 13:10:12 #1 store] 
Database '/Volumes/Macintosh HD 2/Documents/Dropbox/workspace/Bets/bets.temp' is opened by 1557@iMac-de-Jon-2.local

[2018-01-11 13:10:12 #2 type.registry] 
New type domain.Event

[2018-01-11 13:10:12 #3 type] 
Type domain.Event is not enhanced.

[2018-01-11 13:10:12 #4 type.registry] 
New type domain.Query

[2018-01-11 13:10:12 #5 type.registry] 
New type java.util.Vector<domain.Query>

[2018-01-11 13:10:12 #6 type] 
Type domain.Query is not enhanced.

[2018-01-11 13:10:12 #7 type.registry] 
New type java.util.Vector<java.lang.Object>

------------------------------------------------------------------------------------------------------------------------

[2018-01-11 13:26:53 #1 store] 
Database '/Volumes/Macintosh HD 2/Documents/Dropbox/workspace/Bets/bets.temp' is opened by 1986@iMac-de-Jon-2.local

[2018-01-11 13:26:53 #2 type.registry] 
New type domain.Event

[2018-01-11 13:26:53 #3 type] 
Type domain.Event is not enhanced.

[2018-01-11 13:26:53 #4 type.registry] 
New type domain.Query

[2018-01-11 13:26:53 #5 type.registry] 
New type java.util.Vector<domain.Query>

[2018-01-11 13:26:53 #6 type] 
Type domain.Query is not enhanced.

[2018-01-11 13:26:53 #7 type.registry] 
New type java.util.Vector<java.lang.Object>

------------------------------------------------------------------------------------------------------------------------

[2018-01-11 13:32:33 #1 store] 
Database '/Volumes/Macintosh HD 2/Documents/Dropbox/workspace/Bets/bets.temp' is opened by 2074@iMac-de-Jon-2.local

[2018-01-11 13:32:34 #2 type.registry] 
New type domain.Event

[2018-01-11 13:32:34 #3 type] 
Type domain.Event is not enhanced.

[2018-01-11 13:32:34 #4 type.registry] 
New type domain.Query

[2018-01-11 13:32:34 #5 type.registry] 
New type java.util.Vector<domain.Query>

[2018-01-11 13:32:34 #6 type] 
Type domain.Query is not enhanced.

[2018-01-11 13:32:34 #7 type.registry] 
New type java.util.Vector<java.lang.Object>

------------------------------------------------------------------------------------------------------------------------

[2018-01-11 13:33:33 #1 store] 
Database '/Volumes/Macintosh HD 2/Documents/Dropbox/workspace/Bets/bets.temp' is opened by 2091@iMac-de-Jon-2.local

[2018-01-11 13:33:33 #2 type.registry] 
New type domain.Event

[2018-01-11 13:33:33 #3 type] 
Type domain.Event is not enhanced.

[2018-01-11 13:33:33 #4 type.registry] 
New type domain.Query

[2018-01-11 13:33:33 #5 type.registry] 
New type java.util.Vector<domain.Query>

[2018-01-11 13:33:33 #6 type] 
Type domain.Query is not enhanced.

[2018-01-11 13:33:34 #7 type.registry] 
New type java.util.Vector<java.lang.Object>

------------------------------------------------------------------------------------------------------------------------

[2018-01-11 13:34:07 #1 store] 
Database '/Volumes/Macintosh HD 2/Documents/Dropbox/workspace/Bets/bets.temp' is opened by 2100@iMac-de-Jon-2.local

[2018-01-11 13:34:07 #2 type.registry] 
New type domain.Event

[2018-01-11 13:34:07 #3 type] 
Type domain.Event is not enhanced.

[2018-01-11 13:34:07 #4 type.registry] 
New type domain.Query

[2018-01-11 13:34:07 #5 type.registry] 
New type java.util.Vector<domain.Query>

[2018-01-11 13:34:07 #6 type] 
Type domain.Query is not enhanced.

[2018-01-11 13:34:07 #7 type.registry] 
New type java.util.Vector<java.lang.Object>

------------------------------------------------------------------------------------------------------------------------

[2018-01-11 13:35:55 #1 store] 
Database '/Volumes/Macintosh HD 2/Documents/Dropbox/workspace/Bets/bets.temp' is opened by 2127@iMac-de-Jon-2.local

[2018-01-11 13:35:55 #2 type.registry] 
New type domain.Event

[2018-01-11 13:35:55 #3 type] 
Type domain.Event is not enhanced.

[2018-01-11 13:35:55 #4 type.registry] 
New type domain.Query

[2018-01-11 13:35:55 #5 type.registry] 
New type java.util.Vector<domain.Query>

[2018-01-11 13:35:55 #6 type] 
Type domain.Query is not enhanced.

[2018-01-11 13:35:55 #7 type.registry] 
New type java.util.Vector<java.lang.Object>

------------------------------------------------------------------------------------------------------------------------

[2018-01-11 13:39:25 #1 store] 
Database '/Volumes/Macintosh HD 2/Documents/Dropbox/workspace/Bets/bets.temp' is opened by 2180@iMac-de-Jon-2.local

[2018-01-11 13:39:26 #2 type.registry] 
New type domain.Event

[2018-01-11 13:39:26 #3 type] 
Type domain.Event is not enhanced.

[2018-01-11 13:39:26 #4 type.registry] 
New type domain.Query

[2018-01-11 13:39:26 #5 type.registry] 
New type java.util.Vector<domain.Query>

[2018-01-11 13:39:26 #6 type] 
Type domain.Query is not enhanced.

[2018-01-11 13:39:26 #7 type.registry] 
New type java.util.Vector<java.lang.Object>

------------------------------------------------------------------------------------------------------------------------

[2018-01-11 13:39:40 #1 store] 
Database '/Volumes/Macintosh HD 2/Documents/Dropbox/workspace/Bets/bets.temp' is opened by 2186@iMac-de-Jon-2.local

[2018-01-11 13:39:40 #2 type.registry] 
New type domain.Event

[2018-01-11 13:39:40 #3 type] 
Type domain.Event is not enhanced.

[2018-01-11 13:39:40 #4 type.registry] 
New type domain.Query

[2018-01-11 13:39:40 #5 type.registry] 
New type java.util.Vector<domain.Query>

[2018-01-11 13:39:40 #6 type] 
Type domain.Query is not enhanced.

[2018-01-11 13:39:40 #7 type.registry] 
New type java.util.Vector<java.lang.Object>

------------------------------------------------------------------------------------------------------------------------

[2018-01-11 13:40:16 #1 store] 
Database '/Volumes/Macintosh HD 2/Documents/Dropbox/workspace/Bets/bets.temp' is opened by 2199@iMac-de-Jon-2.local

[2018-01-11 13:40:16 #2 type.registry] 
New type domain.Event

[2018-01-11 13:40:16 #3 type] 
Type domain.Event is not enhanced.

[2018-01-11 13:40:16 #4 type.registry] 
New type domain.Query

[2018-01-11 13:40:16 #5 type.registry] 
New type java.util.Vector<domain.Query>

[2018-01-11 13:40:16 #6 type] 
Type domain.Query is not enhanced.

[2018-01-11 13:40:16 #7 type.registry] 
New type java.util.Vector<java.lang.Object>

------------------------------------------------------------------------------------------------------------------------

[2018-01-11 13:40:40 #1 store] 
Database '/Volumes/Macintosh HD 2/Documents/Dropbox/workspace/Bets/bets.temp' is opened by 2209@iMac-de-Jon-2.local

[2018-01-11 13:40:40 #2 type.registry] 
New type domain.Event

[2018-01-11 13:40:40 #3 type] 
Type domain.Event is not enhanced.

[2018-01-11 13:40:40 #4 type.registry] 
New type domain.Query

[2018-01-11 13:40:40 #5 type.registry] 
New type java.util.Vector<domain.Query>

[2018-01-11 13:40:40 #6 type] 
Type domain.Query is not enhanced.

[2018-01-11 13:40:40 #7 type.registry] 
New type java.util.Vector<java.lang.Object>

------------------------------------------------------------------------------------------------------------------------

[2018-01-11 13:43:58 #1 store] 
Database '/Volumes/Macintosh HD 2/Documents/Dropbox/workspace/Bets/bets.temp' is opened by 2258@iMac-de-Jon-2.local

[2018-01-11 13:43:58 #2 type.registry] 
New type domain.Event

[2018-01-11 13:43:58 #3 type] 
Type domain.Event is not enhanced.

[2018-01-11 13:43:58 #4 type.registry] 
New type domain.Query

[2018-01-11 13:43:58 #5 type.registry] 
New type java.util.Vector<domain.Query>

[2018-01-11 13:43:58 #6 type] 
Type domain.Query is not enhanced.

[2018-01-11 13:43:58 #7 type.registry] 
New type java.util.Vector<java.lang.Object>

------------------------------------------------------------------------------------------------------------------------

[2018-01-11 13:45:38 #1 store] 
Database '/Volumes/Macintosh HD 2/Documents/Dropbox/workspace/Bets/bets.temp' is opened by 2282@iMac-de-Jon-2.local

[2018-01-11 13:45:38 #2 type.registry] 
New type domain.Event

[2018-01-11 13:45:38 #3 type] 
Type domain.Event is not enhanced.

[2018-01-11 13:45:38 #4 type.registry] 
New type domain.Query

[2018-01-11 13:45:38 #5 type.registry] 
New type java.util.Vector<domain.Query>

[2018-01-11 13:45:38 #6 type] 
Type domain.Query is not enhanced.

[2018-01-11 13:45:38 #7 type.registry] 
New type java.util.Vector<java.lang.Object>

------------------------------------------------------------------------------------------------------------------------

[2018-01-11 13:46:20 #1 store] 
Database '/Volumes/Macintosh HD 2/Documents/Dropbox/workspace/Bets/bets.temp' is opened by 2295@iMac-de-Jon-2.local

[2018-01-11 13:46:20 #2 type.registry] 
New type domain.Event

[2018-01-11 13:46:20 #3 type] 
Type domain.Event is not enhanced.

[2018-01-11 13:46:20 #4 type.registry] 
New type domain.Query

[2018-01-11 13:46:20 #5 type.registry] 
New type java.util.Vector<domain.Query>

[2018-01-11 13:46:20 #6 type] 
Type domain.Query is not enhanced.

[2018-01-11 13:46:20 #7 type.registry] 
New type java.util.Vector<java.lang.Object>

------------------------------------------------------------------------------------------------------------------------

[2018-01-11 13:46:58 #1 store] 
Database '/Volumes/Macintosh HD 2/Documents/Dropbox/workspace/Bets/bets.temp' is opened by 2307@iMac-de-Jon-2.local

[2018-01-11 13:46:58 #2 type.registry] 
New type domain.Event

[2018-01-11 13:46:58 #3 type] 
Type domain.Event is not enhanced.

[2018-01-11 13:46:58 #4 type.registry] 
New type domain.Query

[2018-01-11 13:46:58 #5 type.registry] 
New type java.util.Vector<domain.Query>

[2018-01-11 13:46:58 #6 type] 
Type domain.Query is not enhanced.

[2018-01-11 13:46:58 #7 type.registry] 
New type java.util.Vector<java.lang.Object>

------------------------------------------------------------------------------------------------------------------------

[2018-01-11 13:48:15 #1 store] 
Database '/Volumes/Macintosh HD 2/Documents/Dropbox/workspace/Bets/bets.temp' is opened by 2327@iMac-de-Jon-2.local

[2018-01-11 13:48:15 #2 type.registry] 
New type domain.Event

[2018-01-11 13:48:15 #3 type] 
Type domain.Event is not enhanced.

[2018-01-11 13:48:15 #4 type.registry] 
New type domain.Query

[2018-01-11 13:48:15 #5 type.registry] 
New type java.util.Vector<domain.Query>

[2018-01-11 13:48:15 #6 type] 
Type domain.Query is not enhanced.

[2018-01-11 13:48:15 #7 type.registry] 
New type java.util.Vector<java.lang.Object>

------------------------------------------------------------------------------------------------------------------------

[2018-01-11 13:58:37 #1 store] 
Database '/Volumes/Macintosh HD 2/Documents/Dropbox/workspace/Bets/bets.temp' is opened by 2477@iMac-de-Jon-2.local

[2018-01-11 13:58:37 #2 type.registry] 
New type domain.Event

[2018-01-11 13:58:37 #3 type] 
Type domain.Event is not enhanced.

[2018-01-11 13:58:37 #4 type.registry] 
New type domain.Query

[2018-01-11 13:58:37 #5 type.registry] 
New type java.util.Vector<domain.Query>

[2018-01-11 13:58:37 #6 type] 
Type domain.Query is not enhanced.

[2018-01-11 13:58:37 #7 type.registry] 
New type java.util.Vector<java.lang.Object>

------------------------------------------------------------------------------------------------------------------------

[2018-01-11 13:59:40 #1 store] 
Database '/Volumes/Macintosh HD 2/Documents/Dropbox/workspace/Bets/bets.temp' is opened by 2494@iMac-de-Jon-2.local

[2018-01-11 13:59:40 #2 type.registry] 
New type domain.Event

[2018-01-11 13:59:40 #3 type] 
Type domain.Event is not enhanced.

[2018-01-11 13:59:40 #4 type.registry] 
New type domain.Query

[2018-01-11 13:59:40 #5 type.registry] 
New type java.util.Vector<domain.Query>

[2018-01-11 13:59:40 #6 type] 
Type domain.Query is not enhanced.

[2018-01-11 13:59:40 #7 type.registry] 
New type java.util.Vector<java.lang.Object>

------------------------------------------------------------------------------------------------------------------------

[2018-01-11 14:00:27 #1 store] 
Database '/Volumes/Macintosh HD 2/Documents/Dropbox/workspace/Bets/bets.temp' is opened by 2510@iMac-de-Jon-2.local

[2018-01-11 14:00:27 #2 type.registry] 
New type domain.Event

[2018-01-11 14:00:27 #3 type] 
Type domain.Event is not enhanced.

[2018-01-11 14:00:27 #4 type.registry] 
New type domain.Query

[2018-01-11 14:00:27 #5 type.registry] 
New type java.util.Vector<domain.Query>

[2018-01-11 14:00:27 #6 type] 
Type domain.Query is not enhanced.

[2018-01-11 14:00:27 #7 type.registry] 
New type java.util.Vector<java.lang.Object>

------------------------------------------------------------------------------------------------------------------------

[2018-01-11 14:11:29 #1 store] 
Database '/Volumes/Macintosh HD 2/Documents/Dropbox/workspace/Bets/bets.temp' is opened by 2680@iMac-de-Jon-2.local

[2018-01-11 14:11:30 #2 type.registry] 
New type domain.Event

[2018-01-11 14:11:30 #3 type] 
Type domain.Event is not enhanced.

[2018-01-11 14:11:30 #4 type.registry] 
New type domain.Query

[2018-01-11 14:11:30 #5 type.registry] 
New type java.util.Vector<domain.Query>

[2018-01-11 14:11:30 #6 type] 
Type domain.Query is not enhanced.

[2018-01-11 14:11:30 #7 type.registry] 
New type java.util.Vector<java.lang.Object>

------------------------------------------------------------------------------------------------------------------------

[2018-01-11 14:12:41 #1 store] 
Database '/Volumes/Macintosh HD 2/Documents/Dropbox/workspace/Bets/bets.temp' is opened by 2699@iMac-de-Jon-2.local

[2018-01-11 14:12:41 #2 type.registry] 
New type domain.Event

[2018-01-11 14:12:41 #3 type] 
Type domain.Event is not enhanced.

[2018-01-11 14:12:41 #4 type.registry] 
New type domain.Query

[2018-01-11 14:12:41 #5 type.registry] 
New type java.util.Vector<domain.Query>

[2018-01-11 14:12:41 #6 type] 
Type domain.Query is not enhanced.

[2018-01-11 14:12:41 #7 type.registry] 
New type java.util.Vector<java.lang.Object>

------------------------------------------------------------------------------------------------------------------------

[2018-01-11 14:18:51 #1 store] 
Database '/Volumes/Macintosh HD 2/Documents/Dropbox/workspace/Bets/bets.temp' is opened by 2795@iMac-de-Jon-2.local

[2018-01-11 14:18:51 #2 type.registry] 
New type domain.Event

[2018-01-11 14:18:51 #3 type] 
Type domain.Event is not enhanced.

[2018-01-11 14:18:51 #4 type.registry] 
New type domain.Query

[2018-01-11 14:18:51 #5 type.registry] 
New type java.util.Vector<domain.Query>

[2018-01-11 14:18:51 #6 type] 
Type domain.Query is not enhanced.

[2018-01-11 14:18:51 #7 type.registry] 
New type java.util.Vector<java.lang.Object>

------------------------------------------------------------------------------------------------------------------------

[2018-01-11 14:19:17 #1 store] 
Database '/Volumes/Macintosh HD 2/Documents/Dropbox/workspace/Bets/bets.temp' is opened by 2805@iMac-de-Jon-2.local

[2018-01-11 14:19:17 #2 type.registry] 
New type domain.Event

[2018-01-11 14:19:17 #3 type] 
Type domain.Event is not enhanced.

[2018-01-11 14:19:18 #4 type.registry] 
New type domain.Query

[2018-01-11 14:19:18 #5 type.registry] 
New type java.util.Vector<domain.Query>

[2018-01-11 14:19:18 #6 type] 
Type domain.Query is not enhanced.

[2018-01-11 14:19:18 #7 type.registry] 
New type java.util.Vector<java.lang.Object>

------------------------------------------------------------------------------------------------------------------------

[2018-01-11 14:19:41 #1 store] 
Database '/Volumes/Macintosh HD 2/Documents/Dropbox/workspace/Bets/bets.temp' is opened by 2811@iMac-de-Jon-2.local

[2018-01-11 14:19:41 #2 type.registry] 
New type domain.Event

[2018-01-11 14:19:41 #3 type] 
Type domain.Event is not enhanced.

[2018-01-11 14:19:41 #4 type.registry] 
New type domain.Query

[2018-01-11 14:19:41 #5 type.registry] 
New type java.util.Vector<domain.Query>

[2018-01-11 14:19:41 #6 type] 
Type domain.Query is not enhanced.

[2018-01-11 14:19:41 #7 type.registry] 
New type java.util.Vector<java.lang.Object>

------------------------------------------------------------------------------------------------------------------------

[2018-01-11 14:21:39 #1 store] 
Database '/Volumes/Macintosh HD 2/Documents/Dropbox/workspace/Bets/bets.temp' is opened by 2844@iMac-de-Jon-2.local

[2018-01-11 14:21:39 #2 type.registry] 
New type domain.Event

[2018-01-11 14:21:39 #3 type] 
Type domain.Event is not enhanced.

[2018-01-11 14:21:39 #4 type.registry] 
New type domain.Query

[2018-01-11 14:21:39 #5 type.registry] 
New type java.util.Vector<domain.Query>

[2018-01-11 14:21:39 #6 type] 
Type domain.Query is not enhanced.

[2018-01-11 14:21:39 #7 type.registry] 
New type java.util.Vector<java.lang.Object>

------------------------------------------------------------------------------------------------------------------------

[2018-01-11 14:23:14 #1 store] 
Database '/Volumes/Macintosh HD 2/Documents/Dropbox/workspace/Bets/bets.temp' is opened by 2868@iMac-de-Jon-2.local

[2018-01-11 14:23:14 #2 type.registry] 
New type domain.Event

[2018-01-11 14:23:14 #3 type] 
Type domain.Event is not enhanced.

[2018-01-11 14:23:14 #4 type.registry] 
New type domain.Query

[2018-01-11 14:23:14 #5 type.registry] 
New type java.util.Vector<domain.Query>

[2018-01-11 14:23:14 #6 type] 
Type domain.Query is not enhanced.

[2018-01-11 14:23:14 #7 type.registry] 
New type java.util.Vector<java.lang.Object>

------------------------------------------------------------------------------------------------------------------------

[2018-01-11 14:23:52 #1 store] 
Database '/Volumes/Macintosh HD 2/Documents/Dropbox/workspace/Bets/bets.temp' is opened by 2881@iMac-de-Jon-2.local

[2018-01-11 14:23:52 #2 type.registry] 
New type domain.Event

[2018-01-11 14:23:52 #3 type] 
Type domain.Event is not enhanced.

[2018-01-11 14:23:52 #4 type.registry] 
New type domain.Query

[2018-01-11 14:23:52 #5 type.registry] 
New type java.util.Vector<domain.Query>

[2018-01-11 14:23:52 #6 type] 
Type domain.Query is not enhanced.

[2018-01-11 14:23:52 #7 type.registry] 
New type java.util.Vector<java.lang.Object>

------------------------------------------------------------------------------------------------------------------------

[2018-01-11 14:26:08 #1 store] 
Database '/Volumes/Macintosh HD 2/Documents/Dropbox/workspace/Bets/bets.temp' is opened by 2915@iMac-de-Jon-2.local

[2018-01-11 14:26:08 #2 type.registry] 
New type domain.Event

[2018-01-11 14:26:08 #3 type] 
Type domain.Event is not enhanced.

[2018-01-11 14:26:08 #4 type.registry] 
New type domain.Query

[2018-01-11 14:26:08 #5 type.registry] 
New type java.util.Vector<domain.Query>

[2018-01-11 14:26:08 #6 type] 
Type domain.Query is not enhanced.

[2018-01-11 14:26:08 #7 type.registry] 
New type java.util.Vector<java.lang.Object>

------------------------------------------------------------------------------------------------------------------------

[2018-01-11 14:29:57 #1 store] 
Database '/Volumes/Macintosh HD 2/Documents/Dropbox/workspace/Bets/bets.temp' is opened by 2970@iMac-de-Jon-2.local

[2018-01-11 14:29:57 #2 type.registry] 
New type domain.Event

[2018-01-11 14:29:57 #3 type] 
Type domain.Event is not enhanced.

[2018-01-11 14:29:57 #4 type.registry] 
New type domain.Query

[2018-01-11 14:29:57 #5 type.registry] 
New type java.util.Vector<domain.Query>

[2018-01-11 14:29:57 #6 type] 
Type domain.Query is not enhanced.

[2018-01-11 14:29:57 #7 type.registry] 
New type java.util.Vector<java.lang.Object>

------------------------------------------------------------------------------------------------------------------------

[2018-01-11 15:33:55 #1 store] 
Database '/Volumes/Macintosh HD 2/Documents/Dropbox/workspace/Bets/bets.temp' is opened by 3931@iMac-de-Jon-2.local

[2018-01-11 15:33:55 #2 type.registry] 
New type domain.Event

[2018-01-11 15:33:55 #3 type] 
Type domain.Event is not enhanced.

[2018-01-11 15:33:55 #4 type.registry] 
New type domain.Query

[2018-01-11 15:33:55 #5 type.registry] 
New type java.util.Vector<domain.Query>

[2018-01-11 15:33:55 #6 type] 
Type domain.Query is not enhanced.

[2018-01-11 15:33:55 #7 type.registry] 
New type java.util.Vector<java.lang.Object>

------------------------------------------------------------------------------------------------------------------------

[2018-01-11 15:36:21 #1 store] 
Database '/Volumes/Macintosh HD 2/Documents/Dropbox/workspace/Bets/bets.temp' is opened by 3970@iMac-de-Jon-2.local

[2018-01-11 15:36:21 #2 type.registry] 
New type domain.Event

[2018-01-11 15:36:21 #3 type] 
Type domain.Event is not enhanced.

[2018-01-11 15:36:21 #4 type.registry] 
New type domain.Query

[2018-01-11 15:36:21 #5 type.registry] 
New type java.util.Vector<domain.Query>

[2018-01-11 15:36:21 #6 type] 
Type domain.Query is not enhanced.

[2018-01-11 15:36:21 #7 type.registry] 
New type java.util.Vector<java.lang.Object>

------------------------------------------------------------------------------------------------------------------------

[2018-01-11 15:38:37 #1 store] 
Database '/Volumes/Macintosh HD 2/Documents/Dropbox/workspace/Bets/bets.temp' is opened by 4003@iMac-de-Jon-2.local

[2018-01-11 15:38:37 #2 type.registry] 
New type domain.Event

[2018-01-11 15:38:37 #3 type] 
Type domain.Event is not enhanced.

[2018-01-11 15:38:37 #4 type.registry] 
New type domain.Query

[2018-01-11 15:38:37 #5 type.registry] 
New type java.util.Vector<domain.Query>

[2018-01-11 15:38:37 #6 type] 
Type domain.Query is not enhanced.

[2018-01-11 15:38:37 #7 type.registry] 
New type java.util.Vector<java.lang.Object>

------------------------------------------------------------------------------------------------------------------------

[2018-01-11 15:38:50 #1 store] 
Database '/Volumes/Macintosh HD 2/Documents/Dropbox/workspace/Bets/bets.temp' is opened by 4009@iMac-de-Jon-2.local

[2018-01-11 15:38:50 #2 type.registry] 
New type domain.Event

[2018-01-11 15:38:50 #3 type] 
Type domain.Event is not enhanced.

[2018-01-11 15:38:50 #4 type.registry] 
New type domain.Query

[2018-01-11 15:38:50 #5 type.registry] 
New type java.util.Vector<domain.Query>

[2018-01-11 15:38:50 #6 type] 
Type domain.Query is not enhanced.

[2018-01-11 15:38:50 #7 type.registry] 
New type java.util.Vector<java.lang.Object>

------------------------------------------------------------------------------------------------------------------------

[2018-01-11 15:40:28 #1 store] 
Database '/Volumes/Macintosh HD 2/Documents/Dropbox/workspace/Bets/bets.temp' is opened by 4040@iMac-de-Jon-2.local

[2018-01-11 15:40:28 #2 type.registry] 
New type domain.Event

[2018-01-11 15:40:28 #3 type] 
Type domain.Event is not enhanced.

[2018-01-11 15:40:28 #4 type.registry] 
New type domain.Query

[2018-01-11 15:40:28 #5 type.registry] 
New type java.util.Vector<domain.Query>

[2018-01-11 15:40:28 #6 type] 
Type domain.Query is not enhanced.

[2018-01-11 15:40:28 #7 type.registry] 
New type java.util.Vector<java.lang.Object>

------------------------------------------------------------------------------------------------------------------------

[2018-01-11 15:42:36 #1 store] 
Database '/Volumes/Macintosh HD 2/Documents/Dropbox/workspace/Bets/bets.temp' is opened by 4073@iMac-de-Jon-2.local

[2018-01-11 15:42:37 #2 type.registry] 
New type domain.Query

[2018-01-11 15:42:37 #3 type] 
Type domain.Query is not enhanced.

[2018-01-11 15:42:37 #4 type.registry] 
New type domain.Event

[2018-01-11 15:42:37 #5 type] 
Type domain.Event is not enhanced.

[2018-01-11 15:42:37 #6 type.registry] 
New type java.util.Vector<domain.Query>

[2018-01-11 15:42:37 #7 type.registry] 
New type java.util.Vector<java.lang.Object>

------------------------------------------------------------------------------------------------------------------------

[2018-01-11 15:48:44 #1 store] 
Database '/Volumes/Macintosh HD 2/Documents/Dropbox/workspace/Bets/bets.temp' is opened by 4174@iMac-de-Jon-2.local

[2018-01-11 15:48:44 #2 type.registry] 
New type domain.Query

[2018-01-11 15:48:44 #3 type] 
Type domain.Query is not enhanced.

[2018-01-11 15:48:44 #4 type.registry] 
New type domain.Event

[2018-01-11 15:48:44 #5 type] 
Type domain.Event is not enhanced.

[2018-01-11 15:48:44 #6 type.registry] 
New type java.util.Vector<domain.Query>

[2018-01-11 15:48:44 #7 type.registry] 
New type java.util.Vector<java.lang.Object>

------------------------------------------------------------------------------------------------------------------------

[2018-01-11 15:49:35 #1 store] 
Database '/Volumes/Macintosh HD 2/Documents/Dropbox/workspace/Bets/bets.temp' is opened by 4188@iMac-de-Jon-2.local

[2018-01-11 15:49:35 #2 type.registry] 
New type domain.Query

[2018-01-11 15:49:35 #3 type] 
Type domain.Query is not enhanced.

[2018-01-11 15:49:35 #4 type.registry] 
New type domain.Event

[2018-01-11 15:49:35 #5 type] 
Type domain.Event is not enhanced.

[2018-01-11 15:49:35 #6 type.registry] 
New type java.util.Vector<domain.Query>

[2018-01-11 15:49:35 #7 type.registry] 
New type java.util.Vector<java.lang.Object>

------------------------------------------------------------------------------------------------------------------------

[2018-01-11 15:52:06 #1 store] 
Database '/Volumes/Macintosh HD 2/Documents/Dropbox/workspace/Bets/bets.temp' is opened by 4229@iMac-de-Jon-2.local

[2018-01-11 15:52:06 #2 type.registry] 
New type domain.Query

[2018-01-11 15:52:06 #3 type] 
Type domain.Query is not enhanced.

[2018-01-11 15:52:06 #4 type.registry] 
New type domain.Event

[2018-01-11 15:52:06 #5 type] 
Type domain.Event is not enhanced.

[2018-01-11 15:52:06 #6 type.registry] 
New type java.util.Vector<domain.Query>

[2018-01-11 15:52:06 #7 type.registry] 
New type java.util.Vector<java.lang.Object>

------------------------------------------------------------------------------------------------------------------------

[2018-01-11 15:59:14 #1 store] 
Database '/Volumes/Macintosh HD 2/Documents/Dropbox/workspace/Bets/bets.temp' is opened by 4347@iMac-de-Jon-2.local

[2018-01-11 15:59:14 #2 type.registry] 
New type domain.Query

[2018-01-11 15:59:14 #3 type] 
Type domain.Query is not enhanced.

[2018-01-11 15:59:14 #4 type.registry] 
New type domain.Event

[2018-01-11 15:59:14 #5 type] 
Type domain.Event is not enhanced.

[2018-01-11 15:59:14 #6 type.registry] 
New type java.util.Vector<domain.Query>

[2018-01-11 15:59:14 #7 type.registry] 
New type java.util.Vector<java.lang.Object>

------------------------------------------------------------------------------------------------------------------------

[2018-01-11 16:04:38 #1 store] 
Database '/Volumes/Macintosh HD 2/Documents/Dropbox/workspace/Bets/bets.temp' is opened by 4428@iMac-de-Jon-2.local

[2018-01-11 16:04:38 #2 type.registry] 
New type domain.Query

[2018-01-11 16:04:38 #3 type] 
Type domain.Query is not enhanced.

[2018-01-11 16:04:38 #4 type.registry] 
New type domain.Event

[2018-01-11 16:04:38 #5 type] 
Type domain.Event is not enhanced.

[2018-01-11 16:04:38 #6 type.registry] 
New type java.util.Vector<domain.Query>

[2018-01-11 16:04:38 #7 type.registry] 
New type java.util.Vector<java.lang.Object>

------------------------------------------------------------------------------------------------------------------------

[2018-01-11 16:09:08 #1 store] 
Database '/Volumes/Macintosh HD 2/Documents/Dropbox/workspace/Bets/bets.temp' is opened by 4494@iMac-de-Jon-2.local

[2018-01-11 16:09:08 #2 type.registry] 
New type domain.Query

[2018-01-11 16:09:08 #3 type] 
Type domain.Query is not enhanced.

[2018-01-11 16:09:08 #4 type.registry] 
New type domain.Event

[2018-01-11 16:09:08 #5 type] 
Type domain.Event is not enhanced.

[2018-01-11 16:09:08 #6 type.registry] 
New type java.util.Vector<domain.Query>

[2018-01-11 16:09:08 #7 type.registry] 
New type java.util.Vector<java.lang.Object>

------------------------------------------------------------------------------------------------------------------------

[2018-01-11 16:09:36 #1 store] 
Database '/Volumes/Macintosh HD 2/Documents/Dropbox/workspace/Bets/bets.temp' is opened by 4503@iMac-de-Jon-2.local

[2018-01-11 16:09:36 #2 type.registry] 
New type domain.Query

[2018-01-11 16:09:36 #3 type] 
Type domain.Query is not enhanced.

[2018-01-11 16:09:36 #4 type.registry] 
New type domain.Event

[2018-01-11 16:09:36 #5 type] 
Type domain.Event is not enhanced.

[2018-01-11 16:09:36 #6 type.registry] 
New type java.util.Vector<domain.Query>

[2018-01-11 16:09:36 #7 type.registry] 
New type java.util.Vector<java.lang.Object>

------------------------------------------------------------------------------------------------------------------------

[2018-01-11 16:10:38 #1 store] 
Database '/Volumes/Macintosh HD 2/Documents/Dropbox/workspace/Bets/bets.temp' is opened by 4525@iMac-de-Jon-2.local

[2018-01-11 16:10:38 #2 type.registry] 
New type domain.Query

[2018-01-11 16:10:38 #3 type] 
Type domain.Query is not enhanced.

[2018-01-11 16:10:38 #4 type.registry] 
New type domain.Event

[2018-01-11 16:10:38 #5 type] 
Type domain.Event is not enhanced.

[2018-01-11 16:10:38 #6 type.registry] 
New type java.util.Vector<domain.Query>

[2018-01-11 16:10:38 #7 type.registry] 
New type java.util.Vector<java.lang.Object>

------------------------------------------------------------------------------------------------------------------------

[2018-01-11 16:11:41 #1 store] 
Database '/Volumes/Macintosh HD 2/Documents/Dropbox/workspace/Bets/bets.temp' is opened by 4544@iMac-de-Jon-2.local

[2018-01-11 16:11:41 #2 type.registry] 
New type domain.Query

[2018-01-11 16:11:41 #3 type] 
Type domain.Query is not enhanced.

[2018-01-11 16:11:41 #4 type.registry] 
New type domain.Event

[2018-01-11 16:11:41 #5 type] 
Type domain.Event is not enhanced.

[2018-01-11 16:11:41 #6 type.registry] 
New type java.util.Vector<domain.Query>

[2018-01-11 16:11:41 #7 type.registry] 
New type java.util.Vector<java.lang.Object>

------------------------------------------------------------------------------------------------------------------------

[2018-01-11 16:18:55 #1 store] 
Database '/Volumes/Macintosh HD 2/Documents/Dropbox/workspace/Bets/bets.temp' is opened by 4650@iMac-de-Jon-2.local

[2018-01-11 16:18:55 #2 type.registry] 
New type domain.Query

[2018-01-11 16:18:55 #3 type] 
Type domain.Query is not enhanced.

[2018-01-11 16:18:55 #4 type.registry] 
New type domain.Event

[2018-01-11 16:18:55 #5 type] 
Type domain.Event is not enhanced.

[2018-01-11 16:18:56 #6 type.registry] 
New type java.util.Vector<domain.Query>

[2018-01-11 16:18:56 #7 type.registry] 
New type java.util.Vector<java.lang.Object>

------------------------------------------------------------------------------------------------------------------------

[2018-01-11 16:22:18 #1 store] 
Database '/Volumes/Macintosh HD 2/Documents/Dropbox/workspace/Bets/bets.temp' is opened by 4703@iMac-de-Jon-2.local

[2018-01-11 16:22:18 #2 type.registry] 
New type domain.Query

[2018-01-11 16:22:18 #3 type] 
Type domain.Query is not enhanced.

[2018-01-11 16:22:18 #4 type.registry] 
New type domain.Event

[2018-01-11 16:22:18 #5 type] 
Type domain.Event is not enhanced.

[2018-01-11 16:22:18 #6 type.registry] 
New type java.util.Vector<domain.Query>

[2018-01-11 16:22:18 #7 type.registry] 
New type java.util.Vector<java.lang.Object>

------------------------------------------------------------------------------------------------------------------------

[2018-01-11 16:22:59 #1 store] 
Database '/Volumes/Macintosh HD 2/Documents/Dropbox/workspace/Bets/bets.temp' is opened by 4714@iMac-de-Jon-2.local

[2018-01-11 16:22:59 #2 type.registry] 
New type domain.Query

[2018-01-11 16:22:59 #3 type] 
Type domain.Query is not enhanced.

[2018-01-11 16:22:59 #4 type.registry] 
New type domain.Event

[2018-01-11 16:22:59 #5 type] 
Type domain.Event is not enhanced.

[2018-01-11 16:22:59 #6 type.registry] 
New type java.util.Vector<domain.Query>

[2018-01-11 16:22:59 #7 type.registry] 
New type java.util.Vector<java.lang.Object>

------------------------------------------------------------------------------------------------------------------------

[2018-01-11 16:24:13 #1 store] 
Database '/Volumes/Macintosh HD 2/Documents/Dropbox/workspace/Bets/bets.temp' is opened by 4734@iMac-de-Jon-2.local

[2018-01-11 16:24:13 #2 type.registry] 
New type domain.Query

[2018-01-11 16:24:13 #3 type] 
Type domain.Query is not enhanced.

[2018-01-11 16:24:13 #4 type.registry] 
New type domain.Event

[2018-01-11 16:24:13 #5 type] 
Type domain.Event is not enhanced.

[2018-01-11 16:24:13 #6 type.registry] 
New type java.util.Vector<domain.Query>

[2018-01-11 16:24:13 #7 type.registry] 
New type java.util.Vector<java.lang.Object>

------------------------------------------------------------------------------------------------------------------------

[2018-01-11 16:27:59 #1 store] 
Database '/Volumes/Macintosh HD 2/Documents/Dropbox/workspace/Bets/bets.temp' is opened by 4788@iMac-de-Jon-2.local

[2018-01-11 16:27:59 #2 type.registry] 
New type domain.Query

[2018-01-11 16:27:59 #3 type] 
Type domain.Query is not enhanced.

[2018-01-11 16:27:59 #4 type.registry] 
New type domain.Event

[2018-01-11 16:27:59 #5 type] 
Type domain.Event is not enhanced.

[2018-01-11 16:27:59 #6 type.registry] 
New type java.util.Vector<domain.Query>

[2018-01-11 16:27:59 #7 type.registry] 
New type java.util.Vector<java.lang.Object>

