------------------------------------------------------------------------------------------------------------------------

[2018-01-17 11:22:09 #1 store] 
Database 'C:\Users\jipgosaa\Documents\workspace-sts-3.8.2.RELEASE\Bets\Bets\bets.temp' is opened by 13088@U102188

[2018-01-17 11:22:09 #2 type.registry] 
New type domain.Query

[2018-01-17 11:22:09 #3 type] 
Type domain.Query is not enhanced.

[2018-01-17 11:22:09 #4 type.registry] 
New type domain.Event

[2018-01-17 11:22:09 #5 type] 
Type domain.Event is not enhanced.

[2018-01-17 11:22:09 #6 type.registry] 
New type java.util.Vector<domain.Query>

[2018-01-17 11:22:09 #7 type.registry] 
New type java.util.Vector<java.lang.Object>

------------------------------------------------------------------------------------------------------------------------

[2018-01-17 11:25:13 #1 store] 
Database 'C:\Users\jipgosaa\Documents\workspace-sts-3.8.2.RELEASE\Bets\Bets\bets.temp' is opened by 10656@U102188

[2018-01-17 11:25:13 #2 type.registry] 
New type domain.Query

[2018-01-17 11:25:13 #3 type] 
Type domain.Query is not enhanced.

[2018-01-17 11:25:13 #4 type.registry] 
New type domain.Event

[2018-01-17 11:25:13 #5 type] 
Type domain.Event is not enhanced.

[2018-01-17 11:25:13 #6 type.registry] 
New type java.util.Vector<domain.Query>

[2018-01-17 11:25:13 #7 type.registry] 
New type java.util.Vector<java.lang.Object>

------------------------------------------------------------------------------------------------------------------------

[2018-01-17 11:26:39 #1 store] 
Database 'C:\Users\jipgosaa\Documents\workspace-sts-3.8.2.RELEASE\Bets\Bets\bets.temp' is opened by 11788@U102188

[2018-01-17 11:26:39 #2 type.registry] 
New type domain.Query

[2018-01-17 11:26:39 #3 type] 
Type domain.Query is not enhanced.

[2018-01-17 11:26:39 #4 type.registry] 
New type domain.Event

[2018-01-17 11:26:39 #5 type] 
Type domain.Event is not enhanced.

[2018-01-17 11:26:39 #6 type.registry] 
New type java.util.Vector<domain.Query>

[2018-01-17 11:26:39 #7 type.registry] 
New type java.util.Vector<java.lang.Object>

------------------------------------------------------------------------------------------------------------------------

[2018-01-17 11:27:26 #1 store] 
Database 'C:\Users\jipgosaa\Documents\workspace-sts-3.8.2.RELEASE\Bets\Bets\bets.temp' is opened by 620@U102188

[2018-01-17 11:27:26 #2 type.registry] 
New type domain.Query

[2018-01-17 11:27:26 #3 type] 
Type domain.Query is not enhanced.

[2018-01-17 11:27:26 #4 type.registry] 
New type domain.Event

[2018-01-17 11:27:26 #5 type] 
Type domain.Event is not enhanced.

[2018-01-17 11:27:26 #6 type.registry] 
New type java.util.Vector<domain.Query>

[2018-01-17 11:27:26 #7 type.registry] 
New type java.util.Vector<java.lang.Object>

------------------------------------------------------------------------------------------------------------------------

[2018-01-17 11:29:27 #1 store] 
Database 'C:\Users\jipgosaa\Documents\workspace-sts-3.8.2.RELEASE\Bets\Bets\bets.temp' is opened by 9576@U102188

[2018-01-17 11:29:27 #2 type.registry] 
New type domain.Query

[2018-01-17 11:29:27 #3 type] 
Type domain.Query is not enhanced.

[2018-01-17 11:29:27 #4 type.registry] 
New type domain.Event

[2018-01-17 11:29:27 #5 type] 
Type domain.Event is not enhanced.

[2018-01-17 11:29:28 #6 type.registry] 
New type java.util.Vector<domain.Query>

[2018-01-17 11:29:28 #7 type.registry] 
New type java.util.Vector<java.lang.Object>

------------------------------------------------------------------------------------------------------------------------

[2018-01-17 11:30:36 #1 store] 
Database 'C:\Users\jipgosaa\Documents\workspace-sts-3.8.2.RELEASE\Bets\Bets\bets.temp' is opened by 2156@U102188

[2018-01-17 11:30:37 #2 type.registry] 
New type domain.Query

[2018-01-17 11:30:37 #3 type] 
Type domain.Query is not enhanced.

[2018-01-17 11:30:37 #4 type.registry] 
New type domain.Event

[2018-01-17 11:30:37 #5 type] 
Type domain.Event is not enhanced.

[2018-01-17 11:30:37 #6 type.registry] 
New type java.util.Vector<domain.Query>

[2018-01-17 11:30:37 #7 type.registry] 
New type java.util.Vector<java.lang.Object>

------------------------------------------------------------------------------------------------------------------------

[2018-01-17 11:31:43 #1 store] 
Database 'C:\Users\jipgosaa\Documents\workspace-sts-3.8.2.RELEASE\Bets\Bets\bets.temp' is opened by 12336@U102188

[2018-01-17 11:31:43 #2 type.registry] 
New type domain.Query

[2018-01-17 11:31:43 #3 type] 
Type domain.Query is not enhanced.

[2018-01-17 11:31:43 #4 type.registry] 
New type domain.Event

[2018-01-17 11:31:43 #5 type] 
Type domain.Event is not enhanced.

[2018-01-17 11:31:43 #6 type.registry] 
New type java.util.Vector<domain.Query>

[2018-01-17 11:31:43 #7 type.registry] 
New type java.util.Vector<java.lang.Object>

------------------------------------------------------------------------------------------------------------------------

[2018-01-17 13:07:52 #1 store] 
Database 'C:\Users\jipgosaa\Documents\workspace-sts-3.8.2.RELEASE\Bets\Bets\bets.temp' is opened by 10888@U102188

[2018-01-17 13:07:52 #2 type.registry] 
New type domain.Query

[2018-01-17 13:07:52 #3 type] 
Type domain.Query is not enhanced.

[2018-01-17 13:07:52 #4 type.registry] 
New type domain.Event

[2018-01-17 13:07:52 #5 type] 
Type domain.Event is not enhanced.

[2018-01-17 13:07:52 #6 type.registry] 
New type java.util.Vector<domain.Query>

[2018-01-17 13:07:52 #7 type.registry] 
New type java.util.Vector<java.lang.Object>

------------------------------------------------------------------------------------------------------------------------

[2018-01-17 13:09:19 #1 store] 
Database 'C:\Users\jipgosaa\Documents\workspace-sts-3.8.2.RELEASE\Bets\Bets\bets.temp' is opened by 11996@U102188

[2018-01-17 13:09:19 #2 type.registry] 
New type domain.Query

[2018-01-17 13:09:19 #3 type] 
Type domain.Query is not enhanced.

[2018-01-17 13:09:19 #4 type.registry] 
New type domain.Event

[2018-01-17 13:09:19 #5 type] 
Type domain.Event is not enhanced.

[2018-01-17 13:09:19 #6 type.registry] 
New type java.util.Vector<domain.Query>

[2018-01-17 13:09:19 #7 type.registry] 
New type java.util.Vector<java.lang.Object>

------------------------------------------------------------------------------------------------------------------------

[2018-01-17 13:10:28 #1 store] 
Database 'C:\Users\jipgosaa\Documents\workspace-sts-3.8.2.RELEASE\Bets\Bets\bets.temp' is opened by 4224@U102188

[2018-01-17 13:10:28 #2 type.registry] 
New type domain.Query

[2018-01-17 13:10:28 #3 type] 
Type domain.Query is not enhanced.

[2018-01-17 13:10:28 #4 type.registry] 
New type domain.Event

[2018-01-17 13:10:28 #5 type] 
Type domain.Event is not enhanced.

[2018-01-17 13:10:28 #6 type.registry] 
New type java.util.Vector<domain.Query>

[2018-01-17 13:10:28 #7 type.registry] 
New type java.util.Vector<java.lang.Object>

------------------------------------------------------------------------------------------------------------------------

[2018-01-17 13:12:42 #1 store] 
Database 'C:\Users\jipgosaa\Documents\workspace-sts-3.8.2.RELEASE\Bets\Bets\bets.temp' is opened by 712@U102188

[2018-01-17 13:12:42 #2 type.registry] 
New type domain.Query

[2018-01-17 13:12:42 #3 type] 
Type domain.Query is not enhanced.

[2018-01-17 13:12:42 #4 type.registry] 
New type domain.Event

[2018-01-17 13:12:42 #5 type] 
Type domain.Event is not enhanced.

[2018-01-17 13:12:42 #6 type.registry] 
New type java.util.Vector<domain.Query>

[2018-01-17 13:12:42 #7 type.registry] 
New type java.util.Vector<java.lang.Object>

------------------------------------------------------------------------------------------------------------------------

[2018-01-17 13:13:38 #1 store] 
Database 'C:\Users\jipgosaa\Documents\workspace-sts-3.8.2.RELEASE\Bets\Bets\bets.temp' is opened by 10788@U102188

[2018-01-17 13:13:38 #2 type.registry] 
New type domain.Query

[2018-01-17 13:13:38 #3 type] 
Type domain.Query is not enhanced.

[2018-01-17 13:13:38 #4 type.registry] 
New type domain.Event

[2018-01-17 13:13:38 #5 type] 
Type domain.Event is not enhanced.

[2018-01-17 13:13:38 #6 type.registry] 
New type java.util.Vector<domain.Query>

[2018-01-17 13:13:38 #7 type.registry] 
New type java.util.Vector<java.lang.Object>

------------------------------------------------------------------------------------------------------------------------

[2018-01-17 13:15:06 #1 store] 
Database 'C:\Users\jipgosaa\Documents\workspace-sts-3.8.2.RELEASE\Bets\Bets\bets.temp' is opened by 12400@U102188

[2018-01-17 13:15:06 #2 type.registry] 
New type domain.Query

[2018-01-17 13:15:06 #3 type] 
Type domain.Query is not enhanced.

[2018-01-17 13:15:06 #4 type.registry] 
New type domain.Event

[2018-01-17 13:15:06 #5 type] 
Type domain.Event is not enhanced.

[2018-01-17 13:15:06 #6 type.registry] 
New type java.util.Vector<domain.Query>

[2018-01-17 13:15:06 #7 type.registry] 
New type java.util.Vector<java.lang.Object>

------------------------------------------------------------------------------------------------------------------------

[2018-01-17 13:20:14 #1 store] 
Database 'C:\Users\jipgosaa\Documents\workspace-sts-3.8.2.RELEASE\Bets\Bets\bets.temp' is opened by 7992@U102188

[2018-01-17 13:20:14 #2 type.registry] 
New type domain.Query

[2018-01-17 13:20:14 #3 type] 
Type domain.Query is not enhanced.

[2018-01-17 13:20:14 #4 type.registry] 
New type domain.Event

[2018-01-17 13:20:14 #5 type] 
Type domain.Event is not enhanced.

[2018-01-17 13:20:14 #6 type.registry] 
New type java.util.Vector<domain.Query>

[2018-01-17 13:20:14 #7 type.registry] 
New type java.util.Vector<java.lang.Object>

------------------------------------------------------------------------------------------------------------------------

[2018-01-17 13:20:54 #1 store] 
Database 'C:\Users\jipgosaa\Documents\workspace-sts-3.8.2.RELEASE\Bets\Bets\bets.temp' is opened by 11740@U102188

[2018-01-17 13:20:55 #2 type.registry] 
New type domain.Query

[2018-01-17 13:20:55 #3 type] 
Type domain.Query is not enhanced.

[2018-01-17 13:20:55 #4 type.registry] 
New type domain.Event

[2018-01-17 13:20:55 #5 type] 
Type domain.Event is not enhanced.

[2018-01-17 13:20:55 #6 type.registry] 
New type java.util.Vector<domain.Query>

[2018-01-17 13:20:55 #7 type.registry] 
New type java.util.Vector<java.lang.Object>

------------------------------------------------------------------------------------------------------------------------

[2018-01-17 13:26:52 #1 store] 
Database 'C:\Users\jipgosaa\Documents\workspace-sts-3.8.2.RELEASE\Bets\Bets\bets.temp' is opened by 11960@U102188

[2018-01-17 13:26:52 #2 type.registry] 
New type domain.Query

[2018-01-17 13:26:52 #3 type] 
Type domain.Query is not enhanced.

[2018-01-17 13:26:52 #4 type.registry] 
New type domain.Event

[2018-01-17 13:26:52 #5 type] 
Type domain.Event is not enhanced.

[2018-01-17 13:26:52 #6 type.registry] 
New type java.util.Vector<domain.Query>

[2018-01-17 13:26:52 #7 type.registry] 
New type java.util.Vector<java.lang.Object>

------------------------------------------------------------------------------------------------------------------------

[2018-01-17 13:38:48 #1 store] 
Database 'C:\Users\jipgosaa\Documents\workspace-sts-3.8.2.RELEASE\Bets\Bets\bets.temp' is opened by 10924@U102188

[2018-01-17 13:38:48 #2 type.registry] 
New type domain.Query

[2018-01-17 13:38:48 #3 type] 
Type domain.Query is not enhanced.

[2018-01-17 13:38:48 #4 type.registry] 
New type domain.Event

[2018-01-17 13:38:48 #5 type] 
Type domain.Event is not enhanced.

[2018-01-17 13:38:48 #6 type.registry] 
New type java.util.Vector<domain.Query>

[2018-01-17 13:38:48 #7 type.registry] 
New type java.util.Vector<java.lang.Object>

------------------------------------------------------------------------------------------------------------------------

[2018-01-17 13:40:58 #1 store] 
Database 'C:\Users\jipgosaa\Documents\workspace-sts-3.8.2.RELEASE\Bets\Bets\bets.temp' is opened by 9688@U102188

[2018-01-17 13:40:59 #2 type.registry] 
New type domain.Query

[2018-01-17 13:40:59 #3 type] 
Type domain.Query is not enhanced.

[2018-01-17 13:40:59 #4 type.registry] 
New type domain.Event

[2018-01-17 13:40:59 #5 type] 
Type domain.Event is not enhanced.

[2018-01-17 13:40:59 #6 type.registry] 
New type java.util.Vector<domain.Query>

[2018-01-17 13:40:59 #7 type.registry] 
New type java.util.Vector<java.lang.Object>

------------------------------------------------------------------------------------------------------------------------

[2018-01-17 13:42:02 #1 store] 
Database 'C:\Users\jipgosaa\Documents\workspace-sts-3.8.2.RELEASE\Bets\Bets\bets.temp' is opened by 5252@U102188

[2018-01-17 13:42:03 #2 type.registry] 
New type domain.Query

[2018-01-17 13:42:03 #3 type] 
Type domain.Query is not enhanced.

[2018-01-17 13:42:03 #4 type.registry] 
New type domain.Event

[2018-01-17 13:42:03 #5 type] 
Type domain.Event is not enhanced.

[2018-01-17 13:42:03 #6 type.registry] 
New type java.util.Vector<domain.Query>

[2018-01-17 13:42:03 #7 type.registry] 
New type java.util.Vector<java.lang.Object>

------------------------------------------------------------------------------------------------------------------------

[2018-01-17 14:54:10 #1 store] 
Database 'C:\Users\jipgosaa\Documents\workspace-sts-3.8.2.RELEASE\Bets\Bets\bets.temp' is opened by 9524@U102188

[2018-01-17 14:54:10 #2 type.registry] 
New type domain.Query

[2018-01-17 14:54:10 #3 type] 
Type domain.Query is not enhanced.

[2018-01-17 14:54:10 #4 type.registry] 
New type domain.Event

[2018-01-17 14:54:10 #5 type] 
Type domain.Event is not enhanced.

[2018-01-17 14:54:10 #6 type.registry] 
New type java.util.Vector<domain.Query>

[2018-01-17 14:54:10 #7 type.registry] 
New type java.util.Vector<java.lang.Object>

------------------------------------------------------------------------------------------------------------------------

[2018-01-17 14:57:11 #1 store] 
Database 'C:\Users\jipgosaa\Documents\workspace-sts-3.8.2.RELEASE\Bets\Bets\bets.temp' is opened by 11784@U102188

[2018-01-17 14:57:11 #2 type.registry] 
New type domain.Query

[2018-01-17 14:57:11 #3 type] 
Type domain.Query is not enhanced.

[2018-01-17 14:57:11 #4 type.registry] 
New type domain.Event

[2018-01-17 14:57:11 #5 type] 
Type domain.Event is not enhanced.

[2018-01-17 14:57:11 #6 type.registry] 
New type java.util.Vector<domain.Query>

[2018-01-17 14:57:11 #7 type.registry] 
New type java.util.Vector<java.lang.Object>

------------------------------------------------------------------------------------------------------------------------

[2018-01-17 14:57:29 #1 store] 
Database 'C:\Users\jipgosaa\Documents\workspace-sts-3.8.2.RELEASE\Bets\Bets\bets.temp' is opened by 1424@U102188

[2018-01-17 14:57:29 #2 type.registry] 
New type domain.Query

[2018-01-17 14:57:29 #3 type] 
Type domain.Query is not enhanced.

[2018-01-17 14:57:29 #4 type.registry] 
New type domain.Event

[2018-01-17 14:57:29 #5 type] 
Type domain.Event is not enhanced.

[2018-01-17 14:57:29 #6 type.registry] 
New type java.util.Vector<domain.Query>

[2018-01-17 14:57:29 #7 type.registry] 
New type java.util.Vector<java.lang.Object>

------------------------------------------------------------------------------------------------------------------------

[2018-01-17 15:06:48 #1 store] 
Database 'C:\Users\jipgosaa\Documents\workspace-sts-3.8.2.RELEASE\Bets\Bets\bets.temp' is opened by 12768@U102188

[2018-01-17 15:06:48 #2 type.registry] 
New type domain.Query

[2018-01-17 15:06:48 #3 type] 
Type domain.Query is not enhanced.

[2018-01-17 15:06:48 #4 type.registry] 
New type domain.Event

[2018-01-17 15:06:48 #5 type] 
Type domain.Event is not enhanced.

[2018-01-17 15:06:48 #6 type.registry] 
New type java.util.Vector<domain.Query>

[2018-01-17 15:06:48 #7 type.registry] 
New type java.util.Vector<java.lang.Object>

------------------------------------------------------------------------------------------------------------------------

[2018-01-17 15:07:40 #1 store] 
Database 'C:\Users\jipgosaa\Documents\workspace-sts-3.8.2.RELEASE\Bets\Bets\bets.temp' is opened by 11548@U102188

[2018-01-17 15:07:40 #2 type.registry] 
New type domain.Query

[2018-01-17 15:07:40 #3 type] 
Type domain.Query is not enhanced.

[2018-01-17 15:07:40 #4 type.registry] 
New type domain.Event

[2018-01-17 15:07:40 #5 type] 
Type domain.Event is not enhanced.

[2018-01-17 15:07:40 #6 type.registry] 
New type java.util.Vector<domain.Query>

[2018-01-17 15:07:40 #7 type.registry] 
New type java.util.Vector<java.lang.Object>

------------------------------------------------------------------------------------------------------------------------

[2018-01-17 15:12:12 #1 store] 
Database 'C:\Users\jipgosaa\Documents\workspace-sts-3.8.2.RELEASE\Bets\Bets\bets.temp' is opened by 11572@U102188

[2018-01-17 15:12:12 #2 type.registry] 
New type domain.Query

[2018-01-17 15:12:12 #3 type] 
Type domain.Query is not enhanced.

[2018-01-17 15:12:12 #4 type.registry] 
New type domain.Event

[2018-01-17 15:12:12 #5 type] 
Type domain.Event is not enhanced.

[2018-01-17 15:12:12 #6 type.registry] 
New type java.util.Vector<domain.Query>

[2018-01-17 15:12:12 #7 type.registry] 
New type java.util.Vector<java.lang.Object>

------------------------------------------------------------------------------------------------------------------------

[2018-01-17 15:13:29 #1 store] 
Database 'C:\Users\jipgosaa\Documents\workspace-sts-3.8.2.RELEASE\Bets\Bets\bets.temp' is opened by 13028@U102188

[2018-01-17 15:13:29 #2 type.registry] 
New type domain.Query

[2018-01-17 15:13:29 #3 type] 
Type domain.Query is not enhanced.

[2018-01-17 15:13:29 #4 type.registry] 
New type domain.Event

[2018-01-17 15:13:29 #5 type] 
Type domain.Event is not enhanced.

[2018-01-17 15:13:29 #6 type.registry] 
New type java.util.Vector<domain.Query>

[2018-01-17 15:13:29 #7 type.registry] 
New type java.util.Vector<java.lang.Object>

------------------------------------------------------------------------------------------------------------------------

[2018-01-17 15:31:03 #1 store] 
Database 'C:\Users\jipgosaa\Documents\workspace-sts-3.8.2.RELEASE\Bets\Bets\bets.temp' is opened by 12768@U102188

[2018-01-17 15:31:03 #2 type.registry] 
New type domain.Query

[2018-01-17 15:31:03 #3 type] 
Type domain.Query is not enhanced.

[2018-01-17 15:31:03 #4 type.registry] 
New type domain.Event

[2018-01-17 15:31:03 #5 type] 
Type domain.Event is not enhanced.

[2018-01-17 15:31:03 #6 type.registry] 
New type java.util.Vector<domain.Query>

[2018-01-17 15:31:03 #7 type.registry] 
New type java.util.Vector<java.lang.Object>

------------------------------------------------------------------------------------------------------------------------

[2018-01-17 15:31:35 #1 store] 
Database 'C:\Users\jipgosaa\Documents\workspace-sts-3.8.2.RELEASE\Bets\Bets\bets.temp' is opened by 9868@U102188

[2018-01-17 15:31:35 #2 type.registry] 
New type domain.Query

[2018-01-17 15:31:35 #3 type] 
Type domain.Query is not enhanced.

[2018-01-17 15:31:35 #4 type.registry] 
New type domain.Event

[2018-01-17 15:31:35 #5 type] 
Type domain.Event is not enhanced.

[2018-01-17 15:31:35 #6 type.registry] 
New type java.util.Vector<domain.Query>

[2018-01-17 15:31:35 #7 type.registry] 
New type java.util.Vector<java.lang.Object>

------------------------------------------------------------------------------------------------------------------------

[2018-01-17 15:32:55 #1 store] 
Database 'C:\Users\jipgosaa\Documents\workspace-sts-3.8.2.RELEASE\Bets\Bets\bets.temp' is opened by 12004@U102188

[2018-01-17 15:32:55 #2 type.registry] 
New type domain.Query

[2018-01-17 15:32:55 #3 type] 
Type domain.Query is not enhanced.

[2018-01-17 15:32:55 #4 type.registry] 
New type domain.Event

[2018-01-17 15:32:55 #5 type] 
Type domain.Event is not enhanced.

[2018-01-17 15:32:55 #6 type.registry] 
New type java.util.Vector<domain.Query>

[2018-01-17 15:32:55 #7 type.registry] 
New type java.util.Vector<java.lang.Object>

------------------------------------------------------------------------------------------------------------------------

[2018-01-17 15:34:50 #1 store] 
Database 'C:\Users\jipgosaa\Documents\workspace-sts-3.8.2.RELEASE\Bets\Bets\bets.temp' is opened by 11232@U102188

[2018-01-17 15:34:50 #2 type.registry] 
New type domain.Query

[2018-01-17 15:34:50 #3 type] 
Type domain.Query is not enhanced.

[2018-01-17 15:34:50 #4 type.registry] 
New type domain.Event

[2018-01-17 15:34:50 #5 type] 
Type domain.Event is not enhanced.

[2018-01-17 15:34:50 #6 type.registry] 
New type java.util.Vector<domain.Query>

[2018-01-17 15:34:50 #7 type.registry] 
New type java.util.Vector<java.lang.Object>

------------------------------------------------------------------------------------------------------------------------

[2018-01-17 15:41:27 #1 store] 
Database 'C:\Users\jipgosaa\Documents\workspace-sts-3.8.2.RELEASE\Bets\Bets\bets.temp' is opened by 12340@U102188

[2018-01-17 15:41:27 #2 type.registry] 
New type domain.Query

[2018-01-17 15:41:27 #3 type] 
Type domain.Query is not enhanced.

[2018-01-17 15:41:27 #4 type.registry] 
New type domain.Event

[2018-01-17 15:41:27 #5 type] 
Type domain.Event is not enhanced.

[2018-01-17 15:41:27 #6 type.registry] 
New type java.util.Vector<domain.Query>

[2018-01-17 15:41:27 #7 type.registry] 
New type java.util.Vector<java.lang.Object>

------------------------------------------------------------------------------------------------------------------------

[2018-01-17 15:43:03 #1 store] 
Database 'C:\Users\jipgosaa\Documents\workspace-sts-3.8.2.RELEASE\Bets\Bets\bets.temp' is opened by 12336@U102188

[2018-01-17 15:43:03 #2 type.registry] 
New type domain.Query

[2018-01-17 15:43:03 #3 type] 
Type domain.Query is not enhanced.

[2018-01-17 15:43:03 #4 type.registry] 
New type domain.Event

[2018-01-17 15:43:03 #5 type] 
Type domain.Event is not enhanced.

[2018-01-17 15:43:03 #6 type.registry] 
New type java.util.Vector<domain.Query>

[2018-01-17 15:43:03 #7 type.registry] 
New type java.util.Vector<java.lang.Object>

------------------------------------------------------------------------------------------------------------------------

[2018-01-17 15:44:24 #1 store] 
Database 'C:\Users\jipgosaa\Documents\workspace-sts-3.8.2.RELEASE\Bets\Bets\bets.temp' is opened by 13032@U102188

[2018-01-17 15:44:24 #2 type.registry] 
New type domain.Query

[2018-01-17 15:44:24 #3 type] 
Type domain.Query is not enhanced.

[2018-01-17 15:44:24 #4 type.registry] 
New type domain.Event

[2018-01-17 15:44:24 #5 type] 
Type domain.Event is not enhanced.

[2018-01-17 15:44:24 #6 type.registry] 
New type java.util.Vector<domain.Query>

[2018-01-17 15:44:24 #7 type.registry] 
New type java.util.Vector<java.lang.Object>

------------------------------------------------------------------------------------------------------------------------

[2018-01-17 15:46:17 #1 store] 
Database 'C:\Users\jipgosaa\Documents\workspace-sts-3.8.2.RELEASE\Bets\Bets\bets.temp' is opened by 13252@U102188

[2018-01-17 15:46:17 #2 type.registry] 
New type domain.Query

[2018-01-17 15:46:17 #3 type] 
Type domain.Query is not enhanced.

[2018-01-17 15:46:17 #4 type.registry] 
New type domain.Event

[2018-01-17 15:46:17 #5 type] 
Type domain.Event is not enhanced.

[2018-01-17 15:46:17 #6 type.registry] 
New type java.util.Vector<domain.Query>

[2018-01-17 15:46:17 #7 type.registry] 
New type java.util.Vector<java.lang.Object>

------------------------------------------------------------------------------------------------------------------------

[2018-01-17 15:51:12 #1 store] 
Database 'C:\Users\jipgosaa\Documents\workspace-sts-3.8.2.RELEASE\Bets\Bets\bets.temp' is opened by 9860@U102188

[2018-01-17 15:51:12 #2 type.registry] 
New type domain.Query

[2018-01-17 15:51:12 #3 type] 
Type domain.Query is not enhanced.

[2018-01-17 15:51:12 #4 type.registry] 
New type domain.Event

[2018-01-17 15:51:12 #5 type] 
Type domain.Event is not enhanced.

[2018-01-17 15:51:12 #6 type.registry] 
New type java.util.Vector<domain.Query>

[2018-01-17 15:51:12 #7 type.registry] 
New type java.util.Vector<java.lang.Object>

------------------------------------------------------------------------------------------------------------------------

[2018-01-17 16:01:33 #1 store] 
Database 'C:\Users\jipgosaa\Documents\workspace-sts-3.8.2.RELEASE\Bets\Bets\bets.temp' is opened by 10504@U102188

[2018-01-17 16:01:33 #2 type.registry] 
New type domain.Query

[2018-01-17 16:01:33 #3 type] 
Type domain.Query is not enhanced.

[2018-01-17 16:01:33 #4 type.registry] 
New type domain.Event

[2018-01-17 16:01:33 #5 type] 
Type domain.Event is not enhanced.

[2018-01-17 16:01:33 #6 type.registry] 
New type java.util.Vector<domain.Query>

[2018-01-17 16:01:33 #7 type.registry] 
New type java.util.Vector<java.lang.Object>

------------------------------------------------------------------------------------------------------------------------

[2018-01-17 16:02:03 #1 store] 
Database 'C:\Users\jipgosaa\Documents\workspace-sts-3.8.2.RELEASE\Bets\Bets\bets.temp' is opened by 11580@U102188

[2018-01-17 16:02:03 #2 type.registry] 
New type domain.Query

[2018-01-17 16:02:03 #3 type] 
Type domain.Query is not enhanced.

[2018-01-17 16:02:03 #4 type.registry] 
New type domain.Event

[2018-01-17 16:02:03 #5 type] 
Type domain.Event is not enhanced.

[2018-01-17 16:02:03 #6 type.registry] 
New type java.util.Vector<domain.Query>

[2018-01-17 16:02:03 #7 type.registry] 
New type java.util.Vector<java.lang.Object>

------------------------------------------------------------------------------------------------------------------------

[2018-01-17 16:02:36 #1 store] 
Database 'C:\Users\jipgosaa\Documents\workspace-sts-3.8.2.RELEASE\Bets\Bets\bets.temp' is opened by 12800@U102188

[2018-01-17 16:02:36 #2 type.registry] 
New type domain.Query

[2018-01-17 16:02:36 #3 type] 
Type domain.Query is not enhanced.

[2018-01-17 16:02:36 #4 type.registry] 
New type domain.Event

[2018-01-17 16:02:36 #5 type] 
Type domain.Event is not enhanced.

[2018-01-17 16:02:36 #6 type.registry] 
New type java.util.Vector<domain.Query>

[2018-01-17 16:02:36 #7 type.registry] 
New type java.util.Vector<java.lang.Object>

------------------------------------------------------------------------------------------------------------------------

[2018-01-17 16:06:23 #1 store] 
Database 'C:\Users\jipgosaa\Documents\workspace-sts-3.8.2.RELEASE\Bets\Bets\bets.temp' is opened by 10184@U102188

[2018-01-17 16:06:23 #2 type.registry] 
New type domain.Query

[2018-01-17 16:06:23 #3 type] 
Type domain.Query is not enhanced.

[2018-01-17 16:06:23 #4 type.registry] 
New type domain.Event

[2018-01-17 16:06:23 #5 type] 
Type domain.Event is not enhanced.

[2018-01-17 16:06:23 #6 type.registry] 
New type java.util.Vector<domain.Query>

[2018-01-17 16:06:23 #7 type.registry] 
New type java.util.Vector<java.lang.Object>

------------------------------------------------------------------------------------------------------------------------

[2018-01-17 16:07:30 #1 store] 
Database 'C:\Users\jipgosaa\Documents\workspace-sts-3.8.2.RELEASE\Bets\Bets\bets.temp' is opened by 8396@U102188

[2018-01-17 16:07:30 #2 type.registry] 
New type domain.Query

[2018-01-17 16:07:30 #3 type] 
Type domain.Query is not enhanced.

[2018-01-17 16:07:30 #4 type.registry] 
New type domain.Event

[2018-01-17 16:07:30 #5 type] 
Type domain.Event is not enhanced.

[2018-01-17 16:07:30 #6 type.registry] 
New type java.util.Vector<domain.Query>

[2018-01-17 16:07:30 #7 type.registry] 
New type java.util.Vector<java.lang.Object>

------------------------------------------------------------------------------------------------------------------------

[2018-01-17 16:08:34 #1 store] 
Database 'C:\Users\jipgosaa\Documents\workspace-sts-3.8.2.RELEASE\Bets\Bets\bets.temp' is opened by 13092@U102188

[2018-01-17 16:08:34 #2 type.registry] 
New type domain.Query

[2018-01-17 16:08:34 #3 type] 
Type domain.Query is not enhanced.

[2018-01-17 16:08:34 #4 type.registry] 
New type domain.Event

[2018-01-17 16:08:34 #5 type] 
Type domain.Event is not enhanced.

[2018-01-17 16:08:34 #6 type.registry] 
New type java.util.Vector<domain.Query>

[2018-01-17 16:08:34 #7 type.registry] 
New type java.util.Vector<java.lang.Object>

------------------------------------------------------------------------------------------------------------------------

[2018-01-17 16:17:05 #1 store] 
Database 'C:\Users\jipgosaa\Documents\workspace-sts-3.8.2.RELEASE\Bets\Bets\bets.temp' is opened by 5268@U102188

------------------------------------------------------------------------------------------------------------------------

[2018-01-17 16:18:37 #1 store] 
Database 'C:\Users\jipgosaa\Documents\workspace-sts-3.8.2.RELEASE\Bets\Bets\bets.temp' is opened by 5188@U102188

[2018-01-17 16:18:37 #2 type.registry] 
New type domain.Query

[2018-01-17 16:18:37 #3 type] 
Type domain.Query is not enhanced.

[2018-01-17 16:18:37 #4 type.registry] 
New type domain.Event

[2018-01-17 16:18:37 #5 type] 
Type domain.Event is not enhanced.

[2018-01-17 16:18:37 #6 type.registry] 
New type java.util.Vector<domain.Query>

[2018-01-17 16:18:37 #7 type.registry] 
New type java.util.Vector<java.lang.Object>

------------------------------------------------------------------------------------------------------------------------

[2018-01-17 16:19:26 #1 store] 
Database 'C:\Users\jipgosaa\Documents\workspace-sts-3.8.2.RELEASE\Bets\Bets\bets.temp' is opened by 10040@U102188

[2018-01-17 16:19:26 #2 type.registry] 
New type domain.Query

[2018-01-17 16:19:26 #3 type] 
Type domain.Query is not enhanced.

[2018-01-17 16:19:26 #4 type.registry] 
New type domain.Event

[2018-01-17 16:19:26 #5 type] 
Type domain.Event is not enhanced.

[2018-01-17 16:19:26 #6 type.registry] 
New type java.util.Vector<domain.Query>

[2018-01-17 16:19:26 #7 type.registry] 
New type java.util.Vector<java.lang.Object>

------------------------------------------------------------------------------------------------------------------------

[2018-01-17 16:21:25 #1 store] 
Database 'C:\Users\jipgosaa\Documents\workspace-sts-3.8.2.RELEASE\Bets\Bets\bets.temp' is opened by 4004@U102188

[2018-01-17 16:21:25 #2 type.registry] 
New type domain.Query

[2018-01-17 16:21:25 #3 type] 
Type domain.Query is not enhanced.

[2018-01-17 16:21:25 #4 type.registry] 
New type domain.Event

[2018-01-17 16:21:25 #5 type] 
Type domain.Event is not enhanced.

[2018-01-17 16:21:25 #6 type.registry] 
New type java.util.Vector<domain.Query>

[2018-01-17 16:21:25 #7 type.registry] 
New type java.util.Vector<java.lang.Object>

------------------------------------------------------------------------------------------------------------------------

[2018-01-17 16:21:58 #1 store] 
Database 'C:\Users\jipgosaa\Documents\workspace-sts-3.8.2.RELEASE\Bets\Bets\bets.temp' is opened by 7192@U102188

[2018-01-17 16:21:58 #2 type.registry] 
New type domain.Query

[2018-01-17 16:21:58 #3 type] 
Type domain.Query is not enhanced.

[2018-01-17 16:21:58 #4 type.registry] 
New type domain.Event

[2018-01-17 16:21:58 #5 type] 
Type domain.Event is not enhanced.

[2018-01-17 16:21:58 #6 type.registry] 
New type java.util.Vector<domain.Query>

[2018-01-17 16:21:58 #7 type.registry] 
New type java.util.Vector<java.lang.Object>

------------------------------------------------------------------------------------------------------------------------

[2018-01-17 16:22:35 #1 store] 
Database 'C:\Users\jipgosaa\Documents\workspace-sts-3.8.2.RELEASE\Bets\Bets\bets.temp' is opened by 9352@U102188

[2018-01-17 16:22:35 #2 type.registry] 
New type domain.Query

[2018-01-17 16:22:35 #3 type] 
Type domain.Query is not enhanced.

[2018-01-17 16:22:35 #4 type.registry] 
New type domain.Event

[2018-01-17 16:22:35 #5 type] 
Type domain.Event is not enhanced.

[2018-01-17 16:22:35 #6 type.registry] 
New type java.util.Vector<domain.Query>

[2018-01-17 16:22:36 #7 type.registry] 
New type java.util.Vector<java.lang.Object>

------------------------------------------------------------------------------------------------------------------------

[2018-01-17 17:03:35 #1 store] 
Database 'C:\Users\jipgosaa\Documents\workspace-sts-3.8.2.RELEASE\Bets\Bets\bets.temp' is opened by 9316@U102188

[2018-01-17 17:03:35 #2 type.registry] 
New type domain.Query

[2018-01-17 17:03:35 #3 type] 
Type domain.Query is not enhanced.

[2018-01-17 17:03:35 #4 type.registry] 
New type domain.Event

[2018-01-17 17:03:35 #5 type] 
Type domain.Event is not enhanced.

[2018-01-17 17:03:35 #6 type.registry] 
New type java.util.Vector<domain.Query>

[2018-01-17 17:03:35 #7 type.registry] 
New type java.util.Vector<java.lang.Object>

------------------------------------------------------------------------------------------------------------------------

[2018-01-17 17:16:00 #1 store] 
Database 'C:\Users\jipgosaa\Documents\workspace-sts-3.8.2.RELEASE\Bets\Bets\resources\bets.temp' is opened by 5512@U102188

[2018-01-17 17:16:00 #2 type.registry] 
New type domain.Query

[2018-01-17 17:16:00 #3 type] 
Type domain.Query is not enhanced.

[2018-01-17 17:16:00 #4 type.registry] 
New type domain.Event

[2018-01-17 17:16:00 #5 type] 
Type domain.Event is not enhanced.

[2018-01-17 17:16:00 #6 type.registry] 
New type java.util.Vector<domain.Query>

[2018-01-17 17:16:00 #7 type.registry] 
New type java.util.Vector<java.lang.Object>

------------------------------------------------------------------------------------------------------------------------

[2018-01-17 17:19:16 #1 store] 
Database 'C:\Users\jipgosaa\Documents\workspace-sts-3.8.2.RELEASE\Bets\Bets\resources\bets.temp' is opened by 5724@U102188

[2018-01-17 17:19:17 #2 type.registry] 
New type domain.Query

[2018-01-17 17:19:17 #3 type] 
Type domain.Query is not enhanced.

[2018-01-17 17:19:17 #4 type.registry] 
New type domain.Event

[2018-01-17 17:19:17 #5 type] 
Type domain.Event is not enhanced.

[2018-01-17 17:19:17 #6 type.registry] 
New type java.util.Vector<domain.Query>

[2018-01-17 17:19:17 #7 type.registry] 
New type java.util.Vector<java.lang.Object>

------------------------------------------------------------------------------------------------------------------------

[2018-01-17 17:23:12 #1 store] 
Database 'C:\Users\jipgosaa\Documents\workspace-sts-3.8.2.RELEASE\Bets\Bets\resources\bets.temp' is opened by 7820@U102188

[2018-01-17 17:23:13 #2 type.registry] 
New type domain.Query

[2018-01-17 17:23:13 #3 type] 
Type domain.Query is not enhanced.

[2018-01-17 17:23:13 #4 type.registry] 
New type domain.Event

[2018-01-17 17:23:13 #5 type] 
Type domain.Event is not enhanced.

[2018-01-17 17:23:13 #6 type.registry] 
New type java.util.Vector<domain.Query>

[2018-01-17 17:23:13 #7 type.registry] 
New type java.util.Vector<java.lang.Object>

------------------------------------------------------------------------------------------------------------------------

[2018-01-17 17:24:00 #1 store] 
Database 'C:\Users\jipgosaa\Documents\workspace-sts-3.8.2.RELEASE\Bets\Bets\resources\bets.temp' is opened by 2904@U102188

[2018-01-17 17:24:00 #2 type.registry] 
New type domain.Query

[2018-01-17 17:24:00 #3 type] 
Type domain.Query is not enhanced.

[2018-01-17 17:24:00 #4 type.registry] 
New type domain.Event

[2018-01-17 17:24:00 #5 type] 
Type domain.Event is not enhanced.

[2018-01-17 17:24:00 #6 type.registry] 
New type java.util.Vector<domain.Query>

[2018-01-17 17:24:00 #7 type.registry] 
New type java.util.Vector<java.lang.Object>

------------------------------------------------------------------------------------------------------------------------

[2018-01-17 17:24:47 #1 store] 
Database 'C:\Users\jipgosaa\Documents\workspace-sts-3.8.2.RELEASE\Bets\Bets\resources\bets.temp' is opened by 7540@U102188

[2018-01-17 17:24:47 #2 type.registry] 
New type domain.Query

[2018-01-17 17:24:47 #3 type] 
Type domain.Query is not enhanced.

[2018-01-17 17:24:47 #4 type.registry] 
New type domain.Event

[2018-01-17 17:24:47 #5 type] 
Type domain.Event is not enhanced.

[2018-01-17 17:24:47 #6 type.registry] 
New type java.util.Vector<domain.Query>

[2018-01-17 17:24:47 #7 type.registry] 
New type java.util.Vector<java.lang.Object>

------------------------------------------------------------------------------------------------------------------------

[2018-01-17 17:25:40 #1 store] 
Database 'C:\Users\jipgosaa\Documents\workspace-sts-3.8.2.RELEASE\Bets\Bets\resources\bets.temp' is opened by 10544@U102188

[2018-01-17 17:25:40 #2 type.registry] 
New type domain.Query

[2018-01-17 17:25:40 #3 type] 
Type domain.Query is not enhanced.

[2018-01-17 17:25:40 #4 type.registry] 
New type domain.Event

[2018-01-17 17:25:40 #5 type] 
Type domain.Event is not enhanced.

[2018-01-17 17:25:40 #6 type.registry] 
New type java.util.Vector<domain.Query>

[2018-01-17 17:25:40 #7 type.registry] 
New type java.util.Vector<java.lang.Object>

------------------------------------------------------------------------------------------------------------------------

[2018-01-17 17:29:21 #1 store] 
Database 'C:\Users\jipgosaa\Documents\workspace-sts-3.8.2.RELEASE\Bets\Bets\resources\bets.temp' is opened by 8236@U102188

[2018-01-17 17:29:21 #2 type.registry] 
New type domain.Query

[2018-01-17 17:29:21 #3 type] 
Type domain.Query is not enhanced.

[2018-01-17 17:29:21 #4 type.registry] 
New type domain.Event

[2018-01-17 17:29:21 #5 type] 
Type domain.Event is not enhanced.

[2018-01-17 17:29:21 #6 type.registry] 
New type java.util.Vector<domain.Query>

[2018-01-17 17:29:21 #7 type.registry] 
New type java.util.Vector<java.lang.Object>

------------------------------------------------------------------------------------------------------------------------

[2018-01-17 17:51:02 #1 store] 
Database 'C:\Users\jipgosaa\Documents\workspace-sts-3.8.2.RELEASE\Bets\Bets\resources\bets.temp' is opened by 11384@U102188

[2018-01-17 17:51:02 #2 type.registry] 
New type domain.Query

[2018-01-17 17:51:02 #3 type] 
Type domain.Query is not enhanced.

[2018-01-17 17:51:02 #4 type.registry] 
New type domain.Event

[2018-01-17 17:51:02 #5 type] 
Type domain.Event is not enhanced.

[2018-01-17 17:51:02 #6 type.registry] 
New type java.util.Vector<domain.Query>

[2018-01-17 17:51:02 #7 type.registry] 
New type java.util.Vector<java.lang.Object>

------------------------------------------------------------------------------------------------------------------------

[2018-01-17 17:53:30 #1 store] 
Database 'C:\Users\jipgosaa\Documents\workspace-sts-3.8.2.RELEASE\Bets\Bets\resources\bets.temp' is opened by 13268@U102188

[2018-01-17 17:53:30 #2 type.registry] 
New type domain.Query

[2018-01-17 17:53:30 #3 type] 
Type domain.Query is not enhanced.

[2018-01-17 17:53:30 #4 type.registry] 
New type domain.Event

[2018-01-17 17:53:30 #5 type] 
Type domain.Event is not enhanced.

[2018-01-17 17:53:30 #6 type.registry] 
New type java.util.Vector<domain.Query>

[2018-01-17 17:53:30 #7 type.registry] 
New type java.util.Vector<java.lang.Object>

------------------------------------------------------------------------------------------------------------------------

[2018-01-17 17:57:10 #1 store] 
Database 'C:\Users\jipgosaa\Documents\workspace-sts-3.8.2.RELEASE\Bets\Bets\resources\bets.temp' is opened by 2760@U102188

[2018-01-17 17:57:10 #2 type.registry] 
New type domain.Query

[2018-01-17 17:57:10 #3 type] 
Type domain.Query is not enhanced.

[2018-01-17 17:57:10 #4 type.registry] 
New type domain.Event

[2018-01-17 17:57:10 #5 type] 
Type domain.Event is not enhanced.

[2018-01-17 17:57:10 #6 type.registry] 
New type java.util.Vector<domain.Query>

[2018-01-17 17:57:10 #7 type.registry] 
New type java.util.Vector<java.lang.Object>

------------------------------------------------------------------------------------------------------------------------

[2018-01-17 18:00:54 #1 store] 
Database 'C:\Users\jipgosaa\Documents\workspace-sts-3.8.2.RELEASE\Bets\Bets\resources\bets.temp' is opened by 1336@U102188

[2018-01-17 18:00:54 #2 type.registry] 
New type domain.Query

[2018-01-17 18:00:54 #3 type] 
Type domain.Query is not enhanced.

[2018-01-17 18:00:54 #4 type.registry] 
New type domain.Event

[2018-01-17 18:00:54 #5 type] 
Type domain.Event is not enhanced.

[2018-01-17 18:00:54 #6 type.registry] 
New type java.util.Vector<domain.Query>

[2018-01-17 18:00:54 #7 type.registry] 
New type java.util.Vector<java.lang.Object>

------------------------------------------------------------------------------------------------------------------------

[2018-01-17 18:02:01 #1 server] 
java.net.BindException: Address already in use: JVM_Bind
	at java.net.DualStackPlainSocketImpl.bind0(Native Method)
	at java.net.DualStackPlainSocketImpl.socketBind(Unknown Source)
	at java.net.AbstractPlainSocketImpl.bind(Unknown Source)
	at java.net.PlainSocketImpl.bind(Unknown Source)
	at java.net.ServerSocket.bind(Unknown Source)
	at java.net.ServerSocket.<init>(Unknown Source)
	at java.net.ServerSocket.<init>(Unknown Source)
	at com.objectdb.o.SMR.I(SMR.java:259)
	at com.objectdb.o.SMR.n(SMR.java:159)
	at com.objectdb.o.TOL.run(TOL.java:116)
	at com.objectdb.Server.runCommand(Server.java:200)
	at com.objectdb.Server.run(Server.java:104)
	at com.objectdb.Server.main(Server.java:63)

------------------------------------------------------------------------------------------------------------------------

[2018-01-17 18:02:11 #1 type.registry] 
New type domain.Query

[2018-01-17 18:02:11 #2 type] 
Type domain.Query is not enhanced.

[2018-01-17 18:02:11 #3 type.registry] 
New type domain.Event

[2018-01-17 18:02:11 #4 type] 
Type domain.Event is not enhanced.

[2018-01-17 18:02:11 #5 type.registry] 
New type java.util.Vector<domain.Query>

[2018-01-17 18:02:11 #6 type.registry] 
New type java.util.Vector<java.lang.Object>

------------------------------------------------------------------------------------------------------------------------

[2018-01-17 18:09:02 #1 server] 
java.net.BindException: Address already in use: JVM_Bind
	at java.net.DualStackPlainSocketImpl.bind0(Native Method)
	at java.net.DualStackPlainSocketImpl.socketBind(Unknown Source)
	at java.net.AbstractPlainSocketImpl.bind(Unknown Source)
	at java.net.PlainSocketImpl.bind(Unknown Source)
	at java.net.ServerSocket.bind(Unknown Source)
	at java.net.ServerSocket.<init>(Unknown Source)
	at java.net.ServerSocket.<init>(Unknown Source)
	at com.objectdb.o.SMR.I(SMR.java:259)
	at com.objectdb.o.SMR.n(SMR.java:159)
	at com.objectdb.o.TOL.run(TOL.java:116)
	at com.objectdb.Server.runCommand(Server.java:200)
	at com.objectdb.Server.run(Server.java:104)
	at com.objectdb.Server.main(Server.java:63)

------------------------------------------------------------------------------------------------------------------------

[2018-01-17 18:09:09 #1 server] 
java.net.BindException: Address already in use: JVM_Bind
	at java.net.DualStackPlainSocketImpl.bind0(Native Method)
	at java.net.DualStackPlainSocketImpl.socketBind(Unknown Source)
	at java.net.AbstractPlainSocketImpl.bind(Unknown Source)
	at java.net.PlainSocketImpl.bind(Unknown Source)
	at java.net.ServerSocket.bind(Unknown Source)
	at java.net.ServerSocket.<init>(Unknown Source)
	at java.net.ServerSocket.<init>(Unknown Source)
	at com.objectdb.o.SMR.I(SMR.java:259)
	at com.objectdb.o.SMR.n(SMR.java:159)
	at com.objectdb.o.TOL.run(TOL.java:116)
	at com.objectdb.Server.runCommand(Server.java:200)
	at com.objectdb.Server.run(Server.java:104)
	at com.objectdb.Server.main(Server.java:63)

------------------------------------------------------------------------------------------------------------------------

[2018-01-17 18:09:47 #1 server] 
java.net.BindException: Address already in use: JVM_Bind
	at java.net.DualStackPlainSocketImpl.bind0(Native Method)
	at java.net.DualStackPlainSocketImpl.socketBind(Unknown Source)
	at java.net.AbstractPlainSocketImpl.bind(Unknown Source)
	at java.net.PlainSocketImpl.bind(Unknown Source)
	at java.net.ServerSocket.bind(Unknown Source)
	at java.net.ServerSocket.<init>(Unknown Source)
	at java.net.ServerSocket.<init>(Unknown Source)
	at com.objectdb.o.SMR.I(SMR.java:259)
	at com.objectdb.o.SMR.n(SMR.java:159)
	at com.objectdb.o.TOL.run(TOL.java:116)
	at com.objectdb.Server.runCommand(Server.java:200)
	at com.objectdb.Server.run(Server.java:104)
	at com.objectdb.Server.main(Server.java:63)

------------------------------------------------------------------------------------------------------------------------

[2018-01-17 18:09:52 #1 type.registry] 
New type domain.Query

[2018-01-17 18:09:52 #2 type] 
Type domain.Query is not enhanced.

[2018-01-17 18:09:52 #3 type.registry] 
New type domain.Event

[2018-01-17 18:09:52 #4 type] 
Type domain.Event is not enhanced.

[2018-01-17 18:09:52 #5 type.registry] 
New type java.util.Vector<domain.Query>

[2018-01-17 18:09:52 #6 type.registry] 
New type java.util.Vector<java.lang.Object>

------------------------------------------------------------------------------------------------------------------------

[2018-01-17 18:12:30 #1 server] 
java.net.BindException: Address already in use: JVM_Bind
	at java.net.DualStackPlainSocketImpl.bind0(Native Method)
	at java.net.DualStackPlainSocketImpl.socketBind(Unknown Source)
	at java.net.AbstractPlainSocketImpl.bind(Unknown Source)
	at java.net.PlainSocketImpl.bind(Unknown Source)
	at java.net.ServerSocket.bind(Unknown Source)
	at java.net.ServerSocket.<init>(Unknown Source)
	at java.net.ServerSocket.<init>(Unknown Source)
	at com.objectdb.o.SMR.I(SMR.java:259)
	at com.objectdb.o.SMR.n(SMR.java:159)
	at com.objectdb.o.TOL.run(TOL.java:116)
	at com.objectdb.Server.runCommand(Server.java:200)
	at com.objectdb.Server.run(Server.java:104)
	at com.objectdb.Server.main(Server.java:63)

------------------------------------------------------------------------------------------------------------------------

[2018-01-17 18:12:41 #1 type.registry] 
New type domain.Query

[2018-01-17 18:12:41 #2 type] 
Type domain.Query is not enhanced.

[2018-01-17 18:12:41 #3 type.registry] 
New type domain.Event

[2018-01-17 18:12:41 #4 type] 
Type domain.Event is not enhanced.

[2018-01-17 18:12:41 #5 type.registry] 
New type java.util.Vector<domain.Query>

[2018-01-17 18:12:41 #6 type.registry] 
New type java.util.Vector<java.lang.Object>

------------------------------------------------------------------------------------------------------------------------

[2018-01-17 18:13:04 #1 server] 
java.net.BindException: Address already in use: JVM_Bind
	at java.net.DualStackPlainSocketImpl.bind0(Native Method)
	at java.net.DualStackPlainSocketImpl.socketBind(Unknown Source)
	at java.net.AbstractPlainSocketImpl.bind(Unknown Source)
	at java.net.PlainSocketImpl.bind(Unknown Source)
	at java.net.ServerSocket.bind(Unknown Source)
	at java.net.ServerSocket.<init>(Unknown Source)
	at java.net.ServerSocket.<init>(Unknown Source)
	at com.objectdb.o.SMR.I(SMR.java:259)
	at com.objectdb.o.SMR.n(SMR.java:159)
	at com.objectdb.o.TOL.run(TOL.java:116)
	at com.objectdb.Server.runCommand(Server.java:200)
	at com.objectdb.Server.run(Server.java:104)
	at com.objectdb.Server.main(Server.java:63)

------------------------------------------------------------------------------------------------------------------------

[2018-01-17 18:13:43 #1 server] 
java.net.BindException: Address already in use: JVM_Bind
	at java.net.DualStackPlainSocketImpl.bind0(Native Method)
	at java.net.DualStackPlainSocketImpl.socketBind(Unknown Source)
	at java.net.AbstractPlainSocketImpl.bind(Unknown Source)
	at java.net.PlainSocketImpl.bind(Unknown Source)
	at java.net.ServerSocket.bind(Unknown Source)
	at java.net.ServerSocket.<init>(Unknown Source)
	at java.net.ServerSocket.<init>(Unknown Source)
	at com.objectdb.o.SMR.I(SMR.java:259)
	at com.objectdb.o.SMR.n(SMR.java:159)
	at com.objectdb.o.TOL.run(TOL.java:116)
	at com.objectdb.Server.runCommand(Server.java:200)
	at com.objectdb.Server.run(Server.java:104)
	at com.objectdb.Server.main(Server.java:63)

------------------------------------------------------------------------------------------------------------------------

[2018-01-17 18:27:29 #1 store] 
Database 'C:\Users\jipgosaa\Documents\workspace-sts-3.8.2.RELEASE\Bets\resources\bets.temp' is opened by 6484@U102188

[2018-01-17 18:27:30 #2 type.registry] 
New type domain.Query

[2018-01-17 18:27:30 #3 type] 
Type domain.Query is not enhanced.

[2018-01-17 18:27:30 #4 type.registry] 
New type domain.Event

[2018-01-17 18:27:30 #5 type] 
Type domain.Event is not enhanced.

[2018-01-17 18:27:30 #6 type.registry] 
New type java.util.Vector<domain.Query>

[2018-01-17 18:27:30 #7 type.registry] 
New type java.util.Vector<java.lang.Object>

