------------------------------------------------------------------------------------------------------------------------

[2018-01-12 09:06:37 #1 store] 
Database '/Volumes/Macintosh HD 2/Documents/Dropbox/workspace/Bets/bets.temp' is opened by 461@iMac-de-Jon-2.local

[2018-01-12 09:06:37 #2 type.registry] 
New type domain.Query

[2018-01-12 09:06:37 #3 type] 
Type domain.Query is not enhanced.

[2018-01-12 09:06:37 #4 type.registry] 
New type domain.Event

[2018-01-12 09:06:37 #5 type] 
Type domain.Event is not enhanced.

[2018-01-12 09:06:37 #6 type.registry] 
New type java.util.Vector<domain.Query>

[2018-01-12 09:06:37 #7 type.registry] 
New type java.util.Vector<java.lang.Object>

------------------------------------------------------------------------------------------------------------------------

[2018-01-12 09:08:07 #1 store] 
Database '/Volumes/Macintosh HD 2/Documents/Dropbox/workspace/Bets/bets.temp' is opened by 490@iMac-de-Jon-2.local

[2018-01-12 09:08:07 #2 type.registry] 
New type domain.Query

[2018-01-12 09:08:07 #3 type] 
Type domain.Query is not enhanced.

[2018-01-12 09:08:07 #4 type.registry] 
New type domain.Event

[2018-01-12 09:08:07 #5 type] 
Type domain.Event is not enhanced.

[2018-01-12 09:08:07 #6 type.registry] 
New type java.util.Vector<domain.Query>

[2018-01-12 09:08:07 #7 type.registry] 
New type java.util.Vector<java.lang.Object>

------------------------------------------------------------------------------------------------------------------------

[2018-01-12 09:11:41 #1 store] 
Database '/Volumes/Macintosh HD 2/Documents/Dropbox/workspace/Bets/bets.temp' is opened by 551@iMac-de-Jon-2.local

[2018-01-12 09:11:41 #2 type.registry] 
New type domain.Query

[2018-01-12 09:11:41 #3 type] 
Type domain.Query is not enhanced.

[2018-01-12 09:11:41 #4 type.registry] 
New type domain.Event

[2018-01-12 09:11:41 #5 type] 
Type domain.Event is not enhanced.

[2018-01-12 09:11:41 #6 type.registry] 
New type java.util.Vector<domain.Query>

[2018-01-12 09:11:41 #7 type.registry] 
New type java.util.Vector<java.lang.Object>

------------------------------------------------------------------------------------------------------------------------

[2018-01-12 09:16:51 #1 store] 
Database '/Volumes/Macintosh HD 2/Documents/Dropbox/workspace/Bets/bets.temp' is opened by 628@iMac-de-Jon-2.local

[2018-01-12 09:16:52 #2 type.registry] 
New type domain.Query

[2018-01-12 09:16:52 #3 type] 
Type domain.Query is not enhanced.

[2018-01-12 09:16:52 #4 type.registry] 
New type domain.Event

[2018-01-12 09:16:52 #5 type] 
Type domain.Event is not enhanced.

[2018-01-12 09:16:52 #6 type.registry] 
New type java.util.Vector<domain.Query>

[2018-01-12 09:16:52 #7 type.registry] 
New type java.util.Vector<java.lang.Object>

------------------------------------------------------------------------------------------------------------------------

[2018-01-12 09:18:30 #1 store] 
Database '/Volumes/Macintosh HD 2/Documents/Dropbox/workspace/Bets/bets.temp' is opened by 654@iMac-de-Jon-2.local

[2018-01-12 09:18:30 #2 type.registry] 
New type domain.Query

[2018-01-12 09:18:30 #3 type] 
Type domain.Query is not enhanced.

[2018-01-12 09:18:30 #4 type.registry] 
New type domain.Event

[2018-01-12 09:18:30 #5 type] 
Type domain.Event is not enhanced.

[2018-01-12 09:18:30 #6 type.registry] 
New type java.util.Vector<domain.Query>

[2018-01-12 09:18:30 #7 type.registry] 
New type java.util.Vector<java.lang.Object>

------------------------------------------------------------------------------------------------------------------------

[2018-01-12 09:18:57 #1 store] 
Database '/Volumes/Macintosh HD 2/Documents/Dropbox/workspace/Bets/bets.temp' is opened by 663@iMac-de-Jon-2.local

[2018-01-12 09:18:57 #2 type.registry] 
New type domain.Query

[2018-01-12 09:18:57 #3 type] 
Type domain.Query is not enhanced.

[2018-01-12 09:18:57 #4 type.registry] 
New type domain.Event

[2018-01-12 09:18:57 #5 type] 
Type domain.Event is not enhanced.

[2018-01-12 09:18:57 #6 type.registry] 
New type java.util.Vector<domain.Query>

[2018-01-12 09:18:57 #7 type.registry] 
New type java.util.Vector<java.lang.Object>

------------------------------------------------------------------------------------------------------------------------

[2018-01-12 09:21:07 #1 store] 
Database '/Volumes/Macintosh HD 2/Documents/Dropbox/workspace/Bets/bets.temp' is opened by 694@iMac-de-Jon-2.local

[2018-01-12 09:21:07 #2 type.registry] 
New type domain.Query

[2018-01-12 09:21:07 #3 type] 
Type domain.Query is not enhanced.

[2018-01-12 09:21:07 #4 type.registry] 
New type domain.Event

[2018-01-12 09:21:07 #5 type] 
Type domain.Event is not enhanced.

[2018-01-12 09:21:07 #6 type.registry] 
New type java.util.Vector<domain.Query>

[2018-01-12 09:21:07 #7 type.registry] 
New type java.util.Vector<java.lang.Object>

------------------------------------------------------------------------------------------------------------------------

[2018-01-12 09:42:43 #1 store] 
Database '/Volumes/Macintosh HD 2/Documents/Dropbox/workspace/Bets/bets.temp' is opened by 1016@iMac-de-Jon-2.local

[2018-01-12 09:42:43 #2 type.registry] 
New type domain.Query

[2018-01-12 09:42:43 #3 type] 
Type domain.Query is not enhanced.

[2018-01-12 09:42:43 #4 type.registry] 
New type domain.Event

[2018-01-12 09:42:43 #5 type] 
Type domain.Event is not enhanced.

[2018-01-12 09:42:43 #6 type.registry] 
New type java.util.Vector<domain.Query>

[2018-01-12 09:42:43 #7 type.registry] 
New type java.util.Vector<java.lang.Object>

------------------------------------------------------------------------------------------------------------------------

[2018-01-12 09:43:55 #1 store] 
Database '/Volumes/Macintosh HD 2/Documents/Dropbox/workspace/Bets/bets.temp' is opened by 1034@iMac-de-Jon-2.local

[2018-01-12 09:43:55 #2 type.registry] 
New type domain.Query

[2018-01-12 09:43:55 #3 type] 
Type domain.Query is not enhanced.

[2018-01-12 09:43:55 #4 type.registry] 
New type domain.Event

[2018-01-12 09:43:55 #5 type] 
Type domain.Event is not enhanced.

[2018-01-12 09:43:55 #6 type.registry] 
New type java.util.Vector<domain.Query>

[2018-01-12 09:43:55 #7 type.registry] 
New type java.util.Vector<java.lang.Object>

------------------------------------------------------------------------------------------------------------------------

[2018-01-12 10:03:51 #1 store] 
Database '/Volumes/Macintosh HD 2/Documents/Dropbox/workspace/Bets/bets.temp' is opened by 1419@iMac-de-Jon-2.local

[2018-01-12 10:03:51 #2 type.registry] 
New type domain.Query

[2018-01-12 10:03:51 #3 type] 
Type domain.Query is not enhanced.

[2018-01-12 10:03:51 #4 type.registry] 
New type domain.Event

[2018-01-12 10:03:51 #5 type] 
Type domain.Event is not enhanced.

[2018-01-12 10:03:51 #6 type.registry] 
New type java.util.Vector<domain.Query>

[2018-01-12 10:03:51 #7 type.registry] 
New type java.util.Vector<java.lang.Object>

------------------------------------------------------------------------------------------------------------------------

[2018-01-12 10:06:26 #1 store] 
Database '/Volumes/Macintosh HD 2/Documents/Dropbox/workspace/Bets/bets.temp' is opened by 1493@iMac-de-Jon-2.local

[2018-01-12 10:06:27 #2 type.registry] 
New type domain.Query

[2018-01-12 10:06:27 #3 type] 
Type domain.Query is not enhanced.

[2018-01-12 10:06:27 #4 type.registry] 
New type domain.Event

[2018-01-12 10:06:27 #5 type] 
Type domain.Event is not enhanced.

[2018-01-12 10:06:27 #6 type.registry] 
New type java.util.Vector<domain.Query>

[2018-01-12 10:06:27 #7 type.registry] 
New type java.util.Vector<java.lang.Object>

------------------------------------------------------------------------------------------------------------------------

[2018-01-12 10:06:50 #1 store] 
Database '/Volumes/Macintosh HD 2/Documents/Dropbox/workspace/Bets/bets.temp' is opened by 1504@iMac-de-Jon-2.local

[2018-01-12 10:06:50 #2 type.registry] 
New type domain.Query

[2018-01-12 10:06:50 #3 type] 
Type domain.Query is not enhanced.

[2018-01-12 10:06:50 #4 type.registry] 
New type domain.Event

[2018-01-12 10:06:50 #5 type] 
Type domain.Event is not enhanced.

[2018-01-12 10:06:50 #6 type.registry] 
New type java.util.Vector<domain.Query>

[2018-01-12 10:06:51 #7 type.registry] 
New type java.util.Vector<java.lang.Object>

------------------------------------------------------------------------------------------------------------------------

[2018-01-12 10:07:14 #1 store] 
Database '/Volumes/Macintosh HD 2/Documents/Dropbox/workspace/Bets/bets.temp' is opened by 1510@iMac-de-Jon-2.local

[2018-01-12 10:07:14 #2 type.registry] 
New type domain.Query

[2018-01-12 10:07:14 #3 type] 
Type domain.Query is not enhanced.

[2018-01-12 10:07:14 #4 type.registry] 
New type domain.Event

[2018-01-12 10:07:14 #5 type] 
Type domain.Event is not enhanced.

[2018-01-12 10:07:14 #6 type.registry] 
New type java.util.Vector<domain.Query>

[2018-01-12 10:07:14 #7 type.registry] 
New type java.util.Vector<java.lang.Object>

------------------------------------------------------------------------------------------------------------------------

[2018-01-12 10:11:12 #1 store] 
Database '/Volumes/Macintosh HD 2/Documents/Dropbox/workspace/Bets/bets.temp' is opened by 1570@iMac-de-Jon-2.local

[2018-01-12 10:11:13 #2 type.registry] 
New type domain.Query

[2018-01-12 10:11:13 #3 type] 
Type domain.Query is not enhanced.

[2018-01-12 10:11:13 #4 type.registry] 
New type domain.Event

[2018-01-12 10:11:13 #5 type] 
Type domain.Event is not enhanced.

[2018-01-12 10:11:13 #6 type.registry] 
New type java.util.Vector<domain.Query>

[2018-01-12 10:11:13 #7 type.registry] 
New type java.util.Vector<java.lang.Object>

------------------------------------------------------------------------------------------------------------------------

[2018-01-12 10:13:01 #1 store] 
Database '/Volumes/Macintosh HD 2/Documents/Dropbox/workspace/Bets/bets.temp' is opened by 1598@iMac-de-Jon-2.local

[2018-01-12 10:13:01 #2 type.registry] 
New type domain.Query

[2018-01-12 10:13:01 #3 type] 
Type domain.Query is not enhanced.

[2018-01-12 10:13:01 #4 type.registry] 
New type domain.Event

[2018-01-12 10:13:01 #5 type] 
Type domain.Event is not enhanced.

[2018-01-12 10:13:01 #6 type.registry] 
New type java.util.Vector<domain.Query>

[2018-01-12 10:13:01 #7 type.registry] 
New type java.util.Vector<java.lang.Object>

------------------------------------------------------------------------------------------------------------------------

[2018-01-12 10:22:11 #1 store] 
Database '/Volumes/Macintosh HD 2/Documents/Dropbox/workspace/Bets/bets.temp' is opened by 1734@iMac-de-Jon-2.local

[2018-01-12 10:22:11 #2 type.registry] 
New type domain.Query

[2018-01-12 10:22:11 #3 type] 
Type domain.Query is not enhanced.

[2018-01-12 10:22:11 #4 type.registry] 
New type domain.Event

[2018-01-12 10:22:11 #5 type] 
Type domain.Event is not enhanced.

[2018-01-12 10:22:11 #6 type.registry] 
New type java.util.Vector<domain.Query>

[2018-01-12 10:22:11 #7 type.registry] 
New type java.util.Vector<java.lang.Object>

------------------------------------------------------------------------------------------------------------------------

[2018-01-12 10:22:30 #1 store] 
Database '/Volumes/Macintosh HD 2/Documents/Dropbox/workspace/Bets/bets.temp' is opened by 1740@iMac-de-Jon-2.local

[2018-01-12 10:22:30 #2 type.registry] 
New type domain.Query

[2018-01-12 10:22:30 #3 type] 
Type domain.Query is not enhanced.

[2018-01-12 10:22:30 #4 type.registry] 
New type domain.Event

[2018-01-12 10:22:30 #5 type] 
Type domain.Event is not enhanced.

[2018-01-12 10:22:30 #6 type.registry] 
New type java.util.Vector<domain.Query>

[2018-01-12 10:22:30 #7 type.registry] 
New type java.util.Vector<java.lang.Object>

------------------------------------------------------------------------------------------------------------------------

[2018-01-12 16:23:13 #1 store] 
Database '/Volumes/Macintosh HD 2/Documents/Dropbox/workspace/Bets/bets.temp' is opened by 7205@iMac-de-Jon-2.local

[2018-01-12 16:23:13 #2 type.registry] 
New type domain.Query

[2018-01-12 16:23:13 #3 type] 
Type domain.Query is not enhanced.

[2018-01-12 16:23:13 #4 type.registry] 
New type domain.Event

[2018-01-12 16:23:13 #5 type] 
Type domain.Event is not enhanced.

[2018-01-12 16:23:13 #6 type.registry] 
New type java.util.Vector<domain.Query>

[2018-01-12 16:23:13 #7 type.registry] 
New type java.util.Vector<java.lang.Object>

------------------------------------------------------------------------------------------------------------------------

[2018-01-12 16:25:34 #1 store] 
Database '/Volumes/Macintosh HD 2/Documents/Dropbox/workspace/Bets/bets.temp' is opened by 7241@iMac-de-Jon-2.local

[2018-01-12 16:25:34 #2 type.registry] 
New type domain.Query

[2018-01-12 16:25:34 #3 type] 
Type domain.Query is not enhanced.

[2018-01-12 16:25:34 #4 type.registry] 
New type domain.Event

[2018-01-12 16:25:34 #5 type] 
Type domain.Event is not enhanced.

[2018-01-12 16:25:34 #6 type.registry] 
New type java.util.Vector<domain.Query>

[2018-01-12 16:25:34 #7 type.registry] 
New type java.util.Vector<java.lang.Object>

------------------------------------------------------------------------------------------------------------------------

[2018-01-12 16:27:54 #1 store] 
Database '/Volumes/Macintosh HD 2/Documents/Dropbox/workspace/Bets/bets.temp' is opened by 7275@iMac-de-Jon-2.local

[2018-01-12 16:27:54 #2 type.registry] 
New type domain.Query

[2018-01-12 16:27:54 #3 type] 
Type domain.Query is not enhanced.

[2018-01-12 16:27:54 #4 type.registry] 
New type domain.Event

[2018-01-12 16:27:54 #5 type] 
Type domain.Event is not enhanced.

[2018-01-12 16:27:54 #6 type.registry] 
New type java.util.Vector<domain.Query>

[2018-01-12 16:27:54 #7 type.registry] 
New type java.util.Vector<java.lang.Object>

------------------------------------------------------------------------------------------------------------------------

[2018-01-12 16:29:03 #1 store] 
Database '/Volumes/Macintosh HD 2/Documents/Dropbox/workspace/Bets/bets.temp' is opened by 7297@iMac-de-Jon-2.local

[2018-01-12 16:29:03 #2 type.registry] 
New type domain.Query

[2018-01-12 16:29:03 #3 type] 
Type domain.Query is not enhanced.

[2018-01-12 16:29:03 #4 type.registry] 
New type domain.Event

[2018-01-12 16:29:03 #5 type] 
Type domain.Event is not enhanced.

[2018-01-12 16:29:03 #6 type.registry] 
New type java.util.Vector<domain.Query>

[2018-01-12 16:29:03 #7 type.registry] 
New type java.util.Vector<java.lang.Object>

------------------------------------------------------------------------------------------------------------------------

[2018-01-12 16:29:26 #1 store] 
Database '/Volumes/Macintosh HD 2/Documents/Dropbox/workspace/Bets/bets.temp' is opened by 7304@iMac-de-Jon-2.local

[2018-01-12 16:29:26 #2 type.registry] 
New type domain.Query

[2018-01-12 16:29:26 #3 type] 
Type domain.Query is not enhanced.

[2018-01-12 16:29:26 #4 type.registry] 
New type domain.Event

[2018-01-12 16:29:26 #5 type] 
Type domain.Event is not enhanced.

[2018-01-12 16:29:26 #6 type.registry] 
New type java.util.Vector<domain.Query>

[2018-01-12 16:29:26 #7 type.registry] 
New type java.util.Vector<java.lang.Object>

------------------------------------------------------------------------------------------------------------------------

[2018-01-12 16:38:15 #1 store] 
Database '/Volumes/Macintosh HD 2/Documents/Dropbox/workspace/Bets/bets.temp' is opened by 7447@iMac-de-Jon-2.local

[2018-01-12 16:38:15 #2 type.registry] 
New type domain.Query

[2018-01-12 16:38:15 #3 type] 
Type domain.Query is not enhanced.

[2018-01-12 16:38:15 #4 type.registry] 
New type domain.Event

[2018-01-12 16:38:15 #5 type] 
Type domain.Event is not enhanced.

[2018-01-12 16:38:15 #6 type.registry] 
New type java.util.Vector<domain.Query>

[2018-01-12 16:38:15 #7 type.registry] 
New type java.util.Vector<java.lang.Object>

------------------------------------------------------------------------------------------------------------------------

[2018-01-12 16:42:00 #1 store] 
Database '/Volumes/Macintosh HD 2/Documents/Dropbox/workspace/Bets/bets.temp' is opened by 7506@iMac-de-Jon-2.local

[2018-01-12 16:42:00 #2 type.registry] 
New type domain.Query

[2018-01-12 16:42:00 #3 type] 
Type domain.Query is not enhanced.

[2018-01-12 16:42:00 #4 type.registry] 
New type domain.Event

[2018-01-12 16:42:00 #5 type] 
Type domain.Event is not enhanced.

[2018-01-12 16:42:00 #6 type.registry] 
New type java.util.Vector<domain.Query>

[2018-01-12 16:42:00 #7 type.registry] 
New type java.util.Vector<java.lang.Object>

------------------------------------------------------------------------------------------------------------------------

[2018-01-12 16:44:11 #1 store] 
Database '/Volumes/Macintosh HD 2/Documents/Dropbox/workspace/Bets/bets.temp' is opened by 7539@iMac-de-Jon-2.local

[2018-01-12 16:44:11 #2 type.registry] 
New type domain.Query

[2018-01-12 16:44:11 #3 type] 
Type domain.Query is not enhanced.

[2018-01-12 16:44:11 #4 type.registry] 
New type domain.Event

[2018-01-12 16:44:11 #5 type] 
Type domain.Event is not enhanced.

[2018-01-12 16:44:11 #6 type.registry] 
New type java.util.Vector<domain.Query>

[2018-01-12 16:44:11 #7 type.registry] 
New type java.util.Vector<java.lang.Object>

------------------------------------------------------------------------------------------------------------------------

[2018-01-12 16:46:14 #1 store] 
Database '/Volumes/Macintosh HD 2/Documents/Dropbox/workspace/Bets/bets.temp' is opened by 7572@iMac-de-Jon-2.local

[2018-01-12 16:46:15 #2 type.registry] 
New type domain.Query

[2018-01-12 16:46:15 #3 type] 
Type domain.Query is not enhanced.

[2018-01-12 16:46:15 #4 type.registry] 
New type domain.Event

[2018-01-12 16:46:15 #5 type] 
Type domain.Event is not enhanced.

[2018-01-12 16:46:15 #6 type.registry] 
New type java.util.Vector<domain.Query>

[2018-01-12 16:46:15 #7 type.registry] 
New type java.util.Vector<java.lang.Object>

------------------------------------------------------------------------------------------------------------------------

[2018-01-12 16:46:58 #1 store] 
Database '/Volumes/Macintosh HD 2/Documents/Dropbox/workspace/Bets/bets.temp' is opened by 7584@iMac-de-Jon-2.local

[2018-01-12 16:46:59 #2 type.registry] 
New type domain.Query

[2018-01-12 16:46:59 #3 type] 
Type domain.Query is not enhanced.

[2018-01-12 16:46:59 #4 type.registry] 
New type domain.Event

[2018-01-12 16:46:59 #5 type] 
Type domain.Event is not enhanced.

[2018-01-12 16:46:59 #6 type.registry] 
New type java.util.Vector<domain.Query>

[2018-01-12 16:46:59 #7 type.registry] 
New type java.util.Vector<java.lang.Object>

------------------------------------------------------------------------------------------------------------------------

[2018-01-12 16:51:29 #1 store] 
Database '/Volumes/Macintosh HD 2/Documents/Dropbox/workspace/Bets/bets.temp' is opened by 7654@iMac-de-Jon-2.local

[2018-01-12 16:51:30 #2 type.registry] 
New type domain.Query

[2018-01-12 16:51:30 #3 type] 
Type domain.Query is not enhanced.

[2018-01-12 16:51:30 #4 type.registry] 
New type domain.Event

[2018-01-12 16:51:30 #5 type] 
Type domain.Event is not enhanced.

[2018-01-12 16:51:30 #6 type.registry] 
New type java.util.Vector<domain.Query>

[2018-01-12 16:51:30 #7 type.registry] 
New type java.util.Vector<java.lang.Object>

------------------------------------------------------------------------------------------------------------------------

[2018-01-12 16:52:02 #1 store] 
Database '/Volumes/Macintosh HD 2/Documents/Dropbox/workspace/Bets/bets.temp' is opened by 7664@iMac-de-Jon-2.local

[2018-01-12 16:52:02 #2 type.registry] 
New type domain.Query

[2018-01-12 16:52:02 #3 type] 
Type domain.Query is not enhanced.

[2018-01-12 16:52:02 #4 type.registry] 
New type domain.Event

[2018-01-12 16:52:02 #5 type] 
Type domain.Event is not enhanced.

[2018-01-12 16:52:02 #6 type.registry] 
New type java.util.Vector<domain.Query>

[2018-01-12 16:52:02 #7 type.registry] 
New type java.util.Vector<java.lang.Object>

------------------------------------------------------------------------------------------------------------------------

[2018-01-12 16:52:54 #1 store] 
Database '/Volumes/Macintosh HD 2/Documents/Dropbox/workspace/Bets/bets.temp' is opened by 7678@iMac-de-Jon-2.local

[2018-01-12 16:52:54 #2 type.registry] 
New type domain.Query

[2018-01-12 16:52:54 #3 type] 
Type domain.Query is not enhanced.

[2018-01-12 16:52:54 #4 type.registry] 
New type domain.Event

[2018-01-12 16:52:54 #5 type] 
Type domain.Event is not enhanced.

[2018-01-12 16:52:54 #6 type.registry] 
New type java.util.Vector<domain.Query>

[2018-01-12 16:52:55 #7 type.registry] 
New type java.util.Vector<java.lang.Object>

------------------------------------------------------------------------------------------------------------------------

[2018-01-12 16:54:49 #1 store] 
Database '/Volumes/Macintosh HD 2/Documents/Dropbox/workspace/Bets/bets.temp' is opened by 7706@iMac-de-Jon-2.local

[2018-01-12 16:54:49 #2 type.registry] 
New type domain.Query

[2018-01-12 16:54:49 #3 type] 
Type domain.Query is not enhanced.

[2018-01-12 16:54:49 #4 type.registry] 
New type domain.Event

[2018-01-12 16:54:49 #5 type] 
Type domain.Event is not enhanced.

[2018-01-12 16:54:49 #6 type.registry] 
New type java.util.Vector<domain.Query>

[2018-01-12 16:54:49 #7 type.registry] 
New type java.util.Vector<java.lang.Object>

------------------------------------------------------------------------------------------------------------------------

[2018-01-12 16:55:24 #1 store] 
Database '/Volumes/Macintosh HD 2/Documents/Dropbox/workspace/Bets/bets.temp' is opened by 7717@iMac-de-Jon-2.local

[2018-01-12 16:55:24 #2 type.registry] 
New type domain.Query

[2018-01-12 16:55:24 #3 type] 
Type domain.Query is not enhanced.

[2018-01-12 16:55:24 #4 type.registry] 
New type domain.Event

[2018-01-12 16:55:24 #5 type] 
Type domain.Event is not enhanced.

[2018-01-12 16:55:24 #6 type.registry] 
New type java.util.Vector<domain.Query>

[2018-01-12 16:55:24 #7 type.registry] 
New type java.util.Vector<java.lang.Object>

------------------------------------------------------------------------------------------------------------------------

[2018-01-12 16:55:41 #1 store] 
Database '/Volumes/Macintosh HD 2/Documents/Dropbox/workspace/Bets/bets.temp' is opened by 7722@iMac-de-Jon-2.local

[2018-01-12 16:55:41 #2 type.registry] 
New type domain.Query

[2018-01-12 16:55:41 #3 type] 
Type domain.Query is not enhanced.

[2018-01-12 16:55:41 #4 type.registry] 
New type domain.Event

[2018-01-12 16:55:41 #5 type] 
Type domain.Event is not enhanced.

[2018-01-12 16:55:41 #6 type.registry] 
New type java.util.Vector<domain.Query>

[2018-01-12 16:55:41 #7 type.registry] 
New type java.util.Vector<java.lang.Object>

------------------------------------------------------------------------------------------------------------------------

[2018-01-12 16:55:54 #1 store] 
Database '/Volumes/Macintosh HD 2/Documents/Dropbox/workspace/Bets/bets.temp' is opened by 7728@iMac-de-Jon-2.local

[2018-01-12 16:55:54 #2 type.registry] 
New type domain.Query

[2018-01-12 16:55:54 #3 type] 
Type domain.Query is not enhanced.

[2018-01-12 16:55:54 #4 type.registry] 
New type domain.Event

[2018-01-12 16:55:54 #5 type] 
Type domain.Event is not enhanced.

[2018-01-12 16:55:54 #6 type.registry] 
New type java.util.Vector<domain.Query>

[2018-01-12 16:55:54 #7 type.registry] 
New type java.util.Vector<java.lang.Object>

------------------------------------------------------------------------------------------------------------------------

[2018-01-12 16:56:13 #1 store] 
Database '/Volumes/Macintosh HD 2/Documents/Dropbox/workspace/Bets/bets.temp' is opened by 7735@iMac-de-Jon-2.local

[2018-01-12 16:56:13 #2 type.registry] 
New type domain.Query

[2018-01-12 16:56:13 #3 type] 
Type domain.Query is not enhanced.

[2018-01-12 16:56:13 #4 type.registry] 
New type domain.Event

[2018-01-12 16:56:13 #5 type] 
Type domain.Event is not enhanced.

[2018-01-12 16:56:13 #6 type.registry] 
New type java.util.Vector<domain.Query>

[2018-01-12 16:56:13 #7 type.registry] 
New type java.util.Vector<java.lang.Object>

------------------------------------------------------------------------------------------------------------------------

[2018-01-12 16:56:32 #1 store] 
Database '/Volumes/Macintosh HD 2/Documents/Dropbox/workspace/Bets/bets.temp' is opened by 7741@iMac-de-Jon-2.local

[2018-01-12 16:56:32 #2 type.registry] 
New type domain.Query

[2018-01-12 16:56:32 #3 type] 
Type domain.Query is not enhanced.

[2018-01-12 16:56:32 #4 type.registry] 
New type domain.Event

[2018-01-12 16:56:32 #5 type] 
Type domain.Event is not enhanced.

[2018-01-12 16:56:32 #6 type.registry] 
New type java.util.Vector<domain.Query>

[2018-01-12 16:56:32 #7 type.registry] 
New type java.util.Vector<java.lang.Object>

------------------------------------------------------------------------------------------------------------------------

[2018-01-12 16:56:49 #1 store] 
Database '/Volumes/Macintosh HD 2/Documents/Dropbox/workspace/Bets/bets.temp' is opened by 7746@iMac-de-Jon-2.local

[2018-01-12 16:56:49 #2 type.registry] 
New type domain.Query

[2018-01-12 16:56:49 #3 type] 
Type domain.Query is not enhanced.

[2018-01-12 16:56:49 #4 type.registry] 
New type domain.Event

[2018-01-12 16:56:49 #5 type] 
Type domain.Event is not enhanced.

[2018-01-12 16:56:49 #6 type.registry] 
New type java.util.Vector<domain.Query>

[2018-01-12 16:56:49 #7 type.registry] 
New type java.util.Vector<java.lang.Object>

------------------------------------------------------------------------------------------------------------------------

[2018-01-12 16:57:04 #1 store] 
Database '/Volumes/Macintosh HD 2/Documents/Dropbox/workspace/Bets/bets.temp' is opened by 7752@iMac-de-Jon-2.local

[2018-01-12 16:57:04 #2 type.registry] 
New type domain.Query

[2018-01-12 16:57:04 #3 type] 
Type domain.Query is not enhanced.

[2018-01-12 16:57:04 #4 type.registry] 
New type domain.Event

[2018-01-12 16:57:04 #5 type] 
Type domain.Event is not enhanced.

[2018-01-12 16:57:04 #6 type.registry] 
New type java.util.Vector<domain.Query>

[2018-01-12 16:57:04 #7 type.registry] 
New type java.util.Vector<java.lang.Object>

------------------------------------------------------------------------------------------------------------------------

[2018-01-12 16:57:20 #1 store] 
Database '/Volumes/Macintosh HD 2/Documents/Dropbox/workspace/Bets/bets.temp' is opened by 7757@iMac-de-Jon-2.local

[2018-01-12 16:57:20 #2 type.registry] 
New type domain.Query

[2018-01-12 16:57:20 #3 type] 
Type domain.Query is not enhanced.

[2018-01-12 16:57:20 #4 type.registry] 
New type domain.Event

[2018-01-12 16:57:20 #5 type] 
Type domain.Event is not enhanced.

[2018-01-12 16:57:20 #6 type.registry] 
New type java.util.Vector<domain.Query>

[2018-01-12 16:57:20 #7 type.registry] 
New type java.util.Vector<java.lang.Object>

------------------------------------------------------------------------------------------------------------------------

[2018-01-12 16:57:37 #1 store] 
Database '/Volumes/Macintosh HD 2/Documents/Dropbox/workspace/Bets/bets.temp' is opened by 7764@iMac-de-Jon-2.local

[2018-01-12 16:57:37 #2 type.registry] 
New type domain.Query

[2018-01-12 16:57:37 #3 type] 
Type domain.Query is not enhanced.

[2018-01-12 16:57:37 #4 type.registry] 
New type domain.Event

[2018-01-12 16:57:37 #5 type] 
Type domain.Event is not enhanced.

[2018-01-12 16:57:37 #6 type.registry] 
New type java.util.Vector<domain.Query>

[2018-01-12 16:57:37 #7 type.registry] 
New type java.util.Vector<java.lang.Object>

------------------------------------------------------------------------------------------------------------------------

[2018-01-12 16:57:52 #1 store] 
Database '/Volumes/Macintosh HD 2/Documents/Dropbox/workspace/Bets/bets.temp' is opened by 7770@iMac-de-Jon-2.local

[2018-01-12 16:57:53 #2 type.registry] 
New type domain.Query

[2018-01-12 16:57:53 #3 type] 
Type domain.Query is not enhanced.

[2018-01-12 16:57:53 #4 type.registry] 
New type domain.Event

[2018-01-12 16:57:53 #5 type] 
Type domain.Event is not enhanced.

[2018-01-12 16:57:53 #6 type.registry] 
New type java.util.Vector<domain.Query>

[2018-01-12 16:57:53 #7 type.registry] 
New type java.util.Vector<java.lang.Object>

------------------------------------------------------------------------------------------------------------------------

[2018-01-12 16:58:09 #1 store] 
Database '/Volumes/Macintosh HD 2/Documents/Dropbox/workspace/Bets/bets.temp' is opened by 7775@iMac-de-Jon-2.local

[2018-01-12 16:58:09 #2 type.registry] 
New type domain.Query

[2018-01-12 16:58:09 #3 type] 
Type domain.Query is not enhanced.

[2018-01-12 16:58:09 #4 type.registry] 
New type domain.Event

[2018-01-12 16:58:09 #5 type] 
Type domain.Event is not enhanced.

[2018-01-12 16:58:09 #6 type.registry] 
New type java.util.Vector<domain.Query>

[2018-01-12 16:58:09 #7 type.registry] 
New type java.util.Vector<java.lang.Object>

------------------------------------------------------------------------------------------------------------------------

[2018-01-12 16:58:24 #1 store] 
Database '/Volumes/Macintosh HD 2/Documents/Dropbox/workspace/Bets/bets.temp' is opened by 7781@iMac-de-Jon-2.local

[2018-01-12 16:58:24 #2 type.registry] 
New type domain.Query

[2018-01-12 16:58:24 #3 type] 
Type domain.Query is not enhanced.

[2018-01-12 16:58:24 #4 type.registry] 
New type domain.Event

[2018-01-12 16:58:24 #5 type] 
Type domain.Event is not enhanced.

[2018-01-12 16:58:24 #6 type.registry] 
New type java.util.Vector<domain.Query>

[2018-01-12 16:58:24 #7 type.registry] 
New type java.util.Vector<java.lang.Object>

------------------------------------------------------------------------------------------------------------------------

[2018-01-12 16:58:40 #1 store] 
Database '/Volumes/Macintosh HD 2/Documents/Dropbox/workspace/Bets/bets.temp' is opened by 7789@iMac-de-Jon-2.local

[2018-01-12 16:58:40 #2 type.registry] 
New type domain.Query

[2018-01-12 16:58:40 #3 type] 
Type domain.Query is not enhanced.

[2018-01-12 16:58:40 #4 type.registry] 
New type domain.Event

[2018-01-12 16:58:40 #5 type] 
Type domain.Event is not enhanced.

[2018-01-12 16:58:40 #6 type.registry] 
New type java.util.Vector<domain.Query>

[2018-01-12 16:58:40 #7 type.registry] 
New type java.util.Vector<java.lang.Object>

------------------------------------------------------------------------------------------------------------------------

[2018-01-12 16:59:03 #1 store] 
Database '/Volumes/Macintosh HD 2/Documents/Dropbox/workspace/Bets/bets.temp' is opened by 7797@iMac-de-Jon-2.local

[2018-01-12 16:59:03 #2 type.registry] 
New type domain.Query

[2018-01-12 16:59:03 #3 type] 
Type domain.Query is not enhanced.

[2018-01-12 16:59:03 #4 type.registry] 
New type domain.Event

[2018-01-12 16:59:03 #5 type] 
Type domain.Event is not enhanced.

[2018-01-12 16:59:03 #6 type.registry] 
New type java.util.Vector<domain.Query>

[2018-01-12 16:59:03 #7 type.registry] 
New type java.util.Vector<java.lang.Object>

------------------------------------------------------------------------------------------------------------------------

[2018-01-12 16:59:55 #1 store] 
Database '/Volumes/Macintosh HD 2/Documents/Dropbox/workspace/Bets/bets.temp' is opened by 7811@iMac-de-Jon-2.local

[2018-01-12 16:59:55 #2 type.registry] 
New type domain.Query

[2018-01-12 16:59:55 #3 type] 
Type domain.Query is not enhanced.

[2018-01-12 16:59:55 #4 type.registry] 
New type domain.Event

[2018-01-12 16:59:55 #5 type] 
Type domain.Event is not enhanced.

[2018-01-12 16:59:55 #6 type.registry] 
New type java.util.Vector<domain.Query>

[2018-01-12 16:59:55 #7 type.registry] 
New type java.util.Vector<java.lang.Object>

------------------------------------------------------------------------------------------------------------------------

[2018-01-12 17:02:11 #1 store] 
Database '/Volumes/Macintosh HD 2/Documents/Dropbox/workspace/Bets/bets.temp' is opened by 7872@iMac-de-Jon-2.local

[2018-01-12 17:02:11 #2 type.registry] 
New type domain.Query

[2018-01-12 17:02:11 #3 type] 
Type domain.Query is not enhanced.

[2018-01-12 17:02:11 #4 type.registry] 
New type domain.Event

[2018-01-12 17:02:11 #5 type] 
Type domain.Event is not enhanced.

[2018-01-12 17:02:11 #6 type.registry] 
New type java.util.Vector<domain.Query>

[2018-01-12 17:02:11 #7 type.registry] 
New type java.util.Vector<java.lang.Object>

------------------------------------------------------------------------------------------------------------------------

[2018-01-12 17:03:12 #1 store] 
Database '/Volumes/Macintosh HD 2/Documents/Dropbox/workspace/Bets/bets.temp' is opened by 7888@iMac-de-Jon-2.local

[2018-01-12 17:03:12 #2 type.registry] 
New type domain.Query

[2018-01-12 17:03:12 #3 type] 
Type domain.Query is not enhanced.

[2018-01-12 17:03:12 #4 type.registry] 
New type domain.Event

[2018-01-12 17:03:12 #5 type] 
Type domain.Event is not enhanced.

[2018-01-12 17:03:12 #6 type.registry] 
New type java.util.Vector<domain.Query>

[2018-01-12 17:03:12 #7 type.registry] 
New type java.util.Vector<java.lang.Object>

------------------------------------------------------------------------------------------------------------------------

[2018-01-12 17:05:09 #1 store] 
Database '/Volumes/Macintosh HD 2/Documents/Dropbox/workspace/Bets/bets.temp' is opened by 7918@iMac-de-Jon-2.local

[2018-01-12 17:05:09 #2 type.registry] 
New type domain.Query

[2018-01-12 17:05:09 #3 type] 
Type domain.Query is not enhanced.

[2018-01-12 17:05:09 #4 type.registry] 
New type domain.Event

[2018-01-12 17:05:09 #5 type] 
Type domain.Event is not enhanced.

[2018-01-12 17:05:09 #6 type.registry] 
New type java.util.Vector<domain.Query>

[2018-01-12 17:05:09 #7 type.registry] 
New type java.util.Vector<java.lang.Object>

------------------------------------------------------------------------------------------------------------------------

[2018-01-12 17:08:55 #1 store] 
Database '/Volumes/Macintosh HD 2/Documents/Dropbox/workspace/Bets/bets.temp' is opened by 7978@iMac-de-Jon-2.local

[2018-01-12 17:08:55 #2 type.registry] 
New type domain.Query

[2018-01-12 17:08:55 #3 type] 
Type domain.Query is not enhanced.

[2018-01-12 17:08:55 #4 type.registry] 
New type domain.Event

[2018-01-12 17:08:55 #5 type] 
Type domain.Event is not enhanced.

[2018-01-12 17:08:55 #6 type.registry] 
New type java.util.Vector<domain.Query>

[2018-01-12 17:08:55 #7 type.registry] 
New type java.util.Vector<java.lang.Object>

------------------------------------------------------------------------------------------------------------------------

[2018-01-12 17:09:25 #1 store] 
Database '/Volumes/Macintosh HD 2/Documents/Dropbox/workspace/Bets/bets.temp' is opened by 7988@iMac-de-Jon-2.local

[2018-01-12 17:09:26 #2 type.registry] 
New type domain.Query

[2018-01-12 17:09:26 #3 type] 
Type domain.Query is not enhanced.

[2018-01-12 17:09:26 #4 type.registry] 
New type domain.Event

[2018-01-12 17:09:26 #5 type] 
Type domain.Event is not enhanced.

[2018-01-12 17:09:26 #6 type.registry] 
New type java.util.Vector<domain.Query>

[2018-01-12 17:09:26 #7 type.registry] 
New type java.util.Vector<java.lang.Object>

------------------------------------------------------------------------------------------------------------------------

[2018-01-12 17:09:41 #1 store] 
Database '/Volumes/Macintosh HD 2/Documents/Dropbox/workspace/Bets/bets.temp' is opened by 7993@iMac-de-Jon-2.local

[2018-01-12 17:09:41 #2 type.registry] 
New type domain.Query

[2018-01-12 17:09:41 #3 type] 
Type domain.Query is not enhanced.

[2018-01-12 17:09:41 #4 type.registry] 
New type domain.Event

[2018-01-12 17:09:41 #5 type] 
Type domain.Event is not enhanced.

[2018-01-12 17:09:41 #6 type.registry] 
New type java.util.Vector<domain.Query>

[2018-01-12 17:09:41 #7 type.registry] 
New type java.util.Vector<java.lang.Object>

------------------------------------------------------------------------------------------------------------------------

[2018-01-12 17:18:27 #1 store] 
Database '/Volumes/Macintosh HD 2/Documents/Dropbox/workspace/Bets/bets.temp' is opened by 8122@iMac-de-Jon-2.local

[2018-01-12 17:18:27 #2 type.registry] 
New type domain.Query

[2018-01-12 17:18:27 #3 type] 
Type domain.Query is not enhanced.

[2018-01-12 17:18:27 #4 type.registry] 
New type domain.Event

[2018-01-12 17:18:27 #5 type] 
Type domain.Event is not enhanced.

[2018-01-12 17:18:27 #6 type.registry] 
New type java.util.Vector<domain.Query>

[2018-01-12 17:18:27 #7 type.registry] 
New type java.util.Vector<java.lang.Object>

------------------------------------------------------------------------------------------------------------------------

[2018-01-12 17:24:45 #1 store] 
Database '/Volumes/Macintosh HD 2/Documents/Dropbox/workspace/Bets/bets.temp' is opened by 8217@iMac-de-Jon-2.local

[2018-01-12 17:24:45 #2 type.registry] 
New type domain.Query

[2018-01-12 17:24:45 #3 type] 
Type domain.Query is not enhanced.

[2018-01-12 17:24:45 #4 type.registry] 
New type domain.Event

[2018-01-12 17:24:45 #5 type] 
Type domain.Event is not enhanced.

[2018-01-12 17:24:45 #6 type.registry] 
New type java.util.Vector<domain.Query>

[2018-01-12 17:24:45 #7 type.registry] 
New type java.util.Vector<java.lang.Object>

------------------------------------------------------------------------------------------------------------------------

[2018-01-12 17:27:38 #1 store] 
Database '/Volumes/Macintosh HD 2/Documents/Dropbox/workspace/Bets/bets.temp' is opened by 8260@iMac-de-Jon-2.local

[2018-01-12 17:27:38 #2 type.registry] 
New type domain.Query

[2018-01-12 17:27:38 #3 type] 
Type domain.Query is not enhanced.

[2018-01-12 17:27:38 #4 type.registry] 
New type domain.Event

[2018-01-12 17:27:38 #5 type] 
Type domain.Event is not enhanced.

[2018-01-12 17:27:38 #6 type.registry] 
New type java.util.Vector<domain.Query>

[2018-01-12 17:27:38 #7 type.registry] 
New type java.util.Vector<java.lang.Object>

------------------------------------------------------------------------------------------------------------------------

[2018-01-12 17:30:42 #1 store] 
Database '/Volumes/Macintosh HD 2/Documents/Dropbox/workspace/Bets/bets.temp' is opened by 8309@iMac-de-Jon-2.local

[2018-01-12 17:30:43 #2 type.registry] 
New type domain.Query

[2018-01-12 17:30:43 #3 type] 
Type domain.Query is not enhanced.

[2018-01-12 17:30:43 #4 type.registry] 
New type domain.Event

[2018-01-12 17:30:43 #5 type] 
Type domain.Event is not enhanced.

[2018-01-12 17:30:43 #6 type.registry] 
New type java.util.Vector<domain.Query>

[2018-01-12 17:30:43 #7 type.registry] 
New type java.util.Vector<java.lang.Object>

------------------------------------------------------------------------------------------------------------------------

[2018-01-12 17:37:27 #1 store] 
Database '/Volumes/Macintosh HD 2/Documents/Dropbox/workspace/Bets/bets.temp' is opened by 8411@iMac-de-Jon-2.local

[2018-01-12 17:37:27 #2 type.registry] 
New type domain.Query

[2018-01-12 17:37:27 #3 type] 
Type domain.Query is not enhanced.

[2018-01-12 17:37:27 #4 type.registry] 
New type domain.Event

[2018-01-12 17:37:27 #5 type] 
Type domain.Event is not enhanced.

[2018-01-12 17:37:27 #6 type.registry] 
New type java.util.Vector<domain.Query>

[2018-01-12 17:37:27 #7 type.registry] 
New type java.util.Vector<java.lang.Object>

------------------------------------------------------------------------------------------------------------------------

[2018-01-12 17:42:30 #1 store] 
Database '/Volumes/Macintosh HD 2/Documents/Dropbox/workspace/Bets/bets.temp' is opened by 8489@iMac-de-Jon-2.local

[2018-01-12 17:42:30 #2 type.registry] 
New type domain.Query

[2018-01-12 17:42:30 #3 type] 
Type domain.Query is not enhanced.

[2018-01-12 17:42:30 #4 type.registry] 
New type domain.Event

[2018-01-12 17:42:30 #5 type] 
Type domain.Event is not enhanced.

[2018-01-12 17:42:30 #6 type.registry] 
New type java.util.Vector<domain.Query>

[2018-01-12 17:42:30 #7 type.registry] 
New type java.util.Vector<java.lang.Object>

------------------------------------------------------------------------------------------------------------------------

[2018-01-12 17:49:10 #1 store] 
Database '/Volumes/Macintosh HD 2/Documents/Dropbox/workspace/Bets/bets.temp' is opened by 8592@iMac-de-Jon-2.local

[2018-01-12 17:49:11 #2 type.registry] 
New type domain.Query

[2018-01-12 17:49:11 #3 type] 
Type domain.Query is not enhanced.

[2018-01-12 17:49:11 #4 type.registry] 
New type domain.Event

[2018-01-12 17:49:11 #5 type] 
Type domain.Event is not enhanced.

[2018-01-12 17:49:11 #6 type.registry] 
New type java.util.Vector<domain.Query>

[2018-01-12 17:49:11 #7 type.registry] 
New type java.util.Vector<java.lang.Object>

------------------------------------------------------------------------------------------------------------------------

[2018-01-12 17:50:42 #1 store] 
Database '/Volumes/Macintosh HD 2/Documents/Dropbox/workspace/Bets/bets.temp' is opened by 8623@iMac-de-Jon-2.local

[2018-01-12 17:50:42 #2 type.registry] 
New type domain.Query

[2018-01-12 17:50:42 #3 type] 
Type domain.Query is not enhanced.

[2018-01-12 17:50:42 #4 type.registry] 
New type domain.Event

[2018-01-12 17:50:42 #5 type] 
Type domain.Event is not enhanced.

[2018-01-12 17:50:42 #6 type.registry] 
New type java.util.Vector<domain.Query>

[2018-01-12 17:50:42 #7 type.registry] 
New type java.util.Vector<java.lang.Object>

------------------------------------------------------------------------------------------------------------------------

[2018-01-12 17:58:25 #1 store] 
Database '/Volumes/Macintosh HD 2/Documents/Dropbox/workspace/Bets/bets.temp' is opened by 8746@iMac-de-Jon-2.local

[2018-01-12 17:58:26 #2 type.registry] 
New type domain.Query

[2018-01-12 17:58:26 #3 type] 
Type domain.Query is not enhanced.

[2018-01-12 17:58:26 #4 type.registry] 
New type domain.Event

[2018-01-12 17:58:26 #5 type] 
Type domain.Event is not enhanced.

[2018-01-12 17:58:26 #6 type.registry] 
New type java.util.Vector<domain.Query>

[2018-01-12 17:58:26 #7 type.registry] 
New type java.util.Vector<java.lang.Object>

