------------------------------------------------------------------------------------------------------------------------

[2018-01-14 17:14:24 #1 store] 
Database '/Volumes/Macintosh HD 2/Documents/Dropbox/workspace/Bets/bets.temp' is opened by 602@iMac-de-Jon-2.local

[2018-01-14 17:14:25 #2 type.registry] 
New type domain.Query

[2018-01-14 17:14:25 #3 type] 
Type domain.Query is not enhanced.

[2018-01-14 17:14:25 #4 type.registry] 
New type domain.Event

[2018-01-14 17:14:25 #5 type] 
Type domain.Event is not enhanced.

[2018-01-14 17:14:25 #6 type.registry] 
New type java.util.Vector<domain.Query>

[2018-01-14 17:14:25 #7 type.registry] 
New type java.util.Vector<java.lang.Object>

------------------------------------------------------------------------------------------------------------------------

[2018-01-14 17:15:37 #1 store] 
Database '/Volumes/Macintosh HD 2/Documents/Dropbox/workspace/Bets/bets.temp' is opened by 923@iMac-de-Jon-2.local

[2018-01-14 17:15:37 #2 type.registry] 
New type domain.Query

[2018-01-14 17:15:37 #3 type] 
Type domain.Query is not enhanced.

[2018-01-14 17:15:37 #4 type.registry] 
New type domain.Event

[2018-01-14 17:15:37 #5 type] 
Type domain.Event is not enhanced.

[2018-01-14 17:15:37 #6 type.registry] 
New type java.util.Vector<domain.Query>

[2018-01-14 17:15:37 #7 type.registry] 
New type java.util.Vector<java.lang.Object>

------------------------------------------------------------------------------------------------------------------------

[2018-01-14 17:17:56 #1 store] 
Database '/Volumes/Macintosh HD 2/Documents/Dropbox/workspace/Bets/bets.temp' is opened by 966@iMac-de-Jon-2.local

[2018-01-14 17:17:56 #2 type.registry] 
New type domain.Query

[2018-01-14 17:17:56 #3 type] 
Type domain.Query is not enhanced.

[2018-01-14 17:17:56 #4 type.registry] 
New type domain.Event

[2018-01-14 17:17:56 #5 type] 
Type domain.Event is not enhanced.

[2018-01-14 17:17:56 #6 type.registry] 
New type java.util.Vector<domain.Query>

[2018-01-14 17:17:56 #7 type.registry] 
New type java.util.Vector<java.lang.Object>

------------------------------------------------------------------------------------------------------------------------

[2018-01-14 17:18:42 #1 store] 
Database '/Volumes/Macintosh HD 2/Documents/Dropbox/workspace/Bets/bets.temp' is opened by 979@iMac-de-Jon-2.local

[2018-01-14 17:18:43 #2 type.registry] 
New type domain.Query

[2018-01-14 17:18:43 #3 type] 
Type domain.Query is not enhanced.

[2018-01-14 17:18:43 #4 type.registry] 
New type domain.Event

[2018-01-14 17:18:43 #5 type] 
Type domain.Event is not enhanced.

[2018-01-14 17:18:43 #6 type.registry] 
New type java.util.Vector<domain.Query>

[2018-01-14 17:18:43 #7 type.registry] 
New type java.util.Vector<java.lang.Object>

------------------------------------------------------------------------------------------------------------------------

[2018-01-14 17:19:23 #1 store] 
Database '/Volumes/Macintosh HD 2/Documents/Dropbox/workspace/Bets/bets.temp' is opened by 991@iMac-de-Jon-2.local

[2018-01-14 17:19:23 #2 type.registry] 
New type domain.Query

[2018-01-14 17:19:23 #3 type] 
Type domain.Query is not enhanced.

[2018-01-14 17:19:23 #4 type.registry] 
New type domain.Event

[2018-01-14 17:19:23 #5 type] 
Type domain.Event is not enhanced.

[2018-01-14 17:19:23 #6 type.registry] 
New type java.util.Vector<domain.Query>

[2018-01-14 17:19:23 #7 type.registry] 
New type java.util.Vector<java.lang.Object>

------------------------------------------------------------------------------------------------------------------------

[2018-01-14 17:19:41 #1 store] 
Database '/Volumes/Macintosh HD 2/Documents/Dropbox/workspace/Bets/bets.temp' is opened by 998@iMac-de-Jon-2.local

[2018-01-14 17:19:41 #2 type.registry] 
New type domain.Query

[2018-01-14 17:19:41 #3 type] 
Type domain.Query is not enhanced.

[2018-01-14 17:19:41 #4 type.registry] 
New type domain.Event

[2018-01-14 17:19:41 #5 type] 
Type domain.Event is not enhanced.

[2018-01-14 17:19:41 #6 type.registry] 
New type java.util.Vector<domain.Query>

[2018-01-14 17:19:41 #7 type.registry] 
New type java.util.Vector<java.lang.Object>

------------------------------------------------------------------------------------------------------------------------

[2018-01-14 17:23:05 #1 store] 
Database '/Volumes/Macintosh HD 2/Documents/Dropbox/workspace/Bets/bets.temp' is opened by 1051@iMac-de-Jon-2.local

[2018-01-14 17:23:05 #2 type.registry] 
New type domain.Query

[2018-01-14 17:23:05 #3 type] 
Type domain.Query is not enhanced.

[2018-01-14 17:23:05 #4 type.registry] 
New type domain.Event

[2018-01-14 17:23:05 #5 type] 
Type domain.Event is not enhanced.

[2018-01-14 17:23:05 #6 type.registry] 
New type java.util.Vector<domain.Query>

[2018-01-14 17:23:05 #7 type.registry] 
New type java.util.Vector<java.lang.Object>

------------------------------------------------------------------------------------------------------------------------

[2018-01-14 17:27:17 #1 store] 
Database '/Volumes/Macintosh HD 2/Documents/Dropbox/workspace/Bets/bets.temp' is opened by 1136@iMac-de-Jon-2.local

[2018-01-14 17:27:17 #2 type.registry] 
New type domain.Query

[2018-01-14 17:27:17 #3 type] 
Type domain.Query is not enhanced.

[2018-01-14 17:27:17 #4 type.registry] 
New type domain.Event

[2018-01-14 17:27:17 #5 type] 
Type domain.Event is not enhanced.

[2018-01-14 17:27:17 #6 type.registry] 
New type java.util.Vector<domain.Query>

[2018-01-14 17:27:17 #7 type.registry] 
New type java.util.Vector<java.lang.Object>

------------------------------------------------------------------------------------------------------------------------

[2018-01-14 17:32:37 #1 store] 
Database '/Volumes/Macintosh HD 2/Documents/Dropbox/workspace/Bets/bets.temp' is opened by 1223@iMac-de-Jon-2.local

[2018-01-14 17:32:38 #2 type.registry] 
New type domain.Query

[2018-01-14 17:32:38 #3 type] 
Type domain.Query is not enhanced.

[2018-01-14 17:32:38 #4 type.registry] 
New type domain.Event

[2018-01-14 17:32:38 #5 type] 
Type domain.Event is not enhanced.

[2018-01-14 17:32:38 #6 type.registry] 
New type java.util.Vector<domain.Query>

[2018-01-14 17:32:38 #7 type.registry] 
New type java.util.Vector<java.lang.Object>

------------------------------------------------------------------------------------------------------------------------

[2018-01-14 17:39:36 #1 store] 
Database '/Volumes/Macintosh HD 2/Documents/Dropbox/workspace/Bets/bets.temp' is opened by 1389@iMac-de-Jon-2.local

[2018-01-14 17:39:36 #2 type.registry] 
New type domain.Query

[2018-01-14 17:39:36 #3 type] 
Type domain.Query is not enhanced.

[2018-01-14 17:39:36 #4 type.registry] 
New type domain.Event

[2018-01-14 17:39:36 #5 type] 
Type domain.Event is not enhanced.

[2018-01-14 17:39:36 #6 type.registry] 
New type java.util.Vector<domain.Query>

[2018-01-14 17:39:36 #7 type.registry] 
New type java.util.Vector<java.lang.Object>

