------------------------------------------------------------------------------------------------------------------------

[2019-05-16 17:40:40 #1 store] 
Database 'C:\Users\Markel Cortazar\BetAndRuin\resources\db\FloatingSoftwareDB.odb' has been recovered (tr. 3656-3661)

[2019-05-16 17:40:40 #2 store] 
Database 'C:\Users\Markel Cortazar\BetAndRuin\resources\db\FloatingSoftwareDB.odb' is opened by 7544@LAPTOP-SQEI36S9

[2019-05-16 17:40:40 #3 type] 
Type domainV2.User is not enhanced.

[2019-05-16 17:40:40 #4 type] 
Type domainV2.Transaction is not enhanced.

[2019-05-16 17:40:40 #5 type] 
Type domainV2.event.Event is not enhanced.

[2019-05-16 17:40:40 #6 type] 
Type domainV2.question.Question is not enhanced.

[2019-05-16 17:40:40 #7 type] 
Type domainV2.util.Translation is not enhanced.

[2019-05-16 17:40:40 #8 type] 
Type domainV2.bet.BetSuperClass is not enhanced.

[2019-05-16 17:40:40 #9 type] 
Type domainV2.event.EventStats is not enhanced.

[2019-05-16 17:40:40 #10 type] 
Type domainV2.bet.Bet is not enhanced.

[2019-05-16 17:40:40 #11 type] 
Type domainV2.event.TemporalStats is not enhanced.

[2019-05-16 17:40:40 #12 type] 
Type domainV2.News is not enhanced.

------------------------------------------------------------------------------------------------------------------------

[2019-05-16 17:41:43 #1 store] 
Database 'C:\Users\Markel Cortazar\BetAndRuin\resources\db\FloatingSoftwareDB.odb' has been recovered (tr. 3662-3668)

[2019-05-16 17:41:43 #2 store] 
Database 'C:\Users\Markel Cortazar\BetAndRuin\resources\db\FloatingSoftwareDB.odb' is opened by 2040@LAPTOP-SQEI36S9

[2019-05-16 17:41:43 #3 type] 
Type domainV2.User is not enhanced.

[2019-05-16 17:41:43 #4 type] 
Type domainV2.Transaction is not enhanced.

[2019-05-16 17:41:43 #5 type] 
Type domainV2.event.Event is not enhanced.

[2019-05-16 17:41:43 #6 type] 
Type domainV2.question.Question is not enhanced.

[2019-05-16 17:41:43 #7 type] 
Type domainV2.util.Translation is not enhanced.

[2019-05-16 17:41:43 #8 type] 
Type domainV2.bet.BetSuperClass is not enhanced.

[2019-05-16 17:41:43 #9 type] 
Type domainV2.event.EventStats is not enhanced.

[2019-05-16 17:41:43 #10 type] 
Type domainV2.bet.Bet is not enhanced.

[2019-05-16 17:41:43 #11 type] 
Type domainV2.event.TemporalStats is not enhanced.

[2019-05-16 17:41:43 #12 type] 
Type domainV2.News is not enhanced.

------------------------------------------------------------------------------------------------------------------------

[2019-05-16 17:42:30 #1 store] 
Database 'C:\Users\Markel Cortazar\BetAndRuin\resources\db\FloatingSoftwareDB.odb' has been recovered (tr. 3669-3669)

[2019-05-16 17:42:30 #2 store] 
Database 'C:\Users\Markel Cortazar\BetAndRuin\resources\db\FloatingSoftwareDB.odb' is opened by 13076@LAPTOP-SQEI36S9

[2019-05-16 17:42:30 #3 type] 
Type domainV2.User is not enhanced.

[2019-05-16 17:42:30 #4 type] 
Type domainV2.Transaction is not enhanced.

[2019-05-16 17:42:30 #5 type] 
Type domainV2.event.Event is not enhanced.

[2019-05-16 17:42:30 #6 type] 
Type domainV2.question.Question is not enhanced.

[2019-05-16 17:42:30 #7 type] 
Type domainV2.util.Translation is not enhanced.

[2019-05-16 17:42:30 #8 type] 
Type domainV2.bet.BetSuperClass is not enhanced.

[2019-05-16 17:42:30 #9 type] 
Type domainV2.event.EventStats is not enhanced.

[2019-05-16 17:42:30 #10 type] 
Type domainV2.bet.Bet is not enhanced.

[2019-05-16 17:42:30 #11 type] 
Type domainV2.event.TemporalStats is not enhanced.

[2019-05-16 17:42:30 #12 type] 
Type domainV2.News is not enhanced.

------------------------------------------------------------------------------------------------------------------------

[2019-05-16 17:43:20 #1 store] 
Database 'C:\Users\Markel Cortazar\BetAndRuin\resources\db\FloatingSoftwareDB.odb' has been recovered (tr. 3670-3670)

[2019-05-16 17:43:20 #2 store] 
Database 'C:\Users\Markel Cortazar\BetAndRuin\resources\db\FloatingSoftwareDB.odb' is opened by 1644@LAPTOP-SQEI36S9

[2019-05-16 17:43:20 #3 type] 
Type domainV2.User is not enhanced.

[2019-05-16 17:43:20 #4 type] 
Type domainV2.Transaction is not enhanced.

[2019-05-16 17:43:20 #5 type] 
Type domainV2.event.Event is not enhanced.

[2019-05-16 17:43:20 #6 type] 
Type domainV2.question.Question is not enhanced.

[2019-05-16 17:43:20 #7 type] 
Type domainV2.util.Translation is not enhanced.

[2019-05-16 17:43:20 #8 type] 
Type domainV2.bet.BetSuperClass is not enhanced.

[2019-05-16 17:43:20 #9 type] 
Type domainV2.event.EventStats is not enhanced.

[2019-05-16 17:43:20 #10 type] 
Type domainV2.bet.Bet is not enhanced.

[2019-05-16 17:43:20 #11 type] 
Type domainV2.event.TemporalStats is not enhanced.

[2019-05-16 17:43:20 #12 type] 
Type domainV2.News is not enhanced.

------------------------------------------------------------------------------------------------------------------------

[2019-05-16 17:46:57 #1 store] 
Database 'C:\Users\Markel Cortazar\BetAndRuin\resources\db\FloatingSoftwareDB.odb' has been recovered (tr. 3671-3671)

[2019-05-16 17:46:57 #2 store] 
Database 'C:\Users\Markel Cortazar\BetAndRuin\resources\db\FloatingSoftwareDB.odb' is opened by 232@LAPTOP-SQEI36S9

[2019-05-16 17:46:57 #3 type] 
Type domainV2.User is not enhanced.

[2019-05-16 17:46:57 #4 type] 
Type domainV2.Transaction is not enhanced.

[2019-05-16 17:46:57 #5 type] 
Type domainV2.event.Event is not enhanced.

[2019-05-16 17:46:57 #6 type] 
Type domainV2.question.Question is not enhanced.

[2019-05-16 17:46:57 #7 type] 
Type domainV2.util.Translation is not enhanced.

[2019-05-16 17:46:57 #8 type] 
Type domainV2.bet.BetSuperClass is not enhanced.

[2019-05-16 17:46:57 #9 type] 
Type domainV2.event.EventStats is not enhanced.

[2019-05-16 17:46:57 #10 type] 
Type domainV2.bet.Bet is not enhanced.

[2019-05-16 17:46:57 #11 type] 
Type domainV2.event.TemporalStats is not enhanced.

[2019-05-16 17:46:57 #12 type] 
Type domainV2.News is not enhanced.

------------------------------------------------------------------------------------------------------------------------

[2019-05-16 17:47:28 #1 store] 
Database 'C:\Users\Markel Cortazar\BetAndRuin\resources\db\FloatingSoftwareDB.odb' has been recovered (tr. 3672-3672)

[2019-05-16 17:47:28 #2 store] 
Database 'C:\Users\Markel Cortazar\BetAndRuin\resources\db\FloatingSoftwareDB.odb' is opened by 14692@LAPTOP-SQEI36S9

[2019-05-16 17:47:28 #3 type] 
Type domainV2.User is not enhanced.

[2019-05-16 17:47:28 #4 type] 
Type domainV2.Transaction is not enhanced.

[2019-05-16 17:47:28 #5 type] 
Type domainV2.event.Event is not enhanced.

[2019-05-16 17:47:28 #6 type] 
Type domainV2.question.Question is not enhanced.

[2019-05-16 17:47:28 #7 type] 
Type domainV2.util.Translation is not enhanced.

[2019-05-16 17:47:28 #8 type] 
Type domainV2.bet.BetSuperClass is not enhanced.

[2019-05-16 17:47:28 #9 type] 
Type domainV2.event.EventStats is not enhanced.

[2019-05-16 17:47:28 #10 type] 
Type domainV2.bet.Bet is not enhanced.

[2019-05-16 17:47:28 #11 type] 
Type domainV2.event.TemporalStats is not enhanced.

[2019-05-16 17:47:28 #12 type] 
Type domainV2.News is not enhanced.

------------------------------------------------------------------------------------------------------------------------

[2019-05-16 17:48:31 #1 store] 
Database 'C:\Users\Markel Cortazar\BetAndRuin\resources\db\FloatingSoftwareDB.odb' has been recovered (tr. 3673-3673)

[2019-05-16 17:48:31 #2 store] 
Database 'C:\Users\Markel Cortazar\BetAndRuin\resources\db\FloatingSoftwareDB.odb' is opened by 4804@LAPTOP-SQEI36S9

[2019-05-16 17:48:31 #3 type] 
Type domainV2.User is not enhanced.

[2019-05-16 17:48:31 #4 type] 
Type domainV2.Transaction is not enhanced.

[2019-05-16 17:48:31 #5 type] 
Type domainV2.event.Event is not enhanced.

[2019-05-16 17:48:31 #6 type] 
Type domainV2.question.Question is not enhanced.

[2019-05-16 17:48:31 #7 type] 
Type domainV2.util.Translation is not enhanced.

[2019-05-16 17:48:31 #8 type] 
Type domainV2.bet.BetSuperClass is not enhanced.

[2019-05-16 17:48:31 #9 type] 
Type domainV2.event.EventStats is not enhanced.

[2019-05-16 17:48:31 #10 type] 
Type domainV2.bet.Bet is not enhanced.

[2019-05-16 17:48:31 #11 type] 
Type domainV2.event.TemporalStats is not enhanced.

[2019-05-16 17:48:31 #12 type] 
Type domainV2.News is not enhanced.

------------------------------------------------------------------------------------------------------------------------

[2019-05-16 01:12:48 #1 store] 
Database 'C:\Users\Carlos\Desktop\BetAndRuin_FloatSoft\resources\db\FloatingSoftwareDB.odb' is opened by 6528@DESKTOP-K71H3G5

[2019-05-16 01:12:48 #2 type] 
Type domainV2.User is not enhanced.

[2019-05-16 01:12:48 #3 type] 
Type domainV2.Transaction is not enhanced.

[2019-05-16 01:12:48 #4 type] 
Type domainV2.News is not enhanced.

[2019-05-16 01:12:48 #5 type] 
Type domainV2.event.TemporalStats is not enhanced.

[2019-05-16 01:12:48 #6 type] 
Type domainV2.event.Event is not enhanced.

[2019-05-16 01:12:48 #7 type] 
Type domainV2.question.Question is not enhanced.

[2019-05-16 01:12:48 #8 type] 
Type domainV2.util.Translation is not enhanced.

[2019-05-16 01:12:48 #9 type] 
Type domainV2.bet.BetSuperClass is not enhanced.

[2019-05-16 01:12:48 #10 type] 
Type domainV2.event.EventStats is not enhanced.

[2019-05-16 01:12:48 #11 type] 
Type domainV2.bet.Bet is not enhanced.

------------------------------------------------------------------------------------------------------------------------

[2019-05-16 01:15:28 #1 store] 
Database 'C:\Users\Carlos\Desktop\BetAndRuin_FloatSoft\resources\db\FloatingSoftwareDB.odb' is opened by 4448@DESKTOP-K71H3G5

[2019-05-16 01:15:28 #2 type] 
Type domainV2.User is not enhanced.

[2019-05-16 01:15:28 #3 type] 
Type domainV2.Transaction is not enhanced.

[2019-05-16 01:15:28 #4 type] 
Type domainV2.News is not enhanced.

[2019-05-16 01:15:28 #5 type] 
Type domainV2.event.TemporalStats is not enhanced.

[2019-05-16 01:15:28 #6 type] 
Type domainV2.event.Event is not enhanced.

[2019-05-16 01:15:28 #7 type] 
Type domainV2.question.Question is not enhanced.

[2019-05-16 01:15:28 #8 type] 
Type domainV2.util.Translation is not enhanced.

[2019-05-16 01:15:28 #9 type] 
Type domainV2.bet.BetSuperClass is not enhanced.

[2019-05-16 01:15:28 #10 type] 
Type domainV2.event.EventStats is not enhanced.

[2019-05-16 01:15:28 #11 type] 
Type domainV2.bet.Bet is not enhanced.

------------------------------------------------------------------------------------------------------------------------

[2019-05-16 01:15:32 #1 store] 
Database 'C:\Users\Carlos\Desktop\BetAndRuin_FloatSoft\resources\db\FloatingSoftwareDB.odb' is opened by 11428@DESKTOP-K71H3G5

[2019-05-16 01:15:33 #2 type] 
Type domainV2.User is not enhanced.

[2019-05-16 01:15:33 #3 type] 
Type domainV2.Transaction is not enhanced.

[2019-05-16 01:15:33 #4 type] 
Type domainV2.News is not enhanced.

[2019-05-16 01:15:33 #5 type] 
Type domainV2.event.TemporalStats is not enhanced.

[2019-05-16 01:15:33 #6 type] 
Type domainV2.event.Event is not enhanced.

[2019-05-16 01:15:33 #7 type] 
Type domainV2.question.Question is not enhanced.

[2019-05-16 01:15:33 #8 type] 
Type domainV2.util.Translation is not enhanced.

[2019-05-16 01:15:33 #9 type] 
Type domainV2.bet.BetSuperClass is not enhanced.

[2019-05-16 01:15:33 #10 type] 
Type domainV2.event.EventStats is not enhanced.

[2019-05-16 01:15:33 #11 type] 
Type domainV2.bet.Bet is not enhanced.

------------------------------------------------------------------------------------------------------------------------

[2019-05-16 01:18:48 #1 store] 
Database 'C:\Users\Carlos\Desktop\BetAndRuin_FloatSoft\resources\db\FloatingSoftwareDB.odb' is opened by 12488@DESKTOP-K71H3G5

[2019-05-16 01:18:48 #2 type] 
Type domainV2.User is not enhanced.

[2019-05-16 01:18:48 #3 type] 
Type domainV2.Transaction is not enhanced.

[2019-05-16 01:18:48 #4 type] 
Type domainV2.News is not enhanced.

[2019-05-16 01:18:48 #5 type] 
Type domainV2.event.TemporalStats is not enhanced.

[2019-05-16 01:18:48 #6 type] 
Type domainV2.event.Event is not enhanced.

[2019-05-16 01:18:48 #7 type] 
Type domainV2.question.Question is not enhanced.

[2019-05-16 01:18:48 #8 type] 
Type domainV2.util.Translation is not enhanced.

[2019-05-16 01:18:48 #9 type] 
Type domainV2.bet.BetSuperClass is not enhanced.

[2019-05-16 01:18:48 #10 type] 
Type domainV2.event.EventStats is not enhanced.

[2019-05-16 01:18:48 #11 type] 
Type domainV2.bet.Bet is not enhanced.

------------------------------------------------------------------------------------------------------------------------

[2019-05-16 01:19:00 #1 store] 
Database 'C:\Users\Carlos\Desktop\BetAndRuin_FloatSoft\resources\db\FloatingSoftwareDB.odb' has been recovered (tr. 69492-69492)

[2019-05-16 01:19:00 #2 store] 
Database 'C:\Users\Carlos\Desktop\BetAndRuin_FloatSoft\resources\db\FloatingSoftwareDB.odb' is opened by 2284@DESKTOP-K71H3G5

[2019-05-16 01:19:00 #3 type] 
Type domainV2.User is not enhanced.

[2019-05-16 01:19:00 #4 type] 
Type domainV2.Transaction is not enhanced.

[2019-05-16 01:19:00 #5 type] 
Type domainV2.News is not enhanced.

[2019-05-16 01:19:00 #6 type] 
Type domainV2.event.TemporalStats is not enhanced.

[2019-05-16 01:19:00 #7 type] 
Type domainV2.event.Event is not enhanced.

[2019-05-16 01:19:00 #8 type] 
Type domainV2.question.Question is not enhanced.

[2019-05-16 01:19:00 #9 type] 
Type domainV2.util.Translation is not enhanced.

[2019-05-16 01:19:00 #10 type] 
Type domainV2.bet.BetSuperClass is not enhanced.

[2019-05-16 01:19:00 #11 type] 
Type domainV2.event.EventStats is not enhanced.

[2019-05-16 01:19:00 #12 type] 
Type domainV2.bet.Bet is not enhanced.

------------------------------------------------------------------------------------------------------------------------

[2019-05-16 01:19:03 #1 store] 
Database 'C:\Users\Carlos\Desktop\BetAndRuin_FloatSoft\resources\db\FloatingSoftwareDB.odb' has been recovered (tr. 69493-69601)

[2019-05-16 01:19:03 #2 store] 
Database 'C:\Users\Carlos\Desktop\BetAndRuin_FloatSoft\resources\db\FloatingSoftwareDB.odb' is opened by 1392@DESKTOP-K71H3G5

[2019-05-16 01:19:03 #3 type] 
Type domainV2.User is not enhanced.

[2019-05-16 01:19:03 #4 type] 
Type domainV2.Transaction is not enhanced.

[2019-05-16 01:19:03 #5 type] 
Type domainV2.News is not enhanced.

[2019-05-16 01:19:03 #6 type] 
Type domainV2.event.TemporalStats is not enhanced.

[2019-05-16 01:19:03 #7 type] 
Type domainV2.event.Event is not enhanced.

[2019-05-16 01:19:03 #8 type] 
Type domainV2.question.Question is not enhanced.

[2019-05-16 01:19:03 #9 type] 
Type domainV2.util.Translation is not enhanced.

[2019-05-16 01:19:03 #10 type] 
Type domainV2.bet.BetSuperClass is not enhanced.

[2019-05-16 01:19:03 #11 type] 
Type domainV2.event.EventStats is not enhanced.

[2019-05-16 01:19:03 #12 type] 
Type domainV2.bet.Bet is not enhanced.

------------------------------------------------------------------------------------------------------------------------

[2019-05-16 01:20:11 #1 store] 
Database 'C:\Users\Carlos\Desktop\BetAndRuin_FloatSoft\resources\db\FloatingSoftwareDB.odb' has been recovered (tr. 69602-69602)

[2019-05-16 01:20:11 #2 store] 
Database 'C:\Users\Carlos\Desktop\BetAndRuin_FloatSoft\resources\db\FloatingSoftwareDB.odb' is opened by 11644@DESKTOP-K71H3G5

[2019-05-16 01:20:11 #3 type] 
Type domainV2.User is not enhanced.

[2019-05-16 01:20:11 #4 type] 
Type domainV2.Transaction is not enhanced.

[2019-05-16 01:20:11 #5 type] 
Type domainV2.News is not enhanced.

[2019-05-16 01:20:11 #6 type] 
Type domainV2.event.TemporalStats is not enhanced.

[2019-05-16 01:20:11 #7 type] 
Type domainV2.event.Event is not enhanced.

[2019-05-16 01:20:11 #8 type] 
Type domainV2.question.Question is not enhanced.

[2019-05-16 01:20:11 #9 type] 
Type domainV2.util.Translation is not enhanced.

[2019-05-16 01:20:11 #10 type] 
Type domainV2.bet.BetSuperClass is not enhanced.

[2019-05-16 01:20:11 #11 type] 
Type domainV2.event.EventStats is not enhanced.

[2019-05-16 01:20:11 #12 type] 
Type domainV2.bet.Bet is not enhanced.

------------------------------------------------------------------------------------------------------------------------

[2019-05-16 01:21:05 #1 store] 
Database 'C:\Users\Carlos\Desktop\BetAndRuin_FloatSoft\resources\db\FloatingSoftwareDB.odb' has been recovered (tr. 69603-69603)

[2019-05-16 01:21:05 #2 store] 
Database 'C:\Users\Carlos\Desktop\BetAndRuin_FloatSoft\resources\db\FloatingSoftwareDB.odb' is opened by 12664@DESKTOP-K71H3G5

[2019-05-16 01:21:05 #3 type] 
Type domainV2.User is not enhanced.

[2019-05-16 01:21:05 #4 type] 
Type domainV2.Transaction is not enhanced.

[2019-05-16 01:21:05 #5 type] 
Type domainV2.News is not enhanced.

[2019-05-16 01:21:05 #6 type] 
Type domainV2.event.TemporalStats is not enhanced.

[2019-05-16 01:21:05 #7 type] 
Type domainV2.event.Event is not enhanced.

[2019-05-16 01:21:05 #8 type] 
Type domainV2.question.Question is not enhanced.

[2019-05-16 01:21:05 #9 type] 
Type domainV2.util.Translation is not enhanced.

[2019-05-16 01:21:05 #10 type] 
Type domainV2.bet.BetSuperClass is not enhanced.

[2019-05-16 01:21:05 #11 type] 
Type domainV2.event.EventStats is not enhanced.

[2019-05-16 01:21:05 #12 type] 
Type domainV2.bet.Bet is not enhanced.

------------------------------------------------------------------------------------------------------------------------

[2019-05-16 01:21:33 #1 store] 
Database 'C:\Users\Carlos\Desktop\BetAndRuin_FloatSoft\resources\db\FloatingSoftwareDB.odb' has been recovered (tr. 69604-69604)

[2019-05-16 01:21:33 #2 store] 
Database 'C:\Users\Carlos\Desktop\BetAndRuin_FloatSoft\resources\db\FloatingSoftwareDB.odb' is opened by 7112@DESKTOP-K71H3G5

[2019-05-16 01:21:33 #3 type] 
Type domainV2.User is not enhanced.

[2019-05-16 01:21:33 #4 type] 
Type domainV2.Transaction is not enhanced.

[2019-05-16 01:21:33 #5 type] 
Type domainV2.News is not enhanced.

[2019-05-16 01:21:33 #6 type] 
Type domainV2.event.TemporalStats is not enhanced.

[2019-05-16 01:21:33 #7 type] 
Type domainV2.event.Event is not enhanced.

[2019-05-16 01:21:33 #8 type] 
Type domainV2.question.Question is not enhanced.

[2019-05-16 01:21:33 #9 type] 
Type domainV2.util.Translation is not enhanced.

[2019-05-16 01:21:33 #10 type] 
Type domainV2.bet.BetSuperClass is not enhanced.

[2019-05-16 01:21:33 #11 type] 
Type domainV2.event.EventStats is not enhanced.

[2019-05-16 01:21:33 #12 type] 
Type domainV2.bet.Bet is not enhanced.

------------------------------------------------------------------------------------------------------------------------

[2019-05-16 01:22:04 #1 store] 
Database 'C:\Users\Carlos\Desktop\BetAndRuin_FloatSoft\resources\db\FloatingSoftwareDB.odb' has been recovered (tr. 69605-69605)

[2019-05-16 01:22:04 #2 store] 
Database 'C:\Users\Carlos\Desktop\BetAndRuin_FloatSoft\resources\db\FloatingSoftwareDB.odb' is opened by 13012@DESKTOP-K71H3G5

[2019-05-16 01:22:04 #3 type] 
Type domainV2.User is not enhanced.

[2019-05-16 01:22:04 #4 type] 
Type domainV2.Transaction is not enhanced.

[2019-05-16 01:22:04 #5 type] 
Type domainV2.News is not enhanced.

[2019-05-16 01:22:04 #6 type] 
Type domainV2.event.TemporalStats is not enhanced.

[2019-05-16 01:22:04 #7 type] 
Type domainV2.event.Event is not enhanced.

[2019-05-16 01:22:04 #8 type] 
Type domainV2.question.Question is not enhanced.

[2019-05-16 01:22:04 #9 type] 
Type domainV2.util.Translation is not enhanced.

[2019-05-16 01:22:04 #10 type] 
Type domainV2.bet.BetSuperClass is not enhanced.

[2019-05-16 01:22:04 #11 type] 
Type domainV2.event.EventStats is not enhanced.

[2019-05-16 01:22:04 #12 type] 
Type domainV2.bet.Bet is not enhanced.

------------------------------------------------------------------------------------------------------------------------

[2019-05-16 01:23:44 #1 store] 
Database 'C:\Users\Carlos\Desktop\BetAndRuin_FloatSoft\resources\db\FloatingSoftwareDB.odb' is opened by 1556@DESKTOP-K71H3G5

[2019-05-16 01:23:44 #2 type] 
Type domainV2.User is not enhanced.

[2019-05-16 01:23:44 #3 type] 
Type domainV2.Transaction is not enhanced.

[2019-05-16 01:23:44 #4 type] 
Type domainV2.News is not enhanced.

[2019-05-16 01:23:44 #5 type] 
Type domainV2.event.TemporalStats is not enhanced.

[2019-05-16 01:23:44 #6 type] 
Type domainV2.event.Event is not enhanced.

[2019-05-16 01:23:44 #7 type] 
Type domainV2.question.Question is not enhanced.

[2019-05-16 01:23:44 #8 type] 
Type domainV2.util.Translation is not enhanced.

[2019-05-16 01:23:44 #9 type] 
Type domainV2.bet.BetSuperClass is not enhanced.

[2019-05-16 01:23:44 #10 type] 
Type domainV2.event.EventStats is not enhanced.

[2019-05-16 01:23:44 #11 type] 
Type domainV2.bet.Bet is not enhanced.

------------------------------------------------------------------------------------------------------------------------

[2019-05-16 06:24:30 #1 store] 
Database 'C:\Users\Carlos\Desktop\BetAndRuin_FloatSoft\resources\db\FloatingSoftwareDB.odb' has been recovered (tr. 69605-69605)

[2019-05-16 06:24:30 #2 store] 
Database 'C:\Users\Carlos\Desktop\BetAndRuin_FloatSoft\resources\db\FloatingSoftwareDB.odb' is opened by 6892@DESKTOP-K71H3G5

[2019-05-16 06:24:31 #3 type] 
Type domainV2.User is not enhanced.

[2019-05-16 06:24:31 #4 type] 
Type domainV2.Transaction is not enhanced.

[2019-05-16 06:24:31 #5 type] 
Type domainV2.News is not enhanced.

[2019-05-16 06:24:31 #6 type] 
Type domainV2.event.TemporalStats is not enhanced.

[2019-05-16 06:24:31 #7 type] 
Type domainV2.event.Event is not enhanced.

[2019-05-16 06:24:31 #8 type] 
Type domainV2.question.Question is not enhanced.

[2019-05-16 06:24:31 #9 type] 
Type domainV2.util.Translation is not enhanced.

[2019-05-16 06:24:31 #10 type] 
Type domainV2.bet.BetSuperClass is not enhanced.

[2019-05-16 06:24:31 #11 type] 
Type domainV2.event.EventStats is not enhanced.

[2019-05-16 06:24:31 #12 type] 
Type domainV2.bet.Bet is not enhanced.

------------------------------------------------------------------------------------------------------------------------

[2019-05-16 06:27:44 #1 store] 
Database 'C:\Users\Carlos\Desktop\BetAndRuin_FloatSoft\resources\db\FloatingSoftwareDB.odb' has been recovered (tr. 69606-69606)

[2019-05-16 06:27:44 #2 store] 
Database 'C:\Users\Carlos\Desktop\BetAndRuin_FloatSoft\resources\db\FloatingSoftwareDB.odb' is opened by 8576@DESKTOP-K71H3G5

[2019-05-16 06:27:44 #3 type] 
Type domainV2.User is not enhanced.

[2019-05-16 06:27:44 #4 type] 
Type domainV2.Transaction is not enhanced.

[2019-05-16 06:27:44 #5 type] 
Type domainV2.News is not enhanced.

[2019-05-16 06:27:44 #6 type] 
Type domainV2.event.TemporalStats is not enhanced.

[2019-05-16 06:27:44 #7 type] 
Type domainV2.event.Event is not enhanced.

[2019-05-16 06:27:44 #8 type] 
Type domainV2.question.Question is not enhanced.

[2019-05-16 06:27:44 #9 type] 
Type domainV2.util.Translation is not enhanced.

[2019-05-16 06:27:44 #10 type] 
Type domainV2.bet.BetSuperClass is not enhanced.

[2019-05-16 06:27:44 #11 type] 
Type domainV2.event.EventStats is not enhanced.

[2019-05-16 06:27:44 #12 type] 
Type domainV2.bet.Bet is not enhanced.

------------------------------------------------------------------------------------------------------------------------

[2019-05-16 06:27:54 #1 store] 
Database 'C:\Users\Carlos\Desktop\BetAndRuin_FloatSoft\resources\db\FloatingSoftwareDB.odb' is opened by 452@DESKTOP-K71H3G5

[2019-05-16 06:27:54 #2 type] 
Type domainV2.User is not enhanced.

[2019-05-16 06:27:54 #3 type] 
Type domainV2.Transaction is not enhanced.

[2019-05-16 06:27:54 #4 type] 
Type domainV2.News is not enhanced.

[2019-05-16 06:27:54 #5 type] 
Type domainV2.event.TemporalStats is not enhanced.

[2019-05-16 06:27:54 #6 type] 
Type domainV2.event.Event is not enhanced.

[2019-05-16 06:27:54 #7 type] 
Type domainV2.question.Question is not enhanced.

[2019-05-16 06:27:54 #8 type] 
Type domainV2.util.Translation is not enhanced.

[2019-05-16 06:27:54 #9 type] 
Type domainV2.bet.BetSuperClass is not enhanced.

[2019-05-16 06:27:54 #10 type] 
Type domainV2.event.EventStats is not enhanced.

[2019-05-16 06:27:54 #11 type] 
Type domainV2.bet.Bet is not enhanced.

------------------------------------------------------------------------------------------------------------------------

[2019-05-16 06:34:37 #1 store] 
Database 'C:\Users\Carlos\Desktop\BetAndRuin_FloatSoft\resources\db\FloatingSoftwareDB.odb' has been recovered (tr. 69607-69608)

[2019-05-16 06:34:37 #2 store] 
Database 'C:\Users\Carlos\Desktop\BetAndRuin_FloatSoft\resources\db\FloatingSoftwareDB.odb' is opened by 6664@DESKTOP-K71H3G5

[2019-05-16 06:34:37 #3 type] 
Type domainV2.User is not enhanced.

[2019-05-16 06:34:37 #4 type] 
Type domainV2.Transaction is not enhanced.

[2019-05-16 06:34:37 #5 type] 
Type domainV2.News is not enhanced.

[2019-05-16 06:34:37 #6 type] 
Type domainV2.event.TemporalStats is not enhanced.

[2019-05-16 06:34:37 #7 type] 
Type domainV2.event.Event is not enhanced.

[2019-05-16 06:34:37 #8 type] 
Type domainV2.question.Question is not enhanced.

[2019-05-16 06:34:37 #9 type] 
Type domainV2.util.Translation is not enhanced.

[2019-05-16 06:34:37 #10 type] 
Type domainV2.bet.BetSuperClass is not enhanced.

[2019-05-16 06:34:37 #11 type] 
Type domainV2.event.EventStats is not enhanced.

[2019-05-16 06:34:37 #12 type] 
Type domainV2.bet.Bet is not enhanced.

------------------------------------------------------------------------------------------------------------------------

[2019-05-16 06:38:44 #1 store] 
Database 'C:\Users\Carlos\Desktop\BetAndRuin_FloatSoft\resources\db\FloatingSoftwareDB.odb' is opened by 10884@DESKTOP-K71H3G5

[2019-05-16 06:38:44 #2 type] 
Type domainV2.User is not enhanced.

[2019-05-16 06:38:44 #3 type] 
Type domainV2.Transaction is not enhanced.

[2019-05-16 06:38:44 #4 type] 
Type domainV2.News is not enhanced.

[2019-05-16 06:38:44 #5 type] 
Type domainV2.event.TemporalStats is not enhanced.

[2019-05-16 06:38:44 #6 type] 
Type domainV2.event.Event is not enhanced.

[2019-05-16 06:38:44 #7 type] 
Type domainV2.question.Question is not enhanced.

[2019-05-16 06:38:44 #8 type] 
Type domainV2.util.Translation is not enhanced.

[2019-05-16 06:38:44 #9 type] 
Type domainV2.bet.BetSuperClass is not enhanced.

[2019-05-16 06:38:44 #10 type] 
Type domainV2.event.EventStats is not enhanced.

[2019-05-16 06:38:44 #11 type] 
Type domainV2.bet.Bet is not enhanced.

------------------------------------------------------------------------------------------------------------------------

[2019-05-16 06:42:07 #1 store] 
Database 'C:\Users\Carlos\Desktop\BetAndRuin_FloatSoft\resources\db\FloatingSoftwareDB.odb' has been recovered (tr. 69607-69610)

[2019-05-16 06:42:07 #2 store] 
Database 'C:\Users\Carlos\Desktop\BetAndRuin_FloatSoft\resources\db\FloatingSoftwareDB.odb' is opened by 12368@DESKTOP-K71H3G5

[2019-05-16 06:42:08 #3 type] 
Type domainV2.User is not enhanced.

[2019-05-16 06:42:08 #4 type] 
Type domainV2.Transaction is not enhanced.

[2019-05-16 06:42:08 #5 type] 
Type domainV2.News is not enhanced.

[2019-05-16 06:42:08 #6 type] 
Type domainV2.event.TemporalStats is not enhanced.

[2019-05-16 06:42:08 #7 type] 
Type domainV2.event.Event is not enhanced.

[2019-05-16 06:42:08 #8 type] 
Type domainV2.question.Question is not enhanced.

[2019-05-16 06:42:08 #9 type] 
Type domainV2.util.Translation is not enhanced.

[2019-05-16 06:42:08 #10 type] 
Type domainV2.bet.BetSuperClass is not enhanced.

[2019-05-16 06:42:08 #11 type] 
Type domainV2.event.EventStats is not enhanced.

[2019-05-16 06:42:08 #12 type] 
Type domainV2.bet.Bet is not enhanced.

------------------------------------------------------------------------------------------------------------------------

[2019-05-16 06:43:20 #1 store] 
Database 'C:\Users\Carlos\Desktop\BetAndRuin_FloatSoft\resources\db\FloatingSoftwareDB.odb' has been recovered (tr. 69611-69613)

[2019-05-16 06:43:20 #2 store] 
Database 'C:\Users\Carlos\Desktop\BetAndRuin_FloatSoft\resources\db\FloatingSoftwareDB.odb' is opened by 6900@DESKTOP-K71H3G5

[2019-05-16 06:43:20 #3 type] 
Type domainV2.User is not enhanced.

[2019-05-16 06:43:20 #4 type] 
Type domainV2.Transaction is not enhanced.

[2019-05-16 06:43:20 #5 type] 
Type domainV2.News is not enhanced.

[2019-05-16 06:43:20 #6 type] 
Type domainV2.event.TemporalStats is not enhanced.

[2019-05-16 06:43:20 #7 type] 
Type domainV2.event.Event is not enhanced.

[2019-05-16 06:43:20 #8 type] 
Type domainV2.question.Question is not enhanced.

[2019-05-16 06:43:20 #9 type] 
Type domainV2.util.Translation is not enhanced.

[2019-05-16 06:43:20 #10 type] 
Type domainV2.bet.BetSuperClass is not enhanced.

[2019-05-16 06:43:20 #11 type] 
Type domainV2.event.EventStats is not enhanced.

[2019-05-16 06:43:20 #12 type] 
Type domainV2.bet.Bet is not enhanced.

------------------------------------------------------------------------------------------------------------------------

[2019-05-16 06:50:59 #1 store] 
Database 'C:\Users\Carlos\Desktop\BetAndRuin_FloatSoft\resources\db\FloatingSoftwareDB.odb' has been recovered (tr. 69614-69616)

[2019-05-16 06:50:59 #2 store] 
Database 'C:\Users\Carlos\Desktop\BetAndRuin_FloatSoft\resources\db\FloatingSoftwareDB.odb' is opened by 12796@DESKTOP-K71H3G5

[2019-05-16 06:50:59 #3 type] 
Type domainV2.User is not enhanced.

[2019-05-16 06:50:59 #4 type] 
Type domainV2.Transaction is not enhanced.

[2019-05-16 06:50:59 #5 type] 
Type domainV2.News is not enhanced.

[2019-05-16 06:50:59 #6 type] 
Type domainV2.event.TemporalStats is not enhanced.

[2019-05-16 06:50:59 #7 type] 
Type domainV2.event.Event is not enhanced.

[2019-05-16 06:50:59 #8 type] 
Type domainV2.question.Question is not enhanced.

[2019-05-16 06:50:59 #9 type] 
Type domainV2.util.Translation is not enhanced.

[2019-05-16 06:50:59 #10 type] 
Type domainV2.bet.BetSuperClass is not enhanced.

[2019-05-16 06:50:59 #11 type] 
Type domainV2.event.EventStats is not enhanced.

[2019-05-16 06:50:59 #12 type] 
Type domainV2.bet.Bet is not enhanced.

------------------------------------------------------------------------------------------------------------------------

[2019-05-16 06:54:03 #1 store] 
Database 'C:\Users\Carlos\Desktop\BetAndRuin_FloatSoft\resources\db\FloatingSoftwareDB.odb' has been recovered (tr. 69617-69623)

[2019-05-16 06:54:03 #2 store] 
Database 'C:\Users\Carlos\Desktop\BetAndRuin_FloatSoft\resources\db\FloatingSoftwareDB.odb' is opened by 9668@DESKTOP-K71H3G5

[2019-05-16 06:54:03 #3 type] 
Type domainV2.User is not enhanced.

[2019-05-16 06:54:03 #4 type] 
Type domainV2.Transaction is not enhanced.

[2019-05-16 06:54:03 #5 type] 
Type domainV2.News is not enhanced.

[2019-05-16 06:54:03 #6 type] 
Type domainV2.event.TemporalStats is not enhanced.

[2019-05-16 06:54:03 #7 type] 
Type domainV2.event.Event is not enhanced.

[2019-05-16 06:54:03 #8 type] 
Type domainV2.question.Question is not enhanced.

[2019-05-16 06:54:03 #9 type] 
Type domainV2.util.Translation is not enhanced.

[2019-05-16 06:54:03 #10 type] 
Type domainV2.bet.BetSuperClass is not enhanced.

[2019-05-16 06:54:03 #11 type] 
Type domainV2.event.EventStats is not enhanced.

[2019-05-16 06:54:03 #12 type] 
Type domainV2.bet.Bet is not enhanced.

------------------------------------------------------------------------------------------------------------------------

[2019-05-16 06:55:20 #1 store] 
Database 'C:\Users\Carlos\Desktop\BetAndRuin_FloatSoft\resources\db\FloatingSoftwareDB.odb' has been recovered (tr. 69624-69626)

[2019-05-16 06:55:20 #2 store] 
Database 'C:\Users\Carlos\Desktop\BetAndRuin_FloatSoft\resources\db\FloatingSoftwareDB.odb' is opened by 9100@DESKTOP-K71H3G5

[2019-05-16 06:55:20 #3 type] 
Type domainV2.User is not enhanced.

[2019-05-16 06:55:20 #4 type] 
Type domainV2.Transaction is not enhanced.

[2019-05-16 06:55:20 #5 type] 
Type domainV2.News is not enhanced.

[2019-05-16 06:55:20 #6 type] 
Type domainV2.event.TemporalStats is not enhanced.

[2019-05-16 06:55:20 #7 type] 
Type domainV2.event.Event is not enhanced.

[2019-05-16 06:55:20 #8 type] 
Type domainV2.question.Question is not enhanced.

[2019-05-16 06:55:20 #9 type] 
Type domainV2.util.Translation is not enhanced.

[2019-05-16 06:55:20 #10 type] 
Type domainV2.bet.BetSuperClass is not enhanced.

[2019-05-16 06:55:20 #11 type] 
Type domainV2.event.EventStats is not enhanced.

[2019-05-16 06:55:20 #12 type] 
Type domainV2.bet.Bet is not enhanced.

------------------------------------------------------------------------------------------------------------------------

[2019-05-16 06:56:21 #1 store] 
Database 'C:\Users\Carlos\Desktop\BetAndRuin_FloatSoft\resources\db\FloatingSoftwareDB.odb' has been recovered (tr. 69627-69631)

[2019-05-16 06:56:21 #2 store] 
Database 'C:\Users\Carlos\Desktop\BetAndRuin_FloatSoft\resources\db\FloatingSoftwareDB.odb' is opened by 5916@DESKTOP-K71H3G5

[2019-05-16 06:56:21 #3 type] 
Type domainV2.User is not enhanced.

[2019-05-16 06:56:21 #4 type] 
Type domainV2.Transaction is not enhanced.

[2019-05-16 06:56:21 #5 type] 
Type domainV2.News is not enhanced.

[2019-05-16 06:56:21 #6 type] 
Type domainV2.event.TemporalStats is not enhanced.

[2019-05-16 06:56:21 #7 type] 
Type domainV2.event.Event is not enhanced.

[2019-05-16 06:56:21 #8 type] 
Type domainV2.question.Question is not enhanced.

[2019-05-16 06:56:21 #9 type] 
Type domainV2.util.Translation is not enhanced.

[2019-05-16 06:56:21 #10 type] 
Type domainV2.bet.BetSuperClass is not enhanced.

[2019-05-16 06:56:21 #11 type] 
Type domainV2.event.EventStats is not enhanced.

[2019-05-16 06:56:21 #12 type] 
Type domainV2.bet.Bet is not enhanced.

------------------------------------------------------------------------------------------------------------------------

[2019-05-16 06:57:20 #1 store] 
Database 'C:\Users\Carlos\Desktop\BetAndRuin_FloatSoft\resources\db\FloatingSoftwareDB.odb' has been recovered (tr. 69632-69634)

[2019-05-16 06:57:21 #2 store] 
Database 'C:\Users\Carlos\Desktop\BetAndRuin_FloatSoft\resources\db\FloatingSoftwareDB.odb' is opened by 5316@DESKTOP-K71H3G5

[2019-05-16 06:57:21 #3 type] 
Type domainV2.User is not enhanced.

[2019-05-16 06:57:21 #4 type] 
Type domainV2.Transaction is not enhanced.

[2019-05-16 06:57:21 #5 type] 
Type domainV2.News is not enhanced.

[2019-05-16 06:57:21 #6 type] 
Type domainV2.event.TemporalStats is not enhanced.

[2019-05-16 06:57:21 #7 type] 
Type domainV2.event.Event is not enhanced.

[2019-05-16 06:57:21 #8 type] 
Type domainV2.question.Question is not enhanced.

[2019-05-16 06:57:21 #9 type] 
Type domainV2.util.Translation is not enhanced.

[2019-05-16 06:57:21 #10 type] 
Type domainV2.bet.BetSuperClass is not enhanced.

[2019-05-16 06:57:21 #11 type] 
Type domainV2.event.EventStats is not enhanced.

[2019-05-16 06:57:21 #12 type] 
Type domainV2.bet.Bet is not enhanced.

------------------------------------------------------------------------------------------------------------------------

[2019-05-16 07:09:35 #1 store] 
Database 'C:\Users\Carlos\Desktop\BetAndRuin_FloatSoft\resources\db\FloatingSoftwareDB.odb' has been recovered (tr. 69635-69680)

[2019-05-16 07:09:35 #2 store] 
Database 'C:\Users\Carlos\Desktop\BetAndRuin_FloatSoft\resources\db\FloatingSoftwareDB.odb' is opened by 6456@DESKTOP-K71H3G5

[2019-05-16 07:09:35 #3 type] 
Type domainV2.User is not enhanced.

[2019-05-16 07:09:35 #4 type] 
Type domainV2.Transaction is not enhanced.

[2019-05-16 07:09:35 #5 type] 
Type domainV2.News is not enhanced.

[2019-05-16 07:09:35 #6 type] 
Type domainV2.event.TemporalStats is not enhanced.

[2019-05-16 07:09:35 #7 type] 
Type domainV2.event.Event is not enhanced.

[2019-05-16 07:09:35 #8 type] 
Type domainV2.question.Question is not enhanced.

[2019-05-16 07:09:35 #9 type] 
Type domainV2.util.Translation is not enhanced.

[2019-05-16 07:09:35 #10 type] 
Type domainV2.bet.BetSuperClass is not enhanced.

[2019-05-16 07:09:35 #11 type] 
Type domainV2.event.EventStats is not enhanced.

[2019-05-16 07:09:35 #12 type] 
Type domainV2.bet.Bet is not enhanced.

------------------------------------------------------------------------------------------------------------------------

[2019-05-16 07:13:58 #1 store] 
Database 'C:\Users\Carlos\Desktop\BetAndRuin_FloatSoft\resources\db\FloatingSoftwareDB.odb' has been recovered (tr. 69681-69681)

[2019-05-16 07:13:58 #2 store] 
Database 'C:\Users\Carlos\Desktop\BetAndRuin_FloatSoft\resources\db\FloatingSoftwareDB.odb' is opened by 8656@DESKTOP-K71H3G5

[2019-05-16 07:13:58 #3 type] 
Type domainV2.User is not enhanced.

[2019-05-16 07:13:58 #4 type] 
Type domainV2.Transaction is not enhanced.

[2019-05-16 07:13:58 #5 type] 
Type domainV2.News is not enhanced.

[2019-05-16 07:13:58 #6 type] 
Type domainV2.event.TemporalStats is not enhanced.

[2019-05-16 07:13:58 #7 type] 
Type domainV2.event.Event is not enhanced.

[2019-05-16 07:13:58 #8 type] 
Type domainV2.question.Question is not enhanced.

[2019-05-16 07:13:58 #9 type] 
Type domainV2.util.Translation is not enhanced.

[2019-05-16 07:13:58 #10 type] 
Type domainV2.bet.BetSuperClass is not enhanced.

[2019-05-16 07:13:58 #11 type] 
Type domainV2.event.EventStats is not enhanced.

[2019-05-16 07:13:58 #12 type] 
Type domainV2.bet.Bet is not enhanced.

------------------------------------------------------------------------------------------------------------------------

[2019-05-16 07:25:37 #1 store] 
Database 'C:\Users\Carlos\Desktop\BetAndRuin_FloatSoft\resources\db\FloatingSoftwareDB.odb' is opened by 2196@DESKTOP-K71H3G5

[2019-05-16 07:25:37 #2 type] 
Type domainV2.User is not enhanced.

[2019-05-16 07:25:37 #3 type] 
Type domainV2.Transaction is not enhanced.

[2019-05-16 07:25:37 #4 type] 
Type domainV2.News is not enhanced.

[2019-05-16 07:25:37 #5 type] 
Type domainV2.event.TemporalStats is not enhanced.

[2019-05-16 07:25:37 #6 type] 
Type domainV2.event.Event is not enhanced.

[2019-05-16 07:25:37 #7 type] 
Type domainV2.question.Question is not enhanced.

[2019-05-16 07:25:37 #8 type] 
Type domainV2.util.Translation is not enhanced.

[2019-05-16 07:25:37 #9 type] 
Type domainV2.bet.BetSuperClass is not enhanced.

[2019-05-16 07:25:37 #10 type] 
Type domainV2.event.EventStats is not enhanced.

[2019-05-16 07:25:37 #11 type] 
Type domainV2.bet.Bet is not enhanced.

------------------------------------------------------------------------------------------------------------------------

[2019-05-16 09:15:10 #1 store] 
Database 'C:\Users\Carlos\Desktop\BetAndRuin_FloatSoft\resources\db\FloatingSoftwareDB.odb' has been recovered (tr. 69635-69636)

[2019-05-16 09:15:10 #2 store] 
Database 'C:\Users\Carlos\Desktop\BetAndRuin_FloatSoft\resources\db\FloatingSoftwareDB.odb' is opened by 11360@DESKTOP-K71H3G5

[2019-05-16 09:15:10 #3 type] 
Type domainV2.User is not enhanced.

[2019-05-16 09:15:10 #4 type] 
Type domainV2.Transaction is not enhanced.

[2019-05-16 09:15:10 #5 type] 
Type domainV2.News is not enhanced.

[2019-05-16 09:15:10 #6 type] 
Type domainV2.event.TemporalStats is not enhanced.

[2019-05-16 09:15:10 #7 type] 
Type domainV2.event.Event is not enhanced.

[2019-05-16 09:15:10 #8 type] 
Type domainV2.question.Question is not enhanced.

[2019-05-16 09:15:10 #9 type] 
Type domainV2.util.Translation is not enhanced.

[2019-05-16 09:15:10 #10 type] 
Type domainV2.bet.BetSuperClass is not enhanced.

[2019-05-16 09:15:10 #11 type] 
Type domainV2.event.EventStats is not enhanced.

[2019-05-16 09:15:10 #12 type] 
Type domainV2.bet.Bet is not enhanced.

------------------------------------------------------------------------------------------------------------------------

[2019-05-16 09:20:29 #1 store] 
Database 'C:\Users\Carlos\Desktop\BetAndRuin_FloatSoft\resources\db\FloatingSoftwareDB.odb' has been recovered (tr. 69637-69661)

[2019-05-16 09:20:29 #2 store] 
Database 'C:\Users\Carlos\Desktop\BetAndRuin_FloatSoft\resources\db\FloatingSoftwareDB.odb' is opened by 7968@DESKTOP-K71H3G5

[2019-05-16 09:20:29 #3 type] 
Type domainV2.User is not enhanced.

[2019-05-16 09:20:29 #4 type] 
Type domainV2.Transaction is not enhanced.

[2019-05-16 09:20:29 #5 type] 
Type domainV2.News is not enhanced.

[2019-05-16 09:20:29 #6 type] 
Type domainV2.event.TemporalStats is not enhanced.

[2019-05-16 09:20:29 #7 type] 
Type domainV2.event.Event is not enhanced.

[2019-05-16 09:20:29 #8 type] 
Type domainV2.question.Question is not enhanced.

[2019-05-16 09:20:29 #9 type] 
Type domainV2.util.Translation is not enhanced.

[2019-05-16 09:20:29 #10 type] 
Type domainV2.bet.BetSuperClass is not enhanced.

[2019-05-16 09:20:29 #11 type] 
Type domainV2.event.EventStats is not enhanced.

[2019-05-16 09:20:29 #12 type] 
Type domainV2.bet.Bet is not enhanced.

------------------------------------------------------------------------------------------------------------------------

[2019-05-16 09:22:40 #1 store] 
Database 'C:\Users\Carlos\Desktop\BetAndRuin_FloatSoft\resources\db\FloatingSoftwareDB.odb' has been recovered (tr. 69662-69663)

[2019-05-16 09:22:40 #2 store] 
Database 'C:\Users\Carlos\Desktop\BetAndRuin_FloatSoft\resources\db\FloatingSoftwareDB.odb' is opened by 6328@DESKTOP-K71H3G5

[2019-05-16 09:22:40 #3 type] 
Type domainV2.User is not enhanced.

[2019-05-16 09:22:40 #4 type] 
Type domainV2.Transaction is not enhanced.

[2019-05-16 09:22:40 #5 type] 
Type domainV2.News is not enhanced.

[2019-05-16 09:22:40 #6 type] 
Type domainV2.event.TemporalStats is not enhanced.

[2019-05-16 09:22:40 #7 type] 
Type domainV2.event.Event is not enhanced.

[2019-05-16 09:22:40 #8 type] 
Type domainV2.question.Question is not enhanced.

[2019-05-16 09:22:40 #9 type] 
Type domainV2.util.Translation is not enhanced.

[2019-05-16 09:22:40 #10 type] 
Type domainV2.bet.BetSuperClass is not enhanced.

[2019-05-16 09:22:40 #11 type] 
Type domainV2.event.EventStats is not enhanced.

[2019-05-16 09:22:40 #12 type] 
Type domainV2.bet.Bet is not enhanced.

------------------------------------------------------------------------------------------------------------------------

[2019-05-16 13:40:10 #1 store] 
Database 'C:\Users\Carlos\Desktop\BetAndRuin_FloatSoft\resources\db\FloatingSoftwareDB.odb' has been recovered (tr. 69664-69664)

[2019-05-16 13:40:10 #2 store] 
Database 'C:\Users\Carlos\Desktop\BetAndRuin_FloatSoft\resources\db\FloatingSoftwareDB.odb' is opened by 2556@DESKTOP-K71H3G5

[2019-05-16 13:40:11 #3 type] 
Type domainV2.User is not enhanced.

[2019-05-16 13:40:11 #4 type] 
Type domainV2.Transaction is not enhanced.

[2019-05-16 13:40:11 #5 type] 
Type domainV2.News is not enhanced.

[2019-05-16 13:40:11 #6 type] 
Type domainV2.event.TemporalStats is not enhanced.

[2019-05-16 13:40:11 #7 type] 
Type domainV2.event.Event is not enhanced.

[2019-05-16 13:40:11 #8 type] 
Type domainV2.question.Question is not enhanced.

[2019-05-16 13:40:11 #9 type] 
Type domainV2.util.Translation is not enhanced.

[2019-05-16 13:40:11 #10 type] 
Type domainV2.bet.BetSuperClass is not enhanced.

[2019-05-16 13:40:11 #11 type] 
Type domainV2.event.EventStats is not enhanced.

[2019-05-16 13:40:11 #12 type] 
Type domainV2.bet.Bet is not enhanced.

------------------------------------------------------------------------------------------------------------------------

[2019-05-16 14:02:20 #1 store] 
Database 'C:\Users\Carlos\Desktop\BetAndRuin_FloatSoft\resources\db\FloatingSoftwareDB.odb' is opened by 12568@DESKTOP-K71H3G5

[2019-05-16 14:02:20 #2 type] 
Type domainV2.User is not enhanced.

[2019-05-16 14:02:20 #3 type] 
Type domainV2.Transaction is not enhanced.

[2019-05-16 14:02:20 #4 type] 
Type domainV2.News is not enhanced.

[2019-05-16 14:02:20 #5 type] 
Type domainV2.event.TemporalStats is not enhanced.

[2019-05-16 14:02:20 #6 type] 
Type domainV2.event.Event is not enhanced.

[2019-05-16 14:02:20 #7 type] 
Type domainV2.question.Question is not enhanced.

[2019-05-16 14:02:20 #8 type] 
Type domainV2.util.Translation is not enhanced.

[2019-05-16 14:02:20 #9 type] 
Type domainV2.bet.BetSuperClass is not enhanced.

[2019-05-16 14:02:20 #10 type] 
Type domainV2.event.EventStats is not enhanced.

[2019-05-16 14:02:20 #11 type] 
Type domainV2.bet.Bet is not enhanced.

