------------------------------------------------------------------------------------------------------------------------

[2019-02-19 14:54:02 #1 store] 
Database 'C:\Users\Karl Toomas Vana\git\BetAndRuin\resources\db\UsersDB.odb' is opened by 63304@DESKTOP-6J26I7U

[2019-02-19 14:54:02 #2 type] 
Type domain.User is not enhanced.

------------------------------------------------------------------------------------------------------------------------

[2019-02-19 14:56:43 #1 store] 
Database 'C:\Users\Karl Toomas Vana\git\BetAndRuin\resources\db\UsersDB.odb' has been recovered (tr. 13-13)

[2019-02-19 14:56:43 #2 store] 
Database 'C:\Users\Karl Toomas Vana\git\BetAndRuin\resources\db\UsersDB.odb' is opened by 65360@DESKTOP-6J26I7U

[2019-02-19 14:56:43 #3 type] 
Type domain.User is not enhanced.

------------------------------------------------------------------------------------------------------------------------

[2019-02-19 15:25:42 #1 store] 
Database 'C:\Users\Karl Toomas Vana\git\BetAndRuin\resources\db\UsersDB.odb' has been recovered (tr. 14-14)

[2019-02-19 15:25:42 #2 store] 
Database 'C:\Users\Karl Toomas Vana\git\BetAndRuin\resources\db\UsersDB.odb' is opened by 68360@DESKTOP-6J26I7U

[2019-02-19 15:25:42 #3 type] 
Type domain.User is not enhanced.

------------------------------------------------------------------------------------------------------------------------

[2019-02-19 15:26:50 #1 store] 
Database 'C:\Users\Karl Toomas Vana\git\BetAndRuin\resources\db\UsersDB.odb' has been recovered (tr. 15-15)

[2019-02-19 15:26:50 #2 store] 
Database 'C:\Users\Karl Toomas Vana\git\BetAndRuin\resources\db\UsersDB.odb' is opened by 71480@DESKTOP-6J26I7U

[2019-02-19 15:26:51 #3 type] 
Type domain.User is not enhanced.

------------------------------------------------------------------------------------------------------------------------

[2019-02-19 15:27:53 #1 store] 
Database 'C:\Users\Karl Toomas Vana\git\BetAndRuin\resources\db\UsersDB.odb' has been recovered (tr. 16-16)

[2019-02-19 15:27:53 #2 store] 
Database 'C:\Users\Karl Toomas Vana\git\BetAndRuin\resources\db\UsersDB.odb' is opened by 71432@DESKTOP-6J26I7U

[2019-02-19 15:27:53 #3 type] 
Type domain.User is not enhanced.

------------------------------------------------------------------------------------------------------------------------

[2019-02-19 15:30:39 #1 store] 
Database 'C:\Users\Karl Toomas Vana\git\BetAndRuin\resources\db\UsersDB.odb' has been recovered (tr. 17-17)

[2019-02-19 15:30:39 #2 store] 
Database 'C:\Users\Karl Toomas Vana\git\BetAndRuin\resources\db\UsersDB.odb' is opened by 70736@DESKTOP-6J26I7U

[2019-02-19 15:30:39 #3 type] 
Type domain.User is not enhanced.

------------------------------------------------------------------------------------------------------------------------

[2019-02-19 15:40:38 #1 store] 
Database 'C:\Users\Karl Toomas Vana\git\BetAndRuin\resources\db\UsersDB.odb' has been recovered (tr. 18-18)

[2019-02-19 15:40:38 #2 store] 
Database 'C:\Users\Karl Toomas Vana\git\BetAndRuin\resources\db\UsersDB.odb' is opened by 76088@DESKTOP-6J26I7U

[2019-02-19 15:40:38 #3 type] 
Type domain.User is not enhanced.

------------------------------------------------------------------------------------------------------------------------

[2019-02-19 15:42:14 #1 store] 
Database 'C:\Users\Karl Toomas Vana\git\BetAndRuin\resources\db\UsersDB.odb' has been recovered (tr. 19-19)

[2019-02-19 15:42:14 #2 store] 
Database 'C:\Users\Karl Toomas Vana\git\BetAndRuin\resources\db\UsersDB.odb' is opened by 75204@DESKTOP-6J26I7U

[2019-02-19 15:42:15 #3 type] 
Type domain.User is not enhanced.

------------------------------------------------------------------------------------------------------------------------

[2019-02-19 15:42:54 #1 store] 
Database 'C:\Users\Karl Toomas Vana\git\BetAndRuin\resources\db\UsersDB.odb' has been recovered (tr. 20-20)

[2019-02-19 15:42:54 #2 store] 
Database 'C:\Users\Karl Toomas Vana\git\BetAndRuin\resources\db\UsersDB.odb' is opened by 77320@DESKTOP-6J26I7U

[2019-02-19 15:42:54 #3 type] 
Type domain.User is not enhanced.

------------------------------------------------------------------------------------------------------------------------

[2019-02-19 15:44:32 #1 store] 
Database 'C:\Users\Karl Toomas Vana\git\BetAndRuin\resources\db\UsersDB.odb' has been recovered (tr. 21-21)

[2019-02-19 15:44:32 #2 store] 
Database 'C:\Users\Karl Toomas Vana\git\BetAndRuin\resources\db\UsersDB.odb' is opened by 77100@DESKTOP-6J26I7U

[2019-02-19 15:44:32 #3 type] 
Type domain.User is not enhanced.

------------------------------------------------------------------------------------------------------------------------

[2019-02-19 15:45:50 #1 store] 
Database 'C:\Users\Karl Toomas Vana\git\BetAndRuin\resources\db\UsersDB.odb' has been recovered (tr. 22-22)

[2019-02-19 15:45:50 #2 store] 
Database 'C:\Users\Karl Toomas Vana\git\BetAndRuin\resources\db\UsersDB.odb' is opened by 77136@DESKTOP-6J26I7U

[2019-02-19 15:45:50 #3 type] 
Type domain.User is not enhanced.

------------------------------------------------------------------------------------------------------------------------

[2019-02-19 15:46:56 #1 store] 
Database 'C:\Users\Karl Toomas Vana\git\BetAndRuin\resources\db\UsersDB.odb' has been recovered (tr. 23-23)

[2019-02-19 15:46:56 #2 store] 
Database 'C:\Users\Karl Toomas Vana\git\BetAndRuin\resources\db\UsersDB.odb' is opened by 78680@DESKTOP-6J26I7U

[2019-02-19 15:46:56 #3 type] 
Type domain.User is not enhanced.

------------------------------------------------------------------------------------------------------------------------

[2019-02-19 15:47:32 #1 store] 
Database 'C:\Users\Karl Toomas Vana\git\BetAndRuin\resources\db\UsersDB.odb' has been recovered (tr. 24-24)

[2019-02-19 15:47:32 #2 store] 
Database 'C:\Users\Karl Toomas Vana\git\BetAndRuin\resources\db\UsersDB.odb' is opened by 77864@DESKTOP-6J26I7U

[2019-02-19 15:47:32 #3 type] 
Type domain.User is not enhanced.

------------------------------------------------------------------------------------------------------------------------

[2019-02-19 15:49:41 #1 store] 
Database 'C:\Users\Karl Toomas Vana\git\BetAndRuin\resources\db\UsersDB.odb' has been recovered (tr. 25-25)

[2019-02-19 15:49:41 #2 store] 
Database 'C:\Users\Karl Toomas Vana\git\BetAndRuin\resources\db\UsersDB.odb' is opened by 70132@DESKTOP-6J26I7U

[2019-02-19 15:49:41 #3 type] 
Type domain.User is not enhanced.

------------------------------------------------------------------------------------------------------------------------

[2019-02-19 15:51:38 #1 store] 
Database 'C:\Users\Karl Toomas Vana\git\BetAndRuin\resources\db\UsersDB.odb' has been recovered (tr. 26-26)

[2019-02-19 15:51:38 #2 store] 
Database 'C:\Users\Karl Toomas Vana\git\BetAndRuin\resources\db\UsersDB.odb' is opened by 79360@DESKTOP-6J26I7U

[2019-02-19 15:51:38 #3 type] 
Type domain.User is not enhanced.

------------------------------------------------------------------------------------------------------------------------

[2019-02-19 15:58:51 #1 store] 
Database 'C:\Users\Karl Toomas Vana\git\BetAndRuin\resources\db\UsersDB.odb' has been recovered (tr. 27-27)

[2019-02-19 15:58:51 #2 store] 
Database 'C:\Users\Karl Toomas Vana\git\BetAndRuin\resources\db\UsersDB.odb' is opened by 80544@DESKTOP-6J26I7U

[2019-02-19 15:58:52 #3 type] 
Type domain.User is not enhanced.

------------------------------------------------------------------------------------------------------------------------

[2019-02-19 16:01:54 #1 store] 
Database 'C:\Users\Karl Toomas Vana\git\BetAndRuin\resources\db\UsersDB.odb' has been recovered (tr. 28-28)

[2019-02-19 16:01:54 #2 store] 
Database 'C:\Users\Karl Toomas Vana\git\BetAndRuin\resources\db\UsersDB.odb' is opened by 83432@DESKTOP-6J26I7U

[2019-02-19 16:01:54 #3 type] 
Type domain.User is not enhanced.

------------------------------------------------------------------------------------------------------------------------

[2019-02-19 16:04:21 #1 store] 
Database 'C:\Users\Karl Toomas Vana\git\BetAndRuin\resources\db\UsersDB.odb' has been recovered (tr. 29-29)

[2019-02-19 16:04:21 #2 store] 
Database 'C:\Users\Karl Toomas Vana\git\BetAndRuin\resources\db\UsersDB.odb' is opened by 40884@DESKTOP-6J26I7U

[2019-02-19 16:04:21 #3 type] 
Type domain.User is not enhanced.

------------------------------------------------------------------------------------------------------------------------

[2019-02-19 16:04:55 #1 store] 
Database 'C:\Users\Karl Toomas Vana\git\BetAndRuin\resources\db\UsersDB.odb' has been recovered (tr. 30-30)

[2019-02-19 16:04:55 #2 store] 
Database 'C:\Users\Karl Toomas Vana\git\BetAndRuin\resources\db\UsersDB.odb' is opened by 84756@DESKTOP-6J26I7U

[2019-02-19 16:04:55 #3 type] 
Type domain.User is not enhanced.

------------------------------------------------------------------------------------------------------------------------

[2019-02-19 16:06:58 #1 store] 
Database 'C:\Users\Karl Toomas Vana\git\BetAndRuin\resources\db\UsersDB.odb' has been recovered (tr. 31-31)

[2019-02-19 16:06:58 #2 store] 
Database 'C:\Users\Karl Toomas Vana\git\BetAndRuin\resources\db\UsersDB.odb' is opened by 76528@DESKTOP-6J26I7U

[2019-02-19 16:06:58 #3 type] 
Type domain.User is not enhanced.

------------------------------------------------------------------------------------------------------------------------

[2019-02-19 16:07:19 #1 store] 
Database 'C:\Users\Karl Toomas Vana\git\BetAndRuin\resources\db\UsersDB.odb' has been recovered (tr. 32-32)

[2019-02-19 16:07:19 #2 store] 
Database 'C:\Users\Karl Toomas Vana\git\BetAndRuin\resources\db\UsersDB.odb' is opened by 85308@DESKTOP-6J26I7U

[2019-02-19 16:07:19 #3 type] 
Type domain.User is not enhanced.

------------------------------------------------------------------------------------------------------------------------

[2019-02-19 16:07:48 #1 store] 
Database 'C:\Users\Karl Toomas Vana\git\BetAndRuin\resources\db\UsersDB.odb' has been recovered (tr. 33-33)

[2019-02-19 16:07:48 #2 store] 
Database 'C:\Users\Karl Toomas Vana\git\BetAndRuin\resources\db\UsersDB.odb' is opened by 85932@DESKTOP-6J26I7U

[2019-02-19 16:07:48 #3 type] 
Type domain.User is not enhanced.

------------------------------------------------------------------------------------------------------------------------

[2019-02-19 16:08:09 #1 store] 
Database 'C:\Users\Karl Toomas Vana\git\BetAndRuin\resources\db\UsersDB.odb' has been recovered (tr. 34-34)

[2019-02-19 16:08:09 #2 store] 
Database 'C:\Users\Karl Toomas Vana\git\BetAndRuin\resources\db\UsersDB.odb' is opened by 85452@DESKTOP-6J26I7U

[2019-02-19 16:08:09 #3 type] 
Type domain.User is not enhanced.

------------------------------------------------------------------------------------------------------------------------

[2019-02-19 16:13:01 #1 store] 
Database 'C:\Users\Karl Toomas Vana\git\BetAndRuin\resources\db\UsersDB.odb' has been recovered (tr. 35-35)

[2019-02-19 16:13:01 #2 store] 
Database 'C:\Users\Karl Toomas Vana\git\BetAndRuin\resources\db\UsersDB.odb' is opened by 87468@DESKTOP-6J26I7U

[2019-02-19 16:13:01 #3 type] 
Type domain.User is not enhanced.

------------------------------------------------------------------------------------------------------------------------

[2019-02-19 16:13:25 #1 store] 
Database 'C:\Users\Karl Toomas Vana\git\BetAndRuin\resources\db\UsersDB.odb' has been recovered (tr. 36-36)

[2019-02-19 16:13:25 #2 store] 
Database 'C:\Users\Karl Toomas Vana\git\BetAndRuin\resources\db\UsersDB.odb' is opened by 87764@DESKTOP-6J26I7U

[2019-02-19 16:13:25 #3 type] 
Type domain.User is not enhanced.

------------------------------------------------------------------------------------------------------------------------

[2019-02-19 16:13:45 #1 store] 
Database 'C:\Users\Karl Toomas Vana\git\BetAndRuin\resources\db\UsersDB.odb' has been recovered (tr. 37-37)

[2019-02-19 16:13:45 #2 store] 
Database 'C:\Users\Karl Toomas Vana\git\BetAndRuin\resources\db\UsersDB.odb' is opened by 84312@DESKTOP-6J26I7U

[2019-02-19 16:13:45 #3 type] 
Type domain.User is not enhanced.

------------------------------------------------------------------------------------------------------------------------

[2019-02-19 16:14:03 #1 store] 
Database 'C:\Users\Karl Toomas Vana\git\BetAndRuin\resources\db\UsersDB.odb' has been recovered (tr. 38-38)

[2019-02-19 16:14:03 #2 store] 
Database 'C:\Users\Karl Toomas Vana\git\BetAndRuin\resources\db\UsersDB.odb' is opened by 87512@DESKTOP-6J26I7U

[2019-02-19 16:14:03 #3 type] 
Type domain.User is not enhanced.

------------------------------------------------------------------------------------------------------------------------

[2019-02-19 16:15:14 #1 store] 
Database 'C:\Users\Karl Toomas Vana\git\BetAndRuin\resources\db\UsersDB.odb' has been recovered (tr. 39-39)

[2019-02-19 16:15:14 #2 store] 
Database 'C:\Users\Karl Toomas Vana\git\BetAndRuin\resources\db\UsersDB.odb' is opened by 88972@DESKTOP-6J26I7U

[2019-02-19 16:15:14 #3 type] 
Type domain.User is not enhanced.

------------------------------------------------------------------------------------------------------------------------

[2019-02-19 16:22:09 #1 store] 
Database 'C:\Users\Karl Toomas Vana\git\BetAndRuin\resources\db\UsersDB.odb' has been recovered (tr. 40-40)

[2019-02-19 16:22:09 #2 store] 
Database 'C:\Users\Karl Toomas Vana\git\BetAndRuin\resources\db\UsersDB.odb' is opened by 88268@DESKTOP-6J26I7U

[2019-02-19 16:22:10 #3 type] 
Type domain.User is not enhanced.

------------------------------------------------------------------------------------------------------------------------

[2019-02-19 16:23:06 #1 store] 
Database 'C:\Users\Karl Toomas Vana\git\BetAndRuin\resources\db\UsersDB.odb' has been recovered (tr. 41-41)

[2019-02-19 16:23:06 #2 store] 
Database 'C:\Users\Karl Toomas Vana\git\BetAndRuin\resources\db\UsersDB.odb' is opened by 89568@DESKTOP-6J26I7U

[2019-02-19 16:23:06 #3 type] 
Type domain.User is not enhanced.

