------------------------------------------------------------------------------------------------------------------------

[2019-04-15 19:14:57 #1 store] 
Database 'C:\Users\Carlos\Desktop\BetAndRuin_FloatSoft\resources\db\bets.odb' has been recovered (tr. 40020-40045)

[2019-04-15 19:14:57 #2 store] 
Database 'C:\Users\Carlos\Desktop\BetAndRuin_FloatSoft\resources\db\bets.odb' is opened by 3180@DESKTOP-K71H3G5

[2019-04-15 19:14:58 #3 type] 
Type domainV2.User is not enhanced.

[2019-04-15 19:14:58 #4 type] 
Type domainV2.Transaction is not enhanced.

[2019-04-15 19:14:58 #5 type] 
Type domainV2.News is not enhanced.

[2019-04-15 19:14:58 #6 type] 
Type domainV2.event.Event is not enhanced.

[2019-04-15 19:14:58 #7 type] 
Type domainV2.question.Question is not enhanced.

[2019-04-15 19:14:58 #8 type] 
Type domainV2.util.Translation is not enhanced.

[2019-04-15 19:14:58 #9 type] 
Type domainV2.bet.BetSuperClass is not enhanced.

[2019-04-15 19:14:58 #10 type] 
Type domainV2.bet.Bet is not enhanced.

[2019-04-15 19:14:58 #11 type] 
Type domainV2.RecoverPassword is not enhanced.

