------------------------------------------------------------------------------------------------------------------------

[2019-03-17 11:11:52 #1 store] 
Database 'C:\Users\Carlos Dominguez\Desktop\BetAndRuin_FloatSoft\resources\db\bets.odb' has been recovered (tr. 476-476)

[2019-03-17 11:11:52 #2 store] 
Database 'C:\Users\Carlos Dominguez\Desktop\BetAndRuin_FloatSoft\resources\db\bets.odb' is opened by 11916@DESKTOP-F3FKHV4

[2019-03-17 11:11:52 #3 type] 
Type domainV2.User is not enhanced.

------------------------------------------------------------------------------------------------------------------------

[2019-03-17 11:14:25 #1 store] 
Database 'C:\Users\Carlos Dominguez\Desktop\BetAndRuin_FloatSoft\resources\db\bets.odb' has been recovered (tr. 477-477)

[2019-03-17 11:14:25 #2 store] 
Database 'C:\Users\Carlos Dominguez\Desktop\BetAndRuin_FloatSoft\resources\db\bets.odb' is opened by 12508@DESKTOP-F3FKHV4

[2019-03-17 11:14:25 #3 type] 
Type domainV2.User is not enhanced.

------------------------------------------------------------------------------------------------------------------------

[2019-03-17 11:15:05 #1 store] 
Database 'C:\Users\Carlos Dominguez\Desktop\BetAndRuin_FloatSoft\resources\db\bets.odb' has been recovered (tr. 478-480)

[2019-03-17 11:15:05 #2 store] 
Database 'C:\Users\Carlos Dominguez\Desktop\BetAndRuin_FloatSoft\resources\db\bets.odb' is opened by 3504@DESKTOP-F3FKHV4

[2019-03-17 11:15:06 #3 type] 
Type domainV2.User is not enhanced.

------------------------------------------------------------------------------------------------------------------------

[2019-03-17 11:16:01 #1 store] 
Database 'C:\Users\Carlos Dominguez\Desktop\BetAndRuin_FloatSoft\resources\db\bets.odb' has been recovered (tr. 481-481)

[2019-03-17 11:16:01 #2 store] 
Database 'C:\Users\Carlos Dominguez\Desktop\BetAndRuin_FloatSoft\resources\db\bets.odb' is opened by 11880@DESKTOP-F3FKHV4

[2019-03-17 11:16:01 #3 type] 
Type domainV2.User is not enhanced.

------------------------------------------------------------------------------------------------------------------------

[2019-03-17 11:17:24 #1 store] 
Database 'C:\Users\Carlos Dominguez\Desktop\BetAndRuin_FloatSoft\resources\db\bets.odb' has been recovered (tr. 482-482)

[2019-03-17 11:17:24 #2 store] 
Database 'C:\Users\Carlos Dominguez\Desktop\BetAndRuin_FloatSoft\resources\db\bets.odb' is opened by 13740@DESKTOP-F3FKHV4

[2019-03-17 11:17:24 #3 type] 
Type domainV2.User is not enhanced.

------------------------------------------------------------------------------------------------------------------------

[2019-03-17 11:18:20 #1 store] 
Database 'C:\Users\Carlos Dominguez\Desktop\BetAndRuin_FloatSoft\resources\db\bets.odb' has been recovered (tr. 483-484)

[2019-03-17 11:18:20 #2 store] 
Database 'C:\Users\Carlos Dominguez\Desktop\BetAndRuin_FloatSoft\resources\db\bets.odb' is opened by 12480@DESKTOP-F3FKHV4

[2019-03-17 11:18:20 #3 type] 
Type domainV2.User is not enhanced.

------------------------------------------------------------------------------------------------------------------------

[2019-03-17 11:25:56 #1 store] 
Database 'C:\Users\Carlos Dominguez\Desktop\BetAndRuin_FloatSoft\resources\db\bets.odb' has been recovered (tr. 485-486)

[2019-03-17 11:25:56 #2 store] 
Database 'C:\Users\Carlos Dominguez\Desktop\BetAndRuin_FloatSoft\resources\db\bets.odb' is opened by 5008@DESKTOP-F3FKHV4

[2019-03-17 11:25:56 #3 type] 
Type domainV2.User is not enhanced.

------------------------------------------------------------------------------------------------------------------------

[2019-03-17 11:26:44 #1 store] 
Database 'C:\Users\Carlos Dominguez\Desktop\BetAndRuin_FloatSoft\resources\db\bets.odb' has been recovered (tr. 487-487)

[2019-03-17 11:26:44 #2 store] 
Database 'C:\Users\Carlos Dominguez\Desktop\BetAndRuin_FloatSoft\resources\db\bets.odb' is opened by 8156@DESKTOP-F3FKHV4

[2019-03-17 11:26:44 #3 type] 
Type domainV2.User is not enhanced.

------------------------------------------------------------------------------------------------------------------------

[2019-03-17 11:27:20 #1 store] 
Database 'C:\Users\Carlos Dominguez\Desktop\BetAndRuin_FloatSoft\resources\db\bets.odb' has been recovered (tr. 488-488)

[2019-03-17 11:27:20 #2 store] 
Database 'C:\Users\Carlos Dominguez\Desktop\BetAndRuin_FloatSoft\resources\db\bets.odb' is opened by 316@DESKTOP-F3FKHV4

[2019-03-17 11:27:20 #3 type] 
Type domainV2.User is not enhanced.

------------------------------------------------------------------------------------------------------------------------

[2019-03-17 11:28:23 #1 store] 
Database 'C:\Users\Carlos Dominguez\Desktop\BetAndRuin_FloatSoft\resources\db\bets.odb' has been recovered (tr. 489-489)

[2019-03-17 11:28:23 #2 store] 
Database 'C:\Users\Carlos Dominguez\Desktop\BetAndRuin_FloatSoft\resources\db\bets.odb' is opened by 8168@DESKTOP-F3FKHV4

[2019-03-17 11:28:23 #3 type] 
Type domainV2.User is not enhanced.

------------------------------------------------------------------------------------------------------------------------

[2019-03-17 11:28:59 #1 store] 
Database 'C:\Users\Carlos Dominguez\Desktop\BetAndRuin_FloatSoft\resources\db\bets.odb' has been recovered (tr. 490-490)

[2019-03-17 11:28:59 #2 store] 
Database 'C:\Users\Carlos Dominguez\Desktop\BetAndRuin_FloatSoft\resources\db\bets.odb' is opened by 4552@DESKTOP-F3FKHV4

[2019-03-17 11:28:59 #3 type] 
Type domainV2.User is not enhanced.

------------------------------------------------------------------------------------------------------------------------

[2019-03-17 11:34:01 #1 store] 
Database 'C:\Users\Carlos Dominguez\Desktop\BetAndRuin_FloatSoft\resources\db\bets.odb' has been recovered (tr. 491-491)

[2019-03-17 11:34:01 #2 store] 
Database 'C:\Users\Carlos Dominguez\Desktop\BetAndRuin_FloatSoft\resources\db\bets.odb' is opened by 13744@DESKTOP-F3FKHV4

[2019-03-17 11:34:01 #3 type] 
Type domainV2.User is not enhanced.

------------------------------------------------------------------------------------------------------------------------

[2019-03-17 11:36:12 #1 store] 
Database 'C:\Users\Carlos Dominguez\Desktop\BetAndRuin_FloatSoft\resources\db\bets.odb' has been recovered (tr. 492-492)

[2019-03-17 11:36:12 #2 store] 
Database 'C:\Users\Carlos Dominguez\Desktop\BetAndRuin_FloatSoft\resources\db\bets.odb' is opened by 11804@DESKTOP-F3FKHV4

[2019-03-17 11:36:12 #3 type] 
Type domainV2.User is not enhanced.

------------------------------------------------------------------------------------------------------------------------

[2019-03-17 11:37:43 #1 store] 
Database 'C:\Users\Carlos Dominguez\Desktop\BetAndRuin_FloatSoft\resources\db\bets.odb' has been recovered (tr. 493-493)

[2019-03-17 11:37:43 #2 store] 
Database 'C:\Users\Carlos Dominguez\Desktop\BetAndRuin_FloatSoft\resources\db\bets.odb' is opened by 13948@DESKTOP-F3FKHV4

[2019-03-17 11:37:43 #3 type] 
Type domainV2.User is not enhanced.

------------------------------------------------------------------------------------------------------------------------

[2019-03-17 11:40:11 #1 store] 
Database 'C:\Users\Carlos Dominguez\Desktop\BetAndRuin_FloatSoft\resources\db\bets.odb' has been recovered (tr. 494-494)

[2019-03-17 11:40:11 #2 store] 
Database 'C:\Users\Carlos Dominguez\Desktop\BetAndRuin_FloatSoft\resources\db\bets.odb' is opened by 5148@DESKTOP-F3FKHV4

[2019-03-17 11:40:11 #3 type] 
Type domainV2.User is not enhanced.

------------------------------------------------------------------------------------------------------------------------

[2019-03-17 11:41:33 #1 store] 
Database 'C:\Users\Carlos Dominguez\Desktop\BetAndRuin_FloatSoft\resources\db\bets.odb' has been recovered (tr. 495-495)

[2019-03-17 11:41:33 #2 store] 
Database 'C:\Users\Carlos Dominguez\Desktop\BetAndRuin_FloatSoft\resources\db\bets.odb' is opened by 6908@DESKTOP-F3FKHV4

[2019-03-17 11:41:33 #3 type] 
Type domainV2.User is not enhanced.

------------------------------------------------------------------------------------------------------------------------

[2019-03-17 11:42:41 #1 store] 
Database 'C:\Users\Carlos Dominguez\Desktop\BetAndRuin_FloatSoft\resources\db\bets.odb' has been recovered (tr. 496-496)

[2019-03-17 11:42:41 #2 store] 
Database 'C:\Users\Carlos Dominguez\Desktop\BetAndRuin_FloatSoft\resources\db\bets.odb' is opened by 10692@DESKTOP-F3FKHV4

[2019-03-17 11:42:41 #3 type] 
Type domainV2.User is not enhanced.

------------------------------------------------------------------------------------------------------------------------

[2019-03-17 11:43:06 #1 store] 
Database 'C:\Users\Carlos Dominguez\Desktop\BetAndRuin_FloatSoft\resources\db\bets.odb' has been recovered (tr. 497-497)

[2019-03-17 11:43:06 #2 store] 
Database 'C:\Users\Carlos Dominguez\Desktop\BetAndRuin_FloatSoft\resources\db\bets.odb' is opened by 9912@DESKTOP-F3FKHV4

[2019-03-17 11:43:06 #3 type] 
Type domainV2.User is not enhanced.

------------------------------------------------------------------------------------------------------------------------

[2019-03-17 11:44:52 #1 store] 
Database 'C:\Users\Carlos Dominguez\Desktop\BetAndRuin_FloatSoft\resources\db\bets.odb' has been recovered (tr. 498-499)

[2019-03-17 11:44:52 #2 store] 
Database 'C:\Users\Carlos Dominguez\Desktop\BetAndRuin_FloatSoft\resources\db\bets.odb' is opened by 12992@DESKTOP-F3FKHV4

[2019-03-17 11:44:52 #3 type] 
Type domainV2.User is not enhanced.

------------------------------------------------------------------------------------------------------------------------

[2019-03-17 11:48:18 #1 store] 
Database 'C:\Users\Carlos Dominguez\Desktop\BetAndRuin_FloatSoft\resources\db\bets.odb' has been recovered (tr. 500-501)

[2019-03-17 11:48:18 #2 store] 
Database 'C:\Users\Carlos Dominguez\Desktop\BetAndRuin_FloatSoft\resources\db\bets.odb' is opened by 240@DESKTOP-F3FKHV4

[2019-03-17 11:48:18 #3 type] 
Type domainV2.User is not enhanced.

------------------------------------------------------------------------------------------------------------------------

[2019-03-17 11:49:56 #1 store] 
Database 'C:\Users\Carlos Dominguez\Desktop\BetAndRuin_FloatSoft\resources\db\bets.odb' has been recovered (tr. 502-503)

[2019-03-17 11:49:56 #2 store] 
Database 'C:\Users\Carlos Dominguez\Desktop\BetAndRuin_FloatSoft\resources\db\bets.odb' is opened by 13016@DESKTOP-F3FKHV4

[2019-03-17 11:49:56 #3 type] 
Type domainV2.User is not enhanced.

------------------------------------------------------------------------------------------------------------------------

[2019-03-17 11:51:19 #1 store] 
Database 'C:\Users\Carlos Dominguez\Desktop\BetAndRuin_FloatSoft\resources\db\bets.odb' has been recovered (tr. 504-505)

[2019-03-17 11:51:19 #2 store] 
Database 'C:\Users\Carlos Dominguez\Desktop\BetAndRuin_FloatSoft\resources\db\bets.odb' is opened by 9948@DESKTOP-F3FKHV4

[2019-03-17 11:51:19 #3 type] 
Type domainV2.User is not enhanced.

------------------------------------------------------------------------------------------------------------------------

[2019-03-17 11:52:39 #1 store] 
Database 'C:\Users\Carlos Dominguez\Desktop\BetAndRuin_FloatSoft\resources\db\bets.odb' has been recovered (tr. 506-507)

[2019-03-17 11:52:39 #2 store] 
Database 'C:\Users\Carlos Dominguez\Desktop\BetAndRuin_FloatSoft\resources\db\bets.odb' is opened by 13660@DESKTOP-F3FKHV4

[2019-03-17 11:52:39 #3 type] 
Type domainV2.User is not enhanced.

------------------------------------------------------------------------------------------------------------------------

[2019-03-17 11:53:09 #1 store] 
Database 'C:\Users\Carlos Dominguez\Desktop\BetAndRuin_FloatSoft\resources\db\bets.odb' has been recovered (tr. 508-508)

[2019-03-17 11:53:09 #2 store] 
Database 'C:\Users\Carlos Dominguez\Desktop\BetAndRuin_FloatSoft\resources\db\bets.odb' is opened by 9616@DESKTOP-F3FKHV4

[2019-03-17 11:53:09 #3 type] 
Type domainV2.User is not enhanced.

------------------------------------------------------------------------------------------------------------------------

[2019-03-17 11:53:57 #1 store] 
Database 'C:\Users\Carlos Dominguez\Desktop\BetAndRuin_FloatSoft\resources\db\bets.odb' has been recovered (tr. 509-509)

[2019-03-17 11:53:57 #2 store] 
Database 'C:\Users\Carlos Dominguez\Desktop\BetAndRuin_FloatSoft\resources\db\bets.odb' is opened by 5468@DESKTOP-F3FKHV4

[2019-03-17 11:53:57 #3 type] 
Type domainV2.User is not enhanced.

------------------------------------------------------------------------------------------------------------------------

[2019-03-17 11:54:33 #1 store] 
Database 'C:\Users\Carlos Dominguez\Desktop\BetAndRuin_FloatSoft\resources\db\bets.odb' has been recovered (tr. 510-510)

[2019-03-17 11:54:33 #2 store] 
Database 'C:\Users\Carlos Dominguez\Desktop\BetAndRuin_FloatSoft\resources\db\bets.odb' is opened by 2360@DESKTOP-F3FKHV4

[2019-03-17 11:54:33 #3 type] 
Type domainV2.User is not enhanced.

------------------------------------------------------------------------------------------------------------------------

[2019-03-17 11:55:57 #1 store] 
Database 'C:\Users\Carlos Dominguez\Desktop\BetAndRuin_FloatSoft\resources\db\bets.odb' has been recovered (tr. 511-512)

[2019-03-17 11:55:57 #2 store] 
Database 'C:\Users\Carlos Dominguez\Desktop\BetAndRuin_FloatSoft\resources\db\bets.odb' is opened by 3620@DESKTOP-F3FKHV4

[2019-03-17 11:55:57 #3 type] 
Type domainV2.User is not enhanced.

------------------------------------------------------------------------------------------------------------------------

[2019-03-17 11:56:55 #1 store] 
Database 'C:\Users\Carlos Dominguez\Desktop\BetAndRuin_FloatSoft\resources\db\bets.odb' has been recovered (tr. 513-513)

[2019-03-17 11:56:55 #2 store] 
Database 'C:\Users\Carlos Dominguez\Desktop\BetAndRuin_FloatSoft\resources\db\bets.odb' is opened by 2376@DESKTOP-F3FKHV4

[2019-03-17 11:56:55 #3 type] 
Type domainV2.User is not enhanced.

------------------------------------------------------------------------------------------------------------------------

[2019-03-17 11:58:33 #1 store] 
Database 'C:\Users\Carlos Dominguez\Desktop\BetAndRuin_FloatSoft\resources\db\bets.odb' has been recovered (tr. 514-514)

[2019-03-17 11:58:33 #2 store] 
Database 'C:\Users\Carlos Dominguez\Desktop\BetAndRuin_FloatSoft\resources\db\bets.odb' is opened by 6820@DESKTOP-F3FKHV4

[2019-03-17 11:58:34 #3 type] 
Type domainV2.User is not enhanced.

------------------------------------------------------------------------------------------------------------------------

[2019-03-17 12:00:27 #1 store] 
Database 'C:\Users\Carlos Dominguez\Desktop\BetAndRuin_FloatSoft\resources\db\bets.odb' has been recovered (tr. 515-519)

[2019-03-17 12:00:27 #2 store] 
Database 'C:\Users\Carlos Dominguez\Desktop\BetAndRuin_FloatSoft\resources\db\bets.odb' is opened by 2464@DESKTOP-F3FKHV4

[2019-03-17 12:00:27 #3 type] 
Type domainV2.User is not enhanced.

------------------------------------------------------------------------------------------------------------------------

[2019-03-17 12:03:47 #1 store] 
Database 'C:\Users\Carlos Dominguez\Desktop\BetAndRuin_FloatSoft\resources\db\bets.odb' has been recovered (tr. 520-521)

[2019-03-17 12:03:47 #2 store] 
Database 'C:\Users\Carlos Dominguez\Desktop\BetAndRuin_FloatSoft\resources\db\bets.odb' is opened by 10700@DESKTOP-F3FKHV4

[2019-03-17 12:03:47 #3 type] 
Type domainV2.User is not enhanced.

------------------------------------------------------------------------------------------------------------------------

[2019-03-17 12:04:22 #1 store] 
Database 'C:\Users\Carlos Dominguez\Desktop\BetAndRuin_FloatSoft\resources\db\bets.odb' has been recovered (tr. 522-522)

[2019-03-17 12:04:22 #2 store] 
Database 'C:\Users\Carlos Dominguez\Desktop\BetAndRuin_FloatSoft\resources\db\bets.odb' is opened by 8524@DESKTOP-F3FKHV4

[2019-03-17 12:04:22 #3 type] 
Type domainV2.User is not enhanced.

------------------------------------------------------------------------------------------------------------------------

[2019-03-17 12:04:40 #1 store] 
Database 'C:\Users\Carlos Dominguez\Desktop\BetAndRuin_FloatSoft\resources\db\bets.odb' has been recovered (tr. 523-523)

[2019-03-17 12:04:40 #2 store] 
Database 'C:\Users\Carlos Dominguez\Desktop\BetAndRuin_FloatSoft\resources\db\bets.odb' is opened by 10320@DESKTOP-F3FKHV4

[2019-03-17 12:04:40 #3 type] 
Type domainV2.User is not enhanced.

------------------------------------------------------------------------------------------------------------------------

[2019-03-17 12:08:09 #1 store] 
Database 'C:\Users\Carlos Dominguez\Desktop\BetAndRuin_FloatSoft\resources\db\bets.odb' has been recovered (tr. 524-527)

[2019-03-17 12:08:09 #2 store] 
Database 'C:\Users\Carlos Dominguez\Desktop\BetAndRuin_FloatSoft\resources\db\bets.odb' is opened by 8004@DESKTOP-F3FKHV4

[2019-03-17 12:08:10 #3 type] 
Type domainV2.User is not enhanced.

------------------------------------------------------------------------------------------------------------------------

[2019-03-17 12:08:35 #1 store] 
Database 'C:\Users\Carlos Dominguez\Desktop\BetAndRuin_FloatSoft\resources\db\bets.odb' has been recovered (tr. 528-528)

[2019-03-17 12:08:35 #2 store] 
Database 'C:\Users\Carlos Dominguez\Desktop\BetAndRuin_FloatSoft\resources\db\bets.odb' is opened by 14188@DESKTOP-F3FKHV4

[2019-03-17 12:08:35 #3 type] 
Type domainV2.User is not enhanced.

