------------------------------------------------------------------------------------------------------------------------

[2019-03-24 00:04:01 #1 store] 
Database 'C:\Users\Carlos\Desktop\BetAndRuin_FloatSoft\resources\db\bets.odb' has been recovered (tr. 2092-2112)

[2019-03-24 00:04:01 #2 store] 
Database 'C:\Users\Carlos\Desktop\BetAndRuin_FloatSoft\resources\db\bets.odb' is opened by 3216@DESKTOP-K71H3G5

[2019-03-24 00:04:01 #3 type] 
Type domainV2.User is not enhanced.

[2019-03-24 00:04:01 #4 type] 
Type domainV2.News is not enhanced.

------------------------------------------------------------------------------------------------------------------------

[2019-03-24 10:14:07 #1 store] 
Database 'C:\Users\Carlos\Desktop\BetAndRuin_FloatSoft\resources\db\bets.odb' has been recovered (tr. 2113-2125)

[2019-03-24 10:14:07 #2 store] 
Database 'C:\Users\Carlos\Desktop\BetAndRuin_FloatSoft\resources\db\bets.odb' is opened by 8736@DESKTOP-K71H3G5

[2019-03-24 10:14:07 #3 type] 
Type domainV2.User is not enhanced.

[2019-03-24 10:14:07 #4 type] 
Type domainV2.News is not enhanced.

------------------------------------------------------------------------------------------------------------------------

[2019-03-24 10:14:54 #1 store] 
Database 'C:\Users\Carlos\Desktop\BetAndRuin_FloatSoft\resources\db\bets.odb' has been recovered (tr. 2126-2128)

[2019-03-24 10:14:54 #2 store] 
Database 'C:\Users\Carlos\Desktop\BetAndRuin_FloatSoft\resources\db\bets.odb' is opened by 11092@DESKTOP-K71H3G5

[2019-03-24 10:14:54 #3 type] 
Type domainV2.User is not enhanced.

[2019-03-24 10:14:54 #4 type] 
Type domainV2.News is not enhanced.

------------------------------------------------------------------------------------------------------------------------

[2019-03-24 10:19:42 #1 store] 
Database 'C:\Users\Carlos\Desktop\BetAndRuin_FloatSoft\resources\db\bets.odb' has been recovered (tr. 2129-2129)

[2019-03-24 10:19:42 #2 store] 
Database 'C:\Users\Carlos\Desktop\BetAndRuin_FloatSoft\resources\db\bets.odb' is opened by 5880@DESKTOP-K71H3G5

[2019-03-24 10:19:42 #3 type] 
Type domainV2.User is not enhanced.

[2019-03-24 10:19:42 #4 type] 
Type domainV2.News is not enhanced.

------------------------------------------------------------------------------------------------------------------------

[2019-03-24 10:20:58 #1 store] 
Database 'C:\Users\Carlos\Desktop\BetAndRuin_FloatSoft\resources\db\bets.odb' has been recovered (tr. 2130-2130)

[2019-03-24 10:20:58 #2 store] 
Database 'C:\Users\Carlos\Desktop\BetAndRuin_FloatSoft\resources\db\bets.odb' is opened by 8260@DESKTOP-K71H3G5

[2019-03-24 10:20:58 #3 type] 
Type domainV2.User is not enhanced.

[2019-03-24 10:20:58 #4 type] 
Type domainV2.News is not enhanced.

------------------------------------------------------------------------------------------------------------------------

[2019-03-24 10:22:37 #1 store] 
Database 'C:\Users\Carlos\Desktop\BetAndRuin_FloatSoft\resources\db\bets.odb' has been recovered (tr. 2131-2131)

[2019-03-24 10:22:37 #2 store] 
Database 'C:\Users\Carlos\Desktop\BetAndRuin_FloatSoft\resources\db\bets.odb' is opened by 10208@DESKTOP-K71H3G5

[2019-03-24 10:22:37 #3 type] 
Type domainV2.User is not enhanced.

[2019-03-24 10:22:37 #4 type] 
Type domainV2.News is not enhanced.

------------------------------------------------------------------------------------------------------------------------

[2019-03-24 10:23:14 #1 store] 
Database 'C:\Users\Carlos\Desktop\BetAndRuin_FloatSoft\resources\db\bets.odb' has been recovered (tr. 2132-2132)

[2019-03-24 10:23:14 #2 store] 
Database 'C:\Users\Carlos\Desktop\BetAndRuin_FloatSoft\resources\db\bets.odb' is opened by 5464@DESKTOP-K71H3G5

[2019-03-24 10:23:14 #3 type] 
Type domainV2.User is not enhanced.

[2019-03-24 10:23:14 #4 type] 
Type domainV2.News is not enhanced.

------------------------------------------------------------------------------------------------------------------------

[2019-03-24 11:05:47 #1 store] 
Database 'C:\Users\Carlos\Desktop\BetAndRuin_FloatSoft\resources\db\bets.odb' has been recovered (tr. 2133-2133)

[2019-03-24 11:05:47 #2 store] 
Database 'C:\Users\Carlos\Desktop\BetAndRuin_FloatSoft\resources\db\bets.odb' is opened by 11676@DESKTOP-K71H3G5

[2019-03-24 11:05:47 #3 type] 
Type domainV2.User is not enhanced.

[2019-03-24 11:05:47 #4 type] 
Type domainV2.News is not enhanced.

------------------------------------------------------------------------------------------------------------------------

[2019-03-24 11:07:47 #1 store] 
Database 'C:\Users\Carlos\Desktop\BetAndRuin_FloatSoft\resources\db\bets.odb' has been recovered (tr. 2134-2134)

[2019-03-24 11:07:47 #2 store] 
Database 'C:\Users\Carlos\Desktop\BetAndRuin_FloatSoft\resources\db\bets.odb' is opened by 4352@DESKTOP-K71H3G5

[2019-03-24 11:07:47 #3 type] 
Type domainV2.User is not enhanced.

[2019-03-24 11:07:47 #4 type] 
Type domainV2.News is not enhanced.

------------------------------------------------------------------------------------------------------------------------

[2019-03-24 11:09:57 #1 store] 
Database 'C:\Users\Carlos\Desktop\BetAndRuin_FloatSoft\resources\db\bets.odb' has been recovered (tr. 2135-2135)

[2019-03-24 11:09:58 #2 store] 
Database 'C:\Users\Carlos\Desktop\BetAndRuin_FloatSoft\resources\db\bets.odb' is opened by 9088@DESKTOP-K71H3G5

[2019-03-24 11:09:58 #3 type] 
Type domainV2.User is not enhanced.

[2019-03-24 11:09:58 #4 type] 
Type domainV2.News is not enhanced.

------------------------------------------------------------------------------------------------------------------------

[2019-03-24 11:10:54 #1 store] 
Database 'C:\Users\Carlos\Desktop\BetAndRuin_FloatSoft\resources\db\bets.odb' has been recovered (tr. 2136-2136)

[2019-03-24 11:10:54 #2 store] 
Database 'C:\Users\Carlos\Desktop\BetAndRuin_FloatSoft\resources\db\bets.odb' is opened by 8868@DESKTOP-K71H3G5

[2019-03-24 11:10:54 #3 type] 
Type domainV2.User is not enhanced.

[2019-03-24 11:10:54 #4 type] 
Type domainV2.News is not enhanced.

------------------------------------------------------------------------------------------------------------------------

[2019-03-24 11:11:49 #1 store] 
Database 'C:\Users\Carlos\Desktop\BetAndRuin_FloatSoft\resources\db\bets.odb' has been recovered (tr. 2137-2137)

[2019-03-24 11:11:49 #2 store] 
Database 'C:\Users\Carlos\Desktop\BetAndRuin_FloatSoft\resources\db\bets.odb' is opened by 5900@DESKTOP-K71H3G5

[2019-03-24 11:11:49 #3 type] 
Type domainV2.User is not enhanced.

[2019-03-24 11:11:49 #4 type] 
Type domainV2.News is not enhanced.

------------------------------------------------------------------------------------------------------------------------

[2019-03-24 11:14:18 #1 store] 
Database 'C:\Users\Carlos\Desktop\BetAndRuin_FloatSoft\resources\db\bets.odb' has been recovered (tr. 2138-2138)

[2019-03-24 11:14:18 #2 store] 
Database 'C:\Users\Carlos\Desktop\BetAndRuin_FloatSoft\resources\db\bets.odb' is opened by 5100@DESKTOP-K71H3G5

[2019-03-24 11:14:19 #3 type] 
Type domainV2.User is not enhanced.

[2019-03-24 11:14:19 #4 type] 
Type domainV2.News is not enhanced.

------------------------------------------------------------------------------------------------------------------------

[2019-03-24 11:15:22 #1 store] 
Database 'C:\Users\Carlos\Desktop\BetAndRuin_FloatSoft\resources\db\bets.odb' has been recovered (tr. 2139-2139)

[2019-03-24 11:15:22 #2 store] 
Database 'C:\Users\Carlos\Desktop\BetAndRuin_FloatSoft\resources\db\bets.odb' is opened by 7392@DESKTOP-K71H3G5

[2019-03-24 11:15:22 #3 type] 
Type domainV2.User is not enhanced.

[2019-03-24 11:15:22 #4 type] 
Type domainV2.News is not enhanced.

------------------------------------------------------------------------------------------------------------------------

[2019-03-24 11:16:46 #1 store] 
Database 'C:\Users\Carlos\Desktop\BetAndRuin_FloatSoft\resources\db\bets.odb' has been recovered (tr. 2140-2140)

[2019-03-24 11:16:46 #2 store] 
Database 'C:\Users\Carlos\Desktop\BetAndRuin_FloatSoft\resources\db\bets.odb' is opened by 7560@DESKTOP-K71H3G5

[2019-03-24 11:16:46 #3 type] 
Type domainV2.User is not enhanced.

[2019-03-24 11:16:46 #4 type] 
Type domainV2.News is not enhanced.

------------------------------------------------------------------------------------------------------------------------

[2019-03-24 11:18:07 #1 store] 
Database 'C:\Users\Carlos\Desktop\BetAndRuin_FloatSoft\resources\db\bets.odb' is opened by 12656@DESKTOP-K71H3G5

[2019-03-24 11:18:07 #2 type] 
Type domainV2.User is not enhanced.

[2019-03-24 11:18:07 #3 type] 
Type domainV2.News is not enhanced.

------------------------------------------------------------------------------------------------------------------------

[2019-03-24 11:21:04 #1 store] 
Database 'C:\Users\Carlos\Desktop\BetAndRuin_FloatSoft\resources\db\bets.odb' has been recovered (tr. 2142-2143)

[2019-03-24 11:21:04 #2 store] 
Database 'C:\Users\Carlos\Desktop\BetAndRuin_FloatSoft\resources\db\bets.odb' is opened by 12024@DESKTOP-K71H3G5

[2019-03-24 11:21:05 #3 type] 
Type domainV2.User is not enhanced.

[2019-03-24 11:21:05 #4 type] 
Type domainV2.News is not enhanced.

------------------------------------------------------------------------------------------------------------------------

[2019-03-24 11:21:43 #1 store] 
Database 'C:\Users\Carlos\Desktop\BetAndRuin_FloatSoft\resources\db\bets.odb' has been recovered (tr. 2144-2144)

[2019-03-24 11:21:43 #2 store] 
Database 'C:\Users\Carlos\Desktop\BetAndRuin_FloatSoft\resources\db\bets.odb' is opened by 8432@DESKTOP-K71H3G5

[2019-03-24 11:21:43 #3 type] 
Type domainV2.User is not enhanced.

[2019-03-24 11:21:43 #4 type] 
Type domainV2.News is not enhanced.

------------------------------------------------------------------------------------------------------------------------

[2019-03-24 11:22:45 #1 store] 
Database 'C:\Users\Carlos\Desktop\BetAndRuin_FloatSoft\resources\db\bets.odb' has been recovered (tr. 2145-2145)

[2019-03-24 11:22:45 #2 store] 
Database 'C:\Users\Carlos\Desktop\BetAndRuin_FloatSoft\resources\db\bets.odb' is opened by 204@DESKTOP-K71H3G5

[2019-03-24 11:22:45 #3 type] 
Type domainV2.User is not enhanced.

[2019-03-24 11:22:45 #4 type] 
Type domainV2.News is not enhanced.

------------------------------------------------------------------------------------------------------------------------

[2019-03-24 11:24:08 #1 store] 
Database 'C:\Users\Carlos\Desktop\BetAndRuin_FloatSoft\resources\db\bets.odb' has been recovered (tr. 2146-2146)

[2019-03-24 11:24:08 #2 store] 
Database 'C:\Users\Carlos\Desktop\BetAndRuin_FloatSoft\resources\db\bets.odb' is opened by 11596@DESKTOP-K71H3G5

[2019-03-24 11:24:08 #3 type] 
Type domainV2.User is not enhanced.

[2019-03-24 11:24:08 #4 type] 
Type domainV2.News is not enhanced.

------------------------------------------------------------------------------------------------------------------------

[2019-03-24 11:25:25 #1 store] 
Database 'C:\Users\Carlos\Desktop\BetAndRuin_FloatSoft\resources\db\bets.odb' has been recovered (tr. 2147-2147)

[2019-03-24 11:25:25 #2 store] 
Database 'C:\Users\Carlos\Desktop\BetAndRuin_FloatSoft\resources\db\bets.odb' is opened by 3752@DESKTOP-K71H3G5

[2019-03-24 11:25:25 #3 type] 
Type domainV2.User is not enhanced.

[2019-03-24 11:25:25 #4 type] 
Type domainV2.News is not enhanced.

------------------------------------------------------------------------------------------------------------------------

[2019-03-24 11:26:23 #1 store] 
Database 'C:\Users\Carlos\Desktop\BetAndRuin_FloatSoft\resources\db\bets.odb' has been recovered (tr. 2148-2148)

[2019-03-24 11:26:23 #2 store] 
Database 'C:\Users\Carlos\Desktop\BetAndRuin_FloatSoft\resources\db\bets.odb' is opened by 3688@DESKTOP-K71H3G5

[2019-03-24 11:26:23 #3 type] 
Type domainV2.User is not enhanced.

[2019-03-24 11:26:23 #4 type] 
Type domainV2.News is not enhanced.

------------------------------------------------------------------------------------------------------------------------

[2019-03-24 11:31:43 #1 store] 
Database 'C:\Users\Carlos\Desktop\BetAndRuin_FloatSoft\resources\db\bets.odb' has been recovered (tr. 2149-2149)

[2019-03-24 11:31:43 #2 store] 
Database 'C:\Users\Carlos\Desktop\BetAndRuin_FloatSoft\resources\db\bets.odb' is opened by 1832@DESKTOP-K71H3G5

[2019-03-24 11:31:43 #3 type] 
Type domainV2.User is not enhanced.

[2019-03-24 11:31:43 #4 type] 
Type domainV2.News is not enhanced.

------------------------------------------------------------------------------------------------------------------------

[2019-03-24 11:32:48 #1 store] 
Database 'C:\Users\Carlos\Desktop\BetAndRuin_FloatSoft\resources\db\bets.odb' has been recovered (tr. 2150-2150)

[2019-03-24 11:32:48 #2 store] 
Database 'C:\Users\Carlos\Desktop\BetAndRuin_FloatSoft\resources\db\bets.odb' is opened by 6612@DESKTOP-K71H3G5

[2019-03-24 11:32:49 #3 type] 
Type domainV2.User is not enhanced.

[2019-03-24 11:32:49 #4 type] 
Type domainV2.News is not enhanced.

------------------------------------------------------------------------------------------------------------------------

[2019-03-24 11:35:30 #1 store] 
Database 'C:\Users\Carlos\Desktop\BetAndRuin_FloatSoft\resources\db\bets.odb' has been recovered (tr. 2151-2151)

[2019-03-24 11:35:30 #2 store] 
Database 'C:\Users\Carlos\Desktop\BetAndRuin_FloatSoft\resources\db\bets.odb' is opened by 12656@DESKTOP-K71H3G5

[2019-03-24 11:35:31 #3 type] 
Type domainV2.User is not enhanced.

[2019-03-24 11:35:31 #4 type] 
Type domainV2.News is not enhanced.

------------------------------------------------------------------------------------------------------------------------

[2019-03-24 11:36:38 #1 store] 
Database 'C:\Users\Carlos\Desktop\BetAndRuin_FloatSoft\resources\db\bets.odb' has been recovered (tr. 2152-2152)

[2019-03-24 11:36:38 #2 store] 
Database 'C:\Users\Carlos\Desktop\BetAndRuin_FloatSoft\resources\db\bets.odb' is opened by 7840@DESKTOP-K71H3G5

[2019-03-24 11:36:39 #3 type] 
Type domainV2.User is not enhanced.

[2019-03-24 11:36:39 #4 type] 
Type domainV2.News is not enhanced.

------------------------------------------------------------------------------------------------------------------------

[2019-03-24 11:41:08 #1 store] 
Database 'C:\Users\Carlos\Desktop\BetAndRuin_FloatSoft\resources\db\bets.odb' has been recovered (tr. 2153-2153)

[2019-03-24 11:41:08 #2 store] 
Database 'C:\Users\Carlos\Desktop\BetAndRuin_FloatSoft\resources\db\bets.odb' is opened by 12216@DESKTOP-K71H3G5

[2019-03-24 11:41:08 #3 type] 
Type domainV2.User is not enhanced.

[2019-03-24 11:41:08 #4 type] 
Type domainV2.News is not enhanced.

------------------------------------------------------------------------------------------------------------------------

[2019-03-24 11:46:33 #1 store] 
Database 'C:\Users\Carlos\Desktop\BetAndRuin_FloatSoft\resources\db\bets.odb' has been recovered (tr. 2154-2154)

[2019-03-24 11:46:33 #2 store] 
Database 'C:\Users\Carlos\Desktop\BetAndRuin_FloatSoft\resources\db\bets.odb' is opened by 516@DESKTOP-K71H3G5

[2019-03-24 11:46:33 #3 type] 
Type domainV2.User is not enhanced.

[2019-03-24 11:46:33 #4 type] 
Type domainV2.News is not enhanced.

------------------------------------------------------------------------------------------------------------------------

[2019-03-24 11:47:02 #1 store] 
Database 'C:\Users\Carlos\Desktop\BetAndRuin_FloatSoft\resources\db\bets.odb' has been recovered (tr. 2155-5286)

[2019-03-24 11:47:02 #2 store] 
Database 'C:\Users\Carlos\Desktop\BetAndRuin_FloatSoft\resources\db\bets.odb' is opened by 9104@DESKTOP-K71H3G5

[2019-03-24 11:47:02 #3 type] 
Type domainV2.User is not enhanced.

[2019-03-24 11:47:02 #4 type] 
Type domainV2.News is not enhanced.

------------------------------------------------------------------------------------------------------------------------

[2019-03-24 11:47:29 #1 store] 
Database 'C:\Users\Carlos\Desktop\BetAndRuin_FloatSoft\resources\db\bets.odb' has been recovered (tr. 5287-6619)

[2019-03-24 11:47:29 #2 store] 
Database 'C:\Users\Carlos\Desktop\BetAndRuin_FloatSoft\resources\db\bets.odb' is opened by 7072@DESKTOP-K71H3G5

[2019-03-24 11:47:29 #3 type] 
Type domainV2.User is not enhanced.

[2019-03-24 11:47:29 #4 type] 
Type domainV2.News is not enhanced.

------------------------------------------------------------------------------------------------------------------------

[2019-03-24 11:49:39 #1 store] 
Database 'C:\Users\Carlos\Desktop\BetAndRuin_FloatSoft\resources\db\bets.odb' is opened by 8372@DESKTOP-K71H3G5

[2019-03-24 11:49:40 #2 type.registry] 
New type domainV2.User

[2019-03-24 11:49:40 #3 type] 
Type domainV2.User is not enhanced.

[2019-03-24 11:49:40 #4 type.registry] 
New type java.util.LinkedList<java.lang.Object>

[2019-03-24 11:49:40 #5 type.registry] 
New type java.util.LinkedList<java.lang.String>

------------------------------------------------------------------------------------------------------------------------

[2019-03-24 11:50:09 #1 store] 
Database 'C:\Users\Carlos\Desktop\BetAndRuin_FloatSoft\resources\db\bets.odb' has been recovered (tr. 1-3168)

[2019-03-24 11:50:09 #2 store] 
Database 'C:\Users\Carlos\Desktop\BetAndRuin_FloatSoft\resources\db\bets.odb' is opened by 8004@DESKTOP-K71H3G5

[2019-03-24 11:50:10 #3 type] 
Type domainV2.User is not enhanced.

------------------------------------------------------------------------------------------------------------------------

[2019-03-24 11:50:34 #1 store] 
Database 'C:\Users\Carlos\Desktop\BetAndRuin_FloatSoft\resources\db\bets.odb' has been recovered (tr. 3169-3169)

[2019-03-24 11:50:34 #2 store] 
Database 'C:\Users\Carlos\Desktop\BetAndRuin_FloatSoft\resources\db\bets.odb' is opened by 12912@DESKTOP-K71H3G5

[2019-03-24 11:50:35 #3 type] 
Type domainV2.User is not enhanced.

------------------------------------------------------------------------------------------------------------------------

[2019-03-24 11:51:35 #1 store] 
Database 'C:\Users\Carlos\Desktop\BetAndRuin_FloatSoft\resources\db\bets.odb' has been recovered (tr. 3170-3170)

[2019-03-24 11:51:35 #2 store] 
Database 'C:\Users\Carlos\Desktop\BetAndRuin_FloatSoft\resources\db\bets.odb' is opened by 7508@DESKTOP-K71H3G5

[2019-03-24 11:51:35 #3 type] 
Type domainV2.User is not enhanced.

------------------------------------------------------------------------------------------------------------------------

[2019-03-24 11:52:33 #1 store] 
Database 'C:\Users\Carlos\Desktop\BetAndRuin_FloatSoft\resources\db\bets.odb' is opened by 11952@DESKTOP-K71H3G5

[2019-03-24 11:52:33 #2 type] 
Type domainV2.User is not enhanced.

------------------------------------------------------------------------------------------------------------------------

[2019-03-24 11:54:55 #1 store] 
Database 'C:\Users\Carlos\Desktop\BetAndRuin_FloatSoft\resources\db\bets.odb' has been recovered (tr. 3172-3174)

[2019-03-24 11:54:55 #2 store] 
Database 'C:\Users\Carlos\Desktop\BetAndRuin_FloatSoft\resources\db\bets.odb' is opened by 7796@DESKTOP-K71H3G5

[2019-03-24 11:54:55 #3 type] 
Type domainV2.User is not enhanced.

------------------------------------------------------------------------------------------------------------------------

[2019-03-24 11:56:13 #1 store] 
Database 'C:\Users\Carlos\Desktop\BetAndRuin_FloatSoft\resources\db\bets.odb' has been recovered (tr. 3175-3175)

[2019-03-24 11:56:13 #2 store] 
Database 'C:\Users\Carlos\Desktop\BetAndRuin_FloatSoft\resources\db\bets.odb' is opened by 352@DESKTOP-K71H3G5

[2019-03-24 11:56:13 #3 type] 
Type domainV2.User is not enhanced.

------------------------------------------------------------------------------------------------------------------------

[2019-03-24 11:58:43 #1 store] 
Database 'C:\Users\Carlos\Desktop\BetAndRuin_FloatSoft\resources\db\bets.odb' has been recovered (tr. 3176-3176)

[2019-03-24 11:58:43 #2 store] 
Database 'C:\Users\Carlos\Desktop\BetAndRuin_FloatSoft\resources\db\bets.odb' is opened by 1624@DESKTOP-K71H3G5

[2019-03-24 11:58:43 #3 type] 
Type domainV2.User is not enhanced.

------------------------------------------------------------------------------------------------------------------------

[2019-03-24 11:59:27 #1 store] 
Database 'C:\Users\Carlos\Desktop\BetAndRuin_FloatSoft\resources\db\bets.odb' has been recovered (tr. 3177-3177)

[2019-03-24 11:59:27 #2 store] 
Database 'C:\Users\Carlos\Desktop\BetAndRuin_FloatSoft\resources\db\bets.odb' is opened by 9132@DESKTOP-K71H3G5

[2019-03-24 11:59:27 #3 type] 
Type domainV2.User is not enhanced.

------------------------------------------------------------------------------------------------------------------------

[2019-03-24 11:59:50 #1 store] 
Database 'C:\Users\Carlos\Desktop\BetAndRuin_FloatSoft\resources\db\bets.odb' has been recovered (tr. 3178-3178)

[2019-03-24 11:59:50 #2 store] 
Database 'C:\Users\Carlos\Desktop\BetAndRuin_FloatSoft\resources\db\bets.odb' is opened by 11996@DESKTOP-K71H3G5

[2019-03-24 11:59:50 #3 type] 
Type domainV2.User is not enhanced.

------------------------------------------------------------------------------------------------------------------------

[2019-03-24 12:01:26 #1 store] 
Database 'C:\Users\Carlos\Desktop\BetAndRuin_FloatSoft\resources\db\bets.odb' has been recovered (tr. 3179-3179)

[2019-03-24 12:01:26 #2 store] 
Database 'C:\Users\Carlos\Desktop\BetAndRuin_FloatSoft\resources\db\bets.odb' is opened by 2756@DESKTOP-K71H3G5

[2019-03-24 12:01:26 #3 type] 
Type domainV2.User is not enhanced.

------------------------------------------------------------------------------------------------------------------------

[2019-03-24 12:02:54 #1 store] 
Database 'C:\Users\Carlos\Desktop\BetAndRuin_FloatSoft\resources\db\bets.odb' has been recovered (tr. 3180-3180)

[2019-03-24 12:02:54 #2 store] 
Database 'C:\Users\Carlos\Desktop\BetAndRuin_FloatSoft\resources\db\bets.odb' is opened by 7392@DESKTOP-K71H3G5

[2019-03-24 12:02:54 #3 type] 
Type domainV2.User is not enhanced.

------------------------------------------------------------------------------------------------------------------------

[2019-03-24 12:03:08 #1 store] 
Database 'C:\Users\Carlos\Desktop\BetAndRuin_FloatSoft\resources\db\bets.odb' has been recovered (tr. 3181-3394)

[2019-03-24 12:03:09 #2 store] 
Database 'C:\Users\Carlos\Desktop\BetAndRuin_FloatSoft\resources\db\bets.odb' is opened by 11496@DESKTOP-K71H3G5

[2019-03-24 12:03:09 #3 type] 
Type domainV2.User is not enhanced.

------------------------------------------------------------------------------------------------------------------------

[2019-03-24 12:04:30 #1 store] 
Database 'C:\Users\Carlos\Desktop\BetAndRuin_FloatSoft\resources\db\bets.odb' has been recovered (tr. 3395-3395)

[2019-03-24 12:04:30 #2 store] 
Database 'C:\Users\Carlos\Desktop\BetAndRuin_FloatSoft\resources\db\bets.odb' is opened by 12904@DESKTOP-K71H3G5

[2019-03-24 12:04:30 #3 type] 
Type domainV2.User is not enhanced.

[2019-03-24 12:04:32 #4 type.registry] 
New type domainV2.News

[2019-03-24 12:04:32 #5 type] 
Type domainV2.News is not enhanced.

------------------------------------------------------------------------------------------------------------------------

[2019-03-24 12:06:06 #1 store] 
Database 'C:\Users\Carlos\Desktop\BetAndRuin_FloatSoft\resources\db\bets.odb' has been recovered (tr. 3396-3397)

[2019-03-24 12:06:06 #2 store] 
Database 'C:\Users\Carlos\Desktop\BetAndRuin_FloatSoft\resources\db\bets.odb' is opened by 1280@DESKTOP-K71H3G5

[2019-03-24 12:06:06 #3 type] 
Type domainV2.User is not enhanced.

[2019-03-24 12:06:06 #4 type] 
Type domainV2.News is not enhanced.

------------------------------------------------------------------------------------------------------------------------

[2019-03-24 12:06:27 #1 store] 
Database 'C:\Users\Carlos\Desktop\BetAndRuin_FloatSoft\resources\db\bets.odb' has been recovered (tr. 3398-8518)

[2019-03-24 12:06:27 #2 store] 
Database 'C:\Users\Carlos\Desktop\BetAndRuin_FloatSoft\resources\db\bets.odb' is opened by 4700@DESKTOP-K71H3G5

[2019-03-24 12:06:27 #3 type] 
Type domainV2.User is not enhanced.

[2019-03-24 12:06:27 #4 type] 
Type domainV2.News is not enhanced.

------------------------------------------------------------------------------------------------------------------------

[2019-03-24 12:06:40 #1 store] 
Database 'C:\Users\Carlos\Desktop\BetAndRuin_FloatSoft\resources\db\bets.odb' has been recovered (tr. 8519-9875)

[2019-03-24 12:06:40 #2 store] 
Database 'C:\Users\Carlos\Desktop\BetAndRuin_FloatSoft\resources\db\bets.odb' is opened by 2356@DESKTOP-K71H3G5

[2019-03-24 12:06:40 #3 type] 
Type domainV2.User is not enhanced.

[2019-03-24 12:06:40 #4 type] 
Type domainV2.News is not enhanced.

------------------------------------------------------------------------------------------------------------------------

[2019-03-24 12:09:44 #1 store] 
Database 'C:\Users\Carlos\Desktop\BetAndRuin_FloatSoft\resources\db\bets.odb' has been recovered (tr. 9876-9876)

[2019-03-24 12:09:44 #2 store] 
Database 'C:\Users\Carlos\Desktop\BetAndRuin_FloatSoft\resources\db\bets.odb' is opened by 6672@DESKTOP-K71H3G5

[2019-03-24 12:09:44 #3 type] 
Type domainV2.User is not enhanced.

[2019-03-24 12:09:44 #4 type] 
Type domainV2.News is not enhanced.

------------------------------------------------------------------------------------------------------------------------

[2019-03-24 12:11:32 #1 store] 
Database 'C:\Users\Carlos\Desktop\BetAndRuin_FloatSoft\resources\db\bets.odb' has been recovered (tr. 9877-9877)

[2019-03-24 12:11:32 #2 store] 
Database 'C:\Users\Carlos\Desktop\BetAndRuin_FloatSoft\resources\db\bets.odb' is opened by 4680@DESKTOP-K71H3G5

[2019-03-24 12:11:32 #3 type] 
Type domainV2.User is not enhanced.

[2019-03-24 12:11:32 #4 type] 
Type domainV2.News is not enhanced.

------------------------------------------------------------------------------------------------------------------------

[2019-03-24 12:12:36 #1 store] 
Database 'C:\Users\Carlos\Desktop\BetAndRuin_FloatSoft\resources\db\bets.odb' has been recovered (tr. 9878-9878)

[2019-03-24 12:12:36 #2 store] 
Database 'C:\Users\Carlos\Desktop\BetAndRuin_FloatSoft\resources\db\bets.odb' is opened by 12024@DESKTOP-K71H3G5

[2019-03-24 12:12:36 #3 type] 
Type domainV2.User is not enhanced.

[2019-03-24 12:12:36 #4 type] 
Type domainV2.News is not enhanced.

------------------------------------------------------------------------------------------------------------------------

[2019-03-24 12:14:17 #1 store] 
Database 'C:\Users\Carlos\Desktop\BetAndRuin_FloatSoft\resources\db\bets.odb' has been recovered (tr. 9879-9879)

[2019-03-24 12:14:17 #2 store] 
Database 'C:\Users\Carlos\Desktop\BetAndRuin_FloatSoft\resources\db\bets.odb' is opened by 8656@DESKTOP-K71H3G5

[2019-03-24 12:14:17 #3 type] 
Type domainV2.User is not enhanced.

[2019-03-24 12:14:17 #4 type] 
Type domainV2.News is not enhanced.

------------------------------------------------------------------------------------------------------------------------

[2019-03-24 12:16:49 #1 store] 
Database 'C:\Users\Carlos\Desktop\BetAndRuin_FloatSoft\resources\db\bets.odb' has been recovered (tr. 9880-9880)

[2019-03-24 12:16:49 #2 store] 
Database 'C:\Users\Carlos\Desktop\BetAndRuin_FloatSoft\resources\db\bets.odb' is opened by 7872@DESKTOP-K71H3G5

[2019-03-24 12:16:49 #3 type] 
Type domainV2.User is not enhanced.

[2019-03-24 12:16:49 #4 type] 
Type domainV2.News is not enhanced.

------------------------------------------------------------------------------------------------------------------------

[2019-03-24 12:19:17 #1 store] 
Database 'C:\Users\Carlos\Desktop\BetAndRuin_FloatSoft\resources\db\bets.odb' has been recovered (tr. 9881-9881)

[2019-03-24 12:19:17 #2 store] 
Database 'C:\Users\Carlos\Desktop\BetAndRuin_FloatSoft\resources\db\bets.odb' is opened by 6260@DESKTOP-K71H3G5

[2019-03-24 12:19:17 #3 type] 
Type domainV2.User is not enhanced.

[2019-03-24 12:19:17 #4 type] 
Type domainV2.News is not enhanced.

------------------------------------------------------------------------------------------------------------------------

[2019-03-24 12:20:10 #1 store] 
Database 'C:\Users\Carlos\Desktop\BetAndRuin_FloatSoft\resources\db\bets.odb' has been recovered (tr. 9882-9882)

[2019-03-24 12:20:10 #2 store] 
Database 'C:\Users\Carlos\Desktop\BetAndRuin_FloatSoft\resources\db\bets.odb' is opened by 3772@DESKTOP-K71H3G5

[2019-03-24 12:20:10 #3 type] 
Type domainV2.User is not enhanced.

[2019-03-24 12:20:10 #4 type] 
Type domainV2.News is not enhanced.

------------------------------------------------------------------------------------------------------------------------

[2019-03-24 12:22:03 #1 store] 
Database 'C:\Users\Carlos\Desktop\BetAndRuin_FloatSoft\resources\db\bets.odb' has been recovered (tr. 9883-9883)

[2019-03-24 12:22:03 #2 store] 
Database 'C:\Users\Carlos\Desktop\BetAndRuin_FloatSoft\resources\db\bets.odb' is opened by 11732@DESKTOP-K71H3G5

[2019-03-24 12:22:03 #3 type] 
Type domainV2.User is not enhanced.

[2019-03-24 12:22:03 #4 type] 
Type domainV2.News is not enhanced.

------------------------------------------------------------------------------------------------------------------------

[2019-03-24 12:23:36 #1 store] 
Database 'C:\Users\Carlos\Desktop\BetAndRuin_FloatSoft\resources\db\bets.odb' has been recovered (tr. 9884-9884)

[2019-03-24 12:23:37 #2 store] 
Database 'C:\Users\Carlos\Desktop\BetAndRuin_FloatSoft\resources\db\bets.odb' is opened by 3856@DESKTOP-K71H3G5

[2019-03-24 12:23:37 #3 type] 
Type domainV2.User is not enhanced.

[2019-03-24 12:23:37 #4 type] 
Type domainV2.News is not enhanced.

------------------------------------------------------------------------------------------------------------------------

[2019-03-24 12:24:45 #1 store] 
Database 'C:\Users\Carlos\Desktop\BetAndRuin_FloatSoft\resources\db\bets.odb' has been recovered (tr. 9885-9885)

[2019-03-24 12:24:45 #2 store] 
Database 'C:\Users\Carlos\Desktop\BetAndRuin_FloatSoft\resources\db\bets.odb' is opened by 4880@DESKTOP-K71H3G5

[2019-03-24 12:24:45 #3 type] 
Type domainV2.User is not enhanced.

[2019-03-24 12:24:45 #4 type] 
Type domainV2.News is not enhanced.

------------------------------------------------------------------------------------------------------------------------

[2019-03-24 12:25:41 #1 store] 
Database 'C:\Users\Carlos\Desktop\BetAndRuin_FloatSoft\resources\db\bets.odb' has been recovered (tr. 9886-9886)

[2019-03-24 12:25:41 #2 store] 
Database 'C:\Users\Carlos\Desktop\BetAndRuin_FloatSoft\resources\db\bets.odb' is opened by 11016@DESKTOP-K71H3G5

[2019-03-24 12:25:42 #3 type] 
Type domainV2.User is not enhanced.

[2019-03-24 12:25:42 #4 type] 
Type domainV2.News is not enhanced.

------------------------------------------------------------------------------------------------------------------------

[2019-03-24 12:26:14 #1 store] 
Database 'C:\Users\Carlos\Desktop\BetAndRuin_FloatSoft\resources\db\bets.odb' has been recovered (tr. 9887-9887)

[2019-03-24 12:26:14 #2 store] 
Database 'C:\Users\Carlos\Desktop\BetAndRuin_FloatSoft\resources\db\bets.odb' is opened by 10376@DESKTOP-K71H3G5

[2019-03-24 12:26:14 #3 type] 
Type domainV2.User is not enhanced.

[2019-03-24 12:26:14 #4 type] 
Type domainV2.News is not enhanced.

------------------------------------------------------------------------------------------------------------------------

[2019-03-24 12:27:02 #1 store] 
Database 'C:\Users\Carlos\Desktop\BetAndRuin_FloatSoft\resources\db\bets.odb' has been recovered (tr. 9888-9888)

[2019-03-24 12:27:02 #2 store] 
Database 'C:\Users\Carlos\Desktop\BetAndRuin_FloatSoft\resources\db\bets.odb' is opened by 11960@DESKTOP-K71H3G5

[2019-03-24 12:27:02 #3 type] 
Type domainV2.User is not enhanced.

[2019-03-24 12:27:02 #4 type] 
Type domainV2.News is not enhanced.

------------------------------------------------------------------------------------------------------------------------

[2019-03-24 12:28:09 #1 store] 
Database 'C:\Users\Carlos\Desktop\BetAndRuin_FloatSoft\resources\db\bets.odb' has been recovered (tr. 9889-9889)

[2019-03-24 12:28:09 #2 store] 
Database 'C:\Users\Carlos\Desktop\BetAndRuin_FloatSoft\resources\db\bets.odb' is opened by 6988@DESKTOP-K71H3G5

[2019-03-24 12:28:09 #3 type] 
Type domainV2.User is not enhanced.

[2019-03-24 12:28:09 #4 type] 
Type domainV2.News is not enhanced.

------------------------------------------------------------------------------------------------------------------------

[2019-03-24 12:30:24 #1 store] 
Database 'C:\Users\Carlos\Desktop\BetAndRuin_FloatSoft\resources\db\bets.odb' has been recovered (tr. 9890-9890)

[2019-03-24 12:30:24 #2 store] 
Database 'C:\Users\Carlos\Desktop\BetAndRuin_FloatSoft\resources\db\bets.odb' is opened by 1008@DESKTOP-K71H3G5

[2019-03-24 12:30:24 #3 type] 
Type domainV2.User is not enhanced.

[2019-03-24 12:30:24 #4 type] 
Type domainV2.News is not enhanced.

------------------------------------------------------------------------------------------------------------------------

[2019-03-24 12:32:38 #1 store] 
Database 'C:\Users\Carlos\Desktop\BetAndRuin_FloatSoft\resources\db\bets.odb' has been recovered (tr. 9891-9891)

[2019-03-24 12:32:38 #2 store] 
Database 'C:\Users\Carlos\Desktop\BetAndRuin_FloatSoft\resources\db\bets.odb' is opened by 12840@DESKTOP-K71H3G5

[2019-03-24 12:32:38 #3 type] 
Type domainV2.User is not enhanced.

[2019-03-24 12:32:38 #4 type] 
Type domainV2.News is not enhanced.

------------------------------------------------------------------------------------------------------------------------

[2019-03-24 12:33:19 #1 store] 
Database 'C:\Users\Carlos\Desktop\BetAndRuin_FloatSoft\resources\db\bets.odb' has been recovered (tr. 9892-9892)

[2019-03-24 12:33:19 #2 store] 
Database 'C:\Users\Carlos\Desktop\BetAndRuin_FloatSoft\resources\db\bets.odb' is opened by 1940@DESKTOP-K71H3G5

[2019-03-24 12:33:19 #3 type] 
Type domainV2.User is not enhanced.

[2019-03-24 12:33:19 #4 type] 
Type domainV2.News is not enhanced.

------------------------------------------------------------------------------------------------------------------------

[2019-03-24 12:34:57 #1 store] 
Database 'C:\Users\Carlos\Desktop\BetAndRuin_FloatSoft\resources\db\bets.odb' has been recovered (tr. 9893-9893)

[2019-03-24 12:34:57 #2 store] 
Database 'C:\Users\Carlos\Desktop\BetAndRuin_FloatSoft\resources\db\bets.odb' is opened by 11184@DESKTOP-K71H3G5

[2019-03-24 12:34:57 #3 type] 
Type domainV2.User is not enhanced.

[2019-03-24 12:34:57 #4 type] 
Type domainV2.News is not enhanced.

------------------------------------------------------------------------------------------------------------------------

[2019-03-24 12:35:21 #1 store] 
Database 'C:\Users\Carlos\Desktop\BetAndRuin_FloatSoft\resources\db\bets.odb' has been recovered (tr. 9894-9894)

[2019-03-24 12:35:21 #2 store] 
Database 'C:\Users\Carlos\Desktop\BetAndRuin_FloatSoft\resources\db\bets.odb' is opened by 13172@DESKTOP-K71H3G5

[2019-03-24 12:35:21 #3 type] 
Type domainV2.User is not enhanced.

[2019-03-24 12:35:21 #4 type] 
Type domainV2.News is not enhanced.

------------------------------------------------------------------------------------------------------------------------

[2019-03-24 12:38:32 #1 store] 
Database 'C:\Users\Carlos\Desktop\BetAndRuin_FloatSoft\resources\db\bets.odb' has been recovered (tr. 9895-9895)

[2019-03-24 12:38:32 #2 store] 
Database 'C:\Users\Carlos\Desktop\BetAndRuin_FloatSoft\resources\db\bets.odb' is opened by 11536@DESKTOP-K71H3G5

[2019-03-24 12:38:32 #3 type] 
Type domainV2.User is not enhanced.

[2019-03-24 12:38:32 #4 type] 
Type domainV2.News is not enhanced.

------------------------------------------------------------------------------------------------------------------------

[2019-03-24 12:45:33 #1 store] 
Database 'C:\Users\Carlos\Desktop\BetAndRuin_FloatSoft\resources\db\bets.odb' has been recovered (tr. 9896-9896)

[2019-03-24 12:45:33 #2 store] 
Database 'C:\Users\Carlos\Desktop\BetAndRuin_FloatSoft\resources\db\bets.odb' is opened by 7572@DESKTOP-K71H3G5

[2019-03-24 12:45:33 #3 type] 
Type domainV2.User is not enhanced.

[2019-03-24 12:45:33 #4 type] 
Type domainV2.News is not enhanced.

------------------------------------------------------------------------------------------------------------------------

[2019-03-24 12:48:15 #1 store] 
Database 'C:\Users\Carlos\Desktop\BetAndRuin_FloatSoft\resources\db\bets.odb' has been recovered (tr. 9897-9897)

[2019-03-24 12:48:15 #2 store] 
Database 'C:\Users\Carlos\Desktop\BetAndRuin_FloatSoft\resources\db\bets.odb' is opened by 2244@DESKTOP-K71H3G5

[2019-03-24 12:48:15 #3 type] 
Type domainV2.User is not enhanced.

[2019-03-24 12:48:15 #4 type] 
Type domainV2.News is not enhanced.

------------------------------------------------------------------------------------------------------------------------

[2019-03-24 12:51:25 #1 store] 
Database 'C:\Users\Carlos\Desktop\BetAndRuin_FloatSoft\resources\db\bets.odb' has been recovered (tr. 9898-9898)

[2019-03-24 12:51:25 #2 store] 
Database 'C:\Users\Carlos\Desktop\BetAndRuin_FloatSoft\resources\db\bets.odb' is opened by 11420@DESKTOP-K71H3G5

[2019-03-24 12:51:25 #3 type] 
Type domainV2.User is not enhanced.

[2019-03-24 12:51:25 #4 type] 
Type domainV2.News is not enhanced.

------------------------------------------------------------------------------------------------------------------------

[2019-03-24 12:58:36 #1 store] 
Database 'C:\Users\Carlos\Desktop\BetAndRuin_FloatSoft\resources\db\bets.odb' has been recovered (tr. 9899-9899)

[2019-03-24 12:58:36 #2 store] 
Database 'C:\Users\Carlos\Desktop\BetAndRuin_FloatSoft\resources\db\bets.odb' is opened by 8040@DESKTOP-K71H3G5

[2019-03-24 12:58:36 #3 type] 
Type domainV2.User is not enhanced.

[2019-03-24 12:58:36 #4 type] 
Type domainV2.News is not enhanced.

------------------------------------------------------------------------------------------------------------------------

[2019-03-24 12:59:31 #1 store] 
Database 'C:\Users\Carlos\Desktop\BetAndRuin_FloatSoft\resources\db\bets.odb' has been recovered (tr. 9900-9900)

[2019-03-24 12:59:31 #2 store] 
Database 'C:\Users\Carlos\Desktop\BetAndRuin_FloatSoft\resources\db\bets.odb' is opened by 1548@DESKTOP-K71H3G5

[2019-03-24 12:59:31 #3 type] 
Type domainV2.User is not enhanced.

[2019-03-24 12:59:31 #4 type] 
Type domainV2.News is not enhanced.

------------------------------------------------------------------------------------------------------------------------

[2019-03-24 13:01:47 #1 store] 
Database 'C:\Users\Carlos\Desktop\BetAndRuin_FloatSoft\resources\db\bets.odb' has been recovered (tr. 9901-9901)

[2019-03-24 13:01:47 #2 store] 
Database 'C:\Users\Carlos\Desktop\BetAndRuin_FloatSoft\resources\db\bets.odb' is opened by 2268@DESKTOP-K71H3G5

[2019-03-24 13:01:47 #3 type] 
Type domainV2.User is not enhanced.

[2019-03-24 13:01:47 #4 type] 
Type domainV2.News is not enhanced.

------------------------------------------------------------------------------------------------------------------------

[2019-03-24 13:02:55 #1 store] 
Database 'C:\Users\Carlos\Desktop\BetAndRuin_FloatSoft\resources\db\bets.odb' has been recovered (tr. 9902-9902)

[2019-03-24 13:02:55 #2 store] 
Database 'C:\Users\Carlos\Desktop\BetAndRuin_FloatSoft\resources\db\bets.odb' is opened by 8472@DESKTOP-K71H3G5

[2019-03-24 13:02:55 #3 type] 
Type domainV2.User is not enhanced.

[2019-03-24 13:02:55 #4 type] 
Type domainV2.News is not enhanced.

------------------------------------------------------------------------------------------------------------------------

[2019-03-24 13:04:12 #1 store] 
Database 'C:\Users\Carlos\Desktop\BetAndRuin_FloatSoft\resources\db\bets.odb' has been recovered (tr. 9903-9903)

[2019-03-24 13:04:12 #2 store] 
Database 'C:\Users\Carlos\Desktop\BetAndRuin_FloatSoft\resources\db\bets.odb' is opened by 1272@DESKTOP-K71H3G5

[2019-03-24 13:04:12 #3 type] 
Type domainV2.User is not enhanced.

[2019-03-24 13:04:12 #4 type] 
Type domainV2.News is not enhanced.

------------------------------------------------------------------------------------------------------------------------

[2019-03-24 13:05:09 #1 store] 
Database 'C:\Users\Carlos\Desktop\BetAndRuin_FloatSoft\resources\db\bets.odb' has been recovered (tr. 9904-9904)

[2019-03-24 13:05:09 #2 store] 
Database 'C:\Users\Carlos\Desktop\BetAndRuin_FloatSoft\resources\db\bets.odb' is opened by 11832@DESKTOP-K71H3G5

[2019-03-24 13:05:09 #3 type] 
Type domainV2.User is not enhanced.

[2019-03-24 13:05:09 #4 type] 
Type domainV2.News is not enhanced.

------------------------------------------------------------------------------------------------------------------------

[2019-03-24 13:07:24 #1 store] 
Database 'C:\Users\Carlos\Desktop\BetAndRuin_FloatSoft\resources\db\bets.odb' has been recovered (tr. 9905-9905)

[2019-03-24 13:07:24 #2 store] 
Database 'C:\Users\Carlos\Desktop\BetAndRuin_FloatSoft\resources\db\bets.odb' is opened by 12648@DESKTOP-K71H3G5

[2019-03-24 13:07:24 #3 type] 
Type domainV2.User is not enhanced.

[2019-03-24 13:07:24 #4 type] 
Type domainV2.News is not enhanced.

------------------------------------------------------------------------------------------------------------------------

[2019-03-24 13:08:39 #1 store] 
Database 'C:\Users\Carlos\Desktop\BetAndRuin_FloatSoft\resources\db\bets.odb' has been recovered (tr. 9906-9906)

[2019-03-24 13:08:39 #2 store] 
Database 'C:\Users\Carlos\Desktop\BetAndRuin_FloatSoft\resources\db\bets.odb' is opened by 11996@DESKTOP-K71H3G5

[2019-03-24 13:08:40 #3 type] 
Type domainV2.User is not enhanced.

[2019-03-24 13:08:40 #4 type] 
Type domainV2.News is not enhanced.

------------------------------------------------------------------------------------------------------------------------

[2019-03-24 13:09:37 #1 store] 
Database 'C:\Users\Carlos\Desktop\BetAndRuin_FloatSoft\resources\db\bets.odb' has been recovered (tr. 9907-9907)

[2019-03-24 13:09:37 #2 store] 
Database 'C:\Users\Carlos\Desktop\BetAndRuin_FloatSoft\resources\db\bets.odb' is opened by 8400@DESKTOP-K71H3G5

[2019-03-24 13:09:37 #3 type] 
Type domainV2.User is not enhanced.

[2019-03-24 13:09:37 #4 type] 
Type domainV2.News is not enhanced.

------------------------------------------------------------------------------------------------------------------------

[2019-03-24 13:10:19 #1 store] 
Database 'C:\Users\Carlos\Desktop\BetAndRuin_FloatSoft\resources\db\bets.odb' has been recovered (tr. 9908-9908)

[2019-03-24 13:10:19 #2 store] 
Database 'C:\Users\Carlos\Desktop\BetAndRuin_FloatSoft\resources\db\bets.odb' is opened by 2856@DESKTOP-K71H3G5

[2019-03-24 13:10:19 #3 type] 
Type domainV2.User is not enhanced.

[2019-03-24 13:10:19 #4 type] 
Type domainV2.News is not enhanced.

------------------------------------------------------------------------------------------------------------------------

[2019-03-24 13:10:38 #1 store] 
Database 'C:\Users\Carlos\Desktop\BetAndRuin_FloatSoft\resources\db\bets.odb' has been recovered (tr. 9909-9909)

[2019-03-24 13:10:38 #2 store] 
Database 'C:\Users\Carlos\Desktop\BetAndRuin_FloatSoft\resources\db\bets.odb' is opened by 1360@DESKTOP-K71H3G5

[2019-03-24 13:10:38 #3 type] 
Type domainV2.User is not enhanced.

[2019-03-24 13:10:38 #4 type] 
Type domainV2.News is not enhanced.

------------------------------------------------------------------------------------------------------------------------

[2019-03-24 13:10:56 #1 store] 
Database 'C:\Users\Carlos\Desktop\BetAndRuin_FloatSoft\resources\db\bets.odb' has been recovered (tr. 9910-9910)

[2019-03-24 13:10:56 #2 store] 
Database 'C:\Users\Carlos\Desktop\BetAndRuin_FloatSoft\resources\db\bets.odb' is opened by 7812@DESKTOP-K71H3G5

[2019-03-24 13:10:56 #3 type] 
Type domainV2.User is not enhanced.

[2019-03-24 13:10:56 #4 type] 
Type domainV2.News is not enhanced.

------------------------------------------------------------------------------------------------------------------------

[2019-03-24 13:12:14 #1 store] 
Database 'C:\Users\Carlos\Desktop\BetAndRuin_FloatSoft\resources\db\bets.odb' has been recovered (tr. 9911-9911)

[2019-03-24 13:12:14 #2 store] 
Database 'C:\Users\Carlos\Desktop\BetAndRuin_FloatSoft\resources\db\bets.odb' is opened by 4724@DESKTOP-K71H3G5

[2019-03-24 13:12:15 #3 type] 
Type domainV2.User is not enhanced.

[2019-03-24 13:12:15 #4 type] 
Type domainV2.News is not enhanced.

------------------------------------------------------------------------------------------------------------------------

[2019-03-24 13:14:48 #1 store] 
Database 'C:\Users\Carlos\Desktop\BetAndRuin_FloatSoft\resources\db\bets.odb' has been recovered (tr. 9912-9912)

[2019-03-24 13:14:48 #2 store] 
Database 'C:\Users\Carlos\Desktop\BetAndRuin_FloatSoft\resources\db\bets.odb' is opened by 2856@DESKTOP-K71H3G5

[2019-03-24 13:14:48 #3 type] 
Type domainV2.User is not enhanced.

[2019-03-24 13:14:48 #4 type] 
Type domainV2.News is not enhanced.

------------------------------------------------------------------------------------------------------------------------

[2019-03-24 13:15:35 #1 store] 
Database 'C:\Users\Carlos\Desktop\BetAndRuin_FloatSoft\resources\db\bets.odb' has been recovered (tr. 9913-9913)

[2019-03-24 13:15:35 #2 store] 
Database 'C:\Users\Carlos\Desktop\BetAndRuin_FloatSoft\resources\db\bets.odb' is opened by 6320@DESKTOP-K71H3G5

[2019-03-24 13:15:35 #3 type] 
Type domainV2.User is not enhanced.

[2019-03-24 13:15:35 #4 type] 
Type domainV2.News is not enhanced.

------------------------------------------------------------------------------------------------------------------------

[2019-03-24 13:16:59 #1 store] 
Database 'C:\Users\Carlos\Desktop\BetAndRuin_FloatSoft\resources\db\bets.odb' has been recovered (tr. 9914-9914)

[2019-03-24 13:16:59 #2 store] 
Database 'C:\Users\Carlos\Desktop\BetAndRuin_FloatSoft\resources\db\bets.odb' is opened by 7248@DESKTOP-K71H3G5

[2019-03-24 13:16:59 #3 type] 
Type domainV2.User is not enhanced.

[2019-03-24 13:16:59 #4 type] 
Type domainV2.News is not enhanced.

------------------------------------------------------------------------------------------------------------------------

[2019-03-24 13:17:36 #1 store] 
Database 'C:\Users\Carlos\Desktop\BetAndRuin_FloatSoft\resources\db\bets.odb' has been recovered (tr. 9915-9915)

[2019-03-24 13:17:36 #2 store] 
Database 'C:\Users\Carlos\Desktop\BetAndRuin_FloatSoft\resources\db\bets.odb' is opened by 2964@DESKTOP-K71H3G5

[2019-03-24 13:17:36 #3 type] 
Type domainV2.User is not enhanced.

[2019-03-24 13:17:36 #4 type] 
Type domainV2.News is not enhanced.

------------------------------------------------------------------------------------------------------------------------

[2019-03-24 13:20:07 #1 store] 
Database 'C:\Users\Carlos\Desktop\BetAndRuin_FloatSoft\resources\db\bets.odb' has been recovered (tr. 9916-9916)

[2019-03-24 13:20:07 #2 store] 
Database 'C:\Users\Carlos\Desktop\BetAndRuin_FloatSoft\resources\db\bets.odb' is opened by 9936@DESKTOP-K71H3G5

[2019-03-24 13:20:07 #3 type] 
Type domainV2.User is not enhanced.

[2019-03-24 13:20:07 #4 type] 
Type domainV2.News is not enhanced.

------------------------------------------------------------------------------------------------------------------------

[2019-03-24 13:22:38 #1 store] 
Database 'C:\Users\Carlos\Desktop\BetAndRuin_FloatSoft\resources\db\bets.odb' has been recovered (tr. 9917-9918)

[2019-03-24 13:22:38 #2 store] 
Database 'C:\Users\Carlos\Desktop\BetAndRuin_FloatSoft\resources\db\bets.odb' is opened by 5456@DESKTOP-K71H3G5

[2019-03-24 13:22:38 #3 type] 
Type domainV2.User is not enhanced.

[2019-03-24 13:22:38 #4 type] 
Type domainV2.News is not enhanced.

------------------------------------------------------------------------------------------------------------------------

[2019-03-24 13:23:31 #1 store] 
Database 'C:\Users\Carlos\Desktop\BetAndRuin_FloatSoft\resources\db\bets.odb' has been recovered (tr. 9919-9919)

[2019-03-24 13:23:31 #2 store] 
Database 'C:\Users\Carlos\Desktop\BetAndRuin_FloatSoft\resources\db\bets.odb' is opened by 13260@DESKTOP-K71H3G5

[2019-03-24 13:23:31 #3 type] 
Type domainV2.User is not enhanced.

[2019-03-24 13:23:31 #4 type] 
Type domainV2.News is not enhanced.

------------------------------------------------------------------------------------------------------------------------

[2019-03-24 13:25:39 #1 store] 
Database 'C:\Users\Carlos\Desktop\BetAndRuin_FloatSoft\resources\db\bets.odb' has been recovered (tr. 9920-9920)

[2019-03-24 13:25:39 #2 store] 
Database 'C:\Users\Carlos\Desktop\BetAndRuin_FloatSoft\resources\db\bets.odb' is opened by 7564@DESKTOP-K71H3G5

[2019-03-24 13:25:39 #3 type] 
Type domainV2.User is not enhanced.

[2019-03-24 13:25:39 #4 type] 
Type domainV2.News is not enhanced.

------------------------------------------------------------------------------------------------------------------------

[2019-03-24 13:27:47 #1 store] 
Database 'C:\Users\Carlos\Desktop\BetAndRuin_FloatSoft\resources\db\bets.odb' has been recovered (tr. 9921-9922)

[2019-03-24 13:27:47 #2 store] 
Database 'C:\Users\Carlos\Desktop\BetAndRuin_FloatSoft\resources\db\bets.odb' is opened by 3688@DESKTOP-K71H3G5

[2019-03-24 13:27:47 #3 type] 
Type domainV2.User is not enhanced.

[2019-03-24 13:27:47 #4 type] 
Type domainV2.News is not enhanced.

------------------------------------------------------------------------------------------------------------------------

[2019-03-24 13:32:35 #1 store] 
Database 'C:\Users\Carlos\Desktop\BetAndRuin_FloatSoft\resources\db\bets.odb' has been recovered (tr. 9923-9925)

[2019-03-24 13:32:35 #2 store] 
Database 'C:\Users\Carlos\Desktop\BetAndRuin_FloatSoft\resources\db\bets.odb' is opened by 9840@DESKTOP-K71H3G5

[2019-03-24 13:32:35 #3 type] 
Type domainV2.User is not enhanced.

[2019-03-24 13:32:35 #4 type] 
Type domainV2.News is not enhanced.

------------------------------------------------------------------------------------------------------------------------

[2019-03-24 13:34:35 #1 store] 
Database 'C:\Users\Carlos\Desktop\BetAndRuin_FloatSoft\resources\db\bets.odb' has been recovered (tr. 9926-9926)

[2019-03-24 13:34:35 #2 store] 
Database 'C:\Users\Carlos\Desktop\BetAndRuin_FloatSoft\resources\db\bets.odb' is opened by 2080@DESKTOP-K71H3G5

[2019-03-24 13:34:36 #3 type] 
Type domainV2.User is not enhanced.

[2019-03-24 13:34:36 #4 type] 
Type domainV2.News is not enhanced.

------------------------------------------------------------------------------------------------------------------------

[2019-03-24 13:59:18 #1 store] 
Database 'C:\Users\Carlos\Desktop\BetAndRuin_FloatSoft\resources\db\bets.odb' has been recovered (tr. 9927-9929)

[2019-03-24 13:59:18 #2 store] 
Database 'C:\Users\Carlos\Desktop\BetAndRuin_FloatSoft\resources\db\bets.odb' is opened by 7068@DESKTOP-K71H3G5

[2019-03-24 13:59:18 #3 type] 
Type domainV2.User is not enhanced.

[2019-03-24 13:59:18 #4 type] 
Type domainV2.News is not enhanced.

------------------------------------------------------------------------------------------------------------------------

[2019-03-24 14:03:09 #1 store] 
Database 'C:\Users\Carlos\Desktop\BetAndRuin_FloatSoft\resources\db\bets.odb' has been recovered (tr. 9930-9930)

[2019-03-24 14:03:10 #2 store] 
Database 'C:\Users\Carlos\Desktop\BetAndRuin_FloatSoft\resources\db\bets.odb' is opened by 4172@DESKTOP-K71H3G5

[2019-03-24 14:03:10 #3 type] 
Type domainV2.User is not enhanced.

[2019-03-24 14:03:10 #4 type] 
Type domainV2.News is not enhanced.

------------------------------------------------------------------------------------------------------------------------

[2019-03-24 14:04:31 #1 store] 
Database 'C:\Users\Carlos\Desktop\BetAndRuin_FloatSoft\resources\db\bets.odb' has been recovered (tr. 9931-9931)

[2019-03-24 14:04:31 #2 store] 
Database 'C:\Users\Carlos\Desktop\BetAndRuin_FloatSoft\resources\db\bets.odb' is opened by 3268@DESKTOP-K71H3G5

[2019-03-24 14:04:31 #3 type] 
Type domainV2.User is not enhanced.

[2019-03-24 14:04:31 #4 type] 
Type domainV2.News is not enhanced.

------------------------------------------------------------------------------------------------------------------------

[2019-03-24 14:13:24 #1 store] 
Database 'C:\Users\Carlos\Desktop\BetAndRuin_FloatSoft\resources\db\bets.odb' has been recovered (tr. 9932-9932)

[2019-03-24 14:13:24 #2 store] 
Database 'C:\Users\Carlos\Desktop\BetAndRuin_FloatSoft\resources\db\bets.odb' is opened by 8792@DESKTOP-K71H3G5

[2019-03-24 14:13:24 #3 type] 
Type domainV2.User is not enhanced.

[2019-03-24 14:13:24 #4 type] 
Type domainV2.News is not enhanced.

------------------------------------------------------------------------------------------------------------------------

[2019-03-24 14:13:52 #1 store] 
Database 'C:\Users\Carlos\Desktop\BetAndRuin_FloatSoft\resources\db\bets.odb' has been recovered (tr. 9933-10431)

[2019-03-24 14:13:52 #2 store] 
Database 'C:\Users\Carlos\Desktop\BetAndRuin_FloatSoft\resources\db\bets.odb' is opened by 12476@DESKTOP-K71H3G5

[2019-03-24 14:13:53 #3 type] 
Type domainV2.User is not enhanced.

[2019-03-24 14:13:53 #4 type] 
Type domainV2.News is not enhanced.

------------------------------------------------------------------------------------------------------------------------

[2019-03-24 14:14:08 #1 store] 
Database 'C:\Users\Carlos\Desktop\BetAndRuin_FloatSoft\resources\db\bets.odb' has been recovered (tr. 10432-11275)

[2019-03-24 14:14:08 #2 store] 
Database 'C:\Users\Carlos\Desktop\BetAndRuin_FloatSoft\resources\db\bets.odb' is opened by 9800@DESKTOP-K71H3G5

[2019-03-24 14:14:08 #3 type] 
Type domainV2.User is not enhanced.

[2019-03-24 14:14:08 #4 type] 
Type domainV2.News is not enhanced.

------------------------------------------------------------------------------------------------------------------------

[2019-03-24 17:16:51 #1 store] 
Database 'C:\Users\Carlos\Desktop\BetAndRuin_FloatSoft\resources\db\bets.odb' has been recovered (tr. 11276-15525)

[2019-03-24 17:16:51 #2 store] 
Database 'C:\Users\Carlos\Desktop\BetAndRuin_FloatSoft\resources\db\bets.odb' is opened by 6896@DESKTOP-K71H3G5

[2019-03-24 17:16:51 #3 type] 
Type domainV2.User is not enhanced.

[2019-03-24 17:16:51 #4 type] 
Type domainV2.News is not enhanced.

------------------------------------------------------------------------------------------------------------------------

[2019-03-24 17:31:55 #1 store] 
Database 'C:\Users\Carlos\Desktop\BetAndRuin_FloatSoft\resources\db\bets.odb' has been recovered (tr. 15526-15526)

[2019-03-24 17:31:55 #2 store] 
Database 'C:\Users\Carlos\Desktop\BetAndRuin_FloatSoft\resources\db\bets.odb' is opened by 8040@DESKTOP-K71H3G5

[2019-03-24 17:31:56 #3 type] 
Type domainV2.User is not enhanced.

[2019-03-24 17:31:56 #4 type] 
Type domainV2.News is not enhanced.

------------------------------------------------------------------------------------------------------------------------

[2019-03-24 17:34:07 #1 store] 
Database 'C:\Users\Carlos\Desktop\BetAndRuin_FloatSoft\resources\db\bets.odb' has been recovered (tr. 15527-15528)

[2019-03-24 17:34:07 #2 store] 
Database 'C:\Users\Carlos\Desktop\BetAndRuin_FloatSoft\resources\db\bets.odb' is opened by 2096@DESKTOP-K71H3G5

[2019-03-24 17:34:07 #3 type] 
Type domainV2.User is not enhanced.

[2019-03-24 17:34:07 #4 type] 
Type domainV2.News is not enhanced.

------------------------------------------------------------------------------------------------------------------------

[2019-03-24 17:35:38 #1 store] 
Database 'C:\Users\Carlos\Desktop\BetAndRuin_FloatSoft\resources\db\bets.odb' has been recovered (tr. 15529-15529)

[2019-03-24 17:35:38 #2 store] 
Database 'C:\Users\Carlos\Desktop\BetAndRuin_FloatSoft\resources\db\bets.odb' is opened by 9452@DESKTOP-K71H3G5

[2019-03-24 17:35:38 #3 type] 
Type domainV2.User is not enhanced.

[2019-03-24 17:35:38 #4 type] 
Type domainV2.News is not enhanced.

------------------------------------------------------------------------------------------------------------------------

[2019-03-24 17:36:52 #1 store] 
Database 'C:\Users\Carlos\Desktop\BetAndRuin_FloatSoft\resources\db\bets.odb' has been recovered (tr. 15530-15530)

[2019-03-24 17:36:52 #2 store] 
Database 'C:\Users\Carlos\Desktop\BetAndRuin_FloatSoft\resources\db\bets.odb' is opened by 1188@DESKTOP-K71H3G5

[2019-03-24 17:36:53 #3 type] 
Type domainV2.User is not enhanced.

[2019-03-24 17:36:53 #4 type] 
Type domainV2.News is not enhanced.

------------------------------------------------------------------------------------------------------------------------

[2019-03-24 17:37:35 #1 store] 
Database 'C:\Users\Carlos\Desktop\BetAndRuin_FloatSoft\resources\db\bets.odb' has been recovered (tr. 15531-15531)

[2019-03-24 17:37:35 #2 store] 
Database 'C:\Users\Carlos\Desktop\BetAndRuin_FloatSoft\resources\db\bets.odb' is opened by 2568@DESKTOP-K71H3G5

[2019-03-24 17:37:35 #3 type] 
Type domainV2.User is not enhanced.

[2019-03-24 17:37:35 #4 type] 
Type domainV2.News is not enhanced.

------------------------------------------------------------------------------------------------------------------------

[2019-03-24 17:39:40 #1 store] 
Database 'C:\Users\Carlos\Desktop\BetAndRuin_FloatSoft\resources\db\bets.odb' has been recovered (tr. 15532-15532)

[2019-03-24 17:39:40 #2 store] 
Database 'C:\Users\Carlos\Desktop\BetAndRuin_FloatSoft\resources\db\bets.odb' is opened by 10664@DESKTOP-K71H3G5

[2019-03-24 17:39:40 #3 type] 
Type domainV2.User is not enhanced.

[2019-03-24 17:39:40 #4 type] 
Type domainV2.News is not enhanced.

------------------------------------------------------------------------------------------------------------------------

[2019-03-24 17:40:19 #1 store] 
Database 'C:\Users\Carlos\Desktop\BetAndRuin_FloatSoft\resources\db\bets.odb' has been recovered (tr. 15533-15533)

[2019-03-24 17:40:19 #2 store] 
Database 'C:\Users\Carlos\Desktop\BetAndRuin_FloatSoft\resources\db\bets.odb' is opened by 7564@DESKTOP-K71H3G5

[2019-03-24 17:40:19 #3 type] 
Type domainV2.User is not enhanced.

[2019-03-24 17:40:19 #4 type] 
Type domainV2.News is not enhanced.

------------------------------------------------------------------------------------------------------------------------

[2019-03-24 17:40:45 #1 store] 
Database 'C:\Users\Carlos\Desktop\BetAndRuin_FloatSoft\resources\db\bets.odb' has been recovered (tr. 15534-15534)

[2019-03-24 17:40:45 #2 store] 
Database 'C:\Users\Carlos\Desktop\BetAndRuin_FloatSoft\resources\db\bets.odb' is opened by 13252@DESKTOP-K71H3G5

[2019-03-24 17:40:45 #3 type] 
Type domainV2.User is not enhanced.

[2019-03-24 17:40:45 #4 type] 
Type domainV2.News is not enhanced.

------------------------------------------------------------------------------------------------------------------------

[2019-03-24 17:41:42 #1 store] 
Database 'C:\Users\Carlos\Desktop\BetAndRuin_FloatSoft\resources\db\bets.odb' has been recovered (tr. 15535-15535)

[2019-03-24 17:41:42 #2 store] 
Database 'C:\Users\Carlos\Desktop\BetAndRuin_FloatSoft\resources\db\bets.odb' is opened by 6228@DESKTOP-K71H3G5

[2019-03-24 17:41:42 #3 type] 
Type domainV2.User is not enhanced.

[2019-03-24 17:41:42 #4 type] 
Type domainV2.News is not enhanced.

------------------------------------------------------------------------------------------------------------------------

[2019-03-24 17:48:34 #1 store] 
Database 'C:\Users\Carlos\Desktop\BetAndRuin_FloatSoft\resources\db\bets.odb' has been recovered (tr. 15536-15536)

[2019-03-24 17:48:34 #2 store] 
Database 'C:\Users\Carlos\Desktop\BetAndRuin_FloatSoft\resources\db\bets.odb' is opened by 4748@DESKTOP-K71H3G5

[2019-03-24 17:48:34 #3 type] 
Type domainV2.User is not enhanced.

[2019-03-24 17:48:34 #4 type] 
Type domainV2.News is not enhanced.

------------------------------------------------------------------------------------------------------------------------

[2019-03-24 17:53:32 #1 store] 
Database 'C:\Users\Carlos\Desktop\BetAndRuin_FloatSoft\resources\db\bets.odb' has been recovered (tr. 15537-15538)

[2019-03-24 17:53:32 #2 store] 
Database 'C:\Users\Carlos\Desktop\BetAndRuin_FloatSoft\resources\db\bets.odb' is opened by 5940@DESKTOP-K71H3G5

[2019-03-24 17:53:32 #3 type] 
Type domainV2.User is not enhanced.

[2019-03-24 17:53:32 #4 type] 
Type domainV2.News is not enhanced.

------------------------------------------------------------------------------------------------------------------------

[2019-03-24 17:56:11 #1 store] 
Database 'C:\Users\Carlos\Desktop\BetAndRuin_FloatSoft\resources\db\bets.odb' has been recovered (tr. 15539-15540)

[2019-03-24 17:56:11 #2 store] 
Database 'C:\Users\Carlos\Desktop\BetAndRuin_FloatSoft\resources\db\bets.odb' is opened by 13008@DESKTOP-K71H3G5

[2019-03-24 17:56:11 #3 type] 
Type domainV2.User is not enhanced.

[2019-03-24 17:56:11 #4 type] 
Type domainV2.News is not enhanced.

------------------------------------------------------------------------------------------------------------------------

[2019-03-24 17:57:18 #1 store] 
Database 'C:\Users\Carlos\Desktop\BetAndRuin_FloatSoft\resources\db\bets.odb' has been recovered (tr. 15541-15542)

[2019-03-24 17:57:18 #2 store] 
Database 'C:\Users\Carlos\Desktop\BetAndRuin_FloatSoft\resources\db\bets.odb' is opened by 3596@DESKTOP-K71H3G5

[2019-03-24 17:57:18 #3 type] 
Type domainV2.User is not enhanced.

[2019-03-24 17:57:18 #4 type] 
Type domainV2.News is not enhanced.

------------------------------------------------------------------------------------------------------------------------

[2019-03-24 18:00:53 #1 store] 
Database 'C:\Users\Carlos\Desktop\BetAndRuin_FloatSoft\resources\db\bets.odb' has been recovered (tr. 15543-15543)

[2019-03-24 18:00:53 #2 store] 
Database 'C:\Users\Carlos\Desktop\BetAndRuin_FloatSoft\resources\db\bets.odb' is opened by 6220@DESKTOP-K71H3G5

[2019-03-24 18:00:53 #3 type] 
Type domainV2.User is not enhanced.

[2019-03-24 18:00:53 #4 type] 
Type domainV2.News is not enhanced.

------------------------------------------------------------------------------------------------------------------------

[2019-03-24 18:02:15 #1 store] 
Database 'C:\Users\Carlos\Desktop\BetAndRuin_FloatSoft\resources\db\bets.odb' has been recovered (tr. 15544-15545)

[2019-03-24 18:02:15 #2 store] 
Database 'C:\Users\Carlos\Desktop\BetAndRuin_FloatSoft\resources\db\bets.odb' is opened by 12084@DESKTOP-K71H3G5

[2019-03-24 18:02:15 #3 type] 
Type domainV2.User is not enhanced.

[2019-03-24 18:02:15 #4 type] 
Type domainV2.News is not enhanced.

------------------------------------------------------------------------------------------------------------------------

[2019-03-24 18:03:09 #1 store] 
Database 'C:\Users\Carlos\Desktop\BetAndRuin_FloatSoft\resources\db\bets.odb' has been recovered (tr. 15546-15546)

[2019-03-24 18:03:09 #2 store] 
Database 'C:\Users\Carlos\Desktop\BetAndRuin_FloatSoft\resources\db\bets.odb' is opened by 5884@DESKTOP-K71H3G5

[2019-03-24 18:03:09 #3 type] 
Type domainV2.User is not enhanced.

[2019-03-24 18:03:09 #4 type] 
Type domainV2.News is not enhanced.

------------------------------------------------------------------------------------------------------------------------

[2019-03-24 18:04:14 #1 store] 
Database 'C:\Users\Carlos\Desktop\BetAndRuin_FloatSoft\resources\db\bets.odb' has been recovered (tr. 15547-15547)

[2019-03-24 18:04:14 #2 store] 
Database 'C:\Users\Carlos\Desktop\BetAndRuin_FloatSoft\resources\db\bets.odb' is opened by 2436@DESKTOP-K71H3G5

[2019-03-24 18:04:14 #3 type] 
Type domainV2.User is not enhanced.

[2019-03-24 18:04:14 #4 type] 
Type domainV2.News is not enhanced.

------------------------------------------------------------------------------------------------------------------------

[2019-03-24 18:23:13 #1 store] 
Database 'C:\Users\Carlos\Desktop\BetAndRuin_FloatSoft\resources\db\bets.odb' has been recovered (tr. 15548-15549)

[2019-03-24 18:23:13 #2 store] 
Database 'C:\Users\Carlos\Desktop\BetAndRuin_FloatSoft\resources\db\bets.odb' is opened by 1492@DESKTOP-K71H3G5

[2019-03-24 18:23:13 #3 type] 
Type domainV2.User is not enhanced.

[2019-03-24 18:23:13 #4 type] 
Type domainV2.News is not enhanced.

------------------------------------------------------------------------------------------------------------------------

[2019-03-24 18:24:12 #1 store] 
Database 'C:\Users\Carlos\Desktop\BetAndRuin_FloatSoft\resources\db\bets.odb' has been recovered (tr. 15550-15550)

[2019-03-24 18:24:12 #2 store] 
Database 'C:\Users\Carlos\Desktop\BetAndRuin_FloatSoft\resources\db\bets.odb' is opened by 3980@DESKTOP-K71H3G5

[2019-03-24 18:24:12 #3 type] 
Type domainV2.User is not enhanced.

[2019-03-24 18:24:12 #4 type] 
Type domainV2.News is not enhanced.

------------------------------------------------------------------------------------------------------------------------

[2019-03-24 18:25:50 #1 store] 
Database 'C:\Users\Carlos\Desktop\BetAndRuin_FloatSoft\resources\db\bets.odb' has been recovered (tr. 15551-15551)

[2019-03-24 18:25:50 #2 store] 
Database 'C:\Users\Carlos\Desktop\BetAndRuin_FloatSoft\resources\db\bets.odb' is opened by 4812@DESKTOP-K71H3G5

[2019-03-24 18:25:50 #3 type] 
Type domainV2.User is not enhanced.

[2019-03-24 18:25:50 #4 type] 
Type domainV2.News is not enhanced.

------------------------------------------------------------------------------------------------------------------------

[2019-03-24 18:27:05 #1 store] 
Database 'C:\Users\Carlos\Desktop\BetAndRuin_FloatSoft\resources\db\bets.odb' has been recovered (tr. 15552-15552)

[2019-03-24 18:27:05 #2 store] 
Database 'C:\Users\Carlos\Desktop\BetAndRuin_FloatSoft\resources\db\bets.odb' is opened by 12220@DESKTOP-K71H3G5

[2019-03-24 18:27:05 #3 type] 
Type domainV2.User is not enhanced.

[2019-03-24 18:27:05 #4 type] 
Type domainV2.News is not enhanced.

------------------------------------------------------------------------------------------------------------------------

[2019-03-24 18:28:51 #1 store] 
Database 'C:\Users\Carlos\Desktop\BetAndRuin_FloatSoft\resources\db\bets.odb' has been recovered (tr. 15553-15553)

[2019-03-24 18:28:51 #2 store] 
Database 'C:\Users\Carlos\Desktop\BetAndRuin_FloatSoft\resources\db\bets.odb' is opened by 468@DESKTOP-K71H3G5

[2019-03-24 18:28:51 #3 type] 
Type domainV2.User is not enhanced.

[2019-03-24 18:28:51 #4 type] 
Type domainV2.News is not enhanced.

------------------------------------------------------------------------------------------------------------------------

[2019-03-24 18:32:30 #1 store] 
Database 'C:\Users\Carlos\Desktop\BetAndRuin_FloatSoft\resources\db\bets.odb' has been recovered (tr. 15554-15554)

[2019-03-24 18:32:31 #2 store] 
Database 'C:\Users\Carlos\Desktop\BetAndRuin_FloatSoft\resources\db\bets.odb' is opened by 4540@DESKTOP-K71H3G5

[2019-03-24 18:32:31 #3 type] 
Type domainV2.User is not enhanced.

[2019-03-24 18:32:31 #4 type] 
Type domainV2.News is not enhanced.

------------------------------------------------------------------------------------------------------------------------

[2019-03-24 18:38:04 #1 store] 
Database 'C:\Users\Carlos\Desktop\BetAndRuin_FloatSoft\resources\db\bets.odb' is opened by 12364@DESKTOP-K71H3G5

[2019-03-24 18:38:04 #2 type.registry] 
New type domainV2.User

[2019-03-24 18:38:04 #3 type] 
Type domainV2.User is not enhanced.

[2019-03-24 18:38:05 #4 type.registry] 
New type java.util.LinkedList<java.lang.Object>

[2019-03-24 18:38:05 #5 type.registry] 
New type java.util.LinkedList<java.lang.String>

------------------------------------------------------------------------------------------------------------------------

[2019-03-24 18:38:29 #1 store] 
Database 'C:\Users\Carlos\Desktop\BetAndRuin_FloatSoft\resources\db\bets.odb' has been recovered (tr. 1-2970)

[2019-03-24 18:38:29 #2 store] 
Database 'C:\Users\Carlos\Desktop\BetAndRuin_FloatSoft\resources\db\bets.odb' is opened by 5148@DESKTOP-K71H3G5

[2019-03-24 18:38:30 #3 type] 
Type domainV2.User is not enhanced.

[2019-03-24 18:38:30 #4 type.registry] 
New type domainV2.News

[2019-03-24 18:38:30 #5 type] 
Type domainV2.News is not enhanced.

------------------------------------------------------------------------------------------------------------------------

[2019-03-24 18:39:00 #1 store] 
Database 'C:\Users\Carlos\Desktop\BetAndRuin_FloatSoft\resources\db\bets.odb' has been recovered (tr. 2971-4566)

[2019-03-24 18:39:00 #2 store] 
Database 'C:\Users\Carlos\Desktop\BetAndRuin_FloatSoft\resources\db\bets.odb' is opened by 9984@DESKTOP-K71H3G5

[2019-03-24 18:39:00 #3 type] 
Type domainV2.User is not enhanced.

[2019-03-24 18:39:00 #4 type] 
Type domainV2.News is not enhanced.

