------------------------------------------------------------------------------------------------------------------------

[2019-03-27 16:40:35 #1 store] 
Database 'C:\Users\Carlos\Desktop\BetAndRuin_FloatSoft\resources\db\bets.odb' has been recovered (tr. 2380-2380)

[2019-03-27 16:40:35 #2 store] 
Database 'C:\Users\Carlos\Desktop\BetAndRuin_FloatSoft\resources\db\bets.odb' is opened by 10024@DESKTOP-K71H3G5

[2019-03-27 16:40:35 #3 type] 
Type domainV2.User is not enhanced.

[2019-03-27 16:40:35 #4 type] 
Type domainV2.News is not enhanced.

[2019-03-27 16:40:35 #5 type] 
Type domainV2.RecoverPassword is not enhanced.

------------------------------------------------------------------------------------------------------------------------

[2019-03-27 16:43:24 #1 store] 
Database 'C:\Users\Carlos\Desktop\BetAndRuin_FloatSoft\resources\db\bets.odb' is opened by 11048@DESKTOP-K71H3G5

[2019-03-27 16:43:24 #2 type] 
Type domainV2.User is not enhanced.

[2019-03-27 16:43:24 #3 type] 
Type domainV2.News is not enhanced.

[2019-03-27 16:43:24 #4 type] 
Type domainV2.RecoverPassword is not enhanced.

------------------------------------------------------------------------------------------------------------------------

[2019-03-27 16:46:21 #1 store] 
Database 'C:\Users\Carlos\Desktop\BetAndRuin_FloatSoft\resources\db\bets.odb' has been recovered (tr. 2384-2386)

[2019-03-27 16:46:21 #2 store] 
Database 'C:\Users\Carlos\Desktop\BetAndRuin_FloatSoft\resources\db\bets.odb' is opened by 13148@DESKTOP-K71H3G5

[2019-03-27 16:46:21 #3 type] 
Type domainV2.User is not enhanced.

[2019-03-27 16:46:21 #4 type] 
Type domainV2.News is not enhanced.

[2019-03-27 16:46:21 #5 type] 
Type domainV2.RecoverPassword is not enhanced.

------------------------------------------------------------------------------------------------------------------------

[2019-03-27 16:47:17 #1 store] 
Database 'C:\Users\Carlos\Desktop\BetAndRuin_FloatSoft\resources\db\bets.odb' has been recovered (tr. 2387-2387)

[2019-03-27 16:47:17 #2 store] 
Database 'C:\Users\Carlos\Desktop\BetAndRuin_FloatSoft\resources\db\bets.odb' is opened by 4028@DESKTOP-K71H3G5

[2019-03-27 16:47:17 #3 type] 
Type domainV2.User is not enhanced.

[2019-03-27 16:47:17 #4 type] 
Type domainV2.News is not enhanced.

[2019-03-27 16:47:17 #5 type] 
Type domainV2.RecoverPassword is not enhanced.

------------------------------------------------------------------------------------------------------------------------

[2019-03-27 16:48:17 #1 store] 
Database 'C:\Users\Carlos\Desktop\BetAndRuin_FloatSoft\resources\db\bets.odb' is opened by 7644@DESKTOP-K71H3G5

[2019-03-27 16:48:17 #2 type] 
Type domainV2.User is not enhanced.

[2019-03-27 16:48:17 #3 type] 
Type domainV2.News is not enhanced.

[2019-03-27 16:48:17 #4 type] 
Type domainV2.RecoverPassword is not enhanced.

------------------------------------------------------------------------------------------------------------------------

[2019-03-27 16:51:19 #1 store] 
Database 'C:\Users\Carlos\Desktop\BetAndRuin_FloatSoft\resources\db\bets.odb' is opened by 9204@DESKTOP-K71H3G5

[2019-03-27 16:51:19 #2 type] 
Type domainV2.User is not enhanced.

[2019-03-27 16:51:19 #3 type] 
Type domainV2.News is not enhanced.

[2019-03-27 16:51:19 #4 type] 
Type domainV2.RecoverPassword is not enhanced.

------------------------------------------------------------------------------------------------------------------------

[2019-03-27 16:54:54 #1 store] 
Database 'C:\Users\Carlos\Desktop\BetAndRuin_FloatSoft\resources\db\bets.odb' is opened by 9680@DESKTOP-K71H3G5

[2019-03-27 16:54:54 #2 type] 
Type domainV2.User is not enhanced.

[2019-03-27 16:54:54 #3 type] 
Type domainV2.News is not enhanced.

[2019-03-27 16:54:54 #4 type] 
Type domainV2.RecoverPassword is not enhanced.

------------------------------------------------------------------------------------------------------------------------

[2019-03-27 16:56:58 #1 store] 
Database 'C:\Users\Carlos\Desktop\BetAndRuin_FloatSoft\resources\db\bets.odb' is opened by 1628@DESKTOP-K71H3G5

[2019-03-27 16:56:58 #2 type] 
Type domainV2.User is not enhanced.

[2019-03-27 16:56:58 #3 type] 
Type domainV2.News is not enhanced.

[2019-03-27 16:56:58 #4 type] 
Type domainV2.RecoverPassword is not enhanced.

------------------------------------------------------------------------------------------------------------------------

[2019-03-27 17:09:56 #1 store] 
Database 'C:\Users\Carlos\Desktop\BetAndRuin_FloatSoft\resources\db\bets.odb' is opened by 4456@DESKTOP-K71H3G5

[2019-03-27 17:09:56 #2 type] 
Type domainV2.User is not enhanced.

[2019-03-27 17:09:56 #3 type] 
Type domainV2.News is not enhanced.

[2019-03-27 17:09:56 #4 type] 
Type domainV2.RecoverPassword is not enhanced.

------------------------------------------------------------------------------------------------------------------------

[2019-03-27 17:22:53 #1 store] 
Database 'C:\Users\Carlos\Desktop\BetAndRuin_FloatSoft\resources\db\bets.odb' is opened by 11012@DESKTOP-K71H3G5

[2019-03-27 17:22:53 #2 type] 
Type domainV2.User is not enhanced.

[2019-03-27 17:22:53 #3 type] 
Type domainV2.News is not enhanced.

[2019-03-27 17:22:53 #4 type] 
Type domainV2.RecoverPassword is not enhanced.

------------------------------------------------------------------------------------------------------------------------

[2019-03-27 17:25:39 #1 store] 
Database 'C:\Users\Carlos\Desktop\BetAndRuin_FloatSoft\resources\db\bets.odb' has been recovered (tr. 2408-2408)

[2019-03-27 17:25:39 #2 store] 
Database 'C:\Users\Carlos\Desktop\BetAndRuin_FloatSoft\resources\db\bets.odb' is opened by 4552@DESKTOP-K71H3G5

[2019-03-27 17:25:39 #3 type] 
Type domainV2.User is not enhanced.

[2019-03-27 17:25:39 #4 type] 
Type domainV2.News is not enhanced.

[2019-03-27 17:25:39 #5 type] 
Type domainV2.RecoverPassword is not enhanced.

------------------------------------------------------------------------------------------------------------------------

[2019-03-27 17:26:42 #1 store] 
Database 'C:\Users\Carlos\Desktop\BetAndRuin_FloatSoft\resources\db\bets.odb' has been recovered (tr. 2409-2411)

[2019-03-27 17:26:42 #2 store] 
Database 'C:\Users\Carlos\Desktop\BetAndRuin_FloatSoft\resources\db\bets.odb' is opened by 8252@DESKTOP-K71H3G5

[2019-03-27 17:26:43 #3 type] 
Type domainV2.User is not enhanced.

[2019-03-27 17:26:43 #4 type] 
Type domainV2.News is not enhanced.

[2019-03-27 17:26:43 #5 type] 
Type domainV2.RecoverPassword is not enhanced.

------------------------------------------------------------------------------------------------------------------------

[2019-03-27 17:27:32 #1 store] 
Database 'C:\Users\Carlos\Desktop\BetAndRuin_FloatSoft\resources\db\bets.odb' is opened by 6460@DESKTOP-K71H3G5

[2019-03-27 17:27:32 #2 type] 
Type domainV2.User is not enhanced.

[2019-03-27 17:27:32 #3 type] 
Type domainV2.News is not enhanced.

[2019-03-27 17:27:32 #4 type] 
Type domainV2.RecoverPassword is not enhanced.

------------------------------------------------------------------------------------------------------------------------

[2019-03-27 17:38:33 #1 store] 
Database 'C:\Users\Carlos\Desktop\BetAndRuin_FloatSoft\resources\db\bets.odb' is opened by 6844@DESKTOP-K71H3G5

[2019-03-27 17:38:33 #2 type] 
Type domainV2.User is not enhanced.

[2019-03-27 17:38:33 #3 type] 
Type domainV2.News is not enhanced.

[2019-03-27 17:38:33 #4 type] 
Type domainV2.RecoverPassword is not enhanced.

------------------------------------------------------------------------------------------------------------------------

[2019-03-27 17:42:04 #1 store] 
Database 'C:\Users\Carlos\Desktop\BetAndRuin_FloatSoft\resources\db\bets.odb' has been recovered (tr. 2417-2419)

[2019-03-27 17:42:04 #2 store] 
Database 'C:\Users\Carlos\Desktop\BetAndRuin_FloatSoft\resources\db\bets.odb' is opened by 11520@DESKTOP-K71H3G5

[2019-03-27 17:42:04 #3 type] 
Type domainV2.User is not enhanced.

[2019-03-27 17:42:04 #4 type] 
Type domainV2.News is not enhanced.

[2019-03-27 17:42:04 #5 type] 
Type domainV2.RecoverPassword is not enhanced.

