------------------------------------------------------------------------------------------------------------------------

[2019-03-21 18:04:13 #1 store] 
Database 'C:\Users\Carlos\Desktop\BetAndRuin_FloatSoft\resources\db\bets.odb' has been recovered (tr. 642-643)

[2019-03-21 18:04:13 #2 store] 
Database 'C:\Users\Carlos\Desktop\BetAndRuin_FloatSoft\resources\db\bets.odb' is opened by 5940@DESKTOP-K71H3G5

[2019-03-21 18:04:13 #3 type] 
Type domainV2.User is not enhanced.

[2019-03-21 18:04:13 #4 type] 
Type domainV2.News is not enhanced.

------------------------------------------------------------------------------------------------------------------------

[2019-03-21 18:05:06 #1 store] 
Database 'C:\Users\Carlos\Desktop\BetAndRuin_FloatSoft\resources\db\bets.odb' has been recovered (tr. 644-644)

[2019-03-21 18:05:06 #2 store] 
Database 'C:\Users\Carlos\Desktop\BetAndRuin_FloatSoft\resources\db\bets.odb' is opened by 8232@DESKTOP-K71H3G5

[2019-03-21 18:05:06 #3 type] 
Type domainV2.User is not enhanced.

[2019-03-21 18:05:06 #4 type] 
Type domainV2.News is not enhanced.

------------------------------------------------------------------------------------------------------------------------

[2019-03-21 20:48:41 #1 store] 
Database 'C:\Users\Carlos\Desktop\BetAndRuin_FloatSoft\resources\db\bets.odb' has been recovered (tr. 645-645)

[2019-03-21 20:48:41 #2 store] 
Database 'C:\Users\Carlos\Desktop\BetAndRuin_FloatSoft\resources\db\bets.odb' is opened by 9308@DESKTOP-K71H3G5

[2019-03-21 20:48:41 #3 type] 
Type domainV2.User is not enhanced.

[2019-03-21 20:48:41 #4 type] 
Type domainV2.News is not enhanced.

------------------------------------------------------------------------------------------------------------------------

[2019-03-21 20:51:56 #1 store] 
Database 'C:\Users\Carlos\Desktop\BetAndRuin_FloatSoft\resources\db\bets.odb' has been recovered (tr. 646-647)

[2019-03-21 20:51:56 #2 store] 
Database 'C:\Users\Carlos\Desktop\BetAndRuin_FloatSoft\resources\db\bets.odb' is opened by 4208@DESKTOP-K71H3G5

[2019-03-21 20:51:56 #3 type] 
Type domainV2.User is not enhanced.

[2019-03-21 20:51:56 #4 type] 
Type domainV2.News is not enhanced.

------------------------------------------------------------------------------------------------------------------------

[2019-03-21 20:52:55 #1 store] 
Database 'C:\Users\Carlos\Desktop\BetAndRuin_FloatSoft\resources\db\bets.odb' has been recovered (tr. 648-648)

[2019-03-21 20:52:55 #2 store] 
Database 'C:\Users\Carlos\Desktop\BetAndRuin_FloatSoft\resources\db\bets.odb' is opened by 3512@DESKTOP-K71H3G5

[2019-03-21 20:52:55 #3 type] 
Type domainV2.User is not enhanced.

[2019-03-21 20:52:55 #4 type] 
Type domainV2.News is not enhanced.

------------------------------------------------------------------------------------------------------------------------

[2019-03-21 20:57:09 #1 store] 
Database 'C:\Users\Carlos\Desktop\BetAndRuin_FloatSoft\resources\db\bets.odb' has been recovered (tr. 649-649)

[2019-03-21 20:57:09 #2 store] 
Database 'C:\Users\Carlos\Desktop\BetAndRuin_FloatSoft\resources\db\bets.odb' is opened by 7240@DESKTOP-K71H3G5

[2019-03-21 20:57:09 #3 type] 
Type domainV2.User is not enhanced.

[2019-03-21 20:57:09 #4 type] 
Type domainV2.News is not enhanced.

------------------------------------------------------------------------------------------------------------------------

[2019-03-21 21:02:43 #1 store] 
Database 'C:\Users\Carlos\Desktop\BetAndRuin_FloatSoft\resources\db\bets.odb' has been recovered (tr. 650-650)

[2019-03-21 21:02:43 #2 store] 
Database 'C:\Users\Carlos\Desktop\BetAndRuin_FloatSoft\resources\db\bets.odb' is opened by 4140@DESKTOP-K71H3G5

[2019-03-21 21:02:43 #3 type] 
Type domainV2.User is not enhanced.

[2019-03-21 21:02:43 #4 type] 
Type domainV2.News is not enhanced.

------------------------------------------------------------------------------------------------------------------------

[2019-03-21 21:25:14 #1 store] 
Database 'C:\Users\Carlos\Desktop\BetAndRuin_FloatSoft\resources\db\bets.odb' has been recovered (tr. 651-652)

[2019-03-21 21:25:14 #2 store] 
Database 'C:\Users\Carlos\Desktop\BetAndRuin_FloatSoft\resources\db\bets.odb' is opened by 11924@DESKTOP-K71H3G5

[2019-03-21 21:25:14 #3 type] 
Type domainV2.User is not enhanced.

[2019-03-21 21:25:14 #4 type] 
Type domainV2.News is not enhanced.

------------------------------------------------------------------------------------------------------------------------

[2019-03-21 21:28:28 #1 store] 
Database 'C:\Users\Carlos\Desktop\BetAndRuin_FloatSoft\resources\db\bets.odb' has been recovered (tr. 653-653)

[2019-03-21 21:28:28 #2 store] 
Database 'C:\Users\Carlos\Desktop\BetAndRuin_FloatSoft\resources\db\bets.odb' is opened by 11008@DESKTOP-K71H3G5

[2019-03-21 21:28:28 #3 type] 
Type domainV2.User is not enhanced.

[2019-03-21 21:28:28 #4 type] 
Type domainV2.News is not enhanced.

------------------------------------------------------------------------------------------------------------------------

[2019-03-21 21:31:02 #1 store] 
Database 'C:\Users\Carlos\Desktop\BetAndRuin_FloatSoft\resources\db\bets.odb' has been recovered (tr. 654-654)

[2019-03-21 21:31:02 #2 store] 
Database 'C:\Users\Carlos\Desktop\BetAndRuin_FloatSoft\resources\db\bets.odb' is opened by 4660@DESKTOP-K71H3G5

[2019-03-21 21:31:02 #3 type] 
Type domainV2.User is not enhanced.

[2019-03-21 21:31:02 #4 type] 
Type domainV2.News is not enhanced.

------------------------------------------------------------------------------------------------------------------------

[2019-03-21 21:32:25 #1 store] 
Database 'C:\Users\Carlos\Desktop\BetAndRuin_FloatSoft\resources\db\bets.odb' has been recovered (tr. 655-655)

[2019-03-21 21:32:25 #2 store] 
Database 'C:\Users\Carlos\Desktop\BetAndRuin_FloatSoft\resources\db\bets.odb' is opened by 7040@DESKTOP-K71H3G5

[2019-03-21 21:32:25 #3 type] 
Type domainV2.User is not enhanced.

[2019-03-21 21:32:25 #4 type] 
Type domainV2.News is not enhanced.

------------------------------------------------------------------------------------------------------------------------

[2019-03-21 21:33:25 #1 store] 
Database 'C:\Users\Carlos\Desktop\BetAndRuin_FloatSoft\resources\db\bets.odb' has been recovered (tr. 656-656)

[2019-03-21 21:33:25 #2 store] 
Database 'C:\Users\Carlos\Desktop\BetAndRuin_FloatSoft\resources\db\bets.odb' is opened by 6532@DESKTOP-K71H3G5

[2019-03-21 21:33:25 #3 type] 
Type domainV2.User is not enhanced.

[2019-03-21 21:33:25 #4 type] 
Type domainV2.News is not enhanced.

------------------------------------------------------------------------------------------------------------------------

[2019-03-21 21:33:41 #1 store] 
Database 'C:\Users\Carlos\Desktop\BetAndRuin_FloatSoft\resources\db\bets.odb' has been recovered (tr. 657-657)

[2019-03-21 21:33:41 #2 store] 
Database 'C:\Users\Carlos\Desktop\BetAndRuin_FloatSoft\resources\db\bets.odb' is opened by 12160@DESKTOP-K71H3G5

[2019-03-21 21:33:41 #3 type] 
Type domainV2.User is not enhanced.

[2019-03-21 21:33:41 #4 type] 
Type domainV2.News is not enhanced.

------------------------------------------------------------------------------------------------------------------------

[2019-03-21 21:38:41 #1 store] 
Database 'C:\Users\Carlos\Desktop\BetAndRuin_FloatSoft\resources\db\bets.odb' has been recovered (tr. 658-658)

[2019-03-21 21:38:42 #2 store] 
Database 'C:\Users\Carlos\Desktop\BetAndRuin_FloatSoft\resources\db\bets.odb' is opened by 10492@DESKTOP-K71H3G5

[2019-03-21 21:38:42 #3 type] 
Type domainV2.User is not enhanced.

[2019-03-21 21:38:42 #4 type] 
Type domainV2.News is not enhanced.

------------------------------------------------------------------------------------------------------------------------

[2019-03-21 21:41:13 #1 store] 
Database 'C:\Users\Carlos\Desktop\BetAndRuin_FloatSoft\resources\db\bets.odb' has been recovered (tr. 659-659)

[2019-03-21 21:41:13 #2 store] 
Database 'C:\Users\Carlos\Desktop\BetAndRuin_FloatSoft\resources\db\bets.odb' is opened by 4160@DESKTOP-K71H3G5

[2019-03-21 21:41:13 #3 type] 
Type domainV2.User is not enhanced.

[2019-03-21 21:41:13 #4 type] 
Type domainV2.News is not enhanced.

------------------------------------------------------------------------------------------------------------------------

[2019-03-21 21:42:07 #1 store] 
Database 'C:\Users\Carlos\Desktop\BetAndRuin_FloatSoft\resources\db\bets.odb' has been recovered (tr. 660-660)

[2019-03-21 21:42:07 #2 store] 
Database 'C:\Users\Carlos\Desktop\BetAndRuin_FloatSoft\resources\db\bets.odb' is opened by 1852@DESKTOP-K71H3G5

[2019-03-21 21:42:08 #3 type] 
Type domainV2.User is not enhanced.

[2019-03-21 21:42:08 #4 type] 
Type domainV2.News is not enhanced.

------------------------------------------------------------------------------------------------------------------------

[2019-03-21 21:43:03 #1 store] 
Database 'C:\Users\Carlos\Desktop\BetAndRuin_FloatSoft\resources\db\bets.odb' has been recovered (tr. 661-661)

[2019-03-21 21:43:03 #2 store] 
Database 'C:\Users\Carlos\Desktop\BetAndRuin_FloatSoft\resources\db\bets.odb' is opened by 8148@DESKTOP-K71H3G5

[2019-03-21 21:43:03 #3 type] 
Type domainV2.User is not enhanced.

[2019-03-21 21:43:03 #4 type] 
Type domainV2.News is not enhanced.

------------------------------------------------------------------------------------------------------------------------

[2019-03-21 21:46:18 #1 store] 
Database 'C:\Users\Carlos\Desktop\BetAndRuin_FloatSoft\resources\db\bets.odb' has been recovered (tr. 662-662)

[2019-03-21 21:46:18 #2 store] 
Database 'C:\Users\Carlos\Desktop\BetAndRuin_FloatSoft\resources\db\bets.odb' is opened by 11252@DESKTOP-K71H3G5

[2019-03-21 21:46:18 #3 type] 
Type domainV2.User is not enhanced.

[2019-03-21 21:46:18 #4 type] 
Type domainV2.News is not enhanced.

------------------------------------------------------------------------------------------------------------------------

[2019-03-21 21:47:10 #1 store] 
Database 'C:\Users\Carlos\Desktop\BetAndRuin_FloatSoft\resources\db\bets.odb' has been recovered (tr. 663-663)

[2019-03-21 21:47:10 #2 store] 
Database 'C:\Users\Carlos\Desktop\BetAndRuin_FloatSoft\resources\db\bets.odb' is opened by 8688@DESKTOP-K71H3G5

[2019-03-21 21:47:10 #3 type] 
Type domainV2.User is not enhanced.

[2019-03-21 21:47:10 #4 type] 
Type domainV2.News is not enhanced.

------------------------------------------------------------------------------------------------------------------------

[2019-03-21 21:47:51 #1 store] 
Database 'C:\Users\Carlos\Desktop\BetAndRuin_FloatSoft\resources\db\bets.odb' has been recovered (tr. 664-664)

[2019-03-21 21:47:51 #2 store] 
Database 'C:\Users\Carlos\Desktop\BetAndRuin_FloatSoft\resources\db\bets.odb' is opened by 11192@DESKTOP-K71H3G5

[2019-03-21 21:47:51 #3 type] 
Type domainV2.User is not enhanced.

[2019-03-21 21:47:51 #4 type] 
Type domainV2.News is not enhanced.

