------------------------------------------------------------------------------------------------------------------------

[2019-03-10 19:47:44 #1 store] 
Database 'C:\Users\Carlos Dominguez\Desktop\BetAndRuin_FloatSoft\resources\db\bets.odb' has been recovered (tr. 7560-7560)

[2019-03-10 19:47:44 #2 store] 
Database 'C:\Users\Carlos Dominguez\Desktop\BetAndRuin_FloatSoft\resources\db\bets.odb' is opened by 1692@DESKTOP-F3FKHV4

[2019-03-10 19:47:44 #3 type] 
Type domainV1.Question is not enhanced.

[2019-03-10 19:47:44 #4 type] 
Type domainV1.Bet is not enhanced.

[2019-03-10 19:47:44 #5 type] 
Type domainV1.Event is not enhanced.

[2019-03-10 19:47:44 #6 type] 
Type domainV1.User is not enhanced.

------------------------------------------------------------------------------------------------------------------------

[2019-03-10 19:50:50 #1 store] 
Database 'C:\Users\Carlos Dominguez\Desktop\BetAndRuin_FloatSoft\resources\db\bets.odb' is opened by 13492@DESKTOP-F3FKHV4

[2019-03-10 19:50:50 #2 type] 
Type domainV1.Question is not enhanced.

[2019-03-10 19:50:50 #3 type] 
Type domainV1.Bet is not enhanced.

[2019-03-10 19:50:50 #4 type] 
Type domainV1.Event is not enhanced.

[2019-03-10 19:50:50 #5 type] 
Type domainV1.User is not enhanced.

------------------------------------------------------------------------------------------------------------------------

[2019-03-10 19:56:03 #1 store] 
Database 'C:\Users\Carlos Dominguez\Desktop\BetAndRuin_FloatSoft\resources\db\bets.odb' is opened by 3268@DESKTOP-F3FKHV4

[2019-03-10 19:56:03 #2 type] 
Type domainV1.Question is not enhanced.

[2019-03-10 19:56:03 #3 type] 
Type domainV1.Bet is not enhanced.

[2019-03-10 19:56:03 #4 type] 
Type domainV1.Event is not enhanced.

[2019-03-10 19:56:03 #5 type] 
Type domainV1.User is not enhanced.

------------------------------------------------------------------------------------------------------------------------

[2019-03-10 19:56:19 #1 store] 
Database 'C:\Users\Carlos Dominguez\Desktop\BetAndRuin_FloatSoft\resources\db\bets.odb' is opened by 12376@DESKTOP-F3FKHV4

[2019-03-10 19:56:19 #2 type] 
Type domainV1.Question is not enhanced.

[2019-03-10 19:56:19 #3 type] 
Type domainV1.Bet is not enhanced.

[2019-03-10 19:56:19 #4 type] 
Type domainV1.Event is not enhanced.

[2019-03-10 19:56:19 #5 type] 
Type domainV1.User is not enhanced.

------------------------------------------------------------------------------------------------------------------------

[2019-03-10 19:56:25 #1 store] 
Database 'C:\Users\Carlos Dominguez\Desktop\BetAndRuin_FloatSoft\resources\db\bets.odb' is opened by 3936@DESKTOP-F3FKHV4

[2019-03-10 19:56:25 #2 type] 
Type domainV1.Question is not enhanced.

[2019-03-10 19:56:25 #3 type] 
Type domainV1.Bet is not enhanced.

[2019-03-10 19:56:25 #4 type] 
Type domainV1.Event is not enhanced.

[2019-03-10 19:56:25 #5 type] 
Type domainV1.User is not enhanced.

------------------------------------------------------------------------------------------------------------------------

[2019-03-10 19:56:35 #1 store] 
Database 'C:\Users\Carlos Dominguez\Desktop\BetAndRuin_FloatSoft\resources\db\bets.odb' is opened by 13016@DESKTOP-F3FKHV4

[2019-03-10 19:56:35 #2 type] 
Type domainV1.Question is not enhanced.

[2019-03-10 19:56:35 #3 type] 
Type domainV1.Bet is not enhanced.

[2019-03-10 19:56:35 #4 type] 
Type domainV1.Event is not enhanced.

[2019-03-10 19:56:35 #5 type] 
Type domainV1.User is not enhanced.

------------------------------------------------------------------------------------------------------------------------

[2019-03-10 20:14:27 #1 store] 
Database 'C:\Users\Carlos Dominguez\Desktop\BetAndRuin_FloatSoft\resources\db\bets.odb' is opened by 10868@DESKTOP-F3FKHV4

[2019-03-10 20:14:27 #2 type] 
Type domainV1.Question is not enhanced.

[2019-03-10 20:14:27 #3 type] 
Type domainV1.Bet is not enhanced.

[2019-03-10 20:14:27 #4 type] 
Type domainV1.Event is not enhanced.

[2019-03-10 20:14:27 #5 type] 
Type domainV1.User is not enhanced.

------------------------------------------------------------------------------------------------------------------------

[2019-03-10 20:32:57 #1 store] 
Database 'C:\Users\Carlos Dominguez\Desktop\BetAndRuin_FloatSoft\resources\db\bets.odb' is opened by 12560@DESKTOP-F3FKHV4

[2019-03-10 20:32:57 #2 type] 
Type domainV1.Question is not enhanced.

[2019-03-10 20:32:57 #3 type] 
Type domainV1.Bet is not enhanced.

[2019-03-10 20:32:57 #4 type] 
Type domainV1.Event is not enhanced.

[2019-03-10 20:32:57 #5 type] 
Type domainV1.User is not enhanced.

------------------------------------------------------------------------------------------------------------------------

[2019-03-10 21:51:26 #1 store] 
Database 'C:\Users\Carlos Dominguez\Desktop\BetAndRuin_FloatSoft\resources\db\bets.odb' has been recovered (tr. 7561-7561)

[2019-03-10 21:51:26 #2 store] 
Database 'C:\Users\Carlos Dominguez\Desktop\BetAndRuin_FloatSoft\resources\db\bets.odb' is opened by 1312@DESKTOP-F3FKHV4

[2019-03-10 21:51:26 #3 type] 
Type domainV1.Question is not enhanced.

[2019-03-10 21:51:26 #4 type] 
Type domainV1.Bet is not enhanced.

[2019-03-10 21:51:26 #5 type] 
Type domainV1.Event is not enhanced.

[2019-03-10 21:51:26 #6 type] 
Type domainV1.User is not enhanced.

------------------------------------------------------------------------------------------------------------------------

[2019-03-10 21:52:07 #1 store] 
Database 'C:\Users\Carlos Dominguez\Desktop\BetAndRuin_FloatSoft\resources\db\bets.odb' has been recovered (tr. 7562-7563)

[2019-03-10 21:52:07 #2 store] 
Database 'C:\Users\Carlos Dominguez\Desktop\BetAndRuin_FloatSoft\resources\db\bets.odb' is opened by 12208@DESKTOP-F3FKHV4

[2019-03-10 21:52:07 #3 type] 
Type domainV1.Question is not enhanced.

[2019-03-10 21:52:07 #4 type] 
Type domainV1.Bet is not enhanced.

[2019-03-10 21:52:07 #5 type] 
Type domainV1.Event is not enhanced.

[2019-03-10 21:52:07 #6 type] 
Type domainV1.User is not enhanced.

------------------------------------------------------------------------------------------------------------------------

[2019-03-10 21:52:32 #1 store] 
Database 'C:\Users\Carlos Dominguez\Desktop\BetAndRuin_FloatSoft\resources\db\bets.odb' has been recovered (tr. 7564-7565)

[2019-03-10 21:52:32 #2 store] 
Database 'C:\Users\Carlos Dominguez\Desktop\BetAndRuin_FloatSoft\resources\db\bets.odb' is opened by 4984@DESKTOP-F3FKHV4

[2019-03-10 21:52:32 #3 type] 
Type domainV1.Question is not enhanced.

[2019-03-10 21:52:32 #4 type] 
Type domainV1.Bet is not enhanced.

[2019-03-10 21:52:32 #5 type] 
Type domainV1.Event is not enhanced.

[2019-03-10 21:52:32 #6 type] 
Type domainV1.User is not enhanced.

------------------------------------------------------------------------------------------------------------------------

[2019-03-10 21:52:35 #1 store] 
Database 'C:\Users\Carlos Dominguez\Desktop\BetAndRuin_FloatSoft\resources\db\bets.odb' has been recovered (tr. 7566-7567)

[2019-03-10 21:52:35 #2 store] 
Database 'C:\Users\Carlos Dominguez\Desktop\BetAndRuin_FloatSoft\resources\db\bets.odb' is opened by 2228@DESKTOP-F3FKHV4

[2019-03-10 21:52:35 #3 type] 
Type domainV1.Question is not enhanced.

[2019-03-10 21:52:35 #4 type] 
Type domainV1.Bet is not enhanced.

[2019-03-10 21:52:35 #5 type] 
Type domainV1.Event is not enhanced.

[2019-03-10 21:52:35 #6 type] 
Type domainV1.User is not enhanced.

------------------------------------------------------------------------------------------------------------------------

[2019-03-10 21:52:37 #1 store] 
Database 'C:\Users\Carlos Dominguez\Desktop\BetAndRuin_FloatSoft\resources\db\bets.odb' has been recovered (tr. 7568-7569)

[2019-03-10 21:52:37 #2 store] 
Database 'C:\Users\Carlos Dominguez\Desktop\BetAndRuin_FloatSoft\resources\db\bets.odb' is opened by 8608@DESKTOP-F3FKHV4

[2019-03-10 21:52:37 #3 type] 
Type domainV1.Question is not enhanced.

[2019-03-10 21:52:37 #4 type] 
Type domainV1.Bet is not enhanced.

[2019-03-10 21:52:37 #5 type] 
Type domainV1.Event is not enhanced.

[2019-03-10 21:52:37 #6 type] 
Type domainV1.User is not enhanced.

------------------------------------------------------------------------------------------------------------------------

[2019-03-10 21:54:24 #1 store] 
Database 'C:\Users\Carlos Dominguez\Desktop\BetAndRuin_FloatSoft\resources\db\bets.odb' has been recovered (tr. 7570-7571)

[2019-03-10 21:54:24 #2 store] 
Database 'C:\Users\Carlos Dominguez\Desktop\BetAndRuin_FloatSoft\resources\db\bets.odb' is opened by 10656@DESKTOP-F3FKHV4

[2019-03-10 21:54:24 #3 type] 
Type domainV1.Question is not enhanced.

[2019-03-10 21:54:24 #4 type] 
Type domainV1.Bet is not enhanced.

[2019-03-10 21:54:24 #5 type] 
Type domainV1.Event is not enhanced.

[2019-03-10 21:54:24 #6 type] 
Type domainV1.User is not enhanced.

------------------------------------------------------------------------------------------------------------------------

[2019-03-10 21:57:21 #1 store] 
Database 'C:\Users\Carlos Dominguez\Desktop\BetAndRuin_FloatSoft\resources\db\bets.odb' has been recovered (tr. 7572-7573)

[2019-03-10 21:57:21 #2 store] 
Database 'C:\Users\Carlos Dominguez\Desktop\BetAndRuin_FloatSoft\resources\db\bets.odb' is opened by 2520@DESKTOP-F3FKHV4

[2019-03-10 21:57:21 #3 type] 
Type domainV1.Question is not enhanced.

[2019-03-10 21:57:21 #4 type] 
Type domainV1.Bet is not enhanced.

[2019-03-10 21:57:21 #5 type] 
Type domainV1.Event is not enhanced.

[2019-03-10 21:57:21 #6 type] 
Type domainV1.User is not enhanced.

------------------------------------------------------------------------------------------------------------------------

[2019-03-10 21:57:27 #1 store] 
Database 'C:\Users\Carlos Dominguez\Desktop\BetAndRuin_FloatSoft\resources\db\bets.odb' has been recovered (tr. 7574-7575)

[2019-03-10 21:57:27 #2 store] 
Database 'C:\Users\Carlos Dominguez\Desktop\BetAndRuin_FloatSoft\resources\db\bets.odb' is opened by 13760@DESKTOP-F3FKHV4

[2019-03-10 21:57:27 #3 type] 
Type domainV1.Question is not enhanced.

[2019-03-10 21:57:27 #4 type] 
Type domainV1.Bet is not enhanced.

[2019-03-10 21:57:27 #5 type] 
Type domainV1.Event is not enhanced.

[2019-03-10 21:57:27 #6 type] 
Type domainV1.User is not enhanced.

------------------------------------------------------------------------------------------------------------------------

[2019-03-10 21:57:30 #1 store] 
Database 'C:\Users\Carlos Dominguez\Desktop\BetAndRuin_FloatSoft\resources\db\bets.odb' has been recovered (tr. 7576-7577)

[2019-03-10 21:57:30 #2 store] 
Database 'C:\Users\Carlos Dominguez\Desktop\BetAndRuin_FloatSoft\resources\db\bets.odb' is opened by 13060@DESKTOP-F3FKHV4

[2019-03-10 21:57:30 #3 type] 
Type domainV1.Question is not enhanced.

[2019-03-10 21:57:30 #4 type] 
Type domainV1.Bet is not enhanced.

[2019-03-10 21:57:30 #5 type] 
Type domainV1.Event is not enhanced.

[2019-03-10 21:57:30 #6 type] 
Type domainV1.User is not enhanced.

------------------------------------------------------------------------------------------------------------------------

[2019-03-10 21:57:35 #1 store] 
Database 'C:\Users\Carlos Dominguez\Desktop\BetAndRuin_FloatSoft\resources\db\bets.odb' has been recovered (tr. 7578-7579)

[2019-03-10 21:57:35 #2 store] 
Database 'C:\Users\Carlos Dominguez\Desktop\BetAndRuin_FloatSoft\resources\db\bets.odb' is opened by 6816@DESKTOP-F3FKHV4

[2019-03-10 21:57:35 #3 type] 
Type domainV1.Question is not enhanced.

[2019-03-10 21:57:35 #4 type] 
Type domainV1.Bet is not enhanced.

[2019-03-10 21:57:35 #5 type] 
Type domainV1.Event is not enhanced.

[2019-03-10 21:57:35 #6 type] 
Type domainV1.User is not enhanced.

------------------------------------------------------------------------------------------------------------------------

[2019-03-10 21:58:15 #1 store] 
Database 'C:\Users\Carlos Dominguez\Desktop\BetAndRuin_FloatSoft\resources\db\bets.odb' has been recovered (tr. 7580-7581)

[2019-03-10 21:58:15 #2 store] 
Database 'C:\Users\Carlos Dominguez\Desktop\BetAndRuin_FloatSoft\resources\db\bets.odb' is opened by 3948@DESKTOP-F3FKHV4

[2019-03-10 21:58:15 #3 type] 
Type domainV1.Question is not enhanced.

[2019-03-10 21:58:15 #4 type] 
Type domainV1.Bet is not enhanced.

[2019-03-10 21:58:15 #5 type] 
Type domainV1.Event is not enhanced.

[2019-03-10 21:58:15 #6 type] 
Type domainV1.User is not enhanced.

------------------------------------------------------------------------------------------------------------------------

[2019-03-10 21:59:32 #1 store] 
Database 'C:\Users\Carlos Dominguez\Desktop\BetAndRuin_FloatSoft\resources\db\bets.odb' has been recovered (tr. 7582-7583)

[2019-03-10 21:59:32 #2 store] 
Database 'C:\Users\Carlos Dominguez\Desktop\BetAndRuin_FloatSoft\resources\db\bets.odb' is opened by 7820@DESKTOP-F3FKHV4

[2019-03-10 21:59:32 #3 type] 
Type domainV1.Question is not enhanced.

[2019-03-10 21:59:32 #4 type] 
Type domainV1.Bet is not enhanced.

[2019-03-10 21:59:32 #5 type] 
Type domainV1.Event is not enhanced.

[2019-03-10 21:59:32 #6 type] 
Type domainV1.User is not enhanced.

------------------------------------------------------------------------------------------------------------------------

[2019-03-10 21:59:46 #1 store] 
Database 'C:\Users\Carlos Dominguez\Desktop\BetAndRuin_FloatSoft\resources\db\bets.odb' has been recovered (tr. 7584-7586)

[2019-03-10 21:59:46 #2 store] 
Database 'C:\Users\Carlos Dominguez\Desktop\BetAndRuin_FloatSoft\resources\db\bets.odb' is opened by 8964@DESKTOP-F3FKHV4

[2019-03-10 21:59:46 #3 type] 
Type domainV1.Question is not enhanced.

[2019-03-10 21:59:46 #4 type] 
Type domainV1.Bet is not enhanced.

[2019-03-10 21:59:46 #5 type] 
Type domainV1.Event is not enhanced.

[2019-03-10 21:59:46 #6 type] 
Type domainV1.User is not enhanced.

------------------------------------------------------------------------------------------------------------------------

[2019-03-10 22:00:07 #1 store] 
Database 'C:\Users\Carlos Dominguez\Desktop\BetAndRuin_FloatSoft\resources\db\bets.odb' is opened by 1568@DESKTOP-F3FKHV4

[2019-03-10 22:00:08 #2 type] 
Type domainV1.Question is not enhanced.

[2019-03-10 22:00:08 #3 type] 
Type domainV1.Bet is not enhanced.

[2019-03-10 22:00:08 #4 type] 
Type domainV1.Event is not enhanced.

[2019-03-10 22:00:08 #5 type] 
Type domainV1.User is not enhanced.

------------------------------------------------------------------------------------------------------------------------

[2019-03-10 22:00:16 #1 store] 
Database 'C:\Users\Carlos Dominguez\Desktop\BetAndRuin_FloatSoft\resources\db\bets.odb' has been recovered (tr. 7587-7589)

[2019-03-10 22:00:16 #2 store] 
Database 'C:\Users\Carlos Dominguez\Desktop\BetAndRuin_FloatSoft\resources\db\bets.odb' is opened by 14244@DESKTOP-F3FKHV4

[2019-03-10 22:00:16 #3 type] 
Type domainV1.Question is not enhanced.

[2019-03-10 22:00:16 #4 type] 
Type domainV1.Bet is not enhanced.

[2019-03-10 22:00:16 #5 type] 
Type domainV1.Event is not enhanced.

[2019-03-10 22:00:16 #6 type] 
Type domainV1.User is not enhanced.

