------------------------------------------------------------------------------------------------------------------------

[2019-03-13 23:08:00 #1 store] 
Database 'C:\Users\Carlos Dominguez\Desktop\BetAndRuin_FloatSoft\resources\db\bets.odb' has been recovered (tr. 7592-7593)

[2019-03-13 23:08:00 #2 store] 
Database 'C:\Users\Carlos Dominguez\Desktop\BetAndRuin_FloatSoft\resources\db\bets.odb' is opened by 10252@DESKTOP-F3FKHV4

[2019-03-13 23:08:00 #3 type] 
Type domainV1.Question is not enhanced.

[2019-03-13 23:08:00 #4 type] 
Type domainV1.Bet is not enhanced.

[2019-03-13 23:08:00 #5 type] 
Type domainV1.Event is not enhanced.

[2019-03-13 23:08:00 #6 type] 
Type domainV1.User is not enhanced.

------------------------------------------------------------------------------------------------------------------------

[2019-03-13 23:10:33 #1 store] 
Database 'C:\Users\Carlos Dominguez\Desktop\BetAndRuin_FloatSoft\resources\db\bets.odb' is opened by 5852@DESKTOP-F3FKHV4

[2019-03-13 23:10:33 #2 type] 
Type domainV1.Question is not enhanced.

[2019-03-13 23:10:33 #3 type] 
Type domainV1.Bet is not enhanced.

[2019-03-13 23:10:33 #4 type] 
Type domainV1.Event is not enhanced.

[2019-03-13 23:10:33 #5 type] 
Type domainV1.User is not enhanced.

