------------------------------------------------------------------------------------------------------------------------

[2019-04-05 00:07:05 #1 store] 
Database 'C:\Users\Carlos\Desktop\BetAndRuin_FloatSoft\resources\db\bets.odb' has been recovered (tr. 2480-2480)

[2019-04-05 00:07:05 #2 store] 
Database 'C:\Users\Carlos\Desktop\BetAndRuin_FloatSoft\resources\db\bets.odb' is opened by 11728@DESKTOP-K71H3G5

[2019-04-05 00:07:05 #3 type] 
Type domainV2.User is not enhanced.

[2019-04-05 00:07:05 #4 type] 
Type domainV2.News is not enhanced.

[2019-04-05 00:07:05 #5 type] 
Type domainV2.RecoverPassword is not enhanced.

[2019-04-05 00:07:05 #6 type] 
Type domainV2.event.Event is not enhanced.

[2019-04-05 00:07:05 #7 type] 
Type domainV2.question.Question is not enhanced.

[2019-04-05 00:07:05 #8 type] 
Type domainV2.util.Translation is not enhanced.

[2019-04-05 00:07:05 #9 type] 
Type domainV2.bet.BetSuperClass is not enhanced.

[2019-04-05 00:07:05 #10 type] 
Type domainV2.bet.Bet is not enhanced.

------------------------------------------------------------------------------------------------------------------------

[2019-04-05 00:08:35 #1 store] 
Database 'C:\Users\Carlos\Desktop\BetAndRuin_FloatSoft\resources\db\bets.odb' has been recovered (tr. 2481-2481)

[2019-04-05 00:08:35 #2 store] 
Database 'C:\Users\Carlos\Desktop\BetAndRuin_FloatSoft\resources\db\bets.odb' is opened by 7260@DESKTOP-K71H3G5

[2019-04-05 00:08:35 #3 type] 
Type domainV2.User is not enhanced.

[2019-04-05 00:08:35 #4 type] 
Type domainV2.News is not enhanced.

[2019-04-05 00:08:35 #5 type] 
Type domainV2.RecoverPassword is not enhanced.

[2019-04-05 00:08:35 #6 type] 
Type domainV2.event.Event is not enhanced.

[2019-04-05 00:08:35 #7 type] 
Type domainV2.question.Question is not enhanced.

[2019-04-05 00:08:35 #8 type] 
Type domainV2.util.Translation is not enhanced.

[2019-04-05 00:08:35 #9 type] 
Type domainV2.bet.BetSuperClass is not enhanced.

[2019-04-05 00:08:35 #10 type] 
Type domainV2.bet.Bet is not enhanced.

------------------------------------------------------------------------------------------------------------------------

[2019-04-05 00:09:28 #1 store] 
Database 'C:\Users\Carlos\Desktop\BetAndRuin_FloatSoft\resources\db\bets.odb' has been recovered (tr. 2482-2482)

[2019-04-05 00:09:28 #2 store] 
Database 'C:\Users\Carlos\Desktop\BetAndRuin_FloatSoft\resources\db\bets.odb' is opened by 9768@DESKTOP-K71H3G5

[2019-04-05 00:09:28 #3 type] 
Type domainV2.User is not enhanced.

[2019-04-05 00:09:28 #4 type] 
Type domainV2.News is not enhanced.

[2019-04-05 00:09:28 #5 type] 
Type domainV2.RecoverPassword is not enhanced.

[2019-04-05 00:09:28 #6 type] 
Type domainV2.event.Event is not enhanced.

[2019-04-05 00:09:28 #7 type] 
Type domainV2.question.Question is not enhanced.

[2019-04-05 00:09:28 #8 type] 
Type domainV2.util.Translation is not enhanced.

[2019-04-05 00:09:28 #9 type] 
Type domainV2.bet.BetSuperClass is not enhanced.

[2019-04-05 00:09:28 #10 type] 
Type domainV2.bet.Bet is not enhanced.

------------------------------------------------------------------------------------------------------------------------

[2019-04-05 00:10:35 #1 store] 
Database 'C:\Users\Carlos\Desktop\BetAndRuin_FloatSoft\resources\db\bets.odb' has been recovered (tr. 2483-2483)

[2019-04-05 00:10:35 #2 store] 
Database 'C:\Users\Carlos\Desktop\BetAndRuin_FloatSoft\resources\db\bets.odb' is opened by 10444@DESKTOP-K71H3G5

[2019-04-05 00:10:35 #3 type] 
Type domainV2.User is not enhanced.

[2019-04-05 00:10:35 #4 type] 
Type domainV2.News is not enhanced.

[2019-04-05 00:10:35 #5 type] 
Type domainV2.RecoverPassword is not enhanced.

[2019-04-05 00:10:35 #6 type] 
Type domainV2.event.Event is not enhanced.

[2019-04-05 00:10:35 #7 type] 
Type domainV2.question.Question is not enhanced.

[2019-04-05 00:10:35 #8 type] 
Type domainV2.util.Translation is not enhanced.

[2019-04-05 00:10:35 #9 type] 
Type domainV2.bet.BetSuperClass is not enhanced.

[2019-04-05 00:10:35 #10 type] 
Type domainV2.bet.Bet is not enhanced.

------------------------------------------------------------------------------------------------------------------------

[2019-04-05 00:11:43 #1 store] 
Database 'C:\Users\Carlos\Desktop\BetAndRuin_FloatSoft\resources\db\bets.odb' has been recovered (tr. 2484-2484)

[2019-04-05 00:11:43 #2 store] 
Database 'C:\Users\Carlos\Desktop\BetAndRuin_FloatSoft\resources\db\bets.odb' is opened by 5064@DESKTOP-K71H3G5

[2019-04-05 00:11:43 #3 type] 
Type domainV2.User is not enhanced.

[2019-04-05 00:11:43 #4 type] 
Type domainV2.News is not enhanced.

[2019-04-05 00:11:43 #5 type] 
Type domainV2.RecoverPassword is not enhanced.

[2019-04-05 00:11:43 #6 type] 
Type domainV2.event.Event is not enhanced.

[2019-04-05 00:11:43 #7 type] 
Type domainV2.question.Question is not enhanced.

[2019-04-05 00:11:43 #8 type] 
Type domainV2.util.Translation is not enhanced.

[2019-04-05 00:11:43 #9 type] 
Type domainV2.bet.BetSuperClass is not enhanced.

[2019-04-05 00:11:43 #10 type] 
Type domainV2.bet.Bet is not enhanced.

------------------------------------------------------------------------------------------------------------------------

[2019-04-05 00:12:50 #1 store] 
Database 'C:\Users\Carlos\Desktop\BetAndRuin_FloatSoft\resources\db\bets.odb' has been recovered (tr. 2485-2485)

[2019-04-05 00:12:50 #2 store] 
Database 'C:\Users\Carlos\Desktop\BetAndRuin_FloatSoft\resources\db\bets.odb' is opened by 4928@DESKTOP-K71H3G5

[2019-04-05 00:12:50 #3 type] 
Type domainV2.User is not enhanced.

[2019-04-05 00:12:50 #4 type] 
Type domainV2.News is not enhanced.

[2019-04-05 00:12:50 #5 type] 
Type domainV2.RecoverPassword is not enhanced.

[2019-04-05 00:12:50 #6 type] 
Type domainV2.event.Event is not enhanced.

[2019-04-05 00:12:50 #7 type] 
Type domainV2.question.Question is not enhanced.

[2019-04-05 00:12:50 #8 type] 
Type domainV2.util.Translation is not enhanced.

[2019-04-05 00:12:50 #9 type] 
Type domainV2.bet.BetSuperClass is not enhanced.

[2019-04-05 00:12:50 #10 type] 
Type domainV2.bet.Bet is not enhanced.

------------------------------------------------------------------------------------------------------------------------

[2019-04-05 00:15:16 #1 store] 
Database 'C:\Users\Carlos\Desktop\BetAndRuin_FloatSoft\resources\db\bets.odb' has been recovered (tr. 2486-2486)

[2019-04-05 00:15:16 #2 store] 
Database 'C:\Users\Carlos\Desktop\BetAndRuin_FloatSoft\resources\db\bets.odb' is opened by 4684@DESKTOP-K71H3G5

[2019-04-05 00:15:16 #3 type] 
Type domainV2.User is not enhanced.

[2019-04-05 00:15:16 #4 type] 
Type domainV2.News is not enhanced.

[2019-04-05 00:15:16 #5 type] 
Type domainV2.RecoverPassword is not enhanced.

[2019-04-05 00:15:16 #6 type] 
Type domainV2.event.Event is not enhanced.

[2019-04-05 00:15:16 #7 type] 
Type domainV2.question.Question is not enhanced.

[2019-04-05 00:15:16 #8 type] 
Type domainV2.util.Translation is not enhanced.

[2019-04-05 00:15:16 #9 type] 
Type domainV2.bet.BetSuperClass is not enhanced.

[2019-04-05 00:15:16 #10 type] 
Type domainV2.bet.Bet is not enhanced.

------------------------------------------------------------------------------------------------------------------------

[2019-04-05 00:16:40 #1 store] 
Database 'C:\Users\Carlos\Desktop\BetAndRuin_FloatSoft\resources\db\bets.odb' has been recovered (tr. 2487-2487)

[2019-04-05 00:16:40 #2 store] 
Database 'C:\Users\Carlos\Desktop\BetAndRuin_FloatSoft\resources\db\bets.odb' is opened by 13748@DESKTOP-K71H3G5

[2019-04-05 00:16:40 #3 type] 
Type domainV2.User is not enhanced.

[2019-04-05 00:16:40 #4 type] 
Type domainV2.News is not enhanced.

[2019-04-05 00:16:40 #5 type] 
Type domainV2.RecoverPassword is not enhanced.

[2019-04-05 00:16:40 #6 type] 
Type domainV2.event.Event is not enhanced.

[2019-04-05 00:16:40 #7 type] 
Type domainV2.question.Question is not enhanced.

[2019-04-05 00:16:40 #8 type] 
Type domainV2.util.Translation is not enhanced.

[2019-04-05 00:16:40 #9 type] 
Type domainV2.bet.BetSuperClass is not enhanced.

[2019-04-05 00:16:40 #10 type] 
Type domainV2.bet.Bet is not enhanced.

------------------------------------------------------------------------------------------------------------------------

[2019-04-05 08:20:28 #1 store] 
Database 'C:\Users\Carlos\Desktop\BetAndRuin_FloatSoft\resources\db\bets.odb' has been recovered (tr. 2488-2488)

[2019-04-05 08:20:28 #2 store] 
Database 'C:\Users\Carlos\Desktop\BetAndRuin_FloatSoft\resources\db\bets.odb' is opened by 1996@DESKTOP-K71H3G5

[2019-04-05 08:20:29 #3 type] 
Type domainV2.User is not enhanced.

[2019-04-05 08:20:29 #4 type] 
Type domainV2.News is not enhanced.

[2019-04-05 08:20:29 #5 type] 
Type domainV2.RecoverPassword is not enhanced.

[2019-04-05 08:20:29 #6 type] 
Type domainV2.event.Event is not enhanced.

[2019-04-05 08:20:29 #7 type] 
Type domainV2.question.Question is not enhanced.

[2019-04-05 08:20:29 #8 type] 
Type domainV2.util.Translation is not enhanced.

[2019-04-05 08:20:29 #9 type] 
Type domainV2.bet.BetSuperClass is not enhanced.

[2019-04-05 08:20:29 #10 type] 
Type domainV2.bet.Bet is not enhanced.

------------------------------------------------------------------------------------------------------------------------

[2019-04-05 18:31:45 #1 store] 
Database 'C:\Users\Carlos\Desktop\BetAndRuin_FloatSoft\resources\db\bets.odb' has been recovered (tr. 2489-2489)

[2019-04-05 18:31:45 #2 store] 
Database 'C:\Users\Carlos\Desktop\BetAndRuin_FloatSoft\resources\db\bets.odb' is opened by 11096@DESKTOP-K71H3G5

[2019-04-05 18:31:45 #3 type] 
Type domainV2.User is not enhanced.

[2019-04-05 18:31:45 #4 type] 
Type domainV2.News is not enhanced.

[2019-04-05 18:31:45 #5 type] 
Type domainV2.RecoverPassword is not enhanced.

[2019-04-05 18:31:45 #6 type] 
Type domainV2.event.Event is not enhanced.

[2019-04-05 18:31:45 #7 type] 
Type domainV2.question.Question is not enhanced.

[2019-04-05 18:31:45 #8 type] 
Type domainV2.util.Translation is not enhanced.

[2019-04-05 18:31:45 #9 type] 
Type domainV2.bet.BetSuperClass is not enhanced.

[2019-04-05 18:31:45 #10 type] 
Type domainV2.bet.Bet is not enhanced.

------------------------------------------------------------------------------------------------------------------------

[2019-04-05 18:53:18 #1 store] 
Database 'C:\Users\Carlos\Desktop\BetAndRuin_FloatSoft\resources\db\bets.odb' has been recovered (tr. 2490-2490)

[2019-04-05 18:53:18 #2 store] 
Database 'C:\Users\Carlos\Desktop\BetAndRuin_FloatSoft\resources\db\bets.odb' is opened by 1184@DESKTOP-K71H3G5

[2019-04-05 18:53:18 #3 type] 
Type domainV2.User is not enhanced.

[2019-04-05 18:53:18 #4 type] 
Type domainV2.News is not enhanced.

[2019-04-05 18:53:18 #5 type] 
Type domainV2.RecoverPassword is not enhanced.

[2019-04-05 18:53:18 #6 type] 
Type domainV2.event.Event is not enhanced.

[2019-04-05 18:53:18 #7 type] 
Type domainV2.question.Question is not enhanced.

[2019-04-05 18:53:18 #8 type] 
Type domainV2.util.Translation is not enhanced.

[2019-04-05 18:53:18 #9 type] 
Type domainV2.bet.BetSuperClass is not enhanced.

[2019-04-05 18:53:18 #10 type] 
Type domainV2.bet.Bet is not enhanced.

------------------------------------------------------------------------------------------------------------------------

[2019-04-05 18:56:08 #1 store] 
Database 'C:\Users\Carlos\Desktop\BetAndRuin_FloatSoft\resources\db\bets.odb' has been recovered (tr. 2491-2491)

[2019-04-05 18:56:08 #2 store] 
Database 'C:\Users\Carlos\Desktop\BetAndRuin_FloatSoft\resources\db\bets.odb' is opened by 6064@DESKTOP-K71H3G5

[2019-04-05 18:56:08 #3 type] 
Type domainV2.User is not enhanced.

[2019-04-05 18:56:08 #4 type] 
Type domainV2.News is not enhanced.

[2019-04-05 18:56:08 #5 type] 
Type domainV2.RecoverPassword is not enhanced.

[2019-04-05 18:56:08 #6 type] 
Type domainV2.event.Event is not enhanced.

[2019-04-05 18:56:08 #7 type] 
Type domainV2.question.Question is not enhanced.

[2019-04-05 18:56:08 #8 type] 
Type domainV2.util.Translation is not enhanced.

[2019-04-05 18:56:08 #9 type] 
Type domainV2.bet.BetSuperClass is not enhanced.

[2019-04-05 18:56:08 #10 type] 
Type domainV2.bet.Bet is not enhanced.

------------------------------------------------------------------------------------------------------------------------

[2019-04-05 19:02:18 #1 store] 
Database 'C:\Users\Carlos\Desktop\BetAndRuin_FloatSoft\resources\db\bets.odb' has been recovered (tr. 2492-2492)

[2019-04-05 19:02:18 #2 store] 
Database 'C:\Users\Carlos\Desktop\BetAndRuin_FloatSoft\resources\db\bets.odb' is opened by 4212@DESKTOP-K71H3G5

[2019-04-05 19:02:18 #3 type] 
Type domainV2.User is not enhanced.

[2019-04-05 19:02:18 #4 type] 
Type domainV2.News is not enhanced.

[2019-04-05 19:02:18 #5 type] 
Type domainV2.RecoverPassword is not enhanced.

[2019-04-05 19:02:18 #6 type] 
Type domainV2.event.Event is not enhanced.

[2019-04-05 19:02:18 #7 type] 
Type domainV2.question.Question is not enhanced.

[2019-04-05 19:02:18 #8 type] 
Type domainV2.util.Translation is not enhanced.

[2019-04-05 19:02:18 #9 type] 
Type domainV2.bet.BetSuperClass is not enhanced.

[2019-04-05 19:02:18 #10 type] 
Type domainV2.bet.Bet is not enhanced.

------------------------------------------------------------------------------------------------------------------------

[2019-04-05 19:04:58 #1 store] 
Database 'C:\Users\Carlos\Desktop\BetAndRuin_FloatSoft\resources\db\bets.odb' has been recovered (tr. 2493-2493)

[2019-04-05 19:04:58 #2 store] 
Database 'C:\Users\Carlos\Desktop\BetAndRuin_FloatSoft\resources\db\bets.odb' is opened by 3392@DESKTOP-K71H3G5

[2019-04-05 19:04:58 #3 type] 
Type domainV2.User is not enhanced.

[2019-04-05 19:04:58 #4 type] 
Type domainV2.News is not enhanced.

[2019-04-05 19:04:58 #5 type] 
Type domainV2.RecoverPassword is not enhanced.

[2019-04-05 19:04:58 #6 type] 
Type domainV2.event.Event is not enhanced.

[2019-04-05 19:04:58 #7 type] 
Type domainV2.question.Question is not enhanced.

[2019-04-05 19:04:58 #8 type] 
Type domainV2.util.Translation is not enhanced.

[2019-04-05 19:04:58 #9 type] 
Type domainV2.bet.BetSuperClass is not enhanced.

[2019-04-05 19:04:58 #10 type] 
Type domainV2.bet.Bet is not enhanced.

------------------------------------------------------------------------------------------------------------------------

[2019-04-05 19:05:58 #1 store] 
Database 'C:\Users\Carlos\Desktop\BetAndRuin_FloatSoft\resources\db\bets.odb' has been recovered (tr. 2494-2494)

[2019-04-05 19:05:58 #2 store] 
Database 'C:\Users\Carlos\Desktop\BetAndRuin_FloatSoft\resources\db\bets.odb' is opened by 8528@DESKTOP-K71H3G5

[2019-04-05 19:05:58 #3 type] 
Type domainV2.User is not enhanced.

[2019-04-05 19:05:58 #4 type] 
Type domainV2.News is not enhanced.

[2019-04-05 19:05:58 #5 type] 
Type domainV2.RecoverPassword is not enhanced.

[2019-04-05 19:05:58 #6 type] 
Type domainV2.event.Event is not enhanced.

[2019-04-05 19:05:58 #7 type] 
Type domainV2.question.Question is not enhanced.

[2019-04-05 19:05:58 #8 type] 
Type domainV2.util.Translation is not enhanced.

[2019-04-05 19:05:58 #9 type] 
Type domainV2.bet.BetSuperClass is not enhanced.

[2019-04-05 19:05:58 #10 type] 
Type domainV2.bet.Bet is not enhanced.

------------------------------------------------------------------------------------------------------------------------

[2019-04-05 19:06:19 #1 store] 
Database 'C:\Users\Carlos\Desktop\BetAndRuin_FloatSoft\resources\db\bets.odb' has been recovered (tr. 2495-2495)

[2019-04-05 19:06:19 #2 store] 
Database 'C:\Users\Carlos\Desktop\BetAndRuin_FloatSoft\resources\db\bets.odb' is opened by 7936@DESKTOP-K71H3G5

[2019-04-05 19:06:19 #3 type] 
Type domainV2.User is not enhanced.

[2019-04-05 19:06:19 #4 type] 
Type domainV2.News is not enhanced.

[2019-04-05 19:06:19 #5 type] 
Type domainV2.RecoverPassword is not enhanced.

[2019-04-05 19:06:19 #6 type] 
Type domainV2.event.Event is not enhanced.

[2019-04-05 19:06:19 #7 type] 
Type domainV2.question.Question is not enhanced.

[2019-04-05 19:06:19 #8 type] 
Type domainV2.util.Translation is not enhanced.

[2019-04-05 19:06:19 #9 type] 
Type domainV2.bet.BetSuperClass is not enhanced.

[2019-04-05 19:06:19 #10 type] 
Type domainV2.bet.Bet is not enhanced.

------------------------------------------------------------------------------------------------------------------------

[2019-04-05 19:16:23 #1 store] 
Database 'C:\Users\Carlos\Desktop\BetAndRuin_FloatSoft\resources\db\bets.odb' has been recovered (tr. 2496-2496)

[2019-04-05 19:16:23 #2 store] 
Database 'C:\Users\Carlos\Desktop\BetAndRuin_FloatSoft\resources\db\bets.odb' is opened by 2392@DESKTOP-K71H3G5

[2019-04-05 19:16:23 #3 type] 
Type domainV2.User is not enhanced.

[2019-04-05 19:16:23 #4 type] 
Type domainV2.News is not enhanced.

[2019-04-05 19:16:23 #5 type] 
Type domainV2.RecoverPassword is not enhanced.

[2019-04-05 19:16:23 #6 type] 
Type domainV2.event.Event is not enhanced.

[2019-04-05 19:16:23 #7 type] 
Type domainV2.question.Question is not enhanced.

[2019-04-05 19:16:23 #8 type] 
Type domainV2.util.Translation is not enhanced.

[2019-04-05 19:16:23 #9 type] 
Type domainV2.bet.BetSuperClass is not enhanced.

[2019-04-05 19:16:23 #10 type] 
Type domainV2.bet.Bet is not enhanced.

[2019-04-05 19:16:28 #11 type.registry] 
New type domainV2.Transaction

[2019-04-05 19:16:28 #12 type] 
Type domainV2.Transaction is not enhanced.

------------------------------------------------------------------------------------------------------------------------

[2019-04-05 19:17:08 #1 store] 
Database 'C:\Users\Carlos\Desktop\BetAndRuin_FloatSoft\resources\db\bets.odb' has been recovered (tr. 2497-2498)

[2019-04-05 19:17:08 #2 store] 
Database 'C:\Users\Carlos\Desktop\BetAndRuin_FloatSoft\resources\db\bets.odb' is opened by 7236@DESKTOP-K71H3G5

[2019-04-05 19:17:08 #3 type] 
Type domainV2.User is not enhanced.

[2019-04-05 19:17:08 #4 type] 
Type domainV2.News is not enhanced.

[2019-04-05 19:17:08 #5 type] 
Type domainV2.RecoverPassword is not enhanced.

[2019-04-05 19:17:08 #6 type] 
Type domainV2.event.Event is not enhanced.

[2019-04-05 19:17:08 #7 type] 
Type domainV2.question.Question is not enhanced.

[2019-04-05 19:17:08 #8 type] 
Type domainV2.util.Translation is not enhanced.

[2019-04-05 19:17:08 #9 type] 
Type domainV2.bet.BetSuperClass is not enhanced.

[2019-04-05 19:17:08 #10 type] 
Type domainV2.bet.Bet is not enhanced.

[2019-04-05 19:17:08 #11 type] 
Type domainV2.Transaction is not enhanced.

------------------------------------------------------------------------------------------------------------------------

[2019-04-05 19:17:44 #1 store] 
Database 'C:\Users\Carlos\Desktop\BetAndRuin_FloatSoft\resources\db\bets.odb' has been recovered (tr. 2499-2499)

[2019-04-05 19:17:45 #2 store] 
Database 'C:\Users\Carlos\Desktop\BetAndRuin_FloatSoft\resources\db\bets.odb' is opened by 9208@DESKTOP-K71H3G5

[2019-04-05 19:17:45 #3 type] 
Type domainV2.User is not enhanced.

[2019-04-05 19:17:45 #4 type] 
Type domainV2.News is not enhanced.

[2019-04-05 19:17:45 #5 type] 
Type domainV2.RecoverPassword is not enhanced.

[2019-04-05 19:17:45 #6 type] 
Type domainV2.event.Event is not enhanced.

[2019-04-05 19:17:45 #7 type] 
Type domainV2.question.Question is not enhanced.

[2019-04-05 19:17:45 #8 type] 
Type domainV2.util.Translation is not enhanced.

[2019-04-05 19:17:45 #9 type] 
Type domainV2.bet.BetSuperClass is not enhanced.

[2019-04-05 19:17:45 #10 type] 
Type domainV2.bet.Bet is not enhanced.

[2019-04-05 19:17:45 #11 type] 
Type domainV2.Transaction is not enhanced.

------------------------------------------------------------------------------------------------------------------------

[2019-04-05 19:32:56 #1 store] 
Database 'C:\Users\Carlos\Desktop\BetAndRuin_FloatSoft\resources\db\bets.odb' has been recovered (tr. 2500-2500)

[2019-04-05 19:32:56 #2 store] 
Database 'C:\Users\Carlos\Desktop\BetAndRuin_FloatSoft\resources\db\bets.odb' is opened by 7320@DESKTOP-K71H3G5

[2019-04-05 19:32:56 #3 type] 
Type domainV2.User is not enhanced.

[2019-04-05 19:32:56 #4 type] 
Type domainV2.News is not enhanced.

[2019-04-05 19:32:56 #5 type] 
Type domainV2.RecoverPassword is not enhanced.

[2019-04-05 19:32:56 #6 type] 
Type domainV2.event.Event is not enhanced.

[2019-04-05 19:32:56 #7 type] 
Type domainV2.question.Question is not enhanced.

[2019-04-05 19:32:56 #8 type] 
Type domainV2.util.Translation is not enhanced.

[2019-04-05 19:32:56 #9 type] 
Type domainV2.bet.BetSuperClass is not enhanced.

[2019-04-05 19:32:56 #10 type] 
Type domainV2.bet.Bet is not enhanced.

[2019-04-05 19:32:56 #11 type] 
Type domainV2.Transaction is not enhanced.

------------------------------------------------------------------------------------------------------------------------

[2019-04-05 19:33:49 #1 store] 
Database 'C:\Users\Carlos\Desktop\BetAndRuin_FloatSoft\resources\db\bets.odb' has been recovered (tr. 2501-2502)

[2019-04-05 19:33:49 #2 store] 
Database 'C:\Users\Carlos\Desktop\BetAndRuin_FloatSoft\resources\db\bets.odb' is opened by 8036@DESKTOP-K71H3G5

[2019-04-05 19:33:49 #3 type] 
Type domainV2.User is not enhanced.

[2019-04-05 19:33:49 #4 type] 
Type domainV2.News is not enhanced.

[2019-04-05 19:33:49 #5 type] 
Type domainV2.RecoverPassword is not enhanced.

[2019-04-05 19:33:49 #6 type] 
Type domainV2.event.Event is not enhanced.

[2019-04-05 19:33:49 #7 type] 
Type domainV2.question.Question is not enhanced.

[2019-04-05 19:33:49 #8 type] 
Type domainV2.util.Translation is not enhanced.

[2019-04-05 19:33:49 #9 type] 
Type domainV2.bet.BetSuperClass is not enhanced.

[2019-04-05 19:33:49 #10 type] 
Type domainV2.bet.Bet is not enhanced.

[2019-04-05 19:33:50 #11 type] 
Type domainV2.Transaction is not enhanced.

------------------------------------------------------------------------------------------------------------------------

[2019-04-05 19:35:09 #1 store] 
Database 'C:\Users\Carlos\Desktop\BetAndRuin_FloatSoft\resources\db\bets.odb' is opened by 3400@DESKTOP-K71H3G5

[2019-04-05 19:35:09 #2 type] 
Type domainV2.User is not enhanced.

[2019-04-05 19:35:09 #3 type] 
Type domainV2.News is not enhanced.

[2019-04-05 19:35:09 #4 type] 
Type domainV2.RecoverPassword is not enhanced.

[2019-04-05 19:35:09 #5 type] 
Type domainV2.event.Event is not enhanced.

[2019-04-05 19:35:09 #6 type] 
Type domainV2.question.Question is not enhanced.

[2019-04-05 19:35:09 #7 type] 
Type domainV2.util.Translation is not enhanced.

[2019-04-05 19:35:09 #8 type] 
Type domainV2.bet.BetSuperClass is not enhanced.

[2019-04-05 19:35:09 #9 type] 
Type domainV2.bet.Bet is not enhanced.

[2019-04-05 19:35:09 #10 type] 
Type domainV2.Transaction is not enhanced.

------------------------------------------------------------------------------------------------------------------------

[2019-04-05 19:40:13 #1 store] 
Database 'C:\Users\Carlos\Desktop\BetAndRuin_FloatSoft\resources\db\bets.odb' has been recovered (tr. 2504-2510)

[2019-04-05 19:40:13 #2 store] 
Database 'C:\Users\Carlos\Desktop\BetAndRuin_FloatSoft\resources\db\bets.odb' is opened by 7208@DESKTOP-K71H3G5

[2019-04-05 19:40:13 #3 type] 
Type domainV2.User is not enhanced.

[2019-04-05 19:40:13 #4 type] 
Type domainV2.News is not enhanced.

[2019-04-05 19:40:13 #5 type] 
Type domainV2.RecoverPassword is not enhanced.

[2019-04-05 19:40:13 #6 type] 
Type domainV2.event.Event is not enhanced.

[2019-04-05 19:40:13 #7 type] 
Type domainV2.question.Question is not enhanced.

[2019-04-05 19:40:13 #8 type] 
Type domainV2.util.Translation is not enhanced.

[2019-04-05 19:40:13 #9 type] 
Type domainV2.bet.BetSuperClass is not enhanced.

[2019-04-05 19:40:13 #10 type] 
Type domainV2.bet.Bet is not enhanced.

[2019-04-05 19:40:13 #11 type] 
Type domainV2.Transaction is not enhanced.

------------------------------------------------------------------------------------------------------------------------

[2019-04-05 19:41:07 #1 store] 
Database 'C:\Users\Carlos\Desktop\BetAndRuin_FloatSoft\resources\db\bets.odb' has been recovered (tr. 2511-2511)

[2019-04-05 19:41:07 #2 store] 
Database 'C:\Users\Carlos\Desktop\BetAndRuin_FloatSoft\resources\db\bets.odb' is opened by 7184@DESKTOP-K71H3G5

[2019-04-05 19:41:07 #3 type] 
Type domainV2.User is not enhanced.

[2019-04-05 19:41:07 #4 type] 
Type domainV2.News is not enhanced.

[2019-04-05 19:41:07 #5 type] 
Type domainV2.RecoverPassword is not enhanced.

[2019-04-05 19:41:07 #6 type] 
Type domainV2.event.Event is not enhanced.

[2019-04-05 19:41:07 #7 type] 
Type domainV2.question.Question is not enhanced.

[2019-04-05 19:41:07 #8 type] 
Type domainV2.util.Translation is not enhanced.

[2019-04-05 19:41:07 #9 type] 
Type domainV2.bet.BetSuperClass is not enhanced.

[2019-04-05 19:41:07 #10 type] 
Type domainV2.bet.Bet is not enhanced.

[2019-04-05 19:41:07 #11 type] 
Type domainV2.Transaction is not enhanced.

------------------------------------------------------------------------------------------------------------------------

[2019-04-05 19:45:33 #1 store] 
Database 'C:\Users\Carlos\Desktop\BetAndRuin_FloatSoft\resources\db\bets.odb' is opened by 3532@DESKTOP-K71H3G5

[2019-04-05 19:45:33 #2 type.registry] 
New type domainV2.User

[2019-04-05 19:45:33 #3 type] 
Type domainV2.User is not enhanced.

[2019-04-05 19:45:33 #4 type.registry] 
New type java.util.LinkedList<java.lang.Object>

[2019-04-05 19:45:33 #5 type.registry] 
New type java.util.LinkedList<java.lang.String>

------------------------------------------------------------------------------------------------------------------------

[2019-04-05 19:45:46 #1 store] 
Database 'C:\Users\Carlos\Desktop\BetAndRuin_FloatSoft\resources\db\bets.odb' has been recovered (tr. 1-1108)

[2019-04-05 19:45:46 #2 store] 
Database 'C:\Users\Carlos\Desktop\BetAndRuin_FloatSoft\resources\db\bets.odb' is opened by 3848@DESKTOP-K71H3G5

[2019-04-05 19:45:47 #3 type] 
Type domainV2.User is not enhanced.

[2019-04-05 19:45:47 #4 type.registry] 
New type domainV2.News

[2019-04-05 19:45:47 #5 type] 
Type domainV2.News is not enhanced.

------------------------------------------------------------------------------------------------------------------------

[2019-04-05 19:47:18 #1 store] 
Database 'C:\Users\Carlos\Desktop\BetAndRuin_FloatSoft\resources\db\bets.odb' has been recovered (tr. 1109-2046)

[2019-04-05 19:47:18 #2 store] 
Database 'C:\Users\Carlos\Desktop\BetAndRuin_FloatSoft\resources\db\bets.odb' is opened by 10648@DESKTOP-K71H3G5

[2019-04-05 19:47:18 #3 type] 
Type domainV2.User is not enhanced.

[2019-04-05 19:47:18 #4 type] 
Type domainV2.News is not enhanced.

------------------------------------------------------------------------------------------------------------------------

[2019-04-05 19:47:30 #1 store] 
Database 'C:\Users\Carlos\Desktop\BetAndRuin_FloatSoft\resources\db\bets.odb' has been recovered (tr. 2047-2264)

[2019-04-05 19:47:30 #2 store] 
Database 'C:\Users\Carlos\Desktop\BetAndRuin_FloatSoft\resources\db\bets.odb' is opened by 1308@DESKTOP-K71H3G5

[2019-04-05 19:47:30 #3 type] 
Type domainV2.User is not enhanced.

[2019-04-05 19:47:30 #4 type] 
Type domainV2.News is not enhanced.

[2019-04-05 19:47:31 #5 type.registry] 
New type domainV2.event.Event

[2019-04-05 19:47:31 #6 type] 
Type domainV2.event.Event is not enhanced.

[2019-04-05 19:47:31 #7 type.registry] 
New type domainV2.event.EventTag

[2019-04-05 19:47:31 #8 type.registry] 
New type domainV2.question.Question

[2019-04-05 19:47:31 #9 type.registry] 
New type domainV2.util.Translation

[2019-04-05 19:47:31 #10 type] 
Type domainV2.question.Question is not enhanced.

[2019-04-05 19:47:31 #11 type.registry] 
New type domainV2.bet.BetSuperClass

[2019-04-05 19:47:31 #12 type.registry] 
New type domainV2.question.QuestionMode

[2019-04-05 19:47:31 #13 type] 
Type domainV2.util.Translation is not enhanced.

[2019-04-05 19:47:31 #14 type.registry] 
New type domainV2.util.Language

[2019-04-05 19:47:31 #15 type] 
Type domainV2.bet.BetSuperClass is not enhanced.

------------------------------------------------------------------------------------------------------------------------

[2019-04-05 20:47:35 #1 store] 
Database 'C:\Users\Carlos\Desktop\BetAndRuin_FloatSoft\resources\db\bets.odb' is opened by 8448@DESKTOP-K71H3G5

[2019-04-05 20:47:35 #2 type.registry] 
New type domainV2.User

[2019-04-05 20:47:35 #3 type] 
Type domainV2.User is not enhanced.

------------------------------------------------------------------------------------------------------------------------

[2019-04-05 20:47:58 #1 store] 
Database 'C:\Users\Carlos\Desktop\BetAndRuin_FloatSoft\resources\db\bets.odb' has been recovered (tr. 1-3)

[2019-04-05 20:47:58 #2 store] 
Database 'C:\Users\Carlos\Desktop\BetAndRuin_FloatSoft\resources\db\bets.odb' is opened by 5656@DESKTOP-K71H3G5

[2019-04-05 20:47:58 #3 type] 
Type domainV2.User is not enhanced.

[2019-04-05 20:47:59 #4 type.registry] 
New type java.util.LinkedList<java.lang.Object>

[2019-04-05 20:47:59 #5 type.registry] 
New type java.util.LinkedList<java.lang.String>

------------------------------------------------------------------------------------------------------------------------

[2019-04-05 20:49:08 #1 store] 
Database 'C:\Users\Carlos\Desktop\BetAndRuin_FloatSoft\resources\db\bets.odb' has been recovered (tr. 4-1477)

[2019-04-05 20:49:08 #2 store] 
Database 'C:\Users\Carlos\Desktop\BetAndRuin_FloatSoft\resources\db\bets.odb' is opened by 8780@DESKTOP-K71H3G5

[2019-04-05 20:49:08 #3 type] 
Type domainV2.User is not enhanced.

[2019-04-05 20:49:08 #4 type.registry] 
New type domainV2.News

[2019-04-05 20:49:08 #5 type] 
Type domainV2.News is not enhanced.

------------------------------------------------------------------------------------------------------------------------

[2019-04-05 20:49:16 #1 store] 
Database 'C:\Users\Carlos\Desktop\BetAndRuin_FloatSoft\resources\db\bets.odb' has been recovered (tr. 1478-1901)

[2019-04-05 20:49:16 #2 store] 
Database 'C:\Users\Carlos\Desktop\BetAndRuin_FloatSoft\resources\db\bets.odb' is opened by 2544@DESKTOP-K71H3G5

[2019-04-05 20:49:16 #3 type] 
Type domainV2.User is not enhanced.

[2019-04-05 20:49:16 #4 type] 
Type domainV2.News is not enhanced.

[2019-04-05 20:49:17 #5 type.registry] 
New type domainV2.event.Event

[2019-04-05 20:49:17 #6 type] 
Type domainV2.event.Event is not enhanced.

[2019-04-05 20:49:17 #7 type.registry] 
New type domainV2.event.EventTag

[2019-04-05 20:49:17 #8 type.registry] 
New type domainV2.question.Question

[2019-04-05 20:49:17 #9 type.registry] 
New type domainV2.util.Translation

[2019-04-05 20:49:17 #10 type] 
Type domainV2.question.Question is not enhanced.

[2019-04-05 20:49:17 #11 type.registry] 
New type domainV2.bet.BetSuperClass

[2019-04-05 20:49:17 #12 type.registry] 
New type domainV2.question.QuestionMode

[2019-04-05 20:49:17 #13 type] 
Type domainV2.util.Translation is not enhanced.

[2019-04-05 20:49:17 #14 type.registry] 
New type domainV2.util.Language

[2019-04-05 20:49:17 #15 type] 
Type domainV2.bet.BetSuperClass is not enhanced.

------------------------------------------------------------------------------------------------------------------------

[2019-04-05 20:54:21 #1 store] 
Database 'C:\Users\Carlos\Desktop\BetAndRuin_FloatSoft\resources\db\bets.odb' has been recovered (tr. 1902-1903)

[2019-04-05 20:54:21 #2 store] 
Database 'C:\Users\Carlos\Desktop\BetAndRuin_FloatSoft\resources\db\bets.odb' is opened by 10180@DESKTOP-K71H3G5

[2019-04-05 20:54:21 #3 type] 
Type domainV2.User is not enhanced.

[2019-04-05 20:54:21 #4 type] 
Type domainV2.News is not enhanced.

[2019-04-05 20:54:21 #5 type] 
Type domainV2.event.Event is not enhanced.

[2019-04-05 20:54:21 #6 type] 
Type domainV2.question.Question is not enhanced.

[2019-04-05 20:54:21 #7 type] 
Type domainV2.util.Translation is not enhanced.

[2019-04-05 20:54:21 #8 type] 
Type domainV2.bet.BetSuperClass is not enhanced.

[2019-04-05 20:55:45 #9 type.registry] 
New type java.util.HashMap<java.lang.Object,java.lang.Object>

[2019-04-05 20:55:45 #10 type.registry] 
New type java.util.HashMap<java.lang.String,domainV2.question.Question>

[2019-04-05 20:55:45 #11 type.registry] 
New type java.util.HashSet<java.lang.Object>

[2019-04-05 20:55:45 #12 type.registry] 
New type java.util.HashSet<domainV2.event.EventTag>

[2019-04-05 20:55:45 #13 type.registry] 
New type java.util.HashMap<domainV2.util.Language,java.lang.String>

[2019-04-05 20:55:45 #14 type.registry] 
New type java.util.LinkedList<domainV2.bet.BetSuperClass>

[2019-04-05 20:55:45 #15 type.registry] 
New type java.util.HashSet<java.lang.String>

------------------------------------------------------------------------------------------------------------------------

[2019-04-05 21:06:54 #1 store] 
Database 'C:\Users\Carlos\Desktop\BetAndRuin_FloatSoft\resources\db\bets.odb' is opened by 9324@DESKTOP-K71H3G5

[2019-04-05 21:06:55 #2 type] 
Type domainV2.User is not enhanced.

[2019-04-05 21:06:55 #3 type] 
Type domainV2.News is not enhanced.

[2019-04-05 21:06:55 #4 type] 
Type domainV2.event.Event is not enhanced.

[2019-04-05 21:06:55 #5 type] 
Type domainV2.question.Question is not enhanced.

[2019-04-05 21:06:55 #6 type] 
Type domainV2.util.Translation is not enhanced.

[2019-04-05 21:06:55 #7 type] 
Type domainV2.bet.BetSuperClass is not enhanced.

------------------------------------------------------------------------------------------------------------------------

[2019-04-05 21:07:18 #1 store] 
Database 'C:\Users\Carlos\Desktop\BetAndRuin_FloatSoft\resources\db\bets.odb' has been recovered (tr. 1914-1914)

[2019-04-05 21:07:18 #2 store] 
Database 'C:\Users\Carlos\Desktop\BetAndRuin_FloatSoft\resources\db\bets.odb' is opened by 9696@DESKTOP-K71H3G5

[2019-04-05 21:07:18 #3 type] 
Type domainV2.User is not enhanced.

[2019-04-05 21:07:18 #4 type] 
Type domainV2.News is not enhanced.

[2019-04-05 21:07:18 #5 type] 
Type domainV2.event.Event is not enhanced.

[2019-04-05 21:07:18 #6 type] 
Type domainV2.question.Question is not enhanced.

[2019-04-05 21:07:18 #7 type] 
Type domainV2.util.Translation is not enhanced.

[2019-04-05 21:07:18 #8 type] 
Type domainV2.bet.BetSuperClass is not enhanced.

------------------------------------------------------------------------------------------------------------------------

[2019-04-05 21:07:44 #1 store] 
Database 'C:\Users\Carlos\Desktop\BetAndRuin_FloatSoft\resources\db\bets.odb' has been recovered (tr. 1915-1915)

[2019-04-05 21:07:45 #2 store] 
Database 'C:\Users\Carlos\Desktop\BetAndRuin_FloatSoft\resources\db\bets.odb' is opened by 3728@DESKTOP-K71H3G5

[2019-04-05 21:07:45 #3 type] 
Type domainV2.User is not enhanced.

[2019-04-05 21:07:45 #4 type] 
Type domainV2.News is not enhanced.

[2019-04-05 21:07:45 #5 type] 
Type domainV2.event.Event is not enhanced.

[2019-04-05 21:07:45 #6 type] 
Type domainV2.question.Question is not enhanced.

[2019-04-05 21:07:45 #7 type] 
Type domainV2.util.Translation is not enhanced.

[2019-04-05 21:07:45 #8 type] 
Type domainV2.bet.BetSuperClass is not enhanced.

------------------------------------------------------------------------------------------------------------------------

[2019-04-05 21:09:30 #1 store] 
Database 'C:\Users\Carlos\Desktop\BetAndRuin_FloatSoft\resources\db\bets.odb' has been recovered (tr. 1916-1916)

[2019-04-05 21:09:30 #2 store] 
Database 'C:\Users\Carlos\Desktop\BetAndRuin_FloatSoft\resources\db\bets.odb' is opened by 9696@DESKTOP-K71H3G5

[2019-04-05 21:09:30 #3 type] 
Type domainV2.User is not enhanced.

[2019-04-05 21:09:30 #4 type] 
Type domainV2.News is not enhanced.

[2019-04-05 21:09:30 #5 type] 
Type domainV2.event.Event is not enhanced.

[2019-04-05 21:09:30 #6 type] 
Type domainV2.question.Question is not enhanced.

[2019-04-05 21:09:30 #7 type] 
Type domainV2.util.Translation is not enhanced.

[2019-04-05 21:09:30 #8 type] 
Type domainV2.bet.BetSuperClass is not enhanced.

------------------------------------------------------------------------------------------------------------------------

[2019-04-05 21:10:24 #1 store] 
Database 'C:\Users\Carlos\Desktop\BetAndRuin_FloatSoft\resources\db\bets.odb' has been recovered (tr. 1917-1917)

[2019-04-05 21:10:24 #2 store] 
Database 'C:\Users\Carlos\Desktop\BetAndRuin_FloatSoft\resources\db\bets.odb' is opened by 10660@DESKTOP-K71H3G5

[2019-04-05 21:10:24 #3 type] 
Type domainV2.User is not enhanced.

[2019-04-05 21:10:24 #4 type] 
Type domainV2.News is not enhanced.

[2019-04-05 21:10:24 #5 type] 
Type domainV2.event.Event is not enhanced.

[2019-04-05 21:10:24 #6 type] 
Type domainV2.question.Question is not enhanced.

[2019-04-05 21:10:24 #7 type] 
Type domainV2.util.Translation is not enhanced.

[2019-04-05 21:10:24 #8 type] 
Type domainV2.bet.BetSuperClass is not enhanced.

------------------------------------------------------------------------------------------------------------------------

[2019-04-05 21:11:06 #1 store] 
Database 'C:\Users\Carlos\Desktop\BetAndRuin_FloatSoft\resources\db\bets.odb' has been recovered (tr. 1918-1918)

[2019-04-05 21:11:06 #2 store] 
Database 'C:\Users\Carlos\Desktop\BetAndRuin_FloatSoft\resources\db\bets.odb' is opened by 2800@DESKTOP-K71H3G5

[2019-04-05 21:11:06 #3 type] 
Type domainV2.User is not enhanced.

[2019-04-05 21:11:06 #4 type] 
Type domainV2.News is not enhanced.

[2019-04-05 21:11:06 #5 type] 
Type domainV2.event.Event is not enhanced.

[2019-04-05 21:11:06 #6 type] 
Type domainV2.question.Question is not enhanced.

[2019-04-05 21:11:06 #7 type] 
Type domainV2.util.Translation is not enhanced.

[2019-04-05 21:11:06 #8 type] 
Type domainV2.bet.BetSuperClass is not enhanced.

------------------------------------------------------------------------------------------------------------------------

[2019-04-05 21:11:59 #1 store] 
Database 'C:\Users\Carlos\Desktop\BetAndRuin_FloatSoft\resources\db\bets.odb' has been recovered (tr. 1919-1919)

[2019-04-05 21:11:59 #2 store] 
Database 'C:\Users\Carlos\Desktop\BetAndRuin_FloatSoft\resources\db\bets.odb' is opened by 4032@DESKTOP-K71H3G5

[2019-04-05 21:11:59 #3 type] 
Type domainV2.User is not enhanced.

[2019-04-05 21:11:59 #4 type] 
Type domainV2.News is not enhanced.

[2019-04-05 21:11:59 #5 type] 
Type domainV2.event.Event is not enhanced.

[2019-04-05 21:11:59 #6 type] 
Type domainV2.question.Question is not enhanced.

[2019-04-05 21:11:59 #7 type] 
Type domainV2.util.Translation is not enhanced.

[2019-04-05 21:11:59 #8 type] 
Type domainV2.bet.BetSuperClass is not enhanced.

------------------------------------------------------------------------------------------------------------------------

[2019-04-05 21:12:22 #1 store] 
Database 'C:\Users\Carlos\Desktop\BetAndRuin_FloatSoft\resources\db\bets.odb' has been recovered (tr. 1920-1920)

[2019-04-05 21:12:22 #2 store] 
Database 'C:\Users\Carlos\Desktop\BetAndRuin_FloatSoft\resources\db\bets.odb' is opened by 1444@DESKTOP-K71H3G5

[2019-04-05 21:12:22 #3 type] 
Type domainV2.User is not enhanced.

[2019-04-05 21:12:22 #4 type] 
Type domainV2.News is not enhanced.

[2019-04-05 21:12:22 #5 type] 
Type domainV2.event.Event is not enhanced.

[2019-04-05 21:12:22 #6 type] 
Type domainV2.question.Question is not enhanced.

[2019-04-05 21:12:22 #7 type] 
Type domainV2.util.Translation is not enhanced.

[2019-04-05 21:12:22 #8 type] 
Type domainV2.bet.BetSuperClass is not enhanced.

------------------------------------------------------------------------------------------------------------------------

[2019-04-05 21:12:35 #1 store] 
Database 'C:\Users\Carlos\Desktop\BetAndRuin_FloatSoft\resources\db\bets.odb' has been recovered (tr. 1921-1921)

[2019-04-05 21:12:35 #2 store] 
Database 'C:\Users\Carlos\Desktop\BetAndRuin_FloatSoft\resources\db\bets.odb' is opened by 2436@DESKTOP-K71H3G5

[2019-04-05 21:12:35 #3 type] 
Type domainV2.User is not enhanced.

[2019-04-05 21:12:35 #4 type] 
Type domainV2.News is not enhanced.

[2019-04-05 21:12:35 #5 type] 
Type domainV2.event.Event is not enhanced.

[2019-04-05 21:12:35 #6 type] 
Type domainV2.question.Question is not enhanced.

[2019-04-05 21:12:35 #7 type] 
Type domainV2.util.Translation is not enhanced.

[2019-04-05 21:12:35 #8 type] 
Type domainV2.bet.BetSuperClass is not enhanced.

------------------------------------------------------------------------------------------------------------------------

[2019-04-05 21:13:36 #1 store] 
Database 'C:\Users\Carlos\Desktop\BetAndRuin_FloatSoft\resources\db\bets.odb' has been recovered (tr. 1922-1922)

[2019-04-05 21:13:37 #2 store] 
Database 'C:\Users\Carlos\Desktop\BetAndRuin_FloatSoft\resources\db\bets.odb' is opened by 6088@DESKTOP-K71H3G5

[2019-04-05 21:13:37 #3 type] 
Type domainV2.User is not enhanced.

[2019-04-05 21:13:37 #4 type] 
Type domainV2.News is not enhanced.

[2019-04-05 21:13:37 #5 type] 
Type domainV2.event.Event is not enhanced.

[2019-04-05 21:13:37 #6 type] 
Type domainV2.question.Question is not enhanced.

[2019-04-05 21:13:37 #7 type] 
Type domainV2.util.Translation is not enhanced.

[2019-04-05 21:13:37 #8 type] 
Type domainV2.bet.BetSuperClass is not enhanced.

------------------------------------------------------------------------------------------------------------------------

[2019-04-05 21:14:41 #1 store] 
Database 'C:\Users\Carlos\Desktop\BetAndRuin_FloatSoft\resources\db\bets.odb' has been recovered (tr. 1923-1923)

[2019-04-05 21:14:41 #2 store] 
Database 'C:\Users\Carlos\Desktop\BetAndRuin_FloatSoft\resources\db\bets.odb' is opened by 536@DESKTOP-K71H3G5

[2019-04-05 21:14:41 #3 type] 
Type domainV2.User is not enhanced.

[2019-04-05 21:14:41 #4 type] 
Type domainV2.News is not enhanced.

[2019-04-05 21:14:41 #5 type] 
Type domainV2.event.Event is not enhanced.

[2019-04-05 21:14:41 #6 type] 
Type domainV2.question.Question is not enhanced.

[2019-04-05 21:14:41 #7 type] 
Type domainV2.util.Translation is not enhanced.

[2019-04-05 21:14:41 #8 type] 
Type domainV2.bet.BetSuperClass is not enhanced.

------------------------------------------------------------------------------------------------------------------------

[2019-04-05 21:19:12 #1 store] 
Database 'C:\Users\Carlos\Desktop\BetAndRuin_FloatSoft\resources\db\bets.odb' has been recovered (tr. 1924-1925)

[2019-04-05 21:19:12 #2 store] 
Database 'C:\Users\Carlos\Desktop\BetAndRuin_FloatSoft\resources\db\bets.odb' is opened by 8304@DESKTOP-K71H3G5

[2019-04-05 21:19:12 #3 type] 
Type domainV2.User is not enhanced.

[2019-04-05 21:19:12 #4 type] 
Type domainV2.News is not enhanced.

[2019-04-05 21:19:12 #5 type] 
Type domainV2.event.Event is not enhanced.

[2019-04-05 21:19:12 #6 type] 
Type domainV2.question.Question is not enhanced.

[2019-04-05 21:19:12 #7 type] 
Type domainV2.util.Translation is not enhanced.

[2019-04-05 21:19:12 #8 type] 
Type domainV2.bet.BetSuperClass is not enhanced.

------------------------------------------------------------------------------------------------------------------------

[2019-04-05 21:24:05 #1 store] 
Database 'C:\Users\Carlos\Desktop\BetAndRuin_FloatSoft\resources\db\bets.odb' has been recovered (tr. 1926-1926)

[2019-04-05 21:24:06 #2 store] 
Database 'C:\Users\Carlos\Desktop\BetAndRuin_FloatSoft\resources\db\bets.odb' is opened by 8736@DESKTOP-K71H3G5

[2019-04-05 21:24:06 #3 type] 
Type domainV2.User is not enhanced.

[2019-04-05 21:24:06 #4 type] 
Type domainV2.News is not enhanced.

[2019-04-05 21:24:06 #5 type] 
Type domainV2.event.Event is not enhanced.

[2019-04-05 21:24:06 #6 type] 
Type domainV2.question.Question is not enhanced.

[2019-04-05 21:24:06 #7 type] 
Type domainV2.util.Translation is not enhanced.

[2019-04-05 21:24:06 #8 type] 
Type domainV2.bet.BetSuperClass is not enhanced.

------------------------------------------------------------------------------------------------------------------------

[2019-04-05 21:40:18 #1 store] 
Database 'C:\Users\Carlos\Desktop\BetAndRuin_FloatSoft\resources\db\bets.odb' has been recovered (tr. 1927-1927)

[2019-04-05 21:40:18 #2 store] 
Database 'C:\Users\Carlos\Desktop\BetAndRuin_FloatSoft\resources\db\bets.odb' is opened by 9412@DESKTOP-K71H3G5

[2019-04-05 21:40:18 #3 type] 
Type domainV2.User is not enhanced.

[2019-04-05 21:40:18 #4 type] 
Type domainV2.News is not enhanced.

[2019-04-05 21:40:18 #5 type] 
Type domainV2.event.Event is not enhanced.

[2019-04-05 21:40:18 #6 type] 
Type domainV2.question.Question is not enhanced.

[2019-04-05 21:40:18 #7 type] 
Type domainV2.util.Translation is not enhanced.

[2019-04-05 21:40:18 #8 type] 
Type domainV2.bet.BetSuperClass is not enhanced.

