------------------------------------------------------------------------------------------------------------------------

[2019-03-19 11:37:23 #1 store] 
Database 'C:\Users\Carlos\Desktop\BetAndRuin_FloatSoft\resources\db\bets.odb' has been recovered (tr. 568-568)

[2019-03-19 11:37:23 #2 store] 
Database 'C:\Users\Carlos\Desktop\BetAndRuin_FloatSoft\resources\db\bets.odb' is opened by 5936@DESKTOP-K71H3G5

[2019-03-19 11:37:23 #3 type] 
Type domainV2.User is not enhanced.

------------------------------------------------------------------------------------------------------------------------

[2019-03-19 11:43:53 #1 store] 
Database 'C:\Users\Carlos\Desktop\BetAndRuin_FloatSoft\resources\db\bets.odb' has been recovered (tr. 569-569)

[2019-03-19 11:43:53 #2 store] 
Database 'C:\Users\Carlos\Desktop\BetAndRuin_FloatSoft\resources\db\bets.odb' is opened by 11568@DESKTOP-K71H3G5

[2019-03-19 11:43:53 #3 type] 
Type domainV2.User is not enhanced.

------------------------------------------------------------------------------------------------------------------------

[2019-03-19 11:50:13 #1 store] 
Database 'C:\Users\Carlos\Desktop\BetAndRuin_FloatSoft\resources\db\bets.odb' has been recovered (tr. 570-571)

[2019-03-19 11:50:13 #2 store] 
Database 'C:\Users\Carlos\Desktop\BetAndRuin_FloatSoft\resources\db\bets.odb' is opened by 12156@DESKTOP-K71H3G5

[2019-03-19 11:50:13 #3 type] 
Type domainV2.User is not enhanced.

------------------------------------------------------------------------------------------------------------------------

[2019-03-19 11:50:57 #1 store] 
Database 'C:\Users\Carlos\Desktop\BetAndRuin_FloatSoft\resources\db\bets.odb' has been recovered (tr. 572-572)

[2019-03-19 11:50:57 #2 store] 
Database 'C:\Users\Carlos\Desktop\BetAndRuin_FloatSoft\resources\db\bets.odb' is opened by 9472@DESKTOP-K71H3G5

[2019-03-19 11:50:57 #3 type] 
Type domainV2.User is not enhanced.

------------------------------------------------------------------------------------------------------------------------

[2019-03-19 12:03:21 #1 store] 
Database 'C:\Users\Carlos\Desktop\BetAndRuin_FloatSoft\resources\db\bets.odb' has been recovered (tr. 573-573)

[2019-03-19 12:03:21 #2 store] 
Database 'C:\Users\Carlos\Desktop\BetAndRuin_FloatSoft\resources\db\bets.odb' is opened by 9040@DESKTOP-K71H3G5

[2019-03-19 12:03:21 #3 type] 
Type domainV2.User is not enhanced.

[2019-03-19 12:03:23 #4 type.registry] 
New type domainV2.News

[2019-03-19 12:03:23 #5 type] 
Type domainV2.News is not enhanced.

------------------------------------------------------------------------------------------------------------------------

[2019-03-19 12:08:00 #1 store] 
Database 'C:\Users\Carlos\Desktop\BetAndRuin_FloatSoft\resources\db\bets.odb' has been recovered (tr. 574-578)

[2019-03-19 12:08:00 #2 store] 
Database 'C:\Users\Carlos\Desktop\BetAndRuin_FloatSoft\resources\db\bets.odb' is opened by 5616@DESKTOP-K71H3G5

[2019-03-19 12:08:00 #3 type] 
Type domainV2.User is not enhanced.

[2019-03-19 12:08:00 #4 type] 
Type domainV2.News is not enhanced.

------------------------------------------------------------------------------------------------------------------------

[2019-03-19 12:10:22 #1 store] 
Database 'C:\Users\Carlos\Desktop\BetAndRuin_FloatSoft\resources\db\bets.odb' has been recovered (tr. 579-579)

[2019-03-19 12:10:22 #2 store] 
Database 'C:\Users\Carlos\Desktop\BetAndRuin_FloatSoft\resources\db\bets.odb' is opened by 7912@DESKTOP-K71H3G5

[2019-03-19 12:10:22 #3 type] 
Type domainV2.User is not enhanced.

[2019-03-19 12:10:22 #4 type] 
Type domainV2.News is not enhanced.

------------------------------------------------------------------------------------------------------------------------

[2019-03-19 12:19:40 #1 store] 
Database 'C:\Users\Carlos\Desktop\BetAndRuin_FloatSoft\resources\db\bets.odb' has been recovered (tr. 580-581)

[2019-03-19 12:19:40 #2 store] 
Database 'C:\Users\Carlos\Desktop\BetAndRuin_FloatSoft\resources\db\bets.odb' is opened by 8428@DESKTOP-K71H3G5

[2019-03-19 12:19:40 #3 type] 
Type domainV2.User is not enhanced.

[2019-03-19 12:19:40 #4 type] 
Type domainV2.News is not enhanced.

------------------------------------------------------------------------------------------------------------------------

[2019-03-19 12:32:05 #1 store] 
Database 'C:\Users\Carlos\Desktop\BetAndRuin_FloatSoft\resources\db\bets.odb' has been recovered (tr. 582-584)

[2019-03-19 12:32:05 #2 store] 
Database 'C:\Users\Carlos\Desktop\BetAndRuin_FloatSoft\resources\db\bets.odb' is opened by 852@DESKTOP-K71H3G5

[2019-03-19 12:32:05 #3 type] 
Type domainV2.User is not enhanced.

[2019-03-19 12:32:05 #4 type] 
Type domainV2.News is not enhanced.

------------------------------------------------------------------------------------------------------------------------

[2019-03-19 14:12:15 #1 store] 
Database 'C:\Users\Carlos\Desktop\BetAndRuin_FloatSoft\resources\db\bets.odb' has been recovered (tr. 585-585)

[2019-03-19 14:12:15 #2 store] 
Database 'C:\Users\Carlos\Desktop\BetAndRuin_FloatSoft\resources\db\bets.odb' is opened by 9672@DESKTOP-K71H3G5

[2019-03-19 14:12:16 #3 type] 
Type domainV2.User is not enhanced.

[2019-03-19 14:12:16 #4 type] 
Type domainV2.News is not enhanced.

------------------------------------------------------------------------------------------------------------------------

[2019-03-19 14:12:46 #1 store] 
Database 'C:\Users\Carlos\Desktop\BetAndRuin_FloatSoft\resources\db\bets.odb' has been recovered (tr. 586-586)

[2019-03-19 14:12:46 #2 store] 
Database 'C:\Users\Carlos\Desktop\BetAndRuin_FloatSoft\resources\db\bets.odb' is opened by 9792@DESKTOP-K71H3G5

[2019-03-19 14:12:46 #3 type] 
Type domainV2.User is not enhanced.

[2019-03-19 14:12:46 #4 type] 
Type domainV2.News is not enhanced.

------------------------------------------------------------------------------------------------------------------------

[2019-03-19 14:15:53 #1 store] 
Database 'C:\Users\Carlos\Desktop\BetAndRuin_FloatSoft\resources\db\bets.odb' has been recovered (tr. 587-588)

[2019-03-19 14:15:53 #2 store] 
Database 'C:\Users\Carlos\Desktop\BetAndRuin_FloatSoft\resources\db\bets.odb' is opened by 11612@DESKTOP-K71H3G5

[2019-03-19 14:15:54 #3 type] 
Type domainV2.User is not enhanced.

[2019-03-19 14:15:54 #4 type] 
Type domainV2.News is not enhanced.

------------------------------------------------------------------------------------------------------------------------

[2019-03-19 14:17:17 #1 store] 
Database 'C:\Users\Carlos\Desktop\BetAndRuin_FloatSoft\resources\db\bets.odb' has been recovered (tr. 589-590)

[2019-03-19 14:17:17 #2 store] 
Database 'C:\Users\Carlos\Desktop\BetAndRuin_FloatSoft\resources\db\bets.odb' is opened by 3384@DESKTOP-K71H3G5

[2019-03-19 14:17:17 #3 type] 
Type domainV2.User is not enhanced.

[2019-03-19 14:17:17 #4 type] 
Type domainV2.News is not enhanced.

------------------------------------------------------------------------------------------------------------------------

[2019-03-19 19:31:35 #1 store] 
Database 'C:\Users\Carlos\Desktop\BetAndRuin_FloatSoft\resources\db\bets.odb' has been recovered (tr. 591-592)

[2019-03-19 19:31:35 #2 store] 
Database 'C:\Users\Carlos\Desktop\BetAndRuin_FloatSoft\resources\db\bets.odb' is opened by 1808@DESKTOP-K71H3G5

[2019-03-19 19:31:36 #3 type] 
Type domainV2.User is not enhanced.

[2019-03-19 19:31:36 #4 type] 
Type domainV2.News is not enhanced.

------------------------------------------------------------------------------------------------------------------------

[2019-03-19 20:23:48 #1 store] 
Database 'C:\Users\Carlos\Desktop\BetAndRuin_FloatSoft\resources\db\bets.odb' has been recovered (tr. 593-606)

[2019-03-19 20:23:48 #2 store] 
Database 'C:\Users\Carlos\Desktop\BetAndRuin_FloatSoft\resources\db\bets.odb' is opened by 7880@DESKTOP-K71H3G5

[2019-03-19 20:23:48 #3 type] 
Type domainV2.User is not enhanced.

[2019-03-19 20:23:48 #4 type] 
Type domainV2.News is not enhanced.

------------------------------------------------------------------------------------------------------------------------

[2019-03-19 20:24:47 #1 store] 
Database 'C:\Users\Carlos\Desktop\BetAndRuin_FloatSoft\resources\db\bets.odb' has been recovered (tr. 607-607)

[2019-03-19 20:24:47 #2 store] 
Database 'C:\Users\Carlos\Desktop\BetAndRuin_FloatSoft\resources\db\bets.odb' is opened by 6944@DESKTOP-K71H3G5

[2019-03-19 20:24:47 #3 type] 
Type domainV2.User is not enhanced.

[2019-03-19 20:24:47 #4 type] 
Type domainV2.News is not enhanced.

------------------------------------------------------------------------------------------------------------------------

[2019-03-19 20:26:02 #1 store] 
Database 'C:\Users\Carlos\Desktop\BetAndRuin_FloatSoft\resources\db\bets.odb' has been recovered (tr. 608-608)

[2019-03-19 20:26:02 #2 store] 
Database 'C:\Users\Carlos\Desktop\BetAndRuin_FloatSoft\resources\db\bets.odb' is opened by 9360@DESKTOP-K71H3G5

[2019-03-19 20:26:02 #3 type] 
Type domainV2.User is not enhanced.

[2019-03-19 20:26:02 #4 type] 
Type domainV2.News is not enhanced.

------------------------------------------------------------------------------------------------------------------------

[2019-03-19 20:26:42 #1 store] 
Database 'C:\Users\Carlos\Desktop\BetAndRuin_FloatSoft\resources\db\bets.odb' has been recovered (tr. 609-609)

[2019-03-19 20:26:42 #2 store] 
Database 'C:\Users\Carlos\Desktop\BetAndRuin_FloatSoft\resources\db\bets.odb' is opened by 10268@DESKTOP-K71H3G5

[2019-03-19 20:26:42 #3 type] 
Type domainV2.User is not enhanced.

[2019-03-19 20:26:42 #4 type] 
Type domainV2.News is not enhanced.

------------------------------------------------------------------------------------------------------------------------

[2019-03-19 20:27:03 #1 store] 
Database 'C:\Users\Carlos\Desktop\BetAndRuin_FloatSoft\resources\db\bets.odb' has been recovered (tr. 610-610)

[2019-03-19 20:27:03 #2 store] 
Database 'C:\Users\Carlos\Desktop\BetAndRuin_FloatSoft\resources\db\bets.odb' is opened by 3932@DESKTOP-K71H3G5

[2019-03-19 20:27:03 #3 type] 
Type domainV2.User is not enhanced.

[2019-03-19 20:27:03 #4 type] 
Type domainV2.News is not enhanced.

------------------------------------------------------------------------------------------------------------------------

[2019-03-19 21:38:47 #1 store] 
Database 'C:\Users\Carlos\Desktop\BetAndRuin_FloatSoft\resources\db\bets.odb' has been recovered (tr. 611-611)

[2019-03-19 21:38:47 #2 store] 
Database 'C:\Users\Carlos\Desktop\BetAndRuin_FloatSoft\resources\db\bets.odb' is opened by 6152@DESKTOP-K71H3G5

[2019-03-19 21:38:47 #3 type] 
Type domainV2.User is not enhanced.

[2019-03-19 21:38:47 #4 type] 
Type domainV2.News is not enhanced.

