------------------------------------------------------------------------------------------------------------------------

[2019-02-21 17:05:24 #1 store] 
Database 'C:\Users\Carlos Dominguez\Desktop\BetAndRuin\resources\db\bets.odb' is opened by 11340@DESKTOP-F3FKHV4

[2019-02-21 17:05:24 #2 type] 
Type domain.Event is not enhanced.

[2019-02-21 17:05:24 #3 type] 
Type domain.Question is not enhanced.

[2019-02-21 17:05:24 #4 type] 
Type domain.User is not enhanced.

------------------------------------------------------------------------------------------------------------------------

[2019-02-21 17:06:26 #1 store] 
Database 'C:\Users\Carlos Dominguez\Desktop\BetAndRuin\resources\db\bets.odb' is opened by 1036@DESKTOP-F3FKHV4

[2019-02-21 17:06:26 #2 type] 
Type domain.Event is not enhanced.

[2019-02-21 17:06:26 #3 type] 
Type domain.Question is not enhanced.

[2019-02-21 17:06:26 #4 type] 
Type domain.User is not enhanced.

------------------------------------------------------------------------------------------------------------------------

[2019-02-21 17:08:53 #1 store] 
Database 'C:\Users\Carlos Dominguez\Desktop\BetAndRuin\resources\db\bets.odb' is opened by 2432@DESKTOP-F3FKHV4

[2019-02-21 17:08:53 #2 type] 
Type domain.Event is not enhanced.

[2019-02-21 17:08:53 #3 type] 
Type domain.Question is not enhanced.

[2019-02-21 17:08:53 #4 type] 
Type domain.User is not enhanced.

------------------------------------------------------------------------------------------------------------------------

[2019-02-21 17:21:15 #1 store] 
Database 'C:\Users\Carlos Dominguez\Desktop\BetAndRuin\resources\db\bets.odb' has been recovered (tr. 27-27)

[2019-02-21 17:21:15 #2 store] 
Database 'C:\Users\Carlos Dominguez\Desktop\BetAndRuin\resources\db\bets.odb' is opened by 1544@DESKTOP-F3FKHV4

[2019-02-21 17:21:15 #3 type] 
Type domain.Event is not enhanced.

[2019-02-21 17:21:15 #4 type] 
Type domain.Question is not enhanced.

[2019-02-21 17:21:15 #5 type] 
Type domain.User is not enhanced.

[2019-02-21 17:21:35 #6 store] 
Database 'C:\Users\Carlos Dominguez\Desktop\BetAndRuin\resources\db\UsersDB.odb' has been recovered (tr. 51-52)

[2019-02-21 17:21:35 #7 store] 
Database 'C:\Users\Carlos Dominguez\Desktop\BetAndRuin\resources\db\UsersDB.odb' is opened by 1544@DESKTOP-F3FKHV4

------------------------------------------------------------------------------------------------------------------------

[2019-02-21 17:25:06 #1 store] 
Database 'C:\Users\Carlos Dominguez\Desktop\BetAndRuin\resources\db\bets.odb' is opened by 12276@DESKTOP-F3FKHV4

[2019-02-21 17:25:06 #2 type] 
Type domain.Event is not enhanced.

[2019-02-21 17:25:06 #3 type] 
Type domain.Question is not enhanced.

[2019-02-21 17:25:06 #4 type] 
Type domain.User is not enhanced.

------------------------------------------------------------------------------------------------------------------------

[2019-02-21 17:25:10 #1 store] 
Database 'C:\Users\Carlos Dominguez\Desktop\BetAndRuin\resources\db\bets.odb' is opened by 1344@DESKTOP-F3FKHV4

[2019-02-21 17:25:10 #2 type] 
Type domain.Event is not enhanced.

[2019-02-21 17:25:10 #3 type] 
Type domain.Question is not enhanced.

[2019-02-21 17:25:10 #4 type] 
Type domain.User is not enhanced.

------------------------------------------------------------------------------------------------------------------------

[2019-02-21 17:26:56 #1 store] 
Database 'C:\Users\Carlos Dominguez\Desktop\BetAndRuin\resources\db\bets.odb' is opened by 7868@DESKTOP-F3FKHV4

[2019-02-21 17:26:56 #2 type] 
Type domain.Event is not enhanced.

[2019-02-21 17:26:56 #3 type] 
Type domain.Question is not enhanced.

[2019-02-21 17:26:56 #4 type] 
Type domain.User is not enhanced.

------------------------------------------------------------------------------------------------------------------------

[2019-02-21 17:28:20 #1 store] 
Database 'C:\Users\Carlos Dominguez\Desktop\BetAndRuin\resources\db\bets.odb' is opened by 10540@DESKTOP-F3FKHV4

[2019-02-21 17:28:20 #2 type] 
Type domain.Event is not enhanced.

[2019-02-21 17:28:20 #3 type] 
Type domain.Question is not enhanced.

[2019-02-21 17:28:20 #4 type] 
Type domain.User is not enhanced.

------------------------------------------------------------------------------------------------------------------------

[2019-02-21 17:31:55 #1 store] 
Database 'C:\Users\Carlos Dominguez\Desktop\BetAndRuin\resources\db\bets.odb' is opened by 7268@DESKTOP-F3FKHV4

[2019-02-21 17:31:55 #2 type] 
Type domain.Event is not enhanced.

[2019-02-21 17:31:55 #3 type] 
Type domain.Question is not enhanced.

[2019-02-21 17:31:55 #4 type] 
Type domain.User is not enhanced.

------------------------------------------------------------------------------------------------------------------------

[2019-02-21 17:31:58 #1 store] 
Database 'C:\Users\Carlos Dominguez\Desktop\BetAndRuin\resources\db\bets.odb' is opened by 9912@DESKTOP-F3FKHV4

[2019-02-21 17:31:58 #2 type] 
Type domain.Event is not enhanced.

[2019-02-21 17:31:58 #3 type] 
Type domain.Question is not enhanced.

[2019-02-21 17:31:58 #4 type] 
Type domain.User is not enhanced.

------------------------------------------------------------------------------------------------------------------------

[2019-02-21 17:32:59 #1 store] 
Database 'C:\Users\Carlos Dominguez\Desktop\BetAndRuin\resources\db\bets.odb' is opened by 9668@DESKTOP-F3FKHV4

[2019-02-21 17:32:59 #2 type] 
Type domain.Event is not enhanced.

[2019-02-21 17:32:59 #3 type] 
Type domain.Question is not enhanced.

[2019-02-21 17:32:59 #4 type] 
Type domain.User is not enhanced.

------------------------------------------------------------------------------------------------------------------------

[2019-02-21 17:35:06 #1 store] 
Database 'C:\Users\Carlos Dominguez\Desktop\BetAndRuin\resources\db\bets.odb' is opened by 3948@DESKTOP-F3FKHV4

[2019-02-21 17:35:06 #2 type.registry] 
New type domain.Question

[2019-02-21 17:35:06 #3 type] 
Type domain.Question is not enhanced.

[2019-02-21 17:35:06 #4 type.registry] 
New type domain.User

[2019-02-21 17:35:06 #5 type.registry] 
New type domain.Bet

[2019-02-21 17:35:06 #6 type.registry] 
New type java.util.HashMap<domain.User,domain.Bet>

[2019-02-21 17:35:06 #7 type.registry] 
New type domain.Event

[2019-02-21 17:35:06 #8 type] 
Type domain.User is not enhanced.

[2019-02-21 17:35:06 #9 type] 
Type domain.Event is not enhanced.

[2019-02-21 17:35:06 #10 type.registry] 
New type java.util.Vector<domain.Question>

[2019-02-21 17:35:06 #11 type.registry] 
New type java.util.Vector<java.lang.Object>

------------------------------------------------------------------------------------------------------------------------

[2019-02-21 17:37:35 #1 store] 
Database 'C:\Users\Carlos Dominguez\Desktop\BetAndRuin\resources\db\bets.odb' has been recovered (tr. 1-8)

[2019-02-21 17:37:35 #2 store] 
Database 'C:\Users\Carlos Dominguez\Desktop\BetAndRuin\resources\db\bets.odb' is opened by 1636@DESKTOP-F3FKHV4

[2019-02-21 17:37:35 #3 type] 
Type domain.Question is not enhanced.

[2019-02-21 17:37:35 #4 type] 
Type domain.User is not enhanced.

[2019-02-21 17:37:35 #5 type] 
Type domain.Event is not enhanced.

------------------------------------------------------------------------------------------------------------------------

[2019-02-21 17:37:44 #1 store] 
Database 'C:\Users\Carlos Dominguez\Desktop\BetAndRuin\resources\db\bets.odb' is opened by 5000@DESKTOP-F3FKHV4

[2019-02-21 17:37:44 #2 type] 
Type domain.Question is not enhanced.

[2019-02-21 17:37:44 #3 type] 
Type domain.User is not enhanced.

[2019-02-21 17:37:44 #4 type] 
Type domain.Event is not enhanced.

------------------------------------------------------------------------------------------------------------------------

[2019-02-21 17:42:22 #1 store] 
Database 'C:\Users\Carlos Dominguez\Desktop\BetAndRuin\resources\db\bets.odb' is opened by 2808@DESKTOP-F3FKHV4

[2019-02-21 17:42:22 #2 type.registry] 
New type domain.Question

[2019-02-21 17:42:22 #3 type] 
Type domain.Question is not enhanced.

[2019-02-21 17:42:22 #4 type.registry] 
New type domain.User

[2019-02-21 17:42:22 #5 type.registry] 
New type domain.Bet

[2019-02-21 17:42:22 #6 type.registry] 
New type java.util.HashMap<domain.User,domain.Bet>

[2019-02-21 17:42:22 #7 type.registry] 
New type domain.Event

[2019-02-21 17:42:22 #8 type] 
Type domain.User is not enhanced.

[2019-02-21 17:42:22 #9 type] 
Type domain.Event is not enhanced.

[2019-02-21 17:42:22 #10 type.registry] 
New type java.util.Vector<domain.Question>

[2019-02-21 17:42:22 #11 type.registry] 
New type java.util.Vector<java.lang.Object>

------------------------------------------------------------------------------------------------------------------------

[2019-02-21 17:44:10 #1 store] 
Database 'C:\Users\Carlos Dominguez\Desktop\BetAndRuin\resources\db\bets.odb' has been recovered (tr. 1-9)

[2019-02-21 17:44:10 #2 store] 
Database 'C:\Users\Carlos Dominguez\Desktop\BetAndRuin\resources\db\bets.odb' is opened by 1424@DESKTOP-F3FKHV4

[2019-02-21 17:44:10 #3 type] 
Type domain.Question is not enhanced.

[2019-02-21 17:44:10 #4 type] 
Type domain.User is not enhanced.

[2019-02-21 17:44:10 #5 type] 
Type domain.Event is not enhanced.

------------------------------------------------------------------------------------------------------------------------

[2019-02-21 17:44:17 #1 store] 
Database 'C:\Users\Carlos Dominguez\Desktop\BetAndRuin\resources\db\bets.odb' is opened by 10624@DESKTOP-F3FKHV4

[2019-02-21 17:44:17 #2 type] 
Type domain.Question is not enhanced.

[2019-02-21 17:44:17 #3 type] 
Type domain.User is not enhanced.

[2019-02-21 17:44:17 #4 type] 
Type domain.Event is not enhanced.

------------------------------------------------------------------------------------------------------------------------

[2019-02-21 17:45:19 #1 store] 
Database 'C:\Users\Carlos Dominguez\Desktop\BetAndRuin\resources\db\bets.odb' is opened by 6936@DESKTOP-F3FKHV4

[2019-02-21 17:45:19 #2 type] 
Type domain.Question is not enhanced.

[2019-02-21 17:45:19 #3 type] 
Type domain.User is not enhanced.

[2019-02-21 17:45:19 #4 type] 
Type domain.Event is not enhanced.

------------------------------------------------------------------------------------------------------------------------

[2019-02-21 17:46:19 #1 store] 
Database 'C:\Users\Carlos Dominguez\Desktop\BetAndRuin\resources\db\bets.odb' is opened by 4636@DESKTOP-F3FKHV4

[2019-02-21 17:46:19 #2 type] 
Type domain.Question is not enhanced.

[2019-02-21 17:46:19 #3 type] 
Type domain.User is not enhanced.

[2019-02-21 17:46:19 #4 type] 
Type domain.Event is not enhanced.

------------------------------------------------------------------------------------------------------------------------

[2019-02-21 17:46:54 #1 store] 
Database 'C:\Users\Carlos Dominguez\Desktop\BetAndRuin\resources\db\UsersDB.odb' is opened by 3076@DESKTOP-F3FKHV4

[2019-02-21 17:46:54 #2 type] 
Type domain.User is not enhanced.

------------------------------------------------------------------------------------------------------------------------

[2019-02-21 17:48:03 #1 store] 
Database 'C:\Users\Carlos Dominguez\Desktop\BetAndRuin\resources\db\bets.odb' is opened by 5200@DESKTOP-F3FKHV4

[2019-02-21 17:48:03 #2 type] 
Type domain.Question is not enhanced.

[2019-02-21 17:48:03 #3 type] 
Type domain.User is not enhanced.

[2019-02-21 17:48:03 #4 type] 
Type domain.Event is not enhanced.

------------------------------------------------------------------------------------------------------------------------

[2019-02-21 17:48:43 #1 store] 
Database 'C:\Users\Carlos Dominguez\Desktop\BetAndRuin\resources\db\bets.odb' is opened by 8480@DESKTOP-F3FKHV4

[2019-02-21 17:48:43 #2 type] 
Type domain.Question is not enhanced.

[2019-02-21 17:48:43 #3 type] 
Type domain.User is not enhanced.

[2019-02-21 17:48:43 #4 type] 
Type domain.Event is not enhanced.

------------------------------------------------------------------------------------------------------------------------

[2019-02-21 17:49:53 #1 store] 
Database 'C:\Users\Carlos Dominguez\Desktop\BetAndRuin\resources\db\bets.odb' is opened by 7644@DESKTOP-F3FKHV4

[2019-02-21 17:49:53 #2 type] 
Type domain.Question is not enhanced.

[2019-02-21 17:49:53 #3 type] 
Type domain.User is not enhanced.

[2019-02-21 17:49:53 #4 type] 
Type domain.Event is not enhanced.

------------------------------------------------------------------------------------------------------------------------

[2019-02-21 17:50:32 #1 store] 
Database 'C:\Users\Carlos Dominguez\Desktop\BetAndRuin\resources\db\bets.odb' is opened by 8900@DESKTOP-F3FKHV4

[2019-02-21 17:50:32 #2 type] 
Type domain.Question is not enhanced.

[2019-02-21 17:50:32 #3 type] 
Type domain.User is not enhanced.

[2019-02-21 17:50:32 #4 type] 
Type domain.Event is not enhanced.

------------------------------------------------------------------------------------------------------------------------

[2019-02-21 17:50:35 #1 store] 
Database 'C:\Users\Carlos Dominguez\Desktop\BetAndRuin\resources\db\bets.odb' is opened by 5040@DESKTOP-F3FKHV4

[2019-02-21 17:50:35 #2 type] 
Type domain.Question is not enhanced.

[2019-02-21 17:50:35 #3 type] 
Type domain.User is not enhanced.

[2019-02-21 17:50:35 #4 type] 
Type domain.Event is not enhanced.

------------------------------------------------------------------------------------------------------------------------

[2019-02-21 17:50:43 #1 store] 
Database 'C:\Users\Carlos Dominguez\Desktop\BetAndRuin\resources\db\bets.odb' is opened by 7824@DESKTOP-F3FKHV4

[2019-02-21 17:50:43 #2 type] 
Type domain.Question is not enhanced.

[2019-02-21 17:50:43 #3 type] 
Type domain.User is not enhanced.

[2019-02-21 17:50:43 #4 type] 
Type domain.Event is not enhanced.

------------------------------------------------------------------------------------------------------------------------

[2019-02-21 17:51:17 #1 store] 
Database 'C:\Users\Carlos Dominguez\Desktop\BetAndRuin\resources\db\bets.odb' is opened by 8964@DESKTOP-F3FKHV4

[2019-02-21 17:51:17 #2 type] 
Type domain.Question is not enhanced.

[2019-02-21 17:51:17 #3 type] 
Type domain.User is not enhanced.

[2019-02-21 17:51:18 #4 type] 
Type domain.Event is not enhanced.

------------------------------------------------------------------------------------------------------------------------

[2019-02-21 17:51:59 #1 store] 
Database 'C:\Users\Carlos Dominguez\Desktop\BetAndRuin\resources\db\bets.odb' is opened by 8044@DESKTOP-F3FKHV4

[2019-02-21 17:52:00 #2 type] 
Type domain.Question is not enhanced.

[2019-02-21 17:52:00 #3 type] 
Type domain.User is not enhanced.

[2019-02-21 17:52:00 #4 type] 
Type domain.Event is not enhanced.

------------------------------------------------------------------------------------------------------------------------

[2019-02-21 17:55:04 #1 store] 
Database 'C:\Users\Carlos Dominguez\Desktop\BetAndRuin\resources\db\bets.odb' has been recovered (tr. 10-11)

[2019-02-21 17:55:04 #2 store] 
Database 'C:\Users\Carlos Dominguez\Desktop\BetAndRuin\resources\db\bets.odb' is opened by 5212@DESKTOP-F3FKHV4

[2019-02-21 17:55:04 #3 type] 
Type domain.Question is not enhanced.

[2019-02-21 17:55:04 #4 type] 
Type domain.User is not enhanced.

[2019-02-21 17:55:04 #5 type] 
Type domain.Event is not enhanced.

[2019-02-21 17:55:09 #6 store] 
Database 'C:\Users\Carlos Dominguez\Desktop\BetAndRuin\resources\db\UsersDB.odb' has been recovered (tr. 53-54)

[2019-02-21 17:55:09 #7 store] 
Database 'C:\Users\Carlos Dominguez\Desktop\BetAndRuin\resources\db\UsersDB.odb' is opened by 5212@DESKTOP-F3FKHV4

------------------------------------------------------------------------------------------------------------------------

[2019-02-21 17:55:33 #1 store] 
Database 'C:\Users\Carlos Dominguez\Desktop\BetAndRuin\resources\db\bets.odb' is opened by 8960@DESKTOP-F3FKHV4

[2019-02-21 17:55:33 #2 type] 
Type domain.Question is not enhanced.

[2019-02-21 17:55:33 #3 type] 
Type domain.User is not enhanced.

[2019-02-21 17:55:33 #4 type] 
Type domain.Event is not enhanced.

[2019-02-21 17:55:37 #5 store] 
Database 'C:\Users\Carlos Dominguez\Desktop\BetAndRuin\resources\db\UsersDB.odb' is opened by 8960@DESKTOP-F3FKHV4

------------------------------------------------------------------------------------------------------------------------

[2019-02-21 17:55:44 #1 store] 
Database 'C:\Users\Carlos Dominguez\Desktop\BetAndRuin\resources\db\bets.odb' is opened by 8776@DESKTOP-F3FKHV4

[2019-02-21 17:55:44 #2 type] 
Type domain.Question is not enhanced.

[2019-02-21 17:55:44 #3 type] 
Type domain.User is not enhanced.

[2019-02-21 17:55:44 #4 type] 
Type domain.Event is not enhanced.

[2019-02-21 17:56:13 #5 store] 
Database 'C:\Users\Carlos Dominguez\Desktop\BetAndRuin\resources\db\UsersDB.odb' is opened by 8776@DESKTOP-F3FKHV4

