------------------------------------------------------------------------------------------------------------------------

[2019-03-18 12:20:07 #1 store] 
Database 'C:\Users\Carlos\Desktop\BetAndRuin_FloatSoft\resources\db\bets.odb' has been recovered (tr. 529-529)

[2019-03-18 12:20:07 #2 store] 
Database 'C:\Users\Carlos\Desktop\BetAndRuin_FloatSoft\resources\db\bets.odb' is opened by 9176@DESKTOP-K71H3G5

[2019-03-18 12:20:07 #3 type] 
Type domainV2.User is not enhanced.

------------------------------------------------------------------------------------------------------------------------

[2019-03-18 12:22:00 #1 store] 
Database 'C:\Users\Carlos\Desktop\BetAndRuin_FloatSoft\resources\db\bets.odb' has been recovered (tr. 530-530)

[2019-03-18 12:22:00 #2 store] 
Database 'C:\Users\Carlos\Desktop\BetAndRuin_FloatSoft\resources\db\bets.odb' is opened by 9872@DESKTOP-K71H3G5

[2019-03-18 12:22:00 #3 type] 
Type domainV2.User is not enhanced.

------------------------------------------------------------------------------------------------------------------------

[2019-03-18 12:22:44 #1 store] 
Database 'C:\Users\Carlos\Desktop\BetAndRuin_FloatSoft\resources\db\bets.odb' has been recovered (tr. 531-531)

[2019-03-18 12:22:44 #2 store] 
Database 'C:\Users\Carlos\Desktop\BetAndRuin_FloatSoft\resources\db\bets.odb' is opened by 11388@DESKTOP-K71H3G5

[2019-03-18 12:22:45 #3 type] 
Type domainV2.User is not enhanced.

------------------------------------------------------------------------------------------------------------------------

[2019-03-18 12:23:09 #1 store] 
Database 'C:\Users\Carlos\Desktop\BetAndRuin_FloatSoft\resources\db\bets.odb' has been recovered (tr. 532-532)

[2019-03-18 12:23:09 #2 store] 
Database 'C:\Users\Carlos\Desktop\BetAndRuin_FloatSoft\resources\db\bets.odb' is opened by 11688@DESKTOP-K71H3G5

[2019-03-18 12:23:09 #3 type] 
Type domainV2.User is not enhanced.

------------------------------------------------------------------------------------------------------------------------

[2019-03-18 12:24:04 #1 store] 
Database 'C:\Users\Carlos\Desktop\BetAndRuin_FloatSoft\resources\db\bets.odb' has been recovered (tr. 533-533)

[2019-03-18 12:24:04 #2 store] 
Database 'C:\Users\Carlos\Desktop\BetAndRuin_FloatSoft\resources\db\bets.odb' is opened by 8732@DESKTOP-K71H3G5

[2019-03-18 12:24:04 #3 type] 
Type domainV2.User is not enhanced.

------------------------------------------------------------------------------------------------------------------------

[2019-03-18 12:24:34 #1 store] 
Database 'C:\Users\Carlos\Desktop\BetAndRuin_FloatSoft\resources\db\bets.odb' has been recovered (tr. 534-536)

[2019-03-18 12:24:34 #2 store] 
Database 'C:\Users\Carlos\Desktop\BetAndRuin_FloatSoft\resources\db\bets.odb' is opened by 10276@DESKTOP-K71H3G5

[2019-03-18 12:24:34 #3 type] 
Type domainV2.User is not enhanced.

------------------------------------------------------------------------------------------------------------------------

[2019-03-18 12:26:04 #1 store] 
Database 'C:\Users\Carlos\Desktop\BetAndRuin_FloatSoft\resources\db\bets.odb' has been recovered (tr. 537-537)

[2019-03-18 12:26:04 #2 store] 
Database 'C:\Users\Carlos\Desktop\BetAndRuin_FloatSoft\resources\db\bets.odb' is opened by 6156@DESKTOP-K71H3G5

[2019-03-18 12:26:04 #3 type] 
Type domainV2.User is not enhanced.

------------------------------------------------------------------------------------------------------------------------

[2019-03-18 12:27:19 #1 store] 
Database 'C:\Users\Carlos\Desktop\BetAndRuin_FloatSoft\resources\db\bets.odb' has been recovered (tr. 538-538)

[2019-03-18 12:27:19 #2 store] 
Database 'C:\Users\Carlos\Desktop\BetAndRuin_FloatSoft\resources\db\bets.odb' is opened by 7320@DESKTOP-K71H3G5

[2019-03-18 12:27:19 #3 type] 
Type domainV2.User is not enhanced.

------------------------------------------------------------------------------------------------------------------------

[2019-03-18 12:27:56 #1 store] 
Database 'C:\Users\Carlos\Desktop\BetAndRuin_FloatSoft\resources\db\bets.odb' has been recovered (tr. 539-539)

[2019-03-18 12:27:56 #2 store] 
Database 'C:\Users\Carlos\Desktop\BetAndRuin_FloatSoft\resources\db\bets.odb' is opened by 9784@DESKTOP-K71H3G5

[2019-03-18 12:27:56 #3 type] 
Type domainV2.User is not enhanced.

------------------------------------------------------------------------------------------------------------------------

[2019-03-18 12:38:12 #1 store] 
Database 'C:\Users\Carlos\Desktop\BetAndRuin_FloatSoft\resources\db\bets.odb' has been recovered (tr. 540-540)

[2019-03-18 12:38:12 #2 store] 
Database 'C:\Users\Carlos\Desktop\BetAndRuin_FloatSoft\resources\db\bets.odb' is opened by 3764@DESKTOP-K71H3G5

[2019-03-18 12:38:12 #3 type] 
Type domainV2.User is not enhanced.

------------------------------------------------------------------------------------------------------------------------

[2019-03-18 12:53:25 #1 store] 
Database 'C:\Users\Carlos\Desktop\BetAndRuin_FloatSoft\resources\db\bets.odb' has been recovered (tr. 541-541)

[2019-03-18 12:53:25 #2 store] 
Database 'C:\Users\Carlos\Desktop\BetAndRuin_FloatSoft\resources\db\bets.odb' is opened by 5180@DESKTOP-K71H3G5

[2019-03-18 12:53:25 #3 type] 
Type domainV2.User is not enhanced.

------------------------------------------------------------------------------------------------------------------------

[2019-03-18 13:01:13 #1 store] 
Database 'C:\Users\Carlos\Desktop\BetAndRuin_FloatSoft\resources\db\bets.odb' has been recovered (tr. 542-542)

[2019-03-18 13:01:13 #2 store] 
Database 'C:\Users\Carlos\Desktop\BetAndRuin_FloatSoft\resources\db\bets.odb' is opened by 9372@DESKTOP-K71H3G5

[2019-03-18 13:01:13 #3 type] 
Type domainV2.User is not enhanced.

------------------------------------------------------------------------------------------------------------------------

[2019-03-18 13:04:47 #1 store] 
Database 'C:\Users\Carlos\Desktop\BetAndRuin_FloatSoft\resources\db\bets.odb' has been recovered (tr. 543-544)

[2019-03-18 13:04:47 #2 store] 
Database 'C:\Users\Carlos\Desktop\BetAndRuin_FloatSoft\resources\db\bets.odb' is opened by 2016@DESKTOP-K71H3G5

[2019-03-18 13:04:47 #3 type] 
Type domainV2.User is not enhanced.

------------------------------------------------------------------------------------------------------------------------

[2019-03-18 13:05:44 #1 store] 
Database 'C:\Users\Carlos\Desktop\BetAndRuin_FloatSoft\resources\db\bets.odb' has been recovered (tr. 545-545)

[2019-03-18 13:05:44 #2 store] 
Database 'C:\Users\Carlos\Desktop\BetAndRuin_FloatSoft\resources\db\bets.odb' is opened by 5256@DESKTOP-K71H3G5

[2019-03-18 13:05:44 #3 type] 
Type domainV2.User is not enhanced.

------------------------------------------------------------------------------------------------------------------------

[2019-03-18 13:08:30 #1 store] 
Database 'C:\Users\Carlos\Desktop\BetAndRuin_FloatSoft\resources\db\bets.odb' has been recovered (tr. 546-547)

[2019-03-18 13:08:30 #2 store] 
Database 'C:\Users\Carlos\Desktop\BetAndRuin_FloatSoft\resources\db\bets.odb' is opened by 168@DESKTOP-K71H3G5

[2019-03-18 13:08:30 #3 type] 
Type domainV2.User is not enhanced.

------------------------------------------------------------------------------------------------------------------------

[2019-03-18 13:09:24 #1 store] 
Database 'C:\Users\Carlos\Desktop\BetAndRuin_FloatSoft\resources\db\bets.odb' has been recovered (tr. 548-548)

[2019-03-18 13:09:24 #2 store] 
Database 'C:\Users\Carlos\Desktop\BetAndRuin_FloatSoft\resources\db\bets.odb' is opened by 4300@DESKTOP-K71H3G5

[2019-03-18 13:09:24 #3 type] 
Type domainV2.User is not enhanced.

------------------------------------------------------------------------------------------------------------------------

[2019-03-18 13:13:16 #1 store] 
Database 'C:\Users\Carlos\Desktop\BetAndRuin_FloatSoft\resources\db\bets.odb' has been recovered (tr. 549-553)

[2019-03-18 13:13:16 #2 store] 
Database 'C:\Users\Carlos\Desktop\BetAndRuin_FloatSoft\resources\db\bets.odb' is opened by 10460@DESKTOP-K71H3G5

[2019-03-18 13:13:16 #3 type] 
Type domainV2.User is not enhanced.

------------------------------------------------------------------------------------------------------------------------

[2019-03-18 13:23:20 #1 store] 
Database 'C:\Users\Carlos\Desktop\BetAndRuin_FloatSoft\resources\db\bets.odb' has been recovered (tr. 554-554)

[2019-03-18 13:23:21 #2 store] 
Database 'C:\Users\Carlos\Desktop\BetAndRuin_FloatSoft\resources\db\bets.odb' is opened by 10464@DESKTOP-K71H3G5

[2019-03-18 13:23:21 #3 type] 
Type domainV2.User is not enhanced.

------------------------------------------------------------------------------------------------------------------------

[2019-03-18 13:26:42 #1 store] 
Database 'C:\Users\Carlos\Desktop\BetAndRuin_FloatSoft\resources\db\bets.odb' has been recovered (tr. 555-555)

[2019-03-18 13:26:42 #2 store] 
Database 'C:\Users\Carlos\Desktop\BetAndRuin_FloatSoft\resources\db\bets.odb' is opened by 1500@DESKTOP-K71H3G5

[2019-03-18 13:26:42 #3 type] 
Type domainV2.User is not enhanced.

------------------------------------------------------------------------------------------------------------------------

[2019-03-18 13:29:54 #1 store] 
Database 'C:\Users\Carlos\Desktop\BetAndRuin_FloatSoft\resources\db\bets.odb' has been recovered (tr. 556-556)

[2019-03-18 13:29:54 #2 store] 
Database 'C:\Users\Carlos\Desktop\BetAndRuin_FloatSoft\resources\db\bets.odb' is opened by 6264@DESKTOP-K71H3G5

[2019-03-18 13:29:54 #3 type] 
Type domainV2.User is not enhanced.

------------------------------------------------------------------------------------------------------------------------

[2019-03-18 13:43:20 #1 store] 
Database 'C:\Users\Carlos\Desktop\BetAndRuin_FloatSoft\resources\db\bets.odb' has been recovered (tr. 557-561)

[2019-03-18 13:43:20 #2 store] 
Database 'C:\Users\Carlos\Desktop\BetAndRuin_FloatSoft\resources\db\bets.odb' is opened by 11572@DESKTOP-K71H3G5

[2019-03-18 13:43:20 #3 type] 
Type domainV2.User is not enhanced.

------------------------------------------------------------------------------------------------------------------------

[2019-03-18 14:09:09 #1 store] 
Database 'C:\Users\Carlos\Desktop\BetAndRuin_FloatSoft\resources\db\bets.odb' has been recovered (tr. 562-562)

[2019-03-18 14:09:09 #2 store] 
Database 'C:\Users\Carlos\Desktop\BetAndRuin_FloatSoft\resources\db\bets.odb' is opened by 11384@DESKTOP-K71H3G5

[2019-03-18 14:09:09 #3 type] 
Type domainV2.User is not enhanced.

------------------------------------------------------------------------------------------------------------------------

[2019-03-18 14:11:30 #1 store] 
Database 'C:\Users\Carlos\Desktop\BetAndRuin_FloatSoft\resources\db\bets.odb' has been recovered (tr. 563-563)

[2019-03-18 14:11:30 #2 store] 
Database 'C:\Users\Carlos\Desktop\BetAndRuin_FloatSoft\resources\db\bets.odb' is opened by 916@DESKTOP-K71H3G5

[2019-03-18 14:11:30 #3 type] 
Type domainV2.User is not enhanced.

------------------------------------------------------------------------------------------------------------------------

[2019-03-18 14:12:03 #1 store] 
Database 'C:\Users\Carlos\Desktop\BetAndRuin_FloatSoft\resources\db\bets.odb' has been recovered (tr. 564-564)

[2019-03-18 14:12:03 #2 store] 
Database 'C:\Users\Carlos\Desktop\BetAndRuin_FloatSoft\resources\db\bets.odb' is opened by 11504@DESKTOP-K71H3G5

[2019-03-18 14:12:03 #3 type] 
Type domainV2.User is not enhanced.

------------------------------------------------------------------------------------------------------------------------

[2019-03-18 14:13:31 #1 store] 
Database 'C:\Users\Carlos\Desktop\BetAndRuin_FloatSoft\resources\db\bets.odb' has been recovered (tr. 565-565)

[2019-03-18 14:13:31 #2 store] 
Database 'C:\Users\Carlos\Desktop\BetAndRuin_FloatSoft\resources\db\bets.odb' is opened by 4700@DESKTOP-K71H3G5

[2019-03-18 14:13:31 #3 type] 
Type domainV2.User is not enhanced.

------------------------------------------------------------------------------------------------------------------------

[2019-03-18 14:25:22 #1 store] 
Database 'C:\Users\Carlos\Desktop\BetAndRuin_FloatSoft\resources\db\bets.odb' has been recovered (tr. 566-566)

[2019-03-18 14:25:22 #2 store] 
Database 'C:\Users\Carlos\Desktop\BetAndRuin_FloatSoft\resources\db\bets.odb' is opened by 9160@DESKTOP-K71H3G5

[2019-03-18 14:25:22 #3 type] 
Type domainV2.User is not enhanced.

------------------------------------------------------------------------------------------------------------------------

[2019-03-18 14:26:25 #1 store] 
Database 'C:\Users\Carlos\Desktop\BetAndRuin_FloatSoft\resources\db\bets.odb' has been recovered (tr. 567-567)

[2019-03-18 14:26:25 #2 store] 
Database 'C:\Users\Carlos\Desktop\BetAndRuin_FloatSoft\resources\db\bets.odb' is opened by 2096@DESKTOP-K71H3G5

[2019-03-18 14:26:25 #3 type] 
Type domainV2.User is not enhanced.

