------------------------------------------------------------------------------------------------------------------------

[2019-03-23 11:28:39 #1 store] 
Database 'C:\Users\Carlos\Desktop\BetAndRuin_FloatSoft\resources\db\bets.odb' has been recovered (tr. 665-665)

[2019-03-23 11:28:39 #2 store] 
Database 'C:\Users\Carlos\Desktop\BetAndRuin_FloatSoft\resources\db\bets.odb' is opened by 3196@DESKTOP-K71H3G5

[2019-03-23 11:28:39 #3 type] 
Type domainV2.User is not enhanced.

[2019-03-23 11:28:39 #4 type] 
Type domainV2.News is not enhanced.

------------------------------------------------------------------------------------------------------------------------

[2019-03-23 11:30:01 #1 store] 
Database 'C:\Users\Carlos\Desktop\BetAndRuin_FloatSoft\resources\db\bets.odb' has been recovered (tr. 666-666)

[2019-03-23 11:30:01 #2 store] 
Database 'C:\Users\Carlos\Desktop\BetAndRuin_FloatSoft\resources\db\bets.odb' is opened by 10872@DESKTOP-K71H3G5

[2019-03-23 11:30:01 #3 type] 
Type domainV2.User is not enhanced.

[2019-03-23 11:30:01 #4 type] 
Type domainV2.News is not enhanced.

------------------------------------------------------------------------------------------------------------------------

[2019-03-23 11:31:42 #1 store] 
Database 'C:\Users\Carlos\Desktop\BetAndRuin_FloatSoft\resources\db\bets.odb' has been recovered (tr. 667-667)

[2019-03-23 11:31:42 #2 store] 
Database 'C:\Users\Carlos\Desktop\BetAndRuin_FloatSoft\resources\db\bets.odb' is opened by 10224@DESKTOP-K71H3G5

[2019-03-23 11:31:42 #3 type] 
Type domainV2.User is not enhanced.

[2019-03-23 11:31:42 #4 type] 
Type domainV2.News is not enhanced.

------------------------------------------------------------------------------------------------------------------------

[2019-03-23 11:35:22 #1 store] 
Database 'C:\Users\Carlos\Desktop\BetAndRuin_FloatSoft\resources\db\bets.odb' has been recovered (tr. 668-668)

[2019-03-23 11:35:22 #2 store] 
Database 'C:\Users\Carlos\Desktop\BetAndRuin_FloatSoft\resources\db\bets.odb' is opened by 9296@DESKTOP-K71H3G5

[2019-03-23 11:35:22 #3 type] 
Type domainV2.User is not enhanced.

[2019-03-23 11:35:22 #4 type] 
Type domainV2.News is not enhanced.

------------------------------------------------------------------------------------------------------------------------

[2019-03-23 11:36:23 #1 store] 
Database 'C:\Users\Carlos\Desktop\BetAndRuin_FloatSoft\resources\db\bets.odb' has been recovered (tr. 669-669)

[2019-03-23 11:36:23 #2 store] 
Database 'C:\Users\Carlos\Desktop\BetAndRuin_FloatSoft\resources\db\bets.odb' is opened by 6816@DESKTOP-K71H3G5

[2019-03-23 11:36:24 #3 type] 
Type domainV2.User is not enhanced.

[2019-03-23 11:36:24 #4 type] 
Type domainV2.News is not enhanced.

------------------------------------------------------------------------------------------------------------------------

[2019-03-23 11:37:24 #1 store] 
Database 'C:\Users\Carlos\Desktop\BetAndRuin_FloatSoft\resources\db\bets.odb' has been recovered (tr. 670-670)

[2019-03-23 11:37:24 #2 store] 
Database 'C:\Users\Carlos\Desktop\BetAndRuin_FloatSoft\resources\db\bets.odb' is opened by 2388@DESKTOP-K71H3G5

[2019-03-23 11:37:24 #3 type] 
Type domainV2.User is not enhanced.

[2019-03-23 11:37:24 #4 type] 
Type domainV2.News is not enhanced.

------------------------------------------------------------------------------------------------------------------------

[2019-03-23 11:41:20 #1 store] 
Database 'C:\Users\Carlos\Desktop\BetAndRuin_FloatSoft\resources\db\bets.odb' has been recovered (tr. 671-671)

[2019-03-23 11:41:20 #2 store] 
Database 'C:\Users\Carlos\Desktop\BetAndRuin_FloatSoft\resources\db\bets.odb' is opened by 11964@DESKTOP-K71H3G5

[2019-03-23 11:41:21 #3 type] 
Type domainV2.User is not enhanced.

[2019-03-23 11:41:21 #4 type] 
Type domainV2.News is not enhanced.

------------------------------------------------------------------------------------------------------------------------

[2019-03-23 11:42:06 #1 store] 
Database 'C:\Users\Carlos\Desktop\BetAndRuin_FloatSoft\resources\db\bets.odb' has been recovered (tr. 672-672)

[2019-03-23 11:42:06 #2 store] 
Database 'C:\Users\Carlos\Desktop\BetAndRuin_FloatSoft\resources\db\bets.odb' is opened by 10728@DESKTOP-K71H3G5

[2019-03-23 11:42:06 #3 type] 
Type domainV2.User is not enhanced.

[2019-03-23 11:42:06 #4 type] 
Type domainV2.News is not enhanced.

------------------------------------------------------------------------------------------------------------------------

[2019-03-23 11:43:54 #1 store] 
Database 'C:\Users\Carlos\Desktop\BetAndRuin_FloatSoft\resources\db\bets.odb' has been recovered (tr. 673-673)

[2019-03-23 11:43:54 #2 store] 
Database 'C:\Users\Carlos\Desktop\BetAndRuin_FloatSoft\resources\db\bets.odb' is opened by 10716@DESKTOP-K71H3G5

[2019-03-23 11:43:54 #3 type] 
Type domainV2.User is not enhanced.

[2019-03-23 11:43:54 #4 type] 
Type domainV2.News is not enhanced.

------------------------------------------------------------------------------------------------------------------------

[2019-03-23 11:44:27 #1 store] 
Database 'C:\Users\Carlos\Desktop\BetAndRuin_FloatSoft\resources\db\bets.odb' has been recovered (tr. 674-674)

[2019-03-23 11:44:27 #2 store] 
Database 'C:\Users\Carlos\Desktop\BetAndRuin_FloatSoft\resources\db\bets.odb' is opened by 12064@DESKTOP-K71H3G5

[2019-03-23 11:44:27 #3 type] 
Type domainV2.User is not enhanced.

[2019-03-23 11:44:27 #4 type] 
Type domainV2.News is not enhanced.

------------------------------------------------------------------------------------------------------------------------

[2019-03-23 11:52:47 #1 store] 
Database 'C:\Users\Carlos\Desktop\BetAndRuin_FloatSoft\resources\db\bets.odb' has been recovered (tr. 675-678)

[2019-03-23 11:52:47 #2 store] 
Database 'C:\Users\Carlos\Desktop\BetAndRuin_FloatSoft\resources\db\bets.odb' is opened by 4040@DESKTOP-K71H3G5

[2019-03-23 11:52:47 #3 type] 
Type domainV2.User is not enhanced.

[2019-03-23 11:52:47 #4 type] 
Type domainV2.News is not enhanced.

------------------------------------------------------------------------------------------------------------------------

[2019-03-23 11:53:27 #1 store] 
Database 'C:\Users\Carlos\Desktop\BetAndRuin_FloatSoft\resources\db\bets.odb' has been recovered (tr. 679-679)

[2019-03-23 11:53:27 #2 store] 
Database 'C:\Users\Carlos\Desktop\BetAndRuin_FloatSoft\resources\db\bets.odb' is opened by 8552@DESKTOP-K71H3G5

[2019-03-23 11:53:27 #3 type] 
Type domainV2.User is not enhanced.

[2019-03-23 11:53:27 #4 type] 
Type domainV2.News is not enhanced.

------------------------------------------------------------------------------------------------------------------------

[2019-03-23 11:54:57 #1 store] 
Database 'C:\Users\Carlos\Desktop\BetAndRuin_FloatSoft\resources\db\bets.odb' has been recovered (tr. 680-680)

[2019-03-23 11:54:57 #2 store] 
Database 'C:\Users\Carlos\Desktop\BetAndRuin_FloatSoft\resources\db\bets.odb' is opened by 6896@DESKTOP-K71H3G5

[2019-03-23 11:54:57 #3 type] 
Type domainV2.User is not enhanced.

[2019-03-23 11:54:57 #4 type] 
Type domainV2.News is not enhanced.

------------------------------------------------------------------------------------------------------------------------

[2019-03-23 11:56:02 #1 store] 
Database 'C:\Users\Carlos\Desktop\BetAndRuin_FloatSoft\resources\db\bets.odb' has been recovered (tr. 681-681)

[2019-03-23 11:56:02 #2 store] 
Database 'C:\Users\Carlos\Desktop\BetAndRuin_FloatSoft\resources\db\bets.odb' is opened by 2004@DESKTOP-K71H3G5

[2019-03-23 11:56:02 #3 type] 
Type domainV2.User is not enhanced.

[2019-03-23 11:56:02 #4 type] 
Type domainV2.News is not enhanced.

------------------------------------------------------------------------------------------------------------------------

[2019-03-23 11:57:01 #1 store] 
Database 'C:\Users\Carlos\Desktop\BetAndRuin_FloatSoft\resources\db\bets.odb' has been recovered (tr. 682-682)

[2019-03-23 11:57:01 #2 store] 
Database 'C:\Users\Carlos\Desktop\BetAndRuin_FloatSoft\resources\db\bets.odb' is opened by 5620@DESKTOP-K71H3G5

[2019-03-23 11:57:01 #3 type] 
Type domainV2.User is not enhanced.

[2019-03-23 11:57:01 #4 type] 
Type domainV2.News is not enhanced.

------------------------------------------------------------------------------------------------------------------------

[2019-03-23 12:41:45 #1 store] 
Database 'C:\Users\Carlos\Desktop\BetAndRuin_FloatSoft\resources\db\bets.odb' has been recovered (tr. 683-693)

[2019-03-23 12:41:45 #2 store] 
Database 'C:\Users\Carlos\Desktop\BetAndRuin_FloatSoft\resources\db\bets.odb' is opened by 11556@DESKTOP-K71H3G5

[2019-03-23 12:41:45 #3 type] 
Type domainV2.User is not enhanced.

[2019-03-23 12:41:45 #4 type] 
Type domainV2.News is not enhanced.

------------------------------------------------------------------------------------------------------------------------

[2019-03-23 12:47:58 #1 store] 
Database 'C:\Users\Carlos\Desktop\BetAndRuin_FloatSoft\resources\db\bets.odb' has been recovered (tr. 694-694)

[2019-03-23 12:47:58 #2 store] 
Database 'C:\Users\Carlos\Desktop\BetAndRuin_FloatSoft\resources\db\bets.odb' is opened by 10464@DESKTOP-K71H3G5

[2019-03-23 12:47:58 #3 type] 
Type domainV2.User is not enhanced.

[2019-03-23 12:47:59 #4 type] 
Type domainV2.News is not enhanced.

------------------------------------------------------------------------------------------------------------------------

[2019-03-23 12:50:31 #1 store] 
Database 'C:\Users\Carlos\Desktop\BetAndRuin_FloatSoft\resources\db\bets.odb' has been recovered (tr. 695-695)

[2019-03-23 12:50:32 #2 store] 
Database 'C:\Users\Carlos\Desktop\BetAndRuin_FloatSoft\resources\db\bets.odb' is opened by 2772@DESKTOP-K71H3G5

[2019-03-23 12:50:32 #3 type] 
Type domainV2.User is not enhanced.

[2019-03-23 12:50:32 #4 type] 
Type domainV2.News is not enhanced.

------------------------------------------------------------------------------------------------------------------------

[2019-03-23 12:51:09 #1 store] 
Database 'C:\Users\Carlos\Desktop\BetAndRuin_FloatSoft\resources\db\bets.odb' has been recovered (tr. 696-696)

[2019-03-23 12:51:09 #2 store] 
Database 'C:\Users\Carlos\Desktop\BetAndRuin_FloatSoft\resources\db\bets.odb' is opened by 9624@DESKTOP-K71H3G5

[2019-03-23 12:51:09 #3 type] 
Type domainV2.User is not enhanced.

[2019-03-23 12:51:09 #4 type] 
Type domainV2.News is not enhanced.

------------------------------------------------------------------------------------------------------------------------

[2019-03-23 12:55:26 #1 store] 
Database 'C:\Users\Carlos\Desktop\BetAndRuin_FloatSoft\resources\db\bets.odb' has been recovered (tr. 697-697)

[2019-03-23 12:55:26 #2 store] 
Database 'C:\Users\Carlos\Desktop\BetAndRuin_FloatSoft\resources\db\bets.odb' is opened by 6356@DESKTOP-K71H3G5

[2019-03-23 12:55:27 #3 type] 
Type domainV2.User is not enhanced.

[2019-03-23 12:55:27 #4 type] 
Type domainV2.News is not enhanced.

------------------------------------------------------------------------------------------------------------------------

[2019-03-23 12:56:09 #1 store] 
Database 'C:\Users\Carlos\Desktop\BetAndRuin_FloatSoft\resources\db\bets.odb' has been recovered (tr. 698-698)

[2019-03-23 12:56:09 #2 store] 
Database 'C:\Users\Carlos\Desktop\BetAndRuin_FloatSoft\resources\db\bets.odb' is opened by 12652@DESKTOP-K71H3G5

[2019-03-23 12:56:09 #3 type] 
Type domainV2.User is not enhanced.

[2019-03-23 12:56:09 #4 type] 
Type domainV2.News is not enhanced.

------------------------------------------------------------------------------------------------------------------------

[2019-03-23 12:56:59 #1 store] 
Database 'C:\Users\Carlos\Desktop\BetAndRuin_FloatSoft\resources\db\bets.odb' has been recovered (tr. 699-699)

[2019-03-23 12:56:59 #2 store] 
Database 'C:\Users\Carlos\Desktop\BetAndRuin_FloatSoft\resources\db\bets.odb' is opened by 9172@DESKTOP-K71H3G5

[2019-03-23 12:56:59 #3 type] 
Type domainV2.User is not enhanced.

[2019-03-23 12:56:59 #4 type] 
Type domainV2.News is not enhanced.

------------------------------------------------------------------------------------------------------------------------

[2019-03-23 12:57:18 #1 store] 
Database 'C:\Users\Carlos\Desktop\BetAndRuin_FloatSoft\resources\db\bets.odb' has been recovered (tr. 700-700)

[2019-03-23 12:57:18 #2 store] 
Database 'C:\Users\Carlos\Desktop\BetAndRuin_FloatSoft\resources\db\bets.odb' is opened by 7392@DESKTOP-K71H3G5

[2019-03-23 12:57:18 #3 type] 
Type domainV2.User is not enhanced.

[2019-03-23 12:57:18 #4 type] 
Type domainV2.News is not enhanced.

------------------------------------------------------------------------------------------------------------------------

[2019-03-23 12:58:49 #1 store] 
Database 'C:\Users\Carlos\Desktop\BetAndRuin_FloatSoft\resources\db\bets.odb' has been recovered (tr. 701-701)

[2019-03-23 12:58:49 #2 store] 
Database 'C:\Users\Carlos\Desktop\BetAndRuin_FloatSoft\resources\db\bets.odb' is opened by 7624@DESKTOP-K71H3G5

[2019-03-23 12:58:49 #3 type] 
Type domainV2.User is not enhanced.

[2019-03-23 12:58:49 #4 type] 
Type domainV2.News is not enhanced.

------------------------------------------------------------------------------------------------------------------------

[2019-03-23 13:00:54 #1 store] 
Database 'C:\Users\Carlos\Desktop\BetAndRuin_FloatSoft\resources\db\bets.odb' has been recovered (tr. 702-702)

[2019-03-23 13:00:54 #2 store] 
Database 'C:\Users\Carlos\Desktop\BetAndRuin_FloatSoft\resources\db\bets.odb' is opened by 10268@DESKTOP-K71H3G5

[2019-03-23 13:00:54 #3 type] 
Type domainV2.User is not enhanced.

[2019-03-23 13:00:54 #4 type] 
Type domainV2.News is not enhanced.

------------------------------------------------------------------------------------------------------------------------

[2019-03-23 21:08:22 #1 store] 
Database 'C:\Users\Carlos\Desktop\BetAndRuin_FloatSoft\resources\db\bets.odb' has been recovered (tr. 703-703)

[2019-03-23 21:08:22 #2 store] 
Database 'C:\Users\Carlos\Desktop\BetAndRuin_FloatSoft\resources\db\bets.odb' is opened by 5980@DESKTOP-K71H3G5

[2019-03-23 21:08:22 #3 type] 
Type domainV2.User is not enhanced.

[2019-03-23 21:08:22 #4 type] 
Type domainV2.News is not enhanced.

------------------------------------------------------------------------------------------------------------------------

[2019-03-23 21:11:38 #1 store] 
Database 'C:\Users\Carlos\Desktop\BetAndRuin_FloatSoft\resources\db\bets.odb' is opened by 3136@DESKTOP-K71H3G5

[2019-03-23 21:11:38 #2 type] 
Type domainV2.User is not enhanced.

[2019-03-23 21:11:38 #3 type] 
Type domainV2.News is not enhanced.

------------------------------------------------------------------------------------------------------------------------

[2019-03-23 21:11:56 #1 store] 
Database 'C:\Users\Carlos\Desktop\BetAndRuin_FloatSoft\resources\db\bets.odb' has been recovered (tr. 704-2023)

[2019-03-23 21:11:56 #2 store] 
Database 'C:\Users\Carlos\Desktop\BetAndRuin_FloatSoft\resources\db\bets.odb' is opened by 7304@DESKTOP-K71H3G5

[2019-03-23 21:11:56 #3 type] 
Type domainV2.User is not enhanced.

[2019-03-23 21:11:56 #4 type] 
Type domainV2.News is not enhanced.

------------------------------------------------------------------------------------------------------------------------

[2019-03-23 21:20:57 #1 store] 
Database 'C:\Users\Carlos\Desktop\BetAndRuin_FloatSoft\resources\db\bets.odb' has been recovered (tr. 2024-2024)

[2019-03-23 21:20:57 #2 store] 
Database 'C:\Users\Carlos\Desktop\BetAndRuin_FloatSoft\resources\db\bets.odb' is opened by 10456@DESKTOP-K71H3G5

[2019-03-23 21:20:57 #3 type] 
Type domainV2.User is not enhanced.

[2019-03-23 21:20:57 #4 type] 
Type domainV2.News is not enhanced.

------------------------------------------------------------------------------------------------------------------------

[2019-03-23 21:21:59 #1 store] 
Database 'C:\Users\Carlos\Desktop\BetAndRuin_FloatSoft\resources\db\bets.odb' has been recovered (tr. 2025-2025)

[2019-03-23 21:21:59 #2 store] 
Database 'C:\Users\Carlos\Desktop\BetAndRuin_FloatSoft\resources\db\bets.odb' is opened by 9084@DESKTOP-K71H3G5

[2019-03-23 21:22:00 #3 type] 
Type domainV2.User is not enhanced.

[2019-03-23 21:22:00 #4 type] 
Type domainV2.News is not enhanced.

------------------------------------------------------------------------------------------------------------------------

[2019-03-23 21:22:30 #1 store] 
Database 'C:\Users\Carlos\Desktop\BetAndRuin_FloatSoft\resources\db\bets.odb' has been recovered (tr. 2026-2026)

[2019-03-23 21:22:31 #2 store] 
Database 'C:\Users\Carlos\Desktop\BetAndRuin_FloatSoft\resources\db\bets.odb' is opened by 9596@DESKTOP-K71H3G5

[2019-03-23 21:22:31 #3 type] 
Type domainV2.User is not enhanced.

[2019-03-23 21:22:31 #4 type] 
Type domainV2.News is not enhanced.

------------------------------------------------------------------------------------------------------------------------

[2019-03-23 21:24:14 #1 store] 
Database 'C:\Users\Carlos\Desktop\BetAndRuin_FloatSoft\resources\db\bets.odb' has been recovered (tr. 2027-2027)

[2019-03-23 21:24:15 #2 store] 
Database 'C:\Users\Carlos\Desktop\BetAndRuin_FloatSoft\resources\db\bets.odb' is opened by 2392@DESKTOP-K71H3G5

[2019-03-23 21:24:15 #3 type] 
Type domainV2.User is not enhanced.

[2019-03-23 21:24:15 #4 type] 
Type domainV2.News is not enhanced.

------------------------------------------------------------------------------------------------------------------------

[2019-03-23 21:25:43 #1 store] 
Database 'C:\Users\Carlos\Desktop\BetAndRuin_FloatSoft\resources\db\bets.odb' has been recovered (tr. 2028-2028)

[2019-03-23 21:25:43 #2 store] 
Database 'C:\Users\Carlos\Desktop\BetAndRuin_FloatSoft\resources\db\bets.odb' is opened by 4384@DESKTOP-K71H3G5

[2019-03-23 21:25:43 #3 type] 
Type domainV2.User is not enhanced.

[2019-03-23 21:25:43 #4 type] 
Type domainV2.News is not enhanced.

------------------------------------------------------------------------------------------------------------------------

[2019-03-23 21:27:34 #1 store] 
Database 'C:\Users\Carlos\Desktop\BetAndRuin_FloatSoft\resources\db\bets.odb' has been recovered (tr. 2029-2029)

[2019-03-23 21:27:34 #2 store] 
Database 'C:\Users\Carlos\Desktop\BetAndRuin_FloatSoft\resources\db\bets.odb' is opened by 12716@DESKTOP-K71H3G5

[2019-03-23 21:27:35 #3 type] 
Type domainV2.User is not enhanced.

[2019-03-23 21:27:35 #4 type] 
Type domainV2.News is not enhanced.

------------------------------------------------------------------------------------------------------------------------

[2019-03-23 21:30:42 #1 store] 
Database 'C:\Users\Carlos\Desktop\BetAndRuin_FloatSoft\resources\db\bets.odb' has been recovered (tr. 2030-2030)

[2019-03-23 21:30:42 #2 store] 
Database 'C:\Users\Carlos\Desktop\BetAndRuin_FloatSoft\resources\db\bets.odb' is opened by 7380@DESKTOP-K71H3G5

[2019-03-23 21:30:42 #3 type] 
Type domainV2.User is not enhanced.

[2019-03-23 21:30:42 #4 type] 
Type domainV2.News is not enhanced.

------------------------------------------------------------------------------------------------------------------------

[2019-03-23 21:32:13 #1 store] 
Database 'C:\Users\Carlos\Desktop\BetAndRuin_FloatSoft\resources\db\bets.odb' has been recovered (tr. 2031-2031)

[2019-03-23 21:32:13 #2 store] 
Database 'C:\Users\Carlos\Desktop\BetAndRuin_FloatSoft\resources\db\bets.odb' is opened by 1156@DESKTOP-K71H3G5

[2019-03-23 21:32:13 #3 type] 
Type domainV2.User is not enhanced.

[2019-03-23 21:32:13 #4 type] 
Type domainV2.News is not enhanced.

------------------------------------------------------------------------------------------------------------------------

[2019-03-23 21:33:43 #1 store] 
Database 'C:\Users\Carlos\Desktop\BetAndRuin_FloatSoft\resources\db\bets.odb' has been recovered (tr. 2032-2032)

[2019-03-23 21:33:43 #2 store] 
Database 'C:\Users\Carlos\Desktop\BetAndRuin_FloatSoft\resources\db\bets.odb' is opened by 1372@DESKTOP-K71H3G5

[2019-03-23 21:33:43 #3 type] 
Type domainV2.User is not enhanced.

[2019-03-23 21:33:43 #4 type] 
Type domainV2.News is not enhanced.

------------------------------------------------------------------------------------------------------------------------

[2019-03-23 21:34:42 #1 store] 
Database 'C:\Users\Carlos\Desktop\BetAndRuin_FloatSoft\resources\db\bets.odb' has been recovered (tr. 2033-2033)

[2019-03-23 21:34:42 #2 store] 
Database 'C:\Users\Carlos\Desktop\BetAndRuin_FloatSoft\resources\db\bets.odb' is opened by 5780@DESKTOP-K71H3G5

[2019-03-23 21:34:42 #3 type] 
Type domainV2.User is not enhanced.

[2019-03-23 21:34:42 #4 type] 
Type domainV2.News is not enhanced.

------------------------------------------------------------------------------------------------------------------------

[2019-03-23 21:36:46 #1 store] 
Database 'C:\Users\Carlos\Desktop\BetAndRuin_FloatSoft\resources\db\bets.odb' has been recovered (tr. 2034-2034)

[2019-03-23 21:36:46 #2 store] 
Database 'C:\Users\Carlos\Desktop\BetAndRuin_FloatSoft\resources\db\bets.odb' is opened by 12976@DESKTOP-K71H3G5

[2019-03-23 21:36:46 #3 type] 
Type domainV2.User is not enhanced.

[2019-03-23 21:36:46 #4 type] 
Type domainV2.News is not enhanced.

------------------------------------------------------------------------------------------------------------------------

[2019-03-23 21:46:32 #1 store] 
Database 'C:\Users\Carlos\Desktop\BetAndRuin_FloatSoft\resources\db\bets.odb' is opened by 8940@DESKTOP-K71H3G5

[2019-03-23 21:46:32 #2 type] 
Type domainV2.User is not enhanced.

[2019-03-23 21:46:32 #3 type] 
Type domainV2.News is not enhanced.

------------------------------------------------------------------------------------------------------------------------

[2019-03-23 21:47:26 #1 store] 
Database 'C:\Users\Carlos\Desktop\BetAndRuin_FloatSoft\resources\db\bets.odb' has been recovered (tr. 2036-2036)

[2019-03-23 21:47:26 #2 store] 
Database 'C:\Users\Carlos\Desktop\BetAndRuin_FloatSoft\resources\db\bets.odb' is opened by 6176@DESKTOP-K71H3G5

[2019-03-23 21:47:26 #3 type] 
Type domainV2.User is not enhanced.

[2019-03-23 21:47:26 #4 type] 
Type domainV2.News is not enhanced.

------------------------------------------------------------------------------------------------------------------------

[2019-03-23 21:47:58 #1 store] 
Database 'C:\Users\Carlos\Desktop\BetAndRuin_FloatSoft\resources\db\bets.odb' has been recovered (tr. 2037-2037)

[2019-03-23 21:47:58 #2 store] 
Database 'C:\Users\Carlos\Desktop\BetAndRuin_FloatSoft\resources\db\bets.odb' is opened by 1944@DESKTOP-K71H3G5

[2019-03-23 21:47:58 #3 type] 
Type domainV2.User is not enhanced.

[2019-03-23 21:47:58 #4 type] 
Type domainV2.News is not enhanced.

------------------------------------------------------------------------------------------------------------------------

[2019-03-23 21:48:24 #1 store] 
Database 'C:\Users\Carlos\Desktop\BetAndRuin_FloatSoft\resources\db\bets.odb' has been recovered (tr. 2038-2038)

[2019-03-23 21:48:24 #2 store] 
Database 'C:\Users\Carlos\Desktop\BetAndRuin_FloatSoft\resources\db\bets.odb' is opened by 9104@DESKTOP-K71H3G5

[2019-03-23 21:48:24 #3 type] 
Type domainV2.User is not enhanced.

[2019-03-23 21:48:24 #4 type] 
Type domainV2.News is not enhanced.

------------------------------------------------------------------------------------------------------------------------

[2019-03-23 21:50:17 #1 store] 
Database 'C:\Users\Carlos\Desktop\BetAndRuin_FloatSoft\resources\db\bets.odb' is opened by 7316@DESKTOP-K71H3G5

[2019-03-23 21:50:17 #2 type] 
Type domainV2.User is not enhanced.

[2019-03-23 21:50:17 #3 type] 
Type domainV2.News is not enhanced.

------------------------------------------------------------------------------------------------------------------------

[2019-03-23 21:52:22 #1 store] 
Database 'C:\Users\Carlos\Desktop\BetAndRuin_FloatSoft\resources\db\bets.odb' is opened by 3336@DESKTOP-K71H3G5

[2019-03-23 21:52:22 #2 type] 
Type domainV2.User is not enhanced.

[2019-03-23 21:52:22 #3 type] 
Type domainV2.News is not enhanced.

------------------------------------------------------------------------------------------------------------------------

[2019-03-23 21:54:14 #1 store] 
Database 'C:\Users\Carlos\Desktop\BetAndRuin_FloatSoft\resources\db\bets.odb' has been recovered (tr. 2041-2041)

[2019-03-23 21:54:14 #2 store] 
Database 'C:\Users\Carlos\Desktop\BetAndRuin_FloatSoft\resources\db\bets.odb' is opened by 4680@DESKTOP-K71H3G5

[2019-03-23 21:54:15 #3 type] 
Type domainV2.User is not enhanced.

[2019-03-23 21:54:15 #4 type] 
Type domainV2.News is not enhanced.

------------------------------------------------------------------------------------------------------------------------

[2019-03-23 21:56:23 #1 store] 
Database 'C:\Users\Carlos\Desktop\BetAndRuin_FloatSoft\resources\db\bets.odb' has been recovered (tr. 2042-2042)

[2019-03-23 21:56:23 #2 store] 
Database 'C:\Users\Carlos\Desktop\BetAndRuin_FloatSoft\resources\db\bets.odb' is opened by 5916@DESKTOP-K71H3G5

[2019-03-23 21:56:23 #3 type] 
Type domainV2.User is not enhanced.

[2019-03-23 21:56:23 #4 type] 
Type domainV2.News is not enhanced.

------------------------------------------------------------------------------------------------------------------------

[2019-03-23 21:57:35 #1 store] 
Database 'C:\Users\Carlos\Desktop\BetAndRuin_FloatSoft\resources\db\bets.odb' has been recovered (tr. 2043-2043)

[2019-03-23 21:57:35 #2 store] 
Database 'C:\Users\Carlos\Desktop\BetAndRuin_FloatSoft\resources\db\bets.odb' is opened by 2784@DESKTOP-K71H3G5

[2019-03-23 21:57:36 #3 type] 
Type domainV2.User is not enhanced.

[2019-03-23 21:57:36 #4 type] 
Type domainV2.News is not enhanced.

------------------------------------------------------------------------------------------------------------------------

[2019-03-23 21:58:03 #1 store] 
Database 'C:\Users\Carlos\Desktop\BetAndRuin_FloatSoft\resources\db\bets.odb' has been recovered (tr. 2044-2044)

[2019-03-23 21:58:03 #2 store] 
Database 'C:\Users\Carlos\Desktop\BetAndRuin_FloatSoft\resources\db\bets.odb' is opened by 11120@DESKTOP-K71H3G5

[2019-03-23 21:58:03 #3 type] 
Type domainV2.User is not enhanced.

[2019-03-23 21:58:03 #4 type] 
Type domainV2.News is not enhanced.

------------------------------------------------------------------------------------------------------------------------

[2019-03-23 21:59:47 #1 store] 
Database 'C:\Users\Carlos\Desktop\BetAndRuin_FloatSoft\resources\db\bets.odb' has been recovered (tr. 2045-2045)

[2019-03-23 21:59:47 #2 store] 
Database 'C:\Users\Carlos\Desktop\BetAndRuin_FloatSoft\resources\db\bets.odb' is opened by 12680@DESKTOP-K71H3G5

[2019-03-23 21:59:47 #3 type] 
Type domainV2.User is not enhanced.

[2019-03-23 21:59:47 #4 type] 
Type domainV2.News is not enhanced.

------------------------------------------------------------------------------------------------------------------------

[2019-03-23 22:00:53 #1 store] 
Database 'C:\Users\Carlos\Desktop\BetAndRuin_FloatSoft\resources\db\bets.odb' has been recovered (tr. 2046-2046)

[2019-03-23 22:00:53 #2 store] 
Database 'C:\Users\Carlos\Desktop\BetAndRuin_FloatSoft\resources\db\bets.odb' is opened by 3204@DESKTOP-K71H3G5

[2019-03-23 22:00:53 #3 type] 
Type domainV2.User is not enhanced.

[2019-03-23 22:00:53 #4 type] 
Type domainV2.News is not enhanced.

------------------------------------------------------------------------------------------------------------------------

[2019-03-23 22:07:34 #1 store] 
Database 'C:\Users\Carlos\Desktop\BetAndRuin_FloatSoft\resources\db\bets.odb' has been recovered (tr. 2047-2047)

[2019-03-23 22:07:34 #2 store] 
Database 'C:\Users\Carlos\Desktop\BetAndRuin_FloatSoft\resources\db\bets.odb' is opened by 8868@DESKTOP-K71H3G5

[2019-03-23 22:07:34 #3 type] 
Type domainV2.User is not enhanced.

[2019-03-23 22:07:34 #4 type] 
Type domainV2.News is not enhanced.

------------------------------------------------------------------------------------------------------------------------

[2019-03-23 22:08:06 #1 store] 
Database 'C:\Users\Carlos\Desktop\BetAndRuin_FloatSoft\resources\db\bets.odb' has been recovered (tr. 2048-2048)

[2019-03-23 22:08:06 #2 store] 
Database 'C:\Users\Carlos\Desktop\BetAndRuin_FloatSoft\resources\db\bets.odb' is opened by 5388@DESKTOP-K71H3G5

[2019-03-23 22:08:06 #3 type] 
Type domainV2.User is not enhanced.

[2019-03-23 22:08:06 #4 type] 
Type domainV2.News is not enhanced.

------------------------------------------------------------------------------------------------------------------------

[2019-03-23 22:11:34 #1 store] 
Database 'C:\Users\Carlos\Desktop\BetAndRuin_FloatSoft\resources\db\bets.odb' has been recovered (tr. 2049-2049)

[2019-03-23 22:11:34 #2 store] 
Database 'C:\Users\Carlos\Desktop\BetAndRuin_FloatSoft\resources\db\bets.odb' is opened by 13120@DESKTOP-K71H3G5

[2019-03-23 22:11:34 #3 type] 
Type domainV2.User is not enhanced.

[2019-03-23 22:11:34 #4 type] 
Type domainV2.News is not enhanced.

------------------------------------------------------------------------------------------------------------------------

[2019-03-23 22:13:07 #1 store] 
Database 'C:\Users\Carlos\Desktop\BetAndRuin_FloatSoft\resources\db\bets.odb' has been recovered (tr. 2050-2050)

[2019-03-23 22:13:07 #2 store] 
Database 'C:\Users\Carlos\Desktop\BetAndRuin_FloatSoft\resources\db\bets.odb' is opened by 13204@DESKTOP-K71H3G5

[2019-03-23 22:13:07 #3 type] 
Type domainV2.User is not enhanced.

[2019-03-23 22:13:07 #4 type] 
Type domainV2.News is not enhanced.

------------------------------------------------------------------------------------------------------------------------

[2019-03-23 22:13:27 #1 store] 
Database 'C:\Users\Carlos\Desktop\BetAndRuin_FloatSoft\resources\db\bets.odb' has been recovered (tr. 2051-2051)

[2019-03-23 22:13:27 #2 store] 
Database 'C:\Users\Carlos\Desktop\BetAndRuin_FloatSoft\resources\db\bets.odb' is opened by 2240@DESKTOP-K71H3G5

[2019-03-23 22:13:28 #3 type] 
Type domainV2.User is not enhanced.

[2019-03-23 22:13:28 #4 type] 
Type domainV2.News is not enhanced.

------------------------------------------------------------------------------------------------------------------------

[2019-03-23 22:15:36 #1 store] 
Database 'C:\Users\Carlos\Desktop\BetAndRuin_FloatSoft\resources\db\bets.odb' has been recovered (tr. 2052-2052)

[2019-03-23 22:15:37 #2 store] 
Database 'C:\Users\Carlos\Desktop\BetAndRuin_FloatSoft\resources\db\bets.odb' is opened by 7336@DESKTOP-K71H3G5

[2019-03-23 22:15:37 #3 type] 
Type domainV2.User is not enhanced.

[2019-03-23 22:15:37 #4 type] 
Type domainV2.News is not enhanced.

------------------------------------------------------------------------------------------------------------------------

[2019-03-23 22:22:32 #1 store] 
Database 'C:\Users\Carlos\Desktop\BetAndRuin_FloatSoft\resources\db\bets.odb' has been recovered (tr. 2053-2053)

[2019-03-23 22:22:32 #2 store] 
Database 'C:\Users\Carlos\Desktop\BetAndRuin_FloatSoft\resources\db\bets.odb' is opened by 12532@DESKTOP-K71H3G5

[2019-03-23 22:22:32 #3 type] 
Type domainV2.User is not enhanced.

[2019-03-23 22:22:32 #4 type] 
Type domainV2.News is not enhanced.

------------------------------------------------------------------------------------------------------------------------

[2019-03-23 22:29:52 #1 store] 
Database 'C:\Users\Carlos\Desktop\BetAndRuin_FloatSoft\resources\db\bets.odb' has been recovered (tr. 2054-2056)

[2019-03-23 22:29:52 #2 store] 
Database 'C:\Users\Carlos\Desktop\BetAndRuin_FloatSoft\resources\db\bets.odb' is opened by 7320@DESKTOP-K71H3G5

[2019-03-23 22:29:52 #3 type] 
Type domainV2.User is not enhanced.

[2019-03-23 22:29:52 #4 type] 
Type domainV2.News is not enhanced.

------------------------------------------------------------------------------------------------------------------------

[2019-03-23 22:45:10 #1 store] 
Database 'C:\Users\Carlos\Desktop\BetAndRuin_FloatSoft\resources\db\bets.odb' has been recovered (tr. 2057-2057)

[2019-03-23 22:45:10 #2 store] 
Database 'C:\Users\Carlos\Desktop\BetAndRuin_FloatSoft\resources\db\bets.odb' is opened by 6476@DESKTOP-K71H3G5

[2019-03-23 22:45:10 #3 type] 
Type domainV2.User is not enhanced.

[2019-03-23 22:45:10 #4 type] 
Type domainV2.News is not enhanced.

------------------------------------------------------------------------------------------------------------------------

[2019-03-23 22:45:59 #1 store] 
Database 'C:\Users\Carlos\Desktop\BetAndRuin_FloatSoft\resources\db\bets.odb' has been recovered (tr. 2058-2058)

[2019-03-23 22:45:59 #2 store] 
Database 'C:\Users\Carlos\Desktop\BetAndRuin_FloatSoft\resources\db\bets.odb' is opened by 5144@DESKTOP-K71H3G5

[2019-03-23 22:45:59 #3 type] 
Type domainV2.User is not enhanced.

[2019-03-23 22:45:59 #4 type] 
Type domainV2.News is not enhanced.

------------------------------------------------------------------------------------------------------------------------

[2019-03-23 22:46:40 #1 store] 
Database 'C:\Users\Carlos\Desktop\BetAndRuin_FloatSoft\resources\db\bets.odb' has been recovered (tr. 2059-2059)

[2019-03-23 22:46:40 #2 store] 
Database 'C:\Users\Carlos\Desktop\BetAndRuin_FloatSoft\resources\db\bets.odb' is opened by 9600@DESKTOP-K71H3G5

[2019-03-23 22:46:40 #3 type] 
Type domainV2.User is not enhanced.

[2019-03-23 22:46:40 #4 type] 
Type domainV2.News is not enhanced.

------------------------------------------------------------------------------------------------------------------------

[2019-03-23 22:47:23 #1 store] 
Database 'C:\Users\Carlos\Desktop\BetAndRuin_FloatSoft\resources\db\bets.odb' has been recovered (tr. 2060-2060)

[2019-03-23 22:47:23 #2 store] 
Database 'C:\Users\Carlos\Desktop\BetAndRuin_FloatSoft\resources\db\bets.odb' is opened by 7172@DESKTOP-K71H3G5

[2019-03-23 22:47:23 #3 type] 
Type domainV2.User is not enhanced.

[2019-03-23 22:47:23 #4 type] 
Type domainV2.News is not enhanced.

------------------------------------------------------------------------------------------------------------------------

[2019-03-23 22:57:17 #1 store] 
Database 'C:\Users\Carlos\Desktop\BetAndRuin_FloatSoft\resources\db\bets.odb' has been recovered (tr. 2061-2061)

[2019-03-23 22:57:17 #2 store] 
Database 'C:\Users\Carlos\Desktop\BetAndRuin_FloatSoft\resources\db\bets.odb' is opened by 7984@DESKTOP-K71H3G5

[2019-03-23 22:57:17 #3 type] 
Type domainV2.User is not enhanced.

[2019-03-23 22:57:17 #4 type] 
Type domainV2.News is not enhanced.

------------------------------------------------------------------------------------------------------------------------

[2019-03-23 22:58:47 #1 store] 
Database 'C:\Users\Carlos\Desktop\BetAndRuin_FloatSoft\resources\db\bets.odb' has been recovered (tr. 2062-2062)

[2019-03-23 22:58:48 #2 store] 
Database 'C:\Users\Carlos\Desktop\BetAndRuin_FloatSoft\resources\db\bets.odb' is opened by 12756@DESKTOP-K71H3G5

[2019-03-23 22:58:48 #3 type] 
Type domainV2.User is not enhanced.

[2019-03-23 22:58:48 #4 type] 
Type domainV2.News is not enhanced.

------------------------------------------------------------------------------------------------------------------------

[2019-03-23 23:01:21 #1 store] 
Database 'C:\Users\Carlos\Desktop\BetAndRuin_FloatSoft\resources\db\bets.odb' has been recovered (tr. 2063-2063)

[2019-03-23 23:01:21 #2 store] 
Database 'C:\Users\Carlos\Desktop\BetAndRuin_FloatSoft\resources\db\bets.odb' is opened by 1856@DESKTOP-K71H3G5

[2019-03-23 23:01:21 #3 type] 
Type domainV2.User is not enhanced.

[2019-03-23 23:01:21 #4 type] 
Type domainV2.News is not enhanced.

------------------------------------------------------------------------------------------------------------------------

[2019-03-23 23:02:51 #1 store] 
Database 'C:\Users\Carlos\Desktop\BetAndRuin_FloatSoft\resources\db\bets.odb' has been recovered (tr. 2064-2064)

[2019-03-23 23:02:51 #2 store] 
Database 'C:\Users\Carlos\Desktop\BetAndRuin_FloatSoft\resources\db\bets.odb' is opened by 1764@DESKTOP-K71H3G5

[2019-03-23 23:02:51 #3 type] 
Type domainV2.User is not enhanced.

[2019-03-23 23:02:51 #4 type] 
Type domainV2.News is not enhanced.

------------------------------------------------------------------------------------------------------------------------

[2019-03-23 23:03:56 #1 store] 
Database 'C:\Users\Carlos\Desktop\BetAndRuin_FloatSoft\resources\db\bets.odb' has been recovered (tr. 2065-2065)

[2019-03-23 23:03:56 #2 store] 
Database 'C:\Users\Carlos\Desktop\BetAndRuin_FloatSoft\resources\db\bets.odb' is opened by 4256@DESKTOP-K71H3G5

[2019-03-23 23:03:56 #3 type] 
Type domainV2.User is not enhanced.

[2019-03-23 23:03:56 #4 type] 
Type domainV2.News is not enhanced.

------------------------------------------------------------------------------------------------------------------------

[2019-03-23 23:04:43 #1 store] 
Database 'C:\Users\Carlos\Desktop\BetAndRuin_FloatSoft\resources\db\bets.odb' has been recovered (tr. 2066-2066)

[2019-03-23 23:04:43 #2 store] 
Database 'C:\Users\Carlos\Desktop\BetAndRuin_FloatSoft\resources\db\bets.odb' is opened by 2960@DESKTOP-K71H3G5

[2019-03-23 23:04:43 #3 type] 
Type domainV2.User is not enhanced.

[2019-03-23 23:04:43 #4 type] 
Type domainV2.News is not enhanced.

------------------------------------------------------------------------------------------------------------------------

[2019-03-23 23:05:13 #1 store] 
Database 'C:\Users\Carlos\Desktop\BetAndRuin_FloatSoft\resources\db\bets.odb' has been recovered (tr. 2067-2067)

[2019-03-23 23:05:13 #2 store] 
Database 'C:\Users\Carlos\Desktop\BetAndRuin_FloatSoft\resources\db\bets.odb' is opened by 2596@DESKTOP-K71H3G5

[2019-03-23 23:05:13 #3 type] 
Type domainV2.User is not enhanced.

[2019-03-23 23:05:13 #4 type] 
Type domainV2.News is not enhanced.

------------------------------------------------------------------------------------------------------------------------

[2019-03-23 23:06:11 #1 store] 
Database 'C:\Users\Carlos\Desktop\BetAndRuin_FloatSoft\resources\db\bets.odb' has been recovered (tr. 2068-2068)

[2019-03-23 23:06:11 #2 store] 
Database 'C:\Users\Carlos\Desktop\BetAndRuin_FloatSoft\resources\db\bets.odb' is opened by 1792@DESKTOP-K71H3G5

[2019-03-23 23:06:11 #3 type] 
Type domainV2.User is not enhanced.

[2019-03-23 23:06:11 #4 type] 
Type domainV2.News is not enhanced.

------------------------------------------------------------------------------------------------------------------------

[2019-03-23 23:06:41 #1 store] 
Database 'C:\Users\Carlos\Desktop\BetAndRuin_FloatSoft\resources\db\bets.odb' has been recovered (tr. 2069-2069)

[2019-03-23 23:06:41 #2 store] 
Database 'C:\Users\Carlos\Desktop\BetAndRuin_FloatSoft\resources\db\bets.odb' is opened by 8376@DESKTOP-K71H3G5

[2019-03-23 23:06:41 #3 type] 
Type domainV2.User is not enhanced.

[2019-03-23 23:06:41 #4 type] 
Type domainV2.News is not enhanced.

------------------------------------------------------------------------------------------------------------------------

[2019-03-23 23:08:37 #1 store] 
Database 'C:\Users\Carlos\Desktop\BetAndRuin_FloatSoft\resources\db\bets.odb' has been recovered (tr. 2070-2071)

[2019-03-23 23:08:37 #2 store] 
Database 'C:\Users\Carlos\Desktop\BetAndRuin_FloatSoft\resources\db\bets.odb' is opened by 3832@DESKTOP-K71H3G5

[2019-03-23 23:08:38 #3 type] 
Type domainV2.User is not enhanced.

[2019-03-23 23:08:38 #4 type] 
Type domainV2.News is not enhanced.

------------------------------------------------------------------------------------------------------------------------

[2019-03-23 23:09:39 #1 store] 
Database 'C:\Users\Carlos\Desktop\BetAndRuin_FloatSoft\resources\db\bets.odb' has been recovered (tr. 2072-2073)

[2019-03-23 23:09:39 #2 store] 
Database 'C:\Users\Carlos\Desktop\BetAndRuin_FloatSoft\resources\db\bets.odb' is opened by 2868@DESKTOP-K71H3G5

[2019-03-23 23:09:39 #3 type] 
Type domainV2.User is not enhanced.

[2019-03-23 23:09:39 #4 type] 
Type domainV2.News is not enhanced.

------------------------------------------------------------------------------------------------------------------------

[2019-03-23 23:10:27 #1 store] 
Database 'C:\Users\Carlos\Desktop\BetAndRuin_FloatSoft\resources\db\bets.odb' has been recovered (tr. 2074-2074)

[2019-03-23 23:10:27 #2 store] 
Database 'C:\Users\Carlos\Desktop\BetAndRuin_FloatSoft\resources\db\bets.odb' is opened by 6304@DESKTOP-K71H3G5

[2019-03-23 23:10:27 #3 type] 
Type domainV2.User is not enhanced.

[2019-03-23 23:10:27 #4 type] 
Type domainV2.News is not enhanced.

------------------------------------------------------------------------------------------------------------------------

[2019-03-23 23:32:47 #1 store] 
Database 'C:\Users\Carlos\Desktop\BetAndRuin_FloatSoft\resources\db\bets.odb' has been recovered (tr. 2075-2075)

[2019-03-23 23:32:47 #2 store] 
Database 'C:\Users\Carlos\Desktop\BetAndRuin_FloatSoft\resources\db\bets.odb' is opened by 1092@DESKTOP-K71H3G5

[2019-03-23 23:32:47 #3 type] 
Type domainV2.User is not enhanced.

[2019-03-23 23:32:47 #4 type] 
Type domainV2.News is not enhanced.

------------------------------------------------------------------------------------------------------------------------

[2019-03-23 23:33:02 #1 store] 
Database 'C:\Users\Carlos\Desktop\BetAndRuin_FloatSoft\resources\db\bets.odb' has been recovered (tr. 2076-2076)

[2019-03-23 23:33:02 #2 store] 
Database 'C:\Users\Carlos\Desktop\BetAndRuin_FloatSoft\resources\db\bets.odb' is opened by 12084@DESKTOP-K71H3G5

[2019-03-23 23:33:02 #3 type] 
Type domainV2.User is not enhanced.

[2019-03-23 23:33:02 #4 type] 
Type domainV2.News is not enhanced.

------------------------------------------------------------------------------------------------------------------------

[2019-03-23 23:33:51 #1 store] 
Database 'C:\Users\Carlos\Desktop\BetAndRuin_FloatSoft\resources\db\bets.odb' has been recovered (tr. 2077-2077)

[2019-03-23 23:33:52 #2 store] 
Database 'C:\Users\Carlos\Desktop\BetAndRuin_FloatSoft\resources\db\bets.odb' is opened by 3212@DESKTOP-K71H3G5

[2019-03-23 23:33:52 #3 type] 
Type domainV2.User is not enhanced.

[2019-03-23 23:33:52 #4 type] 
Type domainV2.News is not enhanced.

------------------------------------------------------------------------------------------------------------------------

[2019-03-23 23:34:27 #1 store] 
Database 'C:\Users\Carlos\Desktop\BetAndRuin_FloatSoft\resources\db\bets.odb' has been recovered (tr. 2078-2078)

[2019-03-23 23:34:27 #2 store] 
Database 'C:\Users\Carlos\Desktop\BetAndRuin_FloatSoft\resources\db\bets.odb' is opened by 7540@DESKTOP-K71H3G5

[2019-03-23 23:34:28 #3 type] 
Type domainV2.User is not enhanced.

[2019-03-23 23:34:28 #4 type] 
Type domainV2.News is not enhanced.

------------------------------------------------------------------------------------------------------------------------

[2019-03-23 23:35:46 #1 store] 
Database 'C:\Users\Carlos\Desktop\BetAndRuin_FloatSoft\resources\db\bets.odb' has been recovered (tr. 2079-2079)

[2019-03-23 23:35:46 #2 store] 
Database 'C:\Users\Carlos\Desktop\BetAndRuin_FloatSoft\resources\db\bets.odb' is opened by 1340@DESKTOP-K71H3G5

[2019-03-23 23:35:46 #3 type] 
Type domainV2.User is not enhanced.

[2019-03-23 23:35:46 #4 type] 
Type domainV2.News is not enhanced.

------------------------------------------------------------------------------------------------------------------------

[2019-03-23 23:36:18 #1 store] 
Database 'C:\Users\Carlos\Desktop\BetAndRuin_FloatSoft\resources\db\bets.odb' has been recovered (tr. 2080-2080)

[2019-03-23 23:36:18 #2 store] 
Database 'C:\Users\Carlos\Desktop\BetAndRuin_FloatSoft\resources\db\bets.odb' is opened by 6300@DESKTOP-K71H3G5

[2019-03-23 23:36:18 #3 type] 
Type domainV2.User is not enhanced.

[2019-03-23 23:36:18 #4 type] 
Type domainV2.News is not enhanced.

------------------------------------------------------------------------------------------------------------------------

[2019-03-23 23:36:45 #1 store] 
Database 'C:\Users\Carlos\Desktop\BetAndRuin_FloatSoft\resources\db\bets.odb' has been recovered (tr. 2081-2081)

[2019-03-23 23:36:45 #2 store] 
Database 'C:\Users\Carlos\Desktop\BetAndRuin_FloatSoft\resources\db\bets.odb' is opened by 1760@DESKTOP-K71H3G5

[2019-03-23 23:36:45 #3 type] 
Type domainV2.User is not enhanced.

[2019-03-23 23:36:45 #4 type] 
Type domainV2.News is not enhanced.

------------------------------------------------------------------------------------------------------------------------

[2019-03-23 23:41:30 #1 store] 
Database 'C:\Users\Carlos\Desktop\BetAndRuin_FloatSoft\resources\db\bets.odb' has been recovered (tr. 2082-2082)

[2019-03-23 23:41:30 #2 store] 
Database 'C:\Users\Carlos\Desktop\BetAndRuin_FloatSoft\resources\db\bets.odb' is opened by 10696@DESKTOP-K71H3G5

[2019-03-23 23:41:30 #3 type] 
Type domainV2.User is not enhanced.

[2019-03-23 23:41:30 #4 type] 
Type domainV2.News is not enhanced.

------------------------------------------------------------------------------------------------------------------------

[2019-03-23 23:42:32 #1 store] 
Database 'C:\Users\Carlos\Desktop\BetAndRuin_FloatSoft\resources\db\bets.odb' has been recovered (tr. 2083-2083)

[2019-03-23 23:42:32 #2 store] 
Database 'C:\Users\Carlos\Desktop\BetAndRuin_FloatSoft\resources\db\bets.odb' is opened by 12976@DESKTOP-K71H3G5

[2019-03-23 23:42:32 #3 type] 
Type domainV2.User is not enhanced.

[2019-03-23 23:42:32 #4 type] 
Type domainV2.News is not enhanced.

------------------------------------------------------------------------------------------------------------------------

[2019-03-23 23:44:14 #1 store] 
Database 'C:\Users\Carlos\Desktop\BetAndRuin_FloatSoft\resources\db\bets.odb' has been recovered (tr. 2084-2084)

[2019-03-23 23:44:14 #2 store] 
Database 'C:\Users\Carlos\Desktop\BetAndRuin_FloatSoft\resources\db\bets.odb' is opened by 4212@DESKTOP-K71H3G5

[2019-03-23 23:44:14 #3 type] 
Type domainV2.User is not enhanced.

[2019-03-23 23:44:14 #4 type] 
Type domainV2.News is not enhanced.

------------------------------------------------------------------------------------------------------------------------

[2019-03-23 23:44:48 #1 store] 
Database 'C:\Users\Carlos\Desktop\BetAndRuin_FloatSoft\resources\db\bets.odb' has been recovered (tr. 2085-2085)

[2019-03-23 23:44:48 #2 store] 
Database 'C:\Users\Carlos\Desktop\BetAndRuin_FloatSoft\resources\db\bets.odb' is opened by 4812@DESKTOP-K71H3G5

[2019-03-23 23:44:48 #3 type] 
Type domainV2.User is not enhanced.

[2019-03-23 23:44:48 #4 type] 
Type domainV2.News is not enhanced.

------------------------------------------------------------------------------------------------------------------------

[2019-03-23 23:45:52 #1 store] 
Database 'C:\Users\Carlos\Desktop\BetAndRuin_FloatSoft\resources\db\bets.odb' has been recovered (tr. 2086-2086)

[2019-03-23 23:45:53 #2 store] 
Database 'C:\Users\Carlos\Desktop\BetAndRuin_FloatSoft\resources\db\bets.odb' is opened by 9800@DESKTOP-K71H3G5

[2019-03-23 23:45:53 #3 type] 
Type domainV2.User is not enhanced.

[2019-03-23 23:45:53 #4 type] 
Type domainV2.News is not enhanced.

------------------------------------------------------------------------------------------------------------------------

[2019-03-23 23:46:54 #1 store] 
Database 'C:\Users\Carlos\Desktop\BetAndRuin_FloatSoft\resources\db\bets.odb' has been recovered (tr. 2087-2087)

[2019-03-23 23:46:54 #2 store] 
Database 'C:\Users\Carlos\Desktop\BetAndRuin_FloatSoft\resources\db\bets.odb' is opened by 12432@DESKTOP-K71H3G5

[2019-03-23 23:46:54 #3 type] 
Type domainV2.User is not enhanced.

[2019-03-23 23:46:54 #4 type] 
Type domainV2.News is not enhanced.

------------------------------------------------------------------------------------------------------------------------

[2019-03-23 23:47:47 #1 store] 
Database 'C:\Users\Carlos\Desktop\BetAndRuin_FloatSoft\resources\db\bets.odb' has been recovered (tr. 2088-2088)

[2019-03-23 23:47:47 #2 store] 
Database 'C:\Users\Carlos\Desktop\BetAndRuin_FloatSoft\resources\db\bets.odb' is opened by 12560@DESKTOP-K71H3G5

[2019-03-23 23:47:47 #3 type] 
Type domainV2.User is not enhanced.

[2019-03-23 23:47:47 #4 type] 
Type domainV2.News is not enhanced.

------------------------------------------------------------------------------------------------------------------------

[2019-03-23 23:48:40 #1 store] 
Database 'C:\Users\Carlos\Desktop\BetAndRuin_FloatSoft\resources\db\bets.odb' has been recovered (tr. 2089-2089)

[2019-03-23 23:48:40 #2 store] 
Database 'C:\Users\Carlos\Desktop\BetAndRuin_FloatSoft\resources\db\bets.odb' is opened by 9588@DESKTOP-K71H3G5

[2019-03-23 23:48:40 #3 type] 
Type domainV2.User is not enhanced.

[2019-03-23 23:48:40 #4 type] 
Type domainV2.News is not enhanced.

------------------------------------------------------------------------------------------------------------------------

[2019-03-23 23:53:12 #1 store] 
Database 'C:\Users\Carlos\Desktop\BetAndRuin_FloatSoft\resources\db\bets.odb' has been recovered (tr. 2090-2090)

[2019-03-23 23:53:12 #2 store] 
Database 'C:\Users\Carlos\Desktop\BetAndRuin_FloatSoft\resources\db\bets.odb' is opened by 5108@DESKTOP-K71H3G5

[2019-03-23 23:53:13 #3 type] 
Type domainV2.User is not enhanced.

[2019-03-23 23:53:13 #4 type] 
Type domainV2.News is not enhanced.

------------------------------------------------------------------------------------------------------------------------

[2019-03-23 23:56:26 #1 store] 
Database 'C:\Users\Carlos\Desktop\BetAndRuin_FloatSoft\resources\db\bets.odb' has been recovered (tr. 2091-2091)

[2019-03-23 23:56:26 #2 store] 
Database 'C:\Users\Carlos\Desktop\BetAndRuin_FloatSoft\resources\db\bets.odb' is opened by 13176@DESKTOP-K71H3G5

[2019-03-23 23:56:26 #3 type] 
Type domainV2.User is not enhanced.

[2019-03-23 23:56:26 #4 type] 
Type domainV2.News is not enhanced.

