------------------------------------------------------------------------------------------------------------------------

[2019-03-08 15:56:34 #1 store] 
Database 'C:\Users\Carlos Dominguez\Desktop\BetAndRuin_FloatSoft\resources\db\bets.odb' is opened by 10224@DESKTOP-F3FKHV4

[2019-03-08 15:56:34 #2 type] 
Type domain.Question is not enhanced.

[2019-03-08 15:56:34 #3 type] 
Type domain.Bet is not enhanced.

[2019-03-08 15:56:34 #4 type] 
Type domain.Event is not enhanced.

[2019-03-08 15:56:34 #5 type] 
Type domain.User is not enhanced.

------------------------------------------------------------------------------------------------------------------------

[2019-03-08 15:57:10 #1 store] 
Database 'C:\Users\Carlos Dominguez\Desktop\BetAndRuin_FloatSoft\resources\db\bets.odb' is opened by 9164@DESKTOP-F3FKHV4

[2019-03-08 15:57:10 #2 type] 
Type domain.Question is not enhanced.

[2019-03-08 15:57:10 #3 type] 
Type domain.Bet is not enhanced.

[2019-03-08 15:57:10 #4 type] 
Type domain.Event is not enhanced.

[2019-03-08 15:57:10 #5 type] 
Type domain.User is not enhanced.

------------------------------------------------------------------------------------------------------------------------

[2019-03-08 15:57:56 #1 store] 
Database 'C:\Users\Carlos Dominguez\Desktop\BetAndRuin_FloatSoft\resources\db\bets.odb' is opened by 7604@DESKTOP-F3FKHV4

[2019-03-08 15:57:57 #2 type] 
Type domain.Question is not enhanced.

[2019-03-08 15:57:57 #3 type] 
Type domain.Bet is not enhanced.

[2019-03-08 15:57:57 #4 type] 
Type domain.Event is not enhanced.

[2019-03-08 15:57:57 #5 type] 
Type domain.User is not enhanced.

------------------------------------------------------------------------------------------------------------------------

[2019-03-08 15:58:32 #1 store] 
Database 'C:\Users\Carlos Dominguez\Desktop\BetAndRuin_FloatSoft\resources\db\bets.odb' is opened by 8020@DESKTOP-F3FKHV4

[2019-03-08 15:58:32 #2 type] 
Type domain.Question is not enhanced.

[2019-03-08 15:58:32 #3 type] 
Type domain.Bet is not enhanced.

[2019-03-08 15:58:32 #4 type] 
Type domain.Event is not enhanced.

[2019-03-08 15:58:32 #5 type] 
Type domain.User is not enhanced.

------------------------------------------------------------------------------------------------------------------------

[2019-03-08 16:00:10 #1 store] 
Database 'C:\Users\Carlos Dominguez\Desktop\BetAndRuin_FloatSoft\resources\db\bets.odb' is opened by 3592@DESKTOP-F3FKHV4

[2019-03-08 16:00:11 #2 type] 
Type domain.Question is not enhanced.

[2019-03-08 16:00:11 #3 type] 
Type domain.Bet is not enhanced.

[2019-03-08 16:00:11 #4 type] 
Type domain.Event is not enhanced.

[2019-03-08 16:00:11 #5 type] 
Type domain.User is not enhanced.

------------------------------------------------------------------------------------------------------------------------

[2019-03-08 16:01:04 #1 store] 
Database 'C:\Users\Carlos Dominguez\Desktop\BetAndRuin_FloatSoft\resources\db\bets.odb' is opened by 7008@DESKTOP-F3FKHV4

[2019-03-08 16:01:04 #2 type] 
Type domain.Question is not enhanced.

[2019-03-08 16:01:04 #3 type] 
Type domain.Bet is not enhanced.

[2019-03-08 16:01:04 #4 type] 
Type domain.Event is not enhanced.

[2019-03-08 16:01:04 #5 type] 
Type domain.User is not enhanced.

------------------------------------------------------------------------------------------------------------------------

[2019-03-08 16:01:48 #1 store] 
Database 'C:\Users\Carlos Dominguez\Desktop\BetAndRuin_FloatSoft\resources\db\bets.odb' is opened by 3580@DESKTOP-F3FKHV4

[2019-03-08 16:01:48 #2 type] 
Type domain.Question is not enhanced.

[2019-03-08 16:01:48 #3 type] 
Type domain.Bet is not enhanced.

[2019-03-08 16:01:48 #4 type] 
Type domain.Event is not enhanced.

[2019-03-08 16:01:48 #5 type] 
Type domain.User is not enhanced.

------------------------------------------------------------------------------------------------------------------------

[2019-03-08 16:02:17 #1 store] 
Database 'C:\Users\Carlos Dominguez\Desktop\BetAndRuin_FloatSoft\resources\db\bets.odb' is opened by 8308@DESKTOP-F3FKHV4

[2019-03-08 16:02:17 #2 type] 
Type domain.Question is not enhanced.

[2019-03-08 16:02:17 #3 type] 
Type domain.Bet is not enhanced.

[2019-03-08 16:02:17 #4 type] 
Type domain.Event is not enhanced.

[2019-03-08 16:02:17 #5 type] 
Type domain.User is not enhanced.

------------------------------------------------------------------------------------------------------------------------

[2019-03-08 16:03:40 #1 store] 
Database 'C:\Users\Carlos Dominguez\Desktop\BetAndRuin_FloatSoft\resources\db\bets.odb' is opened by 5808@DESKTOP-F3FKHV4

[2019-03-08 16:03:40 #2 type] 
Type domain.Question is not enhanced.

[2019-03-08 16:03:40 #3 type] 
Type domain.Bet is not enhanced.

[2019-03-08 16:03:40 #4 type] 
Type domain.Event is not enhanced.

[2019-03-08 16:03:40 #5 type] 
Type domain.User is not enhanced.

------------------------------------------------------------------------------------------------------------------------

[2019-03-08 16:07:09 #1 store] 
Database 'C:\Users\Carlos Dominguez\Desktop\BetAndRuin_FloatSoft\resources\db\bets.odb' is opened by 11596@DESKTOP-F3FKHV4

[2019-03-08 16:07:09 #2 type] 
Type domain.Question is not enhanced.

[2019-03-08 16:07:09 #3 type] 
Type domain.Bet is not enhanced.

[2019-03-08 16:07:09 #4 type] 
Type domain.Event is not enhanced.

[2019-03-08 16:07:09 #5 type] 
Type domain.User is not enhanced.

------------------------------------------------------------------------------------------------------------------------

[2019-03-08 16:12:24 #1 store] 
Database 'C:\Users\Carlos Dominguez\Desktop\BetAndRuin_FloatSoft\resources\db\bets.odb' is opened by 3636@DESKTOP-F3FKHV4

[2019-03-08 16:12:24 #2 type] 
Type domain.Question is not enhanced.

[2019-03-08 16:12:24 #3 type] 
Type domain.Bet is not enhanced.

[2019-03-08 16:12:24 #4 type] 
Type domain.Event is not enhanced.

[2019-03-08 16:12:24 #5 type] 
Type domain.User is not enhanced.

------------------------------------------------------------------------------------------------------------------------

[2019-03-08 16:12:57 #1 store] 
Database 'C:\Users\Carlos Dominguez\Desktop\BetAndRuin_FloatSoft\resources\db\bets.odb' is opened by 4120@DESKTOP-F3FKHV4

[2019-03-08 16:12:57 #2 type] 
Type domain.Question is not enhanced.

[2019-03-08 16:12:57 #3 type] 
Type domain.Bet is not enhanced.

[2019-03-08 16:12:57 #4 type] 
Type domain.Event is not enhanced.

[2019-03-08 16:12:57 #5 type] 
Type domain.User is not enhanced.

------------------------------------------------------------------------------------------------------------------------

[2019-03-08 16:14:30 #1 store] 
Database 'C:\Users\Carlos Dominguez\Desktop\BetAndRuin_FloatSoft\resources\db\bets.odb' is opened by 1332@DESKTOP-F3FKHV4

[2019-03-08 16:14:31 #2 type] 
Type domain.Question is not enhanced.

[2019-03-08 16:14:31 #3 type] 
Type domain.Bet is not enhanced.

[2019-03-08 16:14:31 #4 type] 
Type domain.Event is not enhanced.

[2019-03-08 16:14:31 #5 type] 
Type domain.User is not enhanced.

------------------------------------------------------------------------------------------------------------------------

[2019-03-08 16:15:53 #1 store] 
Database 'C:\Users\Carlos Dominguez\Desktop\BetAndRuin_FloatSoft\resources\db\bets.odb' is opened by 12480@DESKTOP-F3FKHV4

[2019-03-08 16:15:53 #2 type] 
Type domain.Question is not enhanced.

[2019-03-08 16:15:53 #3 type] 
Type domain.Bet is not enhanced.

[2019-03-08 16:15:53 #4 type] 
Type domain.Event is not enhanced.

[2019-03-08 16:15:53 #5 type] 
Type domain.User is not enhanced.

------------------------------------------------------------------------------------------------------------------------

[2019-03-08 16:18:48 #1 store] 
Database 'C:\Users\Carlos Dominguez\Desktop\BetAndRuin_FloatSoft\resources\db\bets.odb' is opened by 12636@DESKTOP-F3FKHV4

[2019-03-08 16:18:48 #2 type] 
Type domain.Question is not enhanced.

[2019-03-08 16:18:48 #3 type] 
Type domain.Bet is not enhanced.

[2019-03-08 16:18:48 #4 type] 
Type domain.Event is not enhanced.

[2019-03-08 16:18:48 #5 type] 
Type domain.User is not enhanced.

------------------------------------------------------------------------------------------------------------------------

[2019-03-08 16:20:01 #1 store] 
Database 'C:\Users\Carlos Dominguez\Desktop\BetAndRuin_FloatSoft\resources\db\bets.odb' is opened by 3216@DESKTOP-F3FKHV4

[2019-03-08 16:20:02 #2 type] 
Type domain.Question is not enhanced.

[2019-03-08 16:20:02 #3 type] 
Type domain.Bet is not enhanced.

[2019-03-08 16:20:02 #4 type] 
Type domain.Event is not enhanced.

[2019-03-08 16:20:02 #5 type] 
Type domain.User is not enhanced.

------------------------------------------------------------------------------------------------------------------------

[2019-03-08 16:22:23 #1 store] 
Database 'C:\Users\Carlos Dominguez\Desktop\BetAndRuin_FloatSoft\resources\db\bets.odb' is opened by 5736@DESKTOP-F3FKHV4

[2019-03-08 16:22:23 #2 type] 
Type domain.Question is not enhanced.

[2019-03-08 16:22:23 #3 type] 
Type domain.Bet is not enhanced.

[2019-03-08 16:22:23 #4 type] 
Type domain.Event is not enhanced.

[2019-03-08 16:22:23 #5 type] 
Type domain.User is not enhanced.

------------------------------------------------------------------------------------------------------------------------

[2019-03-08 16:23:06 #1 store] 
Database 'C:\Users\Carlos Dominguez\Desktop\BetAndRuin_FloatSoft\resources\db\bets.odb' is opened by 10168@DESKTOP-F3FKHV4

[2019-03-08 16:23:06 #2 type] 
Type domain.Question is not enhanced.

[2019-03-08 16:23:06 #3 type] 
Type domain.Bet is not enhanced.

[2019-03-08 16:23:06 #4 type] 
Type domain.Event is not enhanced.

[2019-03-08 16:23:06 #5 type] 
Type domain.User is not enhanced.

------------------------------------------------------------------------------------------------------------------------

[2019-03-08 16:25:28 #1 store] 
Database 'C:\Users\Carlos Dominguez\Desktop\BetAndRuin_FloatSoft\resources\db\bets.odb' is opened by 120@DESKTOP-F3FKHV4

[2019-03-08 16:25:29 #2 type] 
Type domain.Question is not enhanced.

[2019-03-08 16:25:29 #3 type] 
Type domain.Bet is not enhanced.

[2019-03-08 16:25:29 #4 type] 
Type domain.Event is not enhanced.

[2019-03-08 16:25:29 #5 type] 
Type domain.User is not enhanced.

------------------------------------------------------------------------------------------------------------------------

[2019-03-08 16:25:58 #1 store] 
Database 'C:\Users\Carlos Dominguez\Desktop\BetAndRuin_FloatSoft\resources\db\bets.odb' is opened by 1468@DESKTOP-F3FKHV4

[2019-03-08 16:25:58 #2 type] 
Type domain.Question is not enhanced.

[2019-03-08 16:25:58 #3 type] 
Type domain.Bet is not enhanced.

[2019-03-08 16:25:58 #4 type] 
Type domain.Event is not enhanced.

[2019-03-08 16:25:58 #5 type] 
Type domain.User is not enhanced.

------------------------------------------------------------------------------------------------------------------------

[2019-03-08 16:27:55 #1 store] 
Database 'C:\Users\Carlos Dominguez\Desktop\BetAndRuin_FloatSoft\resources\db\bets.odb' is opened by 8512@DESKTOP-F3FKHV4

[2019-03-08 16:27:55 #2 type] 
Type domain.Question is not enhanced.

[2019-03-08 16:27:55 #3 type] 
Type domain.Bet is not enhanced.

[2019-03-08 16:27:55 #4 type] 
Type domain.Event is not enhanced.

[2019-03-08 16:27:55 #5 type] 
Type domain.User is not enhanced.

------------------------------------------------------------------------------------------------------------------------

[2019-03-08 16:30:09 #1 store] 
Database 'C:\Users\Carlos Dominguez\Desktop\BetAndRuin_FloatSoft\resources\db\bets.odb' is opened by 10572@DESKTOP-F3FKHV4

[2019-03-08 16:30:09 #2 type] 
Type domain.Question is not enhanced.

[2019-03-08 16:30:09 #3 type] 
Type domain.Bet is not enhanced.

[2019-03-08 16:30:09 #4 type] 
Type domain.Event is not enhanced.

[2019-03-08 16:30:09 #5 type] 
Type domain.User is not enhanced.

------------------------------------------------------------------------------------------------------------------------

[2019-03-08 16:31:16 #1 store] 
Database 'C:\Users\Carlos Dominguez\Desktop\BetAndRuin_FloatSoft\resources\db\bets.odb' is opened by 3056@DESKTOP-F3FKHV4

[2019-03-08 16:31:16 #2 type] 
Type domain.Question is not enhanced.

[2019-03-08 16:31:16 #3 type] 
Type domain.Bet is not enhanced.

[2019-03-08 16:31:16 #4 type] 
Type domain.Event is not enhanced.

[2019-03-08 16:31:16 #5 type] 
Type domain.User is not enhanced.

------------------------------------------------------------------------------------------------------------------------

[2019-03-08 16:32:01 #1 store] 
Database 'C:\Users\Carlos Dominguez\Desktop\BetAndRuin_FloatSoft\resources\db\bets.odb' is opened by 9304@DESKTOP-F3FKHV4

[2019-03-08 16:32:01 #2 type] 
Type domain.Question is not enhanced.

[2019-03-08 16:32:01 #3 type] 
Type domain.Bet is not enhanced.

[2019-03-08 16:32:01 #4 type] 
Type domain.Event is not enhanced.

[2019-03-08 16:32:01 #5 type] 
Type domain.User is not enhanced.

------------------------------------------------------------------------------------------------------------------------

[2019-03-08 16:32:27 #1 store] 
Database 'C:\Users\Carlos Dominguez\Desktop\BetAndRuin_FloatSoft\resources\db\bets.odb' is opened by 6496@DESKTOP-F3FKHV4

[2019-03-08 16:32:27 #2 type] 
Type domain.Question is not enhanced.

[2019-03-08 16:32:27 #3 type] 
Type domain.Bet is not enhanced.

[2019-03-08 16:32:27 #4 type] 
Type domain.Event is not enhanced.

[2019-03-08 16:32:27 #5 type] 
Type domain.User is not enhanced.

------------------------------------------------------------------------------------------------------------------------

[2019-03-08 16:33:32 #1 store] 
Database 'C:\Users\Carlos Dominguez\Desktop\BetAndRuin_FloatSoft\resources\db\bets.odb' is opened by 13868@DESKTOP-F3FKHV4

[2019-03-08 16:33:32 #2 type] 
Type domain.Question is not enhanced.

[2019-03-08 16:33:32 #3 type] 
Type domain.Bet is not enhanced.

[2019-03-08 16:33:32 #4 type] 
Type domain.Event is not enhanced.

[2019-03-08 16:33:33 #5 type] 
Type domain.User is not enhanced.

------------------------------------------------------------------------------------------------------------------------

[2019-03-08 16:34:03 #1 store] 
Database 'C:\Users\Carlos Dominguez\Desktop\BetAndRuin_FloatSoft\resources\db\bets.odb' is opened by 14240@DESKTOP-F3FKHV4

[2019-03-08 16:34:03 #2 type] 
Type domain.Question is not enhanced.

[2019-03-08 16:34:03 #3 type] 
Type domain.Bet is not enhanced.

[2019-03-08 16:34:03 #4 type] 
Type domain.Event is not enhanced.

[2019-03-08 16:34:03 #5 type] 
Type domain.User is not enhanced.

------------------------------------------------------------------------------------------------------------------------

[2019-03-08 16:35:26 #1 store] 
Database 'C:\Users\Carlos Dominguez\Desktop\BetAndRuin_FloatSoft\resources\db\bets.odb' is opened by 13960@DESKTOP-F3FKHV4

[2019-03-08 16:35:26 #2 type] 
Type domain.Question is not enhanced.

[2019-03-08 16:35:26 #3 type] 
Type domain.Bet is not enhanced.

[2019-03-08 16:35:26 #4 type] 
Type domain.Event is not enhanced.

[2019-03-08 16:35:26 #5 type] 
Type domain.User is not enhanced.

------------------------------------------------------------------------------------------------------------------------

[2019-03-08 16:48:37 #1 store] 
Database 'C:\Users\Carlos Dominguez\Desktop\BetAndRuin_FloatSoft\resources\db\bets.odb' is opened by 10224@DESKTOP-F3FKHV4

[2019-03-08 16:48:37 #2 type] 
Type domain.Question is not enhanced.

[2019-03-08 16:48:37 #3 type] 
Type domain.Bet is not enhanced.

[2019-03-08 16:48:37 #4 type] 
Type domain.Event is not enhanced.

[2019-03-08 16:48:37 #5 type] 
Type domain.User is not enhanced.

------------------------------------------------------------------------------------------------------------------------

[2019-03-08 16:56:05 #1 store] 
Database 'C:\Users\Carlos Dominguez\Desktop\BetAndRuin_FloatSoft\resources\db\bets.odb' is opened by 13592@DESKTOP-F3FKHV4

[2019-03-08 16:56:05 #2 type] 
Type domain.Question is not enhanced.

[2019-03-08 16:56:05 #3 type] 
Type domain.Bet is not enhanced.

[2019-03-08 16:56:05 #4 type] 
Type domain.Event is not enhanced.

[2019-03-08 16:56:05 #5 type] 
Type domain.User is not enhanced.

------------------------------------------------------------------------------------------------------------------------

[2019-03-08 17:03:44 #1 store] 
Database 'C:\Users\Carlos Dominguez\Desktop\BetAndRuin_FloatSoft\resources\db\bets.odb' is opened by 8012@DESKTOP-F3FKHV4

[2019-03-08 17:03:44 #2 type] 
Type domain.Question is not enhanced.

[2019-03-08 17:03:44 #3 type] 
Type domain.Bet is not enhanced.

[2019-03-08 17:03:44 #4 type] 
Type domain.Event is not enhanced.

[2019-03-08 17:03:44 #5 type] 
Type domain.User is not enhanced.

------------------------------------------------------------------------------------------------------------------------

[2019-03-08 17:04:57 #1 store] 
Database 'C:\Users\Carlos Dominguez\Desktop\BetAndRuin_FloatSoft\resources\db\bets.odb' is opened by 11768@DESKTOP-F3FKHV4

[2019-03-08 17:04:57 #2 type] 
Type domain.Question is not enhanced.

[2019-03-08 17:04:57 #3 type] 
Type domain.Bet is not enhanced.

[2019-03-08 17:04:57 #4 type] 
Type domain.Event is not enhanced.

[2019-03-08 17:04:57 #5 type] 
Type domain.User is not enhanced.

------------------------------------------------------------------------------------------------------------------------

[2019-03-08 17:07:22 #1 store] 
Database 'C:\Users\Carlos Dominguez\Desktop\BetAndRuin_FloatSoft\resources\db\bets.odb' is opened by 2500@DESKTOP-F3FKHV4

[2019-03-08 17:07:22 #2 type] 
Type domain.Question is not enhanced.

[2019-03-08 17:07:22 #3 type] 
Type domain.Bet is not enhanced.

[2019-03-08 17:07:22 #4 type] 
Type domain.Event is not enhanced.

[2019-03-08 17:07:22 #5 type] 
Type domain.User is not enhanced.

------------------------------------------------------------------------------------------------------------------------

[2019-03-08 17:08:33 #1 store] 
Database 'C:\Users\Carlos Dominguez\Desktop\BetAndRuin_FloatSoft\resources\db\bets.odb' is opened by 12732@DESKTOP-F3FKHV4

[2019-03-08 17:08:33 #2 type] 
Type domain.Question is not enhanced.

[2019-03-08 17:08:33 #3 type] 
Type domain.Bet is not enhanced.

[2019-03-08 17:08:33 #4 type] 
Type domain.Event is not enhanced.

[2019-03-08 17:08:33 #5 type] 
Type domain.User is not enhanced.

------------------------------------------------------------------------------------------------------------------------

[2019-03-08 17:09:51 #1 store] 
Database 'C:\Users\Carlos Dominguez\Desktop\BetAndRuin_FloatSoft\resources\db\bets.odb' is opened by 300@DESKTOP-F3FKHV4

[2019-03-08 17:09:51 #2 type] 
Type domain.Question is not enhanced.

[2019-03-08 17:09:51 #3 type] 
Type domain.Bet is not enhanced.

[2019-03-08 17:09:51 #4 type] 
Type domain.Event is not enhanced.

[2019-03-08 17:09:51 #5 type] 
Type domain.User is not enhanced.

------------------------------------------------------------------------------------------------------------------------

[2019-03-08 17:10:35 #1 store] 
Database 'C:\Users\Carlos Dominguez\Desktop\BetAndRuin_FloatSoft\resources\db\bets.odb' is opened by 8080@DESKTOP-F3FKHV4

[2019-03-08 17:10:35 #2 type] 
Type domain.Question is not enhanced.

[2019-03-08 17:10:35 #3 type] 
Type domain.Bet is not enhanced.

[2019-03-08 17:10:35 #4 type] 
Type domain.Event is not enhanced.

[2019-03-08 17:10:35 #5 type] 
Type domain.User is not enhanced.

------------------------------------------------------------------------------------------------------------------------

[2019-03-08 17:14:27 #1 store] 
Database 'C:\Users\Carlos Dominguez\Desktop\BetAndRuin_FloatSoft\resources\db\bets.odb' is opened by 9464@DESKTOP-F3FKHV4

[2019-03-08 17:14:28 #2 type] 
Type domain.Question is not enhanced.

[2019-03-08 17:14:28 #3 type] 
Type domain.Bet is not enhanced.

[2019-03-08 17:14:28 #4 type] 
Type domain.Event is not enhanced.

[2019-03-08 17:14:28 #5 type] 
Type domain.User is not enhanced.

------------------------------------------------------------------------------------------------------------------------

[2019-03-08 17:16:06 #1 store] 
Database 'C:\Users\Carlos Dominguez\Desktop\BetAndRuin_FloatSoft\resources\db\bets.odb' is opened by 10744@DESKTOP-F3FKHV4

[2019-03-08 17:16:06 #2 type] 
Type domain.Question is not enhanced.

[2019-03-08 17:16:06 #3 type] 
Type domain.Bet is not enhanced.

[2019-03-08 17:16:06 #4 type] 
Type domain.Event is not enhanced.

[2019-03-08 17:16:06 #5 type] 
Type domain.User is not enhanced.

------------------------------------------------------------------------------------------------------------------------

[2019-03-08 17:16:53 #1 store] 
Database 'C:\Users\Carlos Dominguez\Desktop\BetAndRuin_FloatSoft\resources\db\bets.odb' is opened by 5548@DESKTOP-F3FKHV4

[2019-03-08 17:16:53 #2 type] 
Type domain.Question is not enhanced.

[2019-03-08 17:16:53 #3 type] 
Type domain.Bet is not enhanced.

[2019-03-08 17:16:53 #4 type] 
Type domain.Event is not enhanced.

[2019-03-08 17:16:53 #5 type] 
Type domain.User is not enhanced.

------------------------------------------------------------------------------------------------------------------------

[2019-03-08 17:17:32 #1 store] 
Database 'C:\Users\Carlos Dominguez\Desktop\BetAndRuin_FloatSoft\resources\db\bets.odb' is opened by 6168@DESKTOP-F3FKHV4

[2019-03-08 17:17:32 #2 type] 
Type domain.Question is not enhanced.

[2019-03-08 17:17:32 #3 type] 
Type domain.Bet is not enhanced.

[2019-03-08 17:17:32 #4 type] 
Type domain.Event is not enhanced.

[2019-03-08 17:17:32 #5 type] 
Type domain.User is not enhanced.

------------------------------------------------------------------------------------------------------------------------

[2019-03-08 17:17:53 #1 store] 
Database 'C:\Users\Carlos Dominguez\Desktop\BetAndRuin_FloatSoft\resources\db\bets.odb' is opened by 2876@DESKTOP-F3FKHV4

[2019-03-08 17:17:53 #2 type] 
Type domain.Question is not enhanced.

[2019-03-08 17:17:53 #3 type] 
Type domain.Bet is not enhanced.

[2019-03-08 17:17:53 #4 type] 
Type domain.Event is not enhanced.

[2019-03-08 17:17:53 #5 type] 
Type domain.User is not enhanced.

------------------------------------------------------------------------------------------------------------------------

[2019-03-08 17:20:51 #1 store] 
Database 'C:\Users\Carlos Dominguez\Desktop\BetAndRuin_FloatSoft\resources\db\bets.odb' is opened by 6944@DESKTOP-F3FKHV4

[2019-03-08 17:20:51 #2 type] 
Type domain.Question is not enhanced.

[2019-03-08 17:20:51 #3 type] 
Type domain.Bet is not enhanced.

[2019-03-08 17:20:51 #4 type] 
Type domain.Event is not enhanced.

[2019-03-08 17:20:51 #5 type] 
Type domain.User is not enhanced.

------------------------------------------------------------------------------------------------------------------------

[2019-03-08 17:21:19 #1 store] 
Database 'C:\Users\Carlos Dominguez\Desktop\BetAndRuin_FloatSoft\resources\db\bets.odb' is opened by 10596@DESKTOP-F3FKHV4

[2019-03-08 17:21:19 #2 type] 
Type domain.Question is not enhanced.

[2019-03-08 17:21:19 #3 type] 
Type domain.Bet is not enhanced.

[2019-03-08 17:21:19 #4 type] 
Type domain.Event is not enhanced.

[2019-03-08 17:21:19 #5 type] 
Type domain.User is not enhanced.

------------------------------------------------------------------------------------------------------------------------

[2019-03-08 17:22:27 #1 store] 
Database 'C:\Users\Carlos Dominguez\Desktop\BetAndRuin_FloatSoft\resources\db\bets.odb' is opened by 9784@DESKTOP-F3FKHV4

[2019-03-08 17:22:27 #2 type] 
Type domain.Question is not enhanced.

[2019-03-08 17:22:27 #3 type] 
Type domain.Bet is not enhanced.

[2019-03-08 17:22:27 #4 type] 
Type domain.Event is not enhanced.

[2019-03-08 17:22:27 #5 type] 
Type domain.User is not enhanced.

------------------------------------------------------------------------------------------------------------------------

[2019-03-08 17:23:46 #1 store] 
Database 'C:\Users\Carlos Dominguez\Desktop\BetAndRuin_FloatSoft\resources\db\bets.odb' is opened by 9484@DESKTOP-F3FKHV4

[2019-03-08 17:23:46 #2 type] 
Type domain.Question is not enhanced.

[2019-03-08 17:23:46 #3 type] 
Type domain.Bet is not enhanced.

[2019-03-08 17:23:46 #4 type] 
Type domain.Event is not enhanced.

[2019-03-08 17:23:46 #5 type] 
Type domain.User is not enhanced.

------------------------------------------------------------------------------------------------------------------------

[2019-03-08 17:24:41 #1 store] 
Database 'C:\Users\Carlos Dominguez\Desktop\BetAndRuin_FloatSoft\resources\db\bets.odb' is opened by 11028@DESKTOP-F3FKHV4

[2019-03-08 17:24:41 #2 type] 
Type domain.Question is not enhanced.

[2019-03-08 17:24:41 #3 type] 
Type domain.Bet is not enhanced.

[2019-03-08 17:24:41 #4 type] 
Type domain.Event is not enhanced.

[2019-03-08 17:24:41 #5 type] 
Type domain.User is not enhanced.

------------------------------------------------------------------------------------------------------------------------

[2019-03-08 17:26:15 #1 store] 
Database 'C:\Users\Carlos Dominguez\Desktop\BetAndRuin_FloatSoft\resources\db\bets.odb' is opened by 7308@DESKTOP-F3FKHV4

[2019-03-08 17:26:15 #2 type] 
Type domain.Question is not enhanced.

[2019-03-08 17:26:15 #3 type] 
Type domain.Bet is not enhanced.

[2019-03-08 17:26:15 #4 type] 
Type domain.Event is not enhanced.

[2019-03-08 17:26:15 #5 type] 
Type domain.User is not enhanced.

------------------------------------------------------------------------------------------------------------------------

[2019-03-08 17:51:30 #1 store] 
Database 'C:\Users\Carlos Dominguez\Desktop\BetAndRuin_FloatSoft\resources\db\bets.odb' is opened by 7468@DESKTOP-F3FKHV4

[2019-03-08 17:51:30 #2 type] 
Type domain.Question is not enhanced.

[2019-03-08 17:51:30 #3 type] 
Type domain.Bet is not enhanced.

[2019-03-08 17:51:30 #4 type] 
Type domain.Event is not enhanced.

[2019-03-08 17:51:30 #5 type] 
Type domain.User is not enhanced.

------------------------------------------------------------------------------------------------------------------------

[2019-03-08 18:03:43 #1 store] 
Database 'C:\Users\Carlos Dominguez\Desktop\BetAndRuin_FloatSoft\resources\db\bets.odb' is opened by 2648@DESKTOP-F3FKHV4

[2019-03-08 18:03:43 #2 type] 
Type domain.Question is not enhanced.

[2019-03-08 18:03:43 #3 type] 
Type domain.Bet is not enhanced.

[2019-03-08 18:03:43 #4 type] 
Type domain.Event is not enhanced.

[2019-03-08 18:03:43 #5 type] 
Type domain.User is not enhanced.

------------------------------------------------------------------------------------------------------------------------

[2019-03-08 18:04:00 #1 store] 
Database 'C:\Users\Carlos Dominguez\Desktop\BetAndRuin_FloatSoft\resources\db\bets.odb' is opened by 13468@DESKTOP-F3FKHV4

[2019-03-08 18:04:00 #2 type] 
Type domain.Question is not enhanced.

[2019-03-08 18:04:00 #3 type] 
Type domain.Bet is not enhanced.

[2019-03-08 18:04:00 #4 type] 
Type domain.Event is not enhanced.

[2019-03-08 18:04:00 #5 type] 
Type domain.User is not enhanced.

------------------------------------------------------------------------------------------------------------------------

[2019-03-08 18:05:33 #1 store] 
Database 'C:\Users\Carlos Dominguez\Desktop\BetAndRuin_FloatSoft\resources\db\bets.odb' has been recovered (tr. 450-8397)

[2019-03-08 18:05:33 #2 store] 
Database 'C:\Users\Carlos Dominguez\Desktop\BetAndRuin_FloatSoft\resources\db\bets.odb' is opened by 5692@DESKTOP-F3FKHV4

[2019-03-08 18:05:33 #3 type] 
Type domain.Question is not enhanced.

[2019-03-08 18:05:33 #4 type] 
Type domain.Bet is not enhanced.

[2019-03-08 18:05:33 #5 type] 
Type domain.Event is not enhanced.

[2019-03-08 18:05:33 #6 type] 
Type domain.User is not enhanced.

------------------------------------------------------------------------------------------------------------------------

[2019-03-08 18:05:46 #1 store] 
Database 'C:\Users\Carlos Dominguez\Desktop\BetAndRuin_FloatSoft\resources\db\bets.odb' is opened by 14032@DESKTOP-F3FKHV4

[2019-03-08 18:05:46 #2 type] 
Type domain.Question is not enhanced.

[2019-03-08 18:05:46 #3 type] 
Type domain.Bet is not enhanced.

[2019-03-08 18:05:46 #4 type] 
Type domain.Event is not enhanced.

[2019-03-08 18:05:46 #5 type] 
Type domain.User is not enhanced.

------------------------------------------------------------------------------------------------------------------------

[2019-03-08 18:15:55 #1 store] 
Database 'C:\Users\Carlos Dominguez\Desktop\BetAndRuin_FloatSoft\resources\db\bets.odb' is opened by 11072@DESKTOP-F3FKHV4

[2019-03-08 18:15:55 #2 type.registry] 
New type domain.Question

[2019-03-08 18:15:55 #3 type] 
Type domain.Question is not enhanced.

[2019-03-08 18:15:55 #4 type.registry] 
New type domain.Bet

[2019-03-08 18:15:55 #5 type.registry] 
New type java.util.Hashtable<java.lang.String,domain.Bet>

[2019-03-08 18:15:55 #6 type.registry] 
New type domain.Event

[2019-03-08 18:15:55 #7 type] 
Type domain.Bet is not enhanced.

[2019-03-08 18:15:55 #8 type.registry] 
New type domain.User

[2019-03-08 18:15:55 #9 type] 
Type domain.Event is not enhanced.

[2019-03-08 18:15:55 #10 type.registry] 
New type java.util.Vector<domain.Question>

[2019-03-08 18:15:55 #11 type] 
Type domain.User is not enhanced.

[2019-03-08 18:15:55 #12 type.registry] 
New type java.util.Vector<java.lang.Object>

[2019-03-08 18:15:55 #13 type.registry] 
New type java.util.Hashtable<java.lang.Object,java.lang.Object>

------------------------------------------------------------------------------------------------------------------------

[2019-03-08 18:16:13 #1 store] 
Database 'C:\Users\Carlos Dominguez\Desktop\BetAndRuin_FloatSoft\resources\db\bets.odb' has been recovered (tr. 1-6)

[2019-03-08 18:16:13 #2 store] 
Database 'C:\Users\Carlos Dominguez\Desktop\BetAndRuin_FloatSoft\resources\db\bets.odb' is opened by 10020@DESKTOP-F3FKHV4

[2019-03-08 18:16:13 #3 type] 
Type domain.Question is not enhanced.

[2019-03-08 18:16:13 #4 type] 
Type domain.Bet is not enhanced.

[2019-03-08 18:16:13 #5 type] 
Type domain.Event is not enhanced.

[2019-03-08 18:16:13 #6 type] 
Type domain.User is not enhanced.

[2019-03-08 18:16:13 #7 type.registry] 
New type java.util.LinkedList<java.lang.Object>

[2019-03-08 18:16:13 #8 type.registry] 
New type java.util.LinkedList<java.lang.String>

------------------------------------------------------------------------------------------------------------------------

[2019-03-08 18:16:41 #1 store] 
Database 'C:\Users\Carlos Dominguez\Desktop\BetAndRuin_FloatSoft\resources\db\bets.odb' has been recovered (tr. 7-2062)

[2019-03-08 18:16:41 #2 store] 
Database 'C:\Users\Carlos Dominguez\Desktop\BetAndRuin_FloatSoft\resources\db\bets.odb' is opened by 5228@DESKTOP-F3FKHV4

[2019-03-08 18:16:41 #3 type] 
Type domain.Question is not enhanced.

[2019-03-08 18:16:41 #4 type] 
Type domain.Bet is not enhanced.

[2019-03-08 18:16:41 #5 type] 
Type domain.Event is not enhanced.

[2019-03-08 18:16:41 #6 type] 
Type domain.User is not enhanced.

------------------------------------------------------------------------------------------------------------------------

[2019-03-08 22:16:07 #1 store] 
Database 'C:\Users\Carlos Dominguez\Desktop\BetAndRuin_FloatSoft\resources\db\bets.odb' is opened by 14032@DESKTOP-F3FKHV4

[2019-03-08 22:16:07 #2 type] 
Type domain.Question is not enhanced.

[2019-03-08 22:16:07 #3 type] 
Type domain.Bet is not enhanced.

[2019-03-08 22:16:07 #4 type] 
Type domain.Event is not enhanced.

[2019-03-08 22:16:07 #5 type] 
Type domain.User is not enhanced.

------------------------------------------------------------------------------------------------------------------------

[2019-03-08 22:16:25 #1 store] 
Database 'C:\Users\Carlos Dominguez\Desktop\BetAndRuin_FloatSoft\resources\db\bets.odb' is opened by 5824@DESKTOP-F3FKHV4

[2019-03-08 22:16:25 #2 type] 
Type domain.Question is not enhanced.

[2019-03-08 22:16:25 #3 type] 
Type domain.Bet is not enhanced.

[2019-03-08 22:16:25 #4 type] 
Type domain.Event is not enhanced.

[2019-03-08 22:16:25 #5 type] 
Type domain.User is not enhanced.

------------------------------------------------------------------------------------------------------------------------

[2019-03-08 22:18:04 #1 store] 
Database 'C:\Users\Carlos Dominguez\Desktop\BetAndRuin_FloatSoft\resources\db\bets.odb' is opened by 12812@DESKTOP-F3FKHV4

[2019-03-08 22:18:04 #2 type] 
Type domain.Question is not enhanced.

[2019-03-08 22:18:04 #3 type] 
Type domain.Bet is not enhanced.

[2019-03-08 22:18:04 #4 type] 
Type domain.Event is not enhanced.

[2019-03-08 22:18:04 #5 type] 
Type domain.User is not enhanced.

------------------------------------------------------------------------------------------------------------------------

[2019-03-08 22:18:20 #1 store] 
Database 'C:\Users\Carlos Dominguez\Desktop\BetAndRuin_FloatSoft\resources\db\bets.odb' is opened by 2868@DESKTOP-F3FKHV4

[2019-03-08 22:18:20 #2 type] 
Type domain.Question is not enhanced.

[2019-03-08 22:18:20 #3 type] 
Type domain.Bet is not enhanced.

[2019-03-08 22:18:20 #4 type] 
Type domain.Event is not enhanced.

[2019-03-08 22:18:20 #5 type] 
Type domain.User is not enhanced.

------------------------------------------------------------------------------------------------------------------------

[2019-03-08 22:19:04 #1 store] 
Database 'C:\Users\Carlos Dominguez\Desktop\BetAndRuin_FloatSoft\resources\db\bets.odb' is opened by 9260@DESKTOP-F3FKHV4

[2019-03-08 22:19:04 #2 type] 
Type domain.Question is not enhanced.

[2019-03-08 22:19:04 #3 type] 
Type domain.Bet is not enhanced.

[2019-03-08 22:19:04 #4 type] 
Type domain.Event is not enhanced.

[2019-03-08 22:19:04 #5 type] 
Type domain.User is not enhanced.

------------------------------------------------------------------------------------------------------------------------

[2019-03-08 22:22:21 #1 store] 
Database 'C:\Users\Carlos Dominguez\Desktop\BetAndRuin_FloatSoft\resources\db\bets.odb' is opened by 4816@DESKTOP-F3FKHV4

[2019-03-08 22:22:21 #2 type] 
Type domain.Question is not enhanced.

[2019-03-08 22:22:21 #3 type] 
Type domain.Bet is not enhanced.

[2019-03-08 22:22:21 #4 type] 
Type domain.Event is not enhanced.

[2019-03-08 22:22:21 #5 type] 
Type domain.User is not enhanced.

------------------------------------------------------------------------------------------------------------------------

[2019-03-08 22:22:46 #1 store] 
Database 'C:\Users\Carlos Dominguez\Desktop\BetAndRuin_FloatSoft\resources\db\bets.odb' is opened by 7060@DESKTOP-F3FKHV4

[2019-03-08 22:22:47 #2 type] 
Type domain.Question is not enhanced.

[2019-03-08 22:22:47 #3 type] 
Type domain.Bet is not enhanced.

[2019-03-08 22:22:47 #4 type] 
Type domain.Event is not enhanced.

[2019-03-08 22:22:47 #5 type] 
Type domain.User is not enhanced.

------------------------------------------------------------------------------------------------------------------------

[2019-03-08 22:27:04 #1 store] 
Database 'C:\Users\Carlos Dominguez\Desktop\BetAndRuin_FloatSoft\resources\db\bets.odb' is opened by 10380@DESKTOP-F3FKHV4

[2019-03-08 22:27:04 #2 type] 
Type domain.Question is not enhanced.

[2019-03-08 22:27:04 #3 type] 
Type domain.Bet is not enhanced.

[2019-03-08 22:27:04 #4 type] 
Type domain.Event is not enhanced.

[2019-03-08 22:27:04 #5 type] 
Type domain.User is not enhanced.

------------------------------------------------------------------------------------------------------------------------

[2019-03-08 22:30:01 #1 store] 
Database 'C:\Users\Carlos Dominguez\Desktop\BetAndRuin_FloatSoft\resources\db\bets.odb' is opened by 8508@DESKTOP-F3FKHV4

[2019-03-08 22:30:01 #2 type] 
Type domain.Question is not enhanced.

[2019-03-08 22:30:01 #3 type] 
Type domain.Bet is not enhanced.

[2019-03-08 22:30:01 #4 type] 
Type domain.Event is not enhanced.

[2019-03-08 22:30:01 #5 type] 
Type domain.User is not enhanced.

------------------------------------------------------------------------------------------------------------------------

[2019-03-08 22:36:30 #1 store] 
Database 'C:\Users\Carlos Dominguez\Desktop\BetAndRuin_FloatSoft\resources\db\bets.odb' is opened by 5284@DESKTOP-F3FKHV4

[2019-03-08 22:36:30 #2 type] 
Type domain.Question is not enhanced.

[2019-03-08 22:36:30 #3 type] 
Type domain.Bet is not enhanced.

[2019-03-08 22:36:30 #4 type] 
Type domain.Event is not enhanced.

[2019-03-08 22:36:30 #5 type] 
Type domain.User is not enhanced.

------------------------------------------------------------------------------------------------------------------------

[2019-03-08 22:40:29 #1 store] 
Database 'C:\Users\Carlos Dominguez\Desktop\BetAndRuin_FloatSoft\resources\db\bets.odb' is opened by 12568@DESKTOP-F3FKHV4

[2019-03-08 22:40:30 #2 type] 
Type domain.Question is not enhanced.

[2019-03-08 22:40:30 #3 type] 
Type domain.Bet is not enhanced.

[2019-03-08 22:40:30 #4 type] 
Type domain.Event is not enhanced.

[2019-03-08 22:40:30 #5 type] 
Type domain.User is not enhanced.

------------------------------------------------------------------------------------------------------------------------

[2019-03-08 22:41:54 #1 store] 
Database 'C:\Users\Carlos Dominguez\Desktop\BetAndRuin_FloatSoft\resources\db\bets.odb' is opened by 2288@DESKTOP-F3FKHV4

[2019-03-08 22:41:54 #2 type] 
Type domain.Question is not enhanced.

[2019-03-08 22:41:54 #3 type] 
Type domain.Bet is not enhanced.

[2019-03-08 22:41:54 #4 type] 
Type domain.Event is not enhanced.

[2019-03-08 22:41:54 #5 type] 
Type domain.User is not enhanced.

------------------------------------------------------------------------------------------------------------------------

[2019-03-08 22:42:44 #1 store] 
Database 'C:\Users\Carlos Dominguez\Desktop\BetAndRuin_FloatSoft\resources\db\bets.odb' is opened by 6988@DESKTOP-F3FKHV4

[2019-03-08 22:42:44 #2 type] 
Type domain.Question is not enhanced.

[2019-03-08 22:42:44 #3 type] 
Type domain.Bet is not enhanced.

[2019-03-08 22:42:44 #4 type] 
Type domain.Event is not enhanced.

[2019-03-08 22:42:44 #5 type] 
Type domain.User is not enhanced.

------------------------------------------------------------------------------------------------------------------------

[2019-03-08 22:44:14 #1 store] 
Database 'C:\Users\Carlos Dominguez\Desktop\BetAndRuin_FloatSoft\resources\db\bets.odb' is opened by 9428@DESKTOP-F3FKHV4

[2019-03-08 22:44:14 #2 type] 
Type domain.Question is not enhanced.

[2019-03-08 22:44:14 #3 type] 
Type domain.Bet is not enhanced.

[2019-03-08 22:44:14 #4 type] 
Type domain.Event is not enhanced.

[2019-03-08 22:44:14 #5 type] 
Type domain.User is not enhanced.

------------------------------------------------------------------------------------------------------------------------

[2019-03-08 22:45:06 #1 store] 
Database 'C:\Users\Carlos Dominguez\Desktop\BetAndRuin_FloatSoft\resources\db\bets.odb' is opened by 6932@DESKTOP-F3FKHV4

[2019-03-08 22:45:06 #2 type] 
Type domain.Question is not enhanced.

[2019-03-08 22:45:06 #3 type] 
Type domain.Bet is not enhanced.

[2019-03-08 22:45:06 #4 type] 
Type domain.Event is not enhanced.

[2019-03-08 22:45:06 #5 type] 
Type domain.User is not enhanced.

------------------------------------------------------------------------------------------------------------------------

[2019-03-08 22:48:10 #1 store] 
Database 'C:\Users\Carlos Dominguez\Desktop\BetAndRuin_FloatSoft\resources\db\bets.odb' is opened by 12416@DESKTOP-F3FKHV4

[2019-03-08 22:48:10 #2 type] 
Type domain.Question is not enhanced.

[2019-03-08 22:48:10 #3 type] 
Type domain.Bet is not enhanced.

[2019-03-08 22:48:10 #4 type] 
Type domain.Event is not enhanced.

[2019-03-08 22:48:10 #5 type] 
Type domain.User is not enhanced.

------------------------------------------------------------------------------------------------------------------------

[2019-03-08 22:51:35 #1 store] 
Database 'C:\Users\Carlos Dominguez\Desktop\BetAndRuin_FloatSoft\resources\db\bets.odb' is opened by 9912@DESKTOP-F3FKHV4

[2019-03-08 22:51:35 #2 type] 
Type domain.Question is not enhanced.

[2019-03-08 22:51:35 #3 type] 
Type domain.Bet is not enhanced.

[2019-03-08 22:51:35 #4 type] 
Type domain.Event is not enhanced.

[2019-03-08 22:51:35 #5 type] 
Type domain.User is not enhanced.

------------------------------------------------------------------------------------------------------------------------

[2019-03-08 22:52:04 #1 store] 
Database 'C:\Users\Carlos Dominguez\Desktop\BetAndRuin_FloatSoft\resources\db\bets.odb' is opened by 8548@DESKTOP-F3FKHV4

[2019-03-08 22:52:04 #2 type] 
Type domain.Question is not enhanced.

[2019-03-08 22:52:04 #3 type] 
Type domain.Bet is not enhanced.

[2019-03-08 22:52:04 #4 type] 
Type domain.Event is not enhanced.

[2019-03-08 22:52:04 #5 type] 
Type domain.User is not enhanced.

------------------------------------------------------------------------------------------------------------------------

[2019-03-08 22:54:16 #1 store] 
Database 'C:\Users\Carlos Dominguez\Desktop\BetAndRuin_FloatSoft\resources\db\bets.odb' is opened by 3884@DESKTOP-F3FKHV4

[2019-03-08 22:54:16 #2 type] 
Type domain.Question is not enhanced.

[2019-03-08 22:54:16 #3 type] 
Type domain.Bet is not enhanced.

[2019-03-08 22:54:16 #4 type] 
Type domain.Event is not enhanced.

[2019-03-08 22:54:16 #5 type] 
Type domain.User is not enhanced.

------------------------------------------------------------------------------------------------------------------------

[2019-03-08 22:57:22 #1 store] 
Database 'C:\Users\Carlos Dominguez\Desktop\BetAndRuin_FloatSoft\resources\db\bets.odb' is opened by 11076@DESKTOP-F3FKHV4

[2019-03-08 22:57:22 #2 type] 
Type domain.Question is not enhanced.

[2019-03-08 22:57:22 #3 type] 
Type domain.Bet is not enhanced.

[2019-03-08 22:57:22 #4 type] 
Type domain.Event is not enhanced.

[2019-03-08 22:57:22 #5 type] 
Type domain.User is not enhanced.

------------------------------------------------------------------------------------------------------------------------

[2019-03-08 22:58:53 #1 store] 
Database 'C:\Users\Carlos Dominguez\Desktop\BetAndRuin_FloatSoft\resources\db\bets.odb' is opened by 5224@DESKTOP-F3FKHV4

[2019-03-08 22:58:53 #2 type] 
Type domain.Question is not enhanced.

[2019-03-08 22:58:53 #3 type] 
Type domain.Bet is not enhanced.

[2019-03-08 22:58:53 #4 type] 
Type domain.Event is not enhanced.

[2019-03-08 22:58:53 #5 type] 
Type domain.User is not enhanced.

------------------------------------------------------------------------------------------------------------------------

[2019-03-08 23:06:34 #1 store] 
Database 'C:\Users\Carlos Dominguez\Desktop\BetAndRuin_FloatSoft\resources\db\bets.odb' is opened by 11312@DESKTOP-F3FKHV4

[2019-03-08 23:06:34 #2 type] 
Type domain.Question is not enhanced.

[2019-03-08 23:06:34 #3 type] 
Type domain.Bet is not enhanced.

[2019-03-08 23:06:34 #4 type] 
Type domain.Event is not enhanced.

[2019-03-08 23:06:34 #5 type] 
Type domain.User is not enhanced.

------------------------------------------------------------------------------------------------------------------------

[2019-03-08 23:10:40 #1 store] 
Database 'C:\Users\Carlos Dominguez\Desktop\BetAndRuin_FloatSoft\resources\db\bets.odb' is opened by 9856@DESKTOP-F3FKHV4

[2019-03-08 23:10:40 #2 type] 
Type domain.Question is not enhanced.

[2019-03-08 23:10:40 #3 type] 
Type domain.Bet is not enhanced.

[2019-03-08 23:10:40 #4 type] 
Type domain.Event is not enhanced.

[2019-03-08 23:10:40 #5 type] 
Type domain.User is not enhanced.

------------------------------------------------------------------------------------------------------------------------

[2019-03-08 23:11:20 #1 store] 
Database 'C:\Users\Carlos Dominguez\Desktop\BetAndRuin_FloatSoft\resources\db\bets.odb' is opened by 9596@DESKTOP-F3FKHV4

[2019-03-08 23:11:20 #2 type] 
Type domain.Question is not enhanced.

[2019-03-08 23:11:20 #3 type] 
Type domain.Bet is not enhanced.

[2019-03-08 23:11:20 #4 type] 
Type domain.Event is not enhanced.

[2019-03-08 23:11:20 #5 type] 
Type domain.User is not enhanced.

------------------------------------------------------------------------------------------------------------------------

[2019-03-08 23:16:40 #1 store] 
Database 'C:\Users\Carlos Dominguez\Desktop\BetAndRuin_FloatSoft\resources\db\bets.odb' is opened by 5864@DESKTOP-F3FKHV4

[2019-03-08 23:16:40 #2 type] 
Type domain.Question is not enhanced.

[2019-03-08 23:16:40 #3 type] 
Type domain.Bet is not enhanced.

[2019-03-08 23:16:40 #4 type] 
Type domain.Event is not enhanced.

[2019-03-08 23:16:40 #5 type] 
Type domain.User is not enhanced.

------------------------------------------------------------------------------------------------------------------------

[2019-03-08 23:18:33 #1 store] 
Database 'C:\Users\Carlos Dominguez\Desktop\BetAndRuin_FloatSoft\resources\db\bets.odb' is opened by 6236@DESKTOP-F3FKHV4

[2019-03-08 23:18:33 #2 type] 
Type domain.Question is not enhanced.

[2019-03-08 23:18:33 #3 type] 
Type domain.Bet is not enhanced.

[2019-03-08 23:18:33 #4 type] 
Type domain.Event is not enhanced.

[2019-03-08 23:18:33 #5 type] 
Type domain.User is not enhanced.

------------------------------------------------------------------------------------------------------------------------

[2019-03-08 23:18:58 #1 store] 
Database 'C:\Users\Carlos Dominguez\Desktop\BetAndRuin_FloatSoft\resources\db\bets.odb' is opened by 10164@DESKTOP-F3FKHV4

[2019-03-08 23:18:58 #2 type] 
Type domain.Question is not enhanced.

[2019-03-08 23:18:58 #3 type] 
Type domain.Bet is not enhanced.

[2019-03-08 23:18:58 #4 type] 
Type domain.Event is not enhanced.

[2019-03-08 23:18:58 #5 type] 
Type domain.User is not enhanced.

------------------------------------------------------------------------------------------------------------------------

[2019-03-08 23:19:38 #1 store] 
Database 'C:\Users\Carlos Dominguez\Desktop\BetAndRuin_FloatSoft\resources\db\bets.odb' is opened by 6360@DESKTOP-F3FKHV4

[2019-03-08 23:19:38 #2 type] 
Type domain.Question is not enhanced.

[2019-03-08 23:19:38 #3 type] 
Type domain.Bet is not enhanced.

[2019-03-08 23:19:38 #4 type] 
Type domain.Event is not enhanced.

[2019-03-08 23:19:38 #5 type] 
Type domain.User is not enhanced.

------------------------------------------------------------------------------------------------------------------------

[2019-03-08 23:21:16 #1 store] 
Database 'C:\Users\Carlos Dominguez\Desktop\BetAndRuin_FloatSoft\resources\db\bets.odb' is opened by 10880@DESKTOP-F3FKHV4

[2019-03-08 23:21:17 #2 type] 
Type domain.Question is not enhanced.

[2019-03-08 23:21:17 #3 type] 
Type domain.Bet is not enhanced.

[2019-03-08 23:21:17 #4 type] 
Type domain.Event is not enhanced.

[2019-03-08 23:21:17 #5 type] 
Type domain.User is not enhanced.

------------------------------------------------------------------------------------------------------------------------

[2019-03-08 23:21:56 #1 store] 
Database 'C:\Users\Carlos Dominguez\Desktop\BetAndRuin_FloatSoft\resources\db\bets.odb' is opened by 8612@DESKTOP-F3FKHV4

[2019-03-08 23:21:56 #2 type] 
Type domain.Question is not enhanced.

[2019-03-08 23:21:56 #3 type] 
Type domain.Bet is not enhanced.

[2019-03-08 23:21:56 #4 type] 
Type domain.Event is not enhanced.

[2019-03-08 23:21:56 #5 type] 
Type domain.User is not enhanced.

------------------------------------------------------------------------------------------------------------------------

[2019-03-08 23:23:25 #1 store] 
Database 'C:\Users\Carlos Dominguez\Desktop\BetAndRuin_FloatSoft\resources\db\bets.odb' is opened by 13540@DESKTOP-F3FKHV4

[2019-03-08 23:23:25 #2 type] 
Type domain.Question is not enhanced.

[2019-03-08 23:23:25 #3 type] 
Type domain.Bet is not enhanced.

[2019-03-08 23:23:25 #4 type] 
Type domain.Event is not enhanced.

[2019-03-08 23:23:25 #5 type] 
Type domain.User is not enhanced.

------------------------------------------------------------------------------------------------------------------------

[2019-03-08 23:24:02 #1 store] 
Database 'C:\Users\Carlos Dominguez\Desktop\BetAndRuin_FloatSoft\resources\db\bets.odb' is opened by 3024@DESKTOP-F3FKHV4

[2019-03-08 23:24:02 #2 type] 
Type domain.Question is not enhanced.

[2019-03-08 23:24:02 #3 type] 
Type domain.Bet is not enhanced.

[2019-03-08 23:24:02 #4 type] 
Type domain.Event is not enhanced.

[2019-03-08 23:24:02 #5 type] 
Type domain.User is not enhanced.

------------------------------------------------------------------------------------------------------------------------

[2019-03-08 23:24:48 #1 store] 
Database 'C:\Users\Carlos Dominguez\Desktop\BetAndRuin_FloatSoft\resources\db\bets.odb' is opened by 9832@DESKTOP-F3FKHV4

[2019-03-08 23:24:48 #2 type] 
Type domain.Question is not enhanced.

[2019-03-08 23:24:48 #3 type] 
Type domain.Bet is not enhanced.

[2019-03-08 23:24:48 #4 type] 
Type domain.Event is not enhanced.

[2019-03-08 23:24:48 #5 type] 
Type domain.User is not enhanced.

------------------------------------------------------------------------------------------------------------------------

[2019-03-08 23:25:24 #1 store] 
Database 'C:\Users\Carlos Dominguez\Desktop\BetAndRuin_FloatSoft\resources\db\bets.odb' is opened by 12204@DESKTOP-F3FKHV4

[2019-03-08 23:25:24 #2 type] 
Type domain.Question is not enhanced.

[2019-03-08 23:25:24 #3 type] 
Type domain.Bet is not enhanced.

[2019-03-08 23:25:24 #4 type] 
Type domain.Event is not enhanced.

[2019-03-08 23:25:24 #5 type] 
Type domain.User is not enhanced.

------------------------------------------------------------------------------------------------------------------------

[2019-03-08 23:26:01 #1 store] 
Database 'C:\Users\Carlos Dominguez\Desktop\BetAndRuin_FloatSoft\resources\db\bets.odb' is opened by 8912@DESKTOP-F3FKHV4

[2019-03-08 23:26:02 #2 type] 
Type domain.Question is not enhanced.

[2019-03-08 23:26:02 #3 type] 
Type domain.Bet is not enhanced.

[2019-03-08 23:26:02 #4 type] 
Type domain.Event is not enhanced.

[2019-03-08 23:26:02 #5 type] 
Type domain.User is not enhanced.

------------------------------------------------------------------------------------------------------------------------

[2019-03-08 23:26:41 #1 store] 
Database 'C:\Users\Carlos Dominguez\Desktop\BetAndRuin_FloatSoft\resources\db\bets.odb' is opened by 7604@DESKTOP-F3FKHV4

[2019-03-08 23:26:41 #2 type] 
Type domain.Question is not enhanced.

[2019-03-08 23:26:41 #3 type] 
Type domain.Bet is not enhanced.

[2019-03-08 23:26:41 #4 type] 
Type domain.Event is not enhanced.

[2019-03-08 23:26:41 #5 type] 
Type domain.User is not enhanced.

------------------------------------------------------------------------------------------------------------------------

[2019-03-08 23:27:52 #1 store] 
Database 'C:\Users\Carlos Dominguez\Desktop\BetAndRuin_FloatSoft\resources\db\bets.odb' is opened by 8116@DESKTOP-F3FKHV4

[2019-03-08 23:27:52 #2 type] 
Type domain.Question is not enhanced.

[2019-03-08 23:27:52 #3 type] 
Type domain.Bet is not enhanced.

[2019-03-08 23:27:52 #4 type] 
Type domain.Event is not enhanced.

[2019-03-08 23:27:52 #5 type] 
Type domain.User is not enhanced.

------------------------------------------------------------------------------------------------------------------------

[2019-03-08 23:29:23 #1 store] 
Database 'C:\Users\Carlos Dominguez\Desktop\BetAndRuin_FloatSoft\resources\db\bets.odb' is opened by 13696@DESKTOP-F3FKHV4

[2019-03-08 23:29:23 #2 type] 
Type domain.Question is not enhanced.

[2019-03-08 23:29:23 #3 type] 
Type domain.Bet is not enhanced.

[2019-03-08 23:29:23 #4 type] 
Type domain.Event is not enhanced.

[2019-03-08 23:29:23 #5 type] 
Type domain.User is not enhanced.

------------------------------------------------------------------------------------------------------------------------

[2019-03-08 23:29:47 #1 store] 
Database 'C:\Users\Carlos Dominguez\Desktop\BetAndRuin_FloatSoft\resources\db\bets.odb' is opened by 5792@DESKTOP-F3FKHV4

[2019-03-08 23:29:47 #2 type] 
Type domain.Question is not enhanced.

[2019-03-08 23:29:47 #3 type] 
Type domain.Bet is not enhanced.

[2019-03-08 23:29:47 #4 type] 
Type domain.Event is not enhanced.

[2019-03-08 23:29:47 #5 type] 
Type domain.User is not enhanced.

------------------------------------------------------------------------------------------------------------------------

[2019-03-08 23:30:54 #1 store] 
Database 'C:\Users\Carlos Dominguez\Desktop\BetAndRuin_FloatSoft\resources\db\bets.odb' is opened by 6964@DESKTOP-F3FKHV4

[2019-03-08 23:30:54 #2 type] 
Type domain.Question is not enhanced.

[2019-03-08 23:30:54 #3 type] 
Type domain.Bet is not enhanced.

[2019-03-08 23:30:54 #4 type] 
Type domain.Event is not enhanced.

[2019-03-08 23:30:54 #5 type] 
Type domain.User is not enhanced.

------------------------------------------------------------------------------------------------------------------------

[2019-03-08 23:32:13 #1 store] 
Database 'C:\Users\Carlos Dominguez\Desktop\BetAndRuin_FloatSoft\resources\db\bets.odb' is opened by 2484@DESKTOP-F3FKHV4

[2019-03-08 23:32:13 #2 type] 
Type domain.Question is not enhanced.

[2019-03-08 23:32:13 #3 type] 
Type domain.Bet is not enhanced.

[2019-03-08 23:32:13 #4 type] 
Type domain.Event is not enhanced.

[2019-03-08 23:32:13 #5 type] 
Type domain.User is not enhanced.

------------------------------------------------------------------------------------------------------------------------

[2019-03-08 23:49:12 #1 store] 
Database 'C:\Users\Carlos Dominguez\Desktop\BetAndRuin_FloatSoft\resources\db\bets.odb' is opened by 12780@DESKTOP-F3FKHV4

[2019-03-08 23:49:12 #2 type.registry] 
New type domain.Question

[2019-03-08 23:49:12 #3 type] 
Type domain.Question is not enhanced.

[2019-03-08 23:49:12 #4 type.registry] 
New type domain.Bet

[2019-03-08 23:49:12 #5 type.registry] 
New type java.util.Hashtable<java.lang.String,domain.Bet>

[2019-03-08 23:49:12 #6 type.registry] 
New type domain.Event

[2019-03-08 23:49:12 #7 type] 
Type domain.Bet is not enhanced.

[2019-03-08 23:49:12 #8 type.registry] 
New type domain.User

[2019-03-08 23:49:12 #9 type] 
Type domain.Event is not enhanced.

[2019-03-08 23:49:12 #10 type.registry] 
New type java.util.Vector<domain.Question>

[2019-03-08 23:49:12 #11 type] 
Type domain.User is not enhanced.

[2019-03-08 23:49:12 #12 type.registry] 
New type java.util.Vector<java.lang.Object>

[2019-03-08 23:49:12 #13 type.registry] 
New type java.util.Hashtable<java.lang.Object,java.lang.Object>

------------------------------------------------------------------------------------------------------------------------

[2019-03-08 23:50:30 #1 store] 
Database 'C:\Users\Carlos Dominguez\Desktop\BetAndRuin_FloatSoft\resources\db\bets.odb' has been recovered (tr. 1-7)

[2019-03-08 23:50:30 #2 store] 
Database 'C:\Users\Carlos Dominguez\Desktop\BetAndRuin_FloatSoft\resources\db\bets.odb' is opened by 5140@DESKTOP-F3FKHV4

[2019-03-08 23:50:30 #3 type] 
Type domain.Question is not enhanced.

[2019-03-08 23:50:30 #4 type] 
Type domain.Bet is not enhanced.

[2019-03-08 23:50:30 #5 type] 
Type domain.Event is not enhanced.

[2019-03-08 23:50:30 #6 type] 
Type domain.User is not enhanced.

------------------------------------------------------------------------------------------------------------------------

[2019-03-08 23:50:45 #1 store] 
Database 'C:\Users\Carlos Dominguez\Desktop\BetAndRuin_FloatSoft\resources\db\bets.odb' is opened by 9220@DESKTOP-F3FKHV4

[2019-03-08 23:50:45 #2 type] 
Type domain.Question is not enhanced.

[2019-03-08 23:50:45 #3 type] 
Type domain.Bet is not enhanced.

[2019-03-08 23:50:45 #4 type] 
Type domain.Event is not enhanced.

[2019-03-08 23:50:45 #5 type] 
Type domain.User is not enhanced.

[2019-03-08 23:50:45 #6 type.registry] 
New type java.util.LinkedList<java.lang.Object>

[2019-03-08 23:50:45 #7 type.registry] 
New type java.util.LinkedList<java.lang.String>

------------------------------------------------------------------------------------------------------------------------

[2019-03-08 23:50:59 #1 store] 
Database 'C:\Users\Carlos Dominguez\Desktop\BetAndRuin_FloatSoft\resources\db\bets.odb' has been recovered (tr. 8-929)

[2019-03-08 23:50:59 #2 store] 
Database 'C:\Users\Carlos Dominguez\Desktop\BetAndRuin_FloatSoft\resources\db\bets.odb' is opened by 2272@DESKTOP-F3FKHV4

[2019-03-08 23:50:59 #3 type] 
Type domain.Question is not enhanced.

[2019-03-08 23:50:59 #4 type] 
Type domain.Bet is not enhanced.

[2019-03-08 23:51:00 #5 type] 
Type domain.Event is not enhanced.

[2019-03-08 23:51:00 #6 type] 
Type domain.User is not enhanced.

------------------------------------------------------------------------------------------------------------------------

[2019-03-08 23:51:08 #1 store] 
Database 'C:\Users\Carlos Dominguez\Desktop\BetAndRuin_FloatSoft\resources\db\bets.odb' has been recovered (tr. 930-985)

[2019-03-08 23:51:08 #2 store] 
Database 'C:\Users\Carlos Dominguez\Desktop\BetAndRuin_FloatSoft\resources\db\bets.odb' is opened by 10344@DESKTOP-F3FKHV4

[2019-03-08 23:51:08 #3 type] 
Type domain.Question is not enhanced.

[2019-03-08 23:51:08 #4 type] 
Type domain.Bet is not enhanced.

[2019-03-08 23:51:08 #5 type] 
Type domain.Event is not enhanced.

[2019-03-08 23:51:08 #6 type] 
Type domain.User is not enhanced.

------------------------------------------------------------------------------------------------------------------------

[2019-03-08 23:52:31 #1 store] 
Database 'C:\Users\Carlos Dominguez\Desktop\BetAndRuin_FloatSoft\resources\db\bets.odb' is opened by 4984@DESKTOP-F3FKHV4

[2019-03-08 23:52:31 #2 type.registry] 
New type domain.Question

[2019-03-08 23:52:31 #3 type] 
Type domain.Question is not enhanced.

[2019-03-08 23:52:31 #4 type.registry] 
New type domain.Bet

[2019-03-08 23:52:31 #5 type.registry] 
New type java.util.Hashtable<java.lang.String,domain.Bet>

[2019-03-08 23:52:31 #6 type.registry] 
New type domain.Event

[2019-03-08 23:52:31 #7 type] 
Type domain.Bet is not enhanced.

[2019-03-08 23:52:31 #8 type.registry] 
New type domain.User

[2019-03-08 23:52:31 #9 type] 
Type domain.Event is not enhanced.

[2019-03-08 23:52:31 #10 type.registry] 
New type java.util.Vector<domain.Question>

[2019-03-08 23:52:31 #11 type] 
Type domain.User is not enhanced.

[2019-03-08 23:52:31 #12 type.registry] 
New type java.util.Vector<java.lang.Object>

[2019-03-08 23:52:31 #13 type.registry] 
New type java.util.Hashtable<java.lang.Object,java.lang.Object>

------------------------------------------------------------------------------------------------------------------------

[2019-03-08 23:52:44 #1 store] 
Database 'C:\Users\Carlos Dominguez\Desktop\BetAndRuin_FloatSoft\resources\db\bets.odb' has been recovered (tr. 1-6)

[2019-03-08 23:52:45 #2 store] 
Database 'C:\Users\Carlos Dominguez\Desktop\BetAndRuin_FloatSoft\resources\db\bets.odb' is opened by 2236@DESKTOP-F3FKHV4

[2019-03-08 23:52:45 #3 type] 
Type domain.Question is not enhanced.

[2019-03-08 23:52:45 #4 type] 
Type domain.Bet is not enhanced.

[2019-03-08 23:52:45 #5 type] 
Type domain.Event is not enhanced.

[2019-03-08 23:52:45 #6 type] 
Type domain.User is not enhanced.

[2019-03-08 23:52:45 #7 type.registry] 
New type java.util.LinkedList<java.lang.Object>

[2019-03-08 23:52:45 #8 type.registry] 
New type java.util.LinkedList<java.lang.String>

------------------------------------------------------------------------------------------------------------------------

[2019-03-08 23:54:43 #1 store] 
Database 'C:\Users\Carlos Dominguez\Desktop\BetAndRuin_FloatSoft\resources\db\bets.odb' is opened by 7508@DESKTOP-F3FKHV4

[2019-03-08 23:54:43 #2 type] 
Type domain.Question is not enhanced.

[2019-03-08 23:54:43 #3 type] 
Type domain.Bet is not enhanced.

[2019-03-08 23:54:43 #4 type] 
Type domain.Event is not enhanced.

[2019-03-08 23:54:43 #5 type] 
Type domain.User is not enhanced.

------------------------------------------------------------------------------------------------------------------------

[2019-03-08 23:55:50 #1 store] 
Database 'C:\Users\Carlos Dominguez\Desktop\BetAndRuin_FloatSoft\resources\db\bets.odb' is opened by 13268@DESKTOP-F3FKHV4

[2019-03-08 23:55:50 #2 type] 
Type domain.Question is not enhanced.

[2019-03-08 23:55:50 #3 type] 
Type domain.Bet is not enhanced.

[2019-03-08 23:55:50 #4 type] 
Type domain.Event is not enhanced.

[2019-03-08 23:55:50 #5 type] 
Type domain.User is not enhanced.

------------------------------------------------------------------------------------------------------------------------

[2019-03-08 23:57:18 #1 store] 
Database 'C:\Users\Carlos Dominguez\Desktop\BetAndRuin_FloatSoft\resources\db\bets.odb' is opened by 9628@DESKTOP-F3FKHV4

[2019-03-08 23:57:18 #2 type] 
Type domain.Question is not enhanced.

[2019-03-08 23:57:18 #3 type] 
Type domain.Bet is not enhanced.

[2019-03-08 23:57:18 #4 type] 
Type domain.Event is not enhanced.

[2019-03-08 23:57:18 #5 type] 
Type domain.User is not enhanced.

------------------------------------------------------------------------------------------------------------------------

[2019-03-08 23:59:46 #1 store] 
Database 'C:\Users\Carlos Dominguez\Desktop\BetAndRuin_FloatSoft\resources\db\bets.odb' is opened by 2920@DESKTOP-F3FKHV4

[2019-03-08 23:59:47 #2 type] 
Type domain.Question is not enhanced.

[2019-03-08 23:59:47 #3 type] 
Type domain.Bet is not enhanced.

[2019-03-08 23:59:47 #4 type] 
Type domain.Event is not enhanced.

[2019-03-08 23:59:47 #5 type] 
Type domain.User is not enhanced.

