------------------------------------------------------------------------------------------------------------------------

[2019-03-09 00:07:48 #1 store] 
Database 'C:\Users\Carlos Dominguez\Desktop\BetAndRuin_FloatSoft\resources\db\bets.odb' is opened by 1188@DESKTOP-F3FKHV4

[2019-03-09 00:07:48 #2 type] 
Type domain.Question is not enhanced.

[2019-03-09 00:07:48 #3 type] 
Type domain.Bet is not enhanced.

[2019-03-09 00:07:48 #4 type] 
Type domain.Event is not enhanced.

[2019-03-09 00:07:48 #5 type] 
Type domain.User is not enhanced.

------------------------------------------------------------------------------------------------------------------------

[2019-03-09 00:08:04 #1 store] 
Database 'C:\Users\Carlos Dominguez\Desktop\BetAndRuin_FloatSoft\resources\db\bets.odb' is opened by 14088@DESKTOP-F3FKHV4

[2019-03-09 00:08:04 #2 type] 
Type domain.Question is not enhanced.

[2019-03-09 00:08:04 #3 type] 
Type domain.Bet is not enhanced.

[2019-03-09 00:08:04 #4 type] 
Type domain.Event is not enhanced.

[2019-03-09 00:08:04 #5 type] 
Type domain.User is not enhanced.

------------------------------------------------------------------------------------------------------------------------

[2019-03-09 00:08:43 #1 store] 
Database 'C:\Users\Carlos Dominguez\Desktop\BetAndRuin_FloatSoft\resources\db\bets.odb' has been recovered (tr. 2330-3632)

[2019-03-09 00:08:43 #2 store] 
Database 'C:\Users\Carlos Dominguez\Desktop\BetAndRuin_FloatSoft\resources\db\bets.odb' is opened by 3172@DESKTOP-F3FKHV4

[2019-03-09 00:08:43 #3 type] 
Type domain.Question is not enhanced.

[2019-03-09 00:08:43 #4 type] 
Type domain.Bet is not enhanced.

[2019-03-09 00:08:43 #5 type] 
Type domain.Event is not enhanced.

[2019-03-09 00:08:43 #6 type] 
Type domain.User is not enhanced.

------------------------------------------------------------------------------------------------------------------------

[2019-03-09 00:08:50 #1 store] 
Database 'C:\Users\Carlos Dominguez\Desktop\BetAndRuin_FloatSoft\resources\db\bets.odb' has been recovered (tr. 3633-3714)

[2019-03-09 00:08:50 #2 store] 
Database 'C:\Users\Carlos Dominguez\Desktop\BetAndRuin_FloatSoft\resources\db\bets.odb' is opened by 4928@DESKTOP-F3FKHV4

[2019-03-09 00:08:50 #3 type] 
Type domain.Question is not enhanced.

[2019-03-09 00:08:50 #4 type] 
Type domain.Bet is not enhanced.

[2019-03-09 00:08:50 #5 type] 
Type domain.Event is not enhanced.

[2019-03-09 00:08:50 #6 type] 
Type domain.User is not enhanced.

------------------------------------------------------------------------------------------------------------------------

[2019-03-09 00:08:59 #1 store] 
Database 'C:\Users\Carlos Dominguez\Desktop\BetAndRuin_FloatSoft\resources\db\bets.odb' has been recovered (tr. 3715-3747)

[2019-03-09 00:08:59 #2 store] 
Database 'C:\Users\Carlos Dominguez\Desktop\BetAndRuin_FloatSoft\resources\db\bets.odb' is opened by 13828@DESKTOP-F3FKHV4

[2019-03-09 00:08:59 #3 type] 
Type domain.Question is not enhanced.

[2019-03-09 00:08:59 #4 type] 
Type domain.Bet is not enhanced.

[2019-03-09 00:08:59 #5 type] 
Type domain.Event is not enhanced.

[2019-03-09 00:08:59 #6 type] 
Type domain.User is not enhanced.

------------------------------------------------------------------------------------------------------------------------

[2019-03-09 00:10:09 #1 store] 
Database 'C:\Users\Carlos Dominguez\Desktop\BetAndRuin_FloatSoft\resources\db\bets.odb' is opened by 8640@DESKTOP-F3FKHV4

[2019-03-09 00:10:10 #2 type] 
Type domain.Question is not enhanced.

[2019-03-09 00:10:10 #3 type] 
Type domain.Bet is not enhanced.

[2019-03-09 00:10:10 #4 type] 
Type domain.Event is not enhanced.

[2019-03-09 00:10:10 #5 type] 
Type domain.User is not enhanced.

------------------------------------------------------------------------------------------------------------------------

[2019-03-09 00:10:58 #1 store] 
Database 'C:\Users\Carlos Dominguez\Desktop\BetAndRuin_FloatSoft\resources\db\bets.odb' has been recovered (tr. 3748-5200)

[2019-03-09 00:10:58 #2 store] 
Database 'C:\Users\Carlos Dominguez\Desktop\BetAndRuin_FloatSoft\resources\db\bets.odb' is opened by 12528@DESKTOP-F3FKHV4

[2019-03-09 00:10:58 #3 type] 
Type domain.Question is not enhanced.

[2019-03-09 00:10:58 #4 type] 
Type domain.Bet is not enhanced.

[2019-03-09 00:10:58 #5 type] 
Type domain.Event is not enhanced.

[2019-03-09 00:10:58 #6 type] 
Type domain.User is not enhanced.

------------------------------------------------------------------------------------------------------------------------

[2019-03-09 00:11:31 #1 store] 
Database 'C:\Users\Carlos Dominguez\Desktop\BetAndRuin_FloatSoft\resources\db\bets.odb' has been recovered (tr. 5201-5286)

[2019-03-09 00:11:31 #2 store] 
Database 'C:\Users\Carlos Dominguez\Desktop\BetAndRuin_FloatSoft\resources\db\bets.odb' is opened by 14036@DESKTOP-F3FKHV4

[2019-03-09 00:11:32 #3 type] 
Type domain.Question is not enhanced.

[2019-03-09 00:11:32 #4 type] 
Type domain.Bet is not enhanced.

[2019-03-09 00:11:32 #5 type] 
Type domain.Event is not enhanced.

[2019-03-09 00:11:32 #6 type] 
Type domain.User is not enhanced.

------------------------------------------------------------------------------------------------------------------------

[2019-03-09 00:11:42 #1 store] 
Database 'C:\Users\Carlos Dominguez\Desktop\BetAndRuin_FloatSoft\resources\db\bets.odb' has been recovered (tr. 5287-5346)

[2019-03-09 00:11:42 #2 store] 
Database 'C:\Users\Carlos Dominguez\Desktop\BetAndRuin_FloatSoft\resources\db\bets.odb' is opened by 7576@DESKTOP-F3FKHV4

[2019-03-09 00:11:42 #3 type] 
Type domain.Question is not enhanced.

[2019-03-09 00:11:42 #4 type] 
Type domain.Bet is not enhanced.

[2019-03-09 00:11:42 #5 type] 
Type domain.Event is not enhanced.

[2019-03-09 00:11:42 #6 type] 
Type domain.User is not enhanced.

------------------------------------------------------------------------------------------------------------------------

[2019-03-09 00:12:22 #1 store] 
Database 'C:\Users\Carlos Dominguez\Desktop\BetAndRuin_FloatSoft\resources\db\bets.odb' is opened by 13788@DESKTOP-F3FKHV4

[2019-03-09 00:12:22 #2 type] 
Type domain.Question is not enhanced.

[2019-03-09 00:12:22 #3 type] 
Type domain.Bet is not enhanced.

[2019-03-09 00:12:22 #4 type] 
Type domain.Event is not enhanced.

[2019-03-09 00:12:22 #5 type] 
Type domain.User is not enhanced.

------------------------------------------------------------------------------------------------------------------------

[2019-03-09 00:12:42 #1 store] 
Database 'C:\Users\Carlos Dominguez\Desktop\BetAndRuin_FloatSoft\resources\db\bets.odb' is opened by 12384@DESKTOP-F3FKHV4

[2019-03-09 00:12:42 #2 type] 
Type domain.Question is not enhanced.

[2019-03-09 00:12:42 #3 type] 
Type domain.Bet is not enhanced.

[2019-03-09 00:12:42 #4 type] 
Type domain.Event is not enhanced.

[2019-03-09 00:12:42 #5 type] 
Type domain.User is not enhanced.

------------------------------------------------------------------------------------------------------------------------

[2019-03-09 00:15:56 #1 store] 
Database 'C:\Users\Carlos Dominguez\Desktop\BetAndRuin_FloatSoft\resources\db\bets.odb' is opened by 2684@DESKTOP-F3FKHV4

[2019-03-09 00:15:57 #2 type] 
Type domain.Question is not enhanced.

[2019-03-09 00:15:57 #3 type] 
Type domain.Bet is not enhanced.

[2019-03-09 00:15:57 #4 type] 
Type domain.Event is not enhanced.

[2019-03-09 00:15:57 #5 type] 
Type domain.User is not enhanced.

------------------------------------------------------------------------------------------------------------------------

[2019-03-09 00:16:55 #1 store] 
Database 'C:\Users\Carlos Dominguez\Desktop\BetAndRuin_FloatSoft\resources\db\bets.odb' is opened by 10732@DESKTOP-F3FKHV4

[2019-03-09 00:16:55 #2 type] 
Type domain.Question is not enhanced.

[2019-03-09 00:16:55 #3 type] 
Type domain.Bet is not enhanced.

[2019-03-09 00:16:55 #4 type] 
Type domain.Event is not enhanced.

[2019-03-09 00:16:55 #5 type] 
Type domain.User is not enhanced.

------------------------------------------------------------------------------------------------------------------------

[2019-03-09 00:17:34 #1 store] 
Database 'C:\Users\Carlos Dominguez\Desktop\BetAndRuin_FloatSoft\resources\db\bets.odb' is opened by 5752@DESKTOP-F3FKHV4

[2019-03-09 00:17:34 #2 type] 
Type domain.Question is not enhanced.

[2019-03-09 00:17:34 #3 type] 
Type domain.Bet is not enhanced.

[2019-03-09 00:17:34 #4 type] 
Type domain.Event is not enhanced.

[2019-03-09 00:17:34 #5 type] 
Type domain.User is not enhanced.

------------------------------------------------------------------------------------------------------------------------

[2019-03-09 00:19:06 #1 store] 
Database 'C:\Users\Carlos Dominguez\Desktop\BetAndRuin_FloatSoft\resources\db\bets.odb' is opened by 7096@DESKTOP-F3FKHV4

[2019-03-09 00:19:06 #2 type] 
Type domain.Question is not enhanced.

[2019-03-09 00:19:06 #3 type] 
Type domain.Bet is not enhanced.

[2019-03-09 00:19:06 #4 type] 
Type domain.Event is not enhanced.

[2019-03-09 00:19:06 #5 type] 
Type domain.User is not enhanced.

------------------------------------------------------------------------------------------------------------------------

[2019-03-09 00:19:52 #1 store] 
Database 'C:\Users\Carlos Dominguez\Desktop\BetAndRuin_FloatSoft\resources\db\bets.odb' is opened by 10928@DESKTOP-F3FKHV4

[2019-03-09 00:19:52 #2 type] 
Type domain.Question is not enhanced.

[2019-03-09 00:19:52 #3 type] 
Type domain.Bet is not enhanced.

[2019-03-09 00:19:52 #4 type] 
Type domain.Event is not enhanced.

[2019-03-09 00:19:52 #5 type] 
Type domain.User is not enhanced.

------------------------------------------------------------------------------------------------------------------------

[2019-03-09 00:20:42 #1 store] 
Database 'C:\Users\Carlos Dominguez\Desktop\BetAndRuin_FloatSoft\resources\db\bets.odb' is opened by 1080@DESKTOP-F3FKHV4

[2019-03-09 00:20:42 #2 type] 
Type domain.Question is not enhanced.

[2019-03-09 00:20:42 #3 type] 
Type domain.Bet is not enhanced.

[2019-03-09 00:20:42 #4 type] 
Type domain.Event is not enhanced.

[2019-03-09 00:20:42 #5 type] 
Type domain.User is not enhanced.

------------------------------------------------------------------------------------------------------------------------

[2019-03-09 00:23:18 #1 store] 
Database 'C:\Users\Carlos Dominguez\Desktop\BetAndRuin_FloatSoft\resources\db\bets.odb' is opened by 11152@DESKTOP-F3FKHV4

[2019-03-09 00:23:18 #2 type] 
Type domain.Question is not enhanced.

[2019-03-09 00:23:18 #3 type] 
Type domain.Bet is not enhanced.

[2019-03-09 00:23:18 #4 type] 
Type domain.Event is not enhanced.

[2019-03-09 00:23:18 #5 type] 
Type domain.User is not enhanced.

------------------------------------------------------------------------------------------------------------------------

[2019-03-09 00:23:44 #1 store] 
Database 'C:\Users\Carlos Dominguez\Desktop\BetAndRuin_FloatSoft\resources\db\bets.odb' has been recovered (tr. 5347-5496)

[2019-03-09 00:23:44 #2 store] 
Database 'C:\Users\Carlos Dominguez\Desktop\BetAndRuin_FloatSoft\resources\db\bets.odb' is opened by 13276@DESKTOP-F3FKHV4

[2019-03-09 00:23:44 #3 type] 
Type domain.Question is not enhanced.

[2019-03-09 00:23:44 #4 type] 
Type domain.Bet is not enhanced.

[2019-03-09 00:23:44 #5 type] 
Type domain.Event is not enhanced.

[2019-03-09 00:23:44 #6 type] 
Type domain.User is not enhanced.

------------------------------------------------------------------------------------------------------------------------

[2019-03-09 00:24:42 #1 store] 
Database 'C:\Users\Carlos Dominguez\Desktop\BetAndRuin_FloatSoft\resources\db\bets.odb' is opened by 9296@DESKTOP-F3FKHV4

[2019-03-09 00:24:42 #2 type] 
Type domain.Question is not enhanced.

[2019-03-09 00:24:42 #3 type] 
Type domain.Bet is not enhanced.

[2019-03-09 00:24:42 #4 type] 
Type domain.Event is not enhanced.

[2019-03-09 00:24:42 #5 type] 
Type domain.User is not enhanced.

------------------------------------------------------------------------------------------------------------------------

[2019-03-09 00:24:58 #1 store] 
Database 'C:\Users\Carlos Dominguez\Desktop\BetAndRuin_FloatSoft\resources\db\bets.odb' is opened by 5968@DESKTOP-F3FKHV4

[2019-03-09 00:24:58 #2 type] 
Type domain.Question is not enhanced.

[2019-03-09 00:24:58 #3 type] 
Type domain.Bet is not enhanced.

[2019-03-09 00:24:58 #4 type] 
Type domain.Event is not enhanced.

[2019-03-09 00:24:58 #5 type] 
Type domain.User is not enhanced.

------------------------------------------------------------------------------------------------------------------------

[2019-03-09 00:26:03 #1 store] 
Database 'C:\Users\Carlos Dominguez\Desktop\BetAndRuin_FloatSoft\resources\db\bets.odb' has been recovered (tr. 5497-6915)

[2019-03-09 00:26:03 #2 store] 
Database 'C:\Users\Carlos Dominguez\Desktop\BetAndRuin_FloatSoft\resources\db\bets.odb' is opened by 10560@DESKTOP-F3FKHV4

[2019-03-09 00:26:03 #3 type] 
Type domain.Question is not enhanced.

[2019-03-09 00:26:03 #4 type] 
Type domain.Bet is not enhanced.

[2019-03-09 00:26:03 #5 type] 
Type domain.Event is not enhanced.

[2019-03-09 00:26:03 #6 type] 
Type domain.User is not enhanced.

------------------------------------------------------------------------------------------------------------------------

[2019-03-09 00:29:18 #1 store] 
Database 'C:\Users\Carlos Dominguez\Desktop\BetAndRuin_FloatSoft\resources\db\bets.odb' is opened by 5996@DESKTOP-F3FKHV4

[2019-03-09 00:29:18 #2 type] 
Type domain.Question is not enhanced.

[2019-03-09 00:29:18 #3 type] 
Type domain.Bet is not enhanced.

[2019-03-09 00:29:18 #4 type] 
Type domain.Event is not enhanced.

[2019-03-09 00:29:18 #5 type] 
Type domain.User is not enhanced.

------------------------------------------------------------------------------------------------------------------------

[2019-03-09 00:30:23 #1 store] 
Database 'C:\Users\Carlos Dominguez\Desktop\BetAndRuin_FloatSoft\resources\db\bets.odb' is opened by 7148@DESKTOP-F3FKHV4

[2019-03-09 00:30:24 #2 type] 
Type domain.Question is not enhanced.

[2019-03-09 00:30:24 #3 type] 
Type domain.Bet is not enhanced.

[2019-03-09 00:30:24 #4 type] 
Type domain.Event is not enhanced.

[2019-03-09 00:30:24 #5 type] 
Type domain.User is not enhanced.

------------------------------------------------------------------------------------------------------------------------

[2019-03-09 00:31:18 #1 store] 
Database 'C:\Users\Carlos Dominguez\Desktop\BetAndRuin_FloatSoft\resources\db\bets.odb' is opened by 6112@DESKTOP-F3FKHV4

[2019-03-09 00:31:18 #2 type] 
Type domain.Question is not enhanced.

[2019-03-09 00:31:18 #3 type] 
Type domain.Bet is not enhanced.

[2019-03-09 00:31:18 #4 type] 
Type domain.Event is not enhanced.

[2019-03-09 00:31:18 #5 type] 
Type domain.User is not enhanced.

------------------------------------------------------------------------------------------------------------------------

[2019-03-09 00:39:46 #1 store] 
Database 'C:\Users\Carlos Dominguez\Desktop\BetAndRuin_FloatSoft\resources\db\bets.odb' is opened by 2452@DESKTOP-F3FKHV4

[2019-03-09 00:39:46 #2 type] 
Type domain.Question is not enhanced.

[2019-03-09 00:39:46 #3 type] 
Type domain.Bet is not enhanced.

[2019-03-09 00:39:46 #4 type] 
Type domain.Event is not enhanced.

[2019-03-09 00:39:46 #5 type] 
Type domain.User is not enhanced.

------------------------------------------------------------------------------------------------------------------------

[2019-03-09 00:42:00 #1 store] 
Database 'C:\Users\Carlos Dominguez\Desktop\BetAndRuin_FloatSoft\resources\db\bets.odb' is opened by 4348@DESKTOP-F3FKHV4

[2019-03-09 00:42:00 #2 type] 
Type domain.Question is not enhanced.

[2019-03-09 00:42:00 #3 type] 
Type domain.Bet is not enhanced.

[2019-03-09 00:42:00 #4 type] 
Type domain.Event is not enhanced.

[2019-03-09 00:42:00 #5 type] 
Type domain.User is not enhanced.

------------------------------------------------------------------------------------------------------------------------

[2019-03-09 00:43:10 #1 store] 
Database 'C:\Users\Carlos Dominguez\Desktop\BetAndRuin_FloatSoft\resources\db\bets.odb' is opened by 9568@DESKTOP-F3FKHV4

[2019-03-09 00:43:10 #2 type] 
Type domain.Question is not enhanced.

[2019-03-09 00:43:10 #3 type] 
Type domain.Bet is not enhanced.

[2019-03-09 00:43:10 #4 type] 
Type domain.Event is not enhanced.

[2019-03-09 00:43:10 #5 type] 
Type domain.User is not enhanced.

------------------------------------------------------------------------------------------------------------------------

[2019-03-09 00:48:10 #1 store] 
Database 'C:\Users\Carlos Dominguez\Desktop\BetAndRuin_FloatSoft\resources\db\bets.odb' is opened by 13620@DESKTOP-F3FKHV4

[2019-03-09 00:48:10 #2 type] 
Type domain.Question is not enhanced.

[2019-03-09 00:48:10 #3 type] 
Type domain.Bet is not enhanced.

[2019-03-09 00:48:10 #4 type] 
Type domain.Event is not enhanced.

[2019-03-09 00:48:10 #5 type] 
Type domain.User is not enhanced.

------------------------------------------------------------------------------------------------------------------------

[2019-03-09 00:53:15 #1 store] 
Database 'C:\Users\Carlos Dominguez\Desktop\BetAndRuin_FloatSoft\resources\db\bets.odb' is opened by 10064@DESKTOP-F3FKHV4

[2019-03-09 00:53:15 #2 type] 
Type domain.Question is not enhanced.

[2019-03-09 00:53:15 #3 type] 
Type domain.Bet is not enhanced.

[2019-03-09 00:53:15 #4 type] 
Type domain.Event is not enhanced.

[2019-03-09 00:53:15 #5 type] 
Type domain.User is not enhanced.

------------------------------------------------------------------------------------------------------------------------

[2019-03-09 09:55:54 #1 store] 
Database 'C:\Users\Carlos Dominguez\Desktop\BetAndRuin_FloatSoft\resources\db\bets.odb' is opened by 11448@DESKTOP-F3FKHV4

[2019-03-09 09:55:54 #2 type] 
Type domain.Question is not enhanced.

[2019-03-09 09:55:54 #3 type] 
Type domain.Bet is not enhanced.

[2019-03-09 09:55:54 #4 type] 
Type domain.Event is not enhanced.

[2019-03-09 09:55:54 #5 type] 
Type domain.User is not enhanced.

------------------------------------------------------------------------------------------------------------------------

[2019-03-09 15:20:16 #1 store] 
Database 'C:\Users\Carlos Dominguez\Desktop\BetAndRuin_FloatSoft\resources\db\bets.odb' is opened by 1208@DESKTOP-F3FKHV4

[2019-03-09 15:20:16 #2 type] 
Type domain.Question is not enhanced.

[2019-03-09 15:20:16 #3 type] 
Type domain.Bet is not enhanced.

[2019-03-09 15:20:16 #4 type] 
Type domain.Event is not enhanced.

[2019-03-09 15:20:16 #5 type] 
Type domain.User is not enhanced.

------------------------------------------------------------------------------------------------------------------------

[2019-03-09 15:20:36 #1 store] 
Database 'C:\Users\Carlos Dominguez\Desktop\BetAndRuin_FloatSoft\resources\db\bets.odb' is opened by 12112@DESKTOP-F3FKHV4

[2019-03-09 15:20:36 #2 type] 
Type domain.Question is not enhanced.

[2019-03-09 15:20:36 #3 type] 
Type domain.Bet is not enhanced.

[2019-03-09 15:20:36 #4 type] 
Type domain.Event is not enhanced.

[2019-03-09 15:20:36 #5 type] 
Type domain.User is not enhanced.

------------------------------------------------------------------------------------------------------------------------

[2019-03-09 15:21:46 #1 store] 
Database 'C:\Users\Carlos Dominguez\Desktop\BetAndRuin_FloatSoft\resources\db\bets.odb' has been recovered (tr. 6916-10683)

[2019-03-09 15:21:46 #2 store] 
Database 'C:\Users\Carlos Dominguez\Desktop\BetAndRuin_FloatSoft\resources\db\bets.odb' is opened by 6524@DESKTOP-F3FKHV4

[2019-03-09 15:21:46 #3 type] 
Type domain.Question is not enhanced.

[2019-03-09 15:21:46 #4 type] 
Type domain.Bet is not enhanced.

[2019-03-09 15:21:46 #5 type] 
Type domain.Event is not enhanced.

[2019-03-09 15:21:46 #6 type] 
Type domain.User is not enhanced.

------------------------------------------------------------------------------------------------------------------------

[2019-03-09 15:21:59 #1 store] 
Database 'C:\Users\Carlos Dominguez\Desktop\BetAndRuin_FloatSoft\resources\db\bets.odb' has been recovered (tr. 10684-10753)

[2019-03-09 15:21:59 #2 store] 
Database 'C:\Users\Carlos Dominguez\Desktop\BetAndRuin_FloatSoft\resources\db\bets.odb' is opened by 3848@DESKTOP-F3FKHV4

[2019-03-09 15:21:59 #3 type] 
Type domain.Question is not enhanced.

[2019-03-09 15:21:59 #4 type] 
Type domain.Bet is not enhanced.

[2019-03-09 15:21:59 #5 type] 
Type domain.Event is not enhanced.

[2019-03-09 15:21:59 #6 type] 
Type domain.User is not enhanced.

------------------------------------------------------------------------------------------------------------------------

[2019-03-09 15:22:19 #1 store] 
Database 'C:\Users\Carlos Dominguez\Desktop\BetAndRuin_FloatSoft\resources\db\bets.odb' is opened by 12116@DESKTOP-F3FKHV4

[2019-03-09 15:22:19 #2 type] 
Type domain.Question is not enhanced.

[2019-03-09 15:22:19 #3 type] 
Type domain.Bet is not enhanced.

[2019-03-09 15:22:19 #4 type] 
Type domain.Event is not enhanced.

[2019-03-09 15:22:19 #5 type] 
Type domain.User is not enhanced.

------------------------------------------------------------------------------------------------------------------------

[2019-03-09 15:22:50 #1 store] 
Database 'C:\Users\Carlos Dominguez\Desktop\BetAndRuin_FloatSoft\resources\db\bets.odb' is opened by 13152@DESKTOP-F3FKHV4

[2019-03-09 15:22:50 #2 type] 
Type domain.Question is not enhanced.

[2019-03-09 15:22:50 #3 type] 
Type domain.Bet is not enhanced.

[2019-03-09 15:22:50 #4 type] 
Type domain.Event is not enhanced.

[2019-03-09 15:22:50 #5 type] 
Type domain.User is not enhanced.

------------------------------------------------------------------------------------------------------------------------

[2019-03-09 15:23:42 #1 store] 
Database 'C:\Users\Carlos Dominguez\Desktop\BetAndRuin_FloatSoft\resources\db\bets.odb' is opened by 6688@DESKTOP-F3FKHV4

[2019-03-09 15:23:42 #2 type] 
Type domain.Question is not enhanced.

[2019-03-09 15:23:42 #3 type] 
Type domain.Bet is not enhanced.

[2019-03-09 15:23:42 #4 type] 
Type domain.Event is not enhanced.

[2019-03-09 15:23:42 #5 type] 
Type domain.User is not enhanced.

------------------------------------------------------------------------------------------------------------------------

[2019-03-09 15:26:32 #1 store] 
Database 'C:\Users\Carlos Dominguez\Desktop\BetAndRuin_FloatSoft\resources\db\bets.odb' is opened by 10380@DESKTOP-F3FKHV4

[2019-03-09 15:26:32 #2 type] 
Type domain.Question is not enhanced.

[2019-03-09 15:26:32 #3 type] 
Type domain.Bet is not enhanced.

[2019-03-09 15:26:32 #4 type] 
Type domain.Event is not enhanced.

[2019-03-09 15:26:32 #5 type] 
Type domain.User is not enhanced.

------------------------------------------------------------------------------------------------------------------------

[2019-03-09 15:27:23 #1 store] 
Database 'C:\Users\Carlos Dominguez\Desktop\BetAndRuin_FloatSoft\resources\db\bets.odb' is opened by 12484@DESKTOP-F3FKHV4

[2019-03-09 15:27:23 #2 type] 
Type domain.Question is not enhanced.

[2019-03-09 15:27:23 #3 type] 
Type domain.Bet is not enhanced.

[2019-03-09 15:27:23 #4 type] 
Type domain.Event is not enhanced.

[2019-03-09 15:27:23 #5 type] 
Type domain.User is not enhanced.

------------------------------------------------------------------------------------------------------------------------

[2019-03-09 16:06:20 #1 store] 
Database 'C:\Users\Carlos Dominguez\Desktop\BetAndRuin_FloatSoft\resources\db\bets.odb' is opened by 12176@DESKTOP-F3FKHV4

[2019-03-09 16:06:20 #2 type] 
Type domain.Question is not enhanced.

[2019-03-09 16:06:20 #3 type] 
Type domain.Bet is not enhanced.

[2019-03-09 16:06:20 #4 type] 
Type domain.Event is not enhanced.

[2019-03-09 16:06:20 #5 type] 
Type domain.User is not enhanced.

------------------------------------------------------------------------------------------------------------------------

[2019-03-09 16:08:18 #1 store] 
Database 'C:\Users\Carlos Dominguez\Desktop\BetAndRuin_FloatSoft\resources\db\bets.odb' is opened by 8028@DESKTOP-F3FKHV4

[2019-03-09 16:08:18 #2 type] 
Type domain.Question is not enhanced.

[2019-03-09 16:08:18 #3 type] 
Type domain.Bet is not enhanced.

[2019-03-09 16:08:18 #4 type] 
Type domain.Event is not enhanced.

[2019-03-09 16:08:18 #5 type] 
Type domain.User is not enhanced.

------------------------------------------------------------------------------------------------------------------------

[2019-03-09 16:10:03 #1 store] 
Database 'C:\Users\Carlos Dominguez\Desktop\BetAndRuin_FloatSoft\resources\db\bets.odb' is opened by 5848@DESKTOP-F3FKHV4

[2019-03-09 16:10:03 #2 type] 
Type domain.Question is not enhanced.

[2019-03-09 16:10:03 #3 type] 
Type domain.Bet is not enhanced.

[2019-03-09 16:10:03 #4 type] 
Type domain.Event is not enhanced.

[2019-03-09 16:10:03 #5 type] 
Type domain.User is not enhanced.

------------------------------------------------------------------------------------------------------------------------

[2019-03-09 16:12:20 #1 store] 
Database 'C:\Users\Carlos Dominguez\Desktop\BetAndRuin_FloatSoft\resources\db\bets.odb' is opened by 996@DESKTOP-F3FKHV4

[2019-03-09 16:12:20 #2 type] 
Type domain.Question is not enhanced.

[2019-03-09 16:12:20 #3 type] 
Type domain.Bet is not enhanced.

[2019-03-09 16:12:20 #4 type] 
Type domain.Event is not enhanced.

[2019-03-09 16:12:20 #5 type] 
Type domain.User is not enhanced.

------------------------------------------------------------------------------------------------------------------------

[2019-03-09 16:13:22 #1 store] 
Database 'C:\Users\Carlos Dominguez\Desktop\BetAndRuin_FloatSoft\resources\db\bets.odb' is opened by 9712@DESKTOP-F3FKHV4

[2019-03-09 16:13:22 #2 type] 
Type domain.Question is not enhanced.

[2019-03-09 16:13:22 #3 type] 
Type domain.Bet is not enhanced.

[2019-03-09 16:13:22 #4 type] 
Type domain.Event is not enhanced.

[2019-03-09 16:13:22 #5 type] 
Type domain.User is not enhanced.

------------------------------------------------------------------------------------------------------------------------

[2019-03-09 16:14:41 #1 store] 
Database 'C:\Users\Carlos Dominguez\Desktop\BetAndRuin_FloatSoft\resources\db\bets.odb' is opened by 12300@DESKTOP-F3FKHV4

[2019-03-09 16:14:41 #2 type] 
Type domain.Question is not enhanced.

[2019-03-09 16:14:41 #3 type] 
Type domain.Bet is not enhanced.

[2019-03-09 16:14:41 #4 type] 
Type domain.Event is not enhanced.

[2019-03-09 16:14:41 #5 type] 
Type domain.User is not enhanced.

------------------------------------------------------------------------------------------------------------------------

[2019-03-09 16:16:37 #1 store] 
Database 'C:\Users\Carlos Dominguez\Desktop\BetAndRuin_FloatSoft\resources\db\bets.odb' is opened by 8384@DESKTOP-F3FKHV4

[2019-03-09 16:16:37 #2 type] 
Type domain.Question is not enhanced.

[2019-03-09 16:16:37 #3 type] 
Type domain.Bet is not enhanced.

[2019-03-09 16:16:37 #4 type] 
Type domain.Event is not enhanced.

[2019-03-09 16:16:37 #5 type] 
Type domain.User is not enhanced.

------------------------------------------------------------------------------------------------------------------------

[2019-03-09 16:19:51 #1 store] 
Database 'C:\Users\Carlos Dominguez\Desktop\BetAndRuin_FloatSoft\resources\db\bets.odb' is opened by 10012@DESKTOP-F3FKHV4

[2019-03-09 16:19:51 #2 type] 
Type domain.Question is not enhanced.

[2019-03-09 16:19:51 #3 type] 
Type domain.Bet is not enhanced.

[2019-03-09 16:19:51 #4 type] 
Type domain.Event is not enhanced.

[2019-03-09 16:19:51 #5 type] 
Type domain.User is not enhanced.

------------------------------------------------------------------------------------------------------------------------

[2019-03-09 16:20:59 #1 store] 
Database 'C:\Users\Carlos Dominguez\Desktop\BetAndRuin_FloatSoft\resources\db\bets.odb' is opened by 8684@DESKTOP-F3FKHV4

[2019-03-09 16:20:59 #2 type] 
Type domain.Question is not enhanced.

[2019-03-09 16:20:59 #3 type] 
Type domain.Bet is not enhanced.

[2019-03-09 16:20:59 #4 type] 
Type domain.Event is not enhanced.

[2019-03-09 16:20:59 #5 type] 
Type domain.User is not enhanced.

------------------------------------------------------------------------------------------------------------------------

[2019-03-09 16:21:35 #1 store] 
Database 'C:\Users\Carlos Dominguez\Desktop\BetAndRuin_FloatSoft\resources\db\bets.odb' is opened by 4996@DESKTOP-F3FKHV4

[2019-03-09 16:21:35 #2 type] 
Type domain.Question is not enhanced.

[2019-03-09 16:21:35 #3 type] 
Type domain.Bet is not enhanced.

[2019-03-09 16:21:35 #4 type] 
Type domain.Event is not enhanced.

[2019-03-09 16:21:35 #5 type] 
Type domain.User is not enhanced.

------------------------------------------------------------------------------------------------------------------------

[2019-03-09 16:23:30 #1 store] 
Database 'C:\Users\Carlos Dominguez\Desktop\BetAndRuin_FloatSoft\resources\db\bets.odb' is opened by 7240@DESKTOP-F3FKHV4

[2019-03-09 16:23:30 #2 type] 
Type domain.Question is not enhanced.

[2019-03-09 16:23:30 #3 type] 
Type domain.Bet is not enhanced.

[2019-03-09 16:23:30 #4 type] 
Type domain.Event is not enhanced.

[2019-03-09 16:23:30 #5 type] 
Type domain.User is not enhanced.

------------------------------------------------------------------------------------------------------------------------

[2019-03-09 16:31:26 #1 store] 
Database 'C:\Users\Carlos Dominguez\Desktop\BetAndRuin_FloatSoft\resources\db\bets.odb' has been recovered (tr. 10754-10756)

[2019-03-09 16:31:26 #2 store] 
Database 'C:\Users\Carlos Dominguez\Desktop\BetAndRuin_FloatSoft\resources\db\bets.odb' is opened by 10832@DESKTOP-F3FKHV4

[2019-03-09 16:31:26 #3 type] 
Type domain.Question is not enhanced.

[2019-03-09 16:31:26 #4 type] 
Type domain.Bet is not enhanced.

[2019-03-09 16:31:26 #5 type] 
Type domain.Event is not enhanced.

[2019-03-09 16:31:26 #6 type] 
Type domain.User is not enhanced.

------------------------------------------------------------------------------------------------------------------------

[2019-03-09 16:32:38 #1 store] 
Database 'C:\Users\Carlos Dominguez\Desktop\BetAndRuin_FloatSoft\resources\db\bets.odb' is opened by 9484@DESKTOP-F3FKHV4

[2019-03-09 16:32:38 #2 type] 
Type domain.Question is not enhanced.

[2019-03-09 16:32:38 #3 type] 
Type domain.Bet is not enhanced.

[2019-03-09 16:32:38 #4 type] 
Type domain.Event is not enhanced.

[2019-03-09 16:32:38 #5 type] 
Type domain.User is not enhanced.

------------------------------------------------------------------------------------------------------------------------

[2019-03-09 16:34:56 #1 store] 
Database 'C:\Users\Carlos Dominguez\Desktop\BetAndRuin_FloatSoft\resources\db\bets.odb' has been recovered (tr. 10757-10757)

[2019-03-09 16:34:56 #2 store] 
Database 'C:\Users\Carlos Dominguez\Desktop\BetAndRuin_FloatSoft\resources\db\bets.odb' is opened by 3108@DESKTOP-F3FKHV4

[2019-03-09 16:34:56 #3 type] 
Type domain.Question is not enhanced.

[2019-03-09 16:34:56 #4 type] 
Type domain.Bet is not enhanced.

[2019-03-09 16:34:56 #5 type] 
Type domain.Event is not enhanced.

[2019-03-09 16:34:56 #6 type] 
Type domain.User is not enhanced.

------------------------------------------------------------------------------------------------------------------------

[2019-03-09 16:35:20 #1 store] 
Database 'C:\Users\Carlos Dominguez\Desktop\BetAndRuin_FloatSoft\resources\db\bets.odb' has been recovered (tr. 10758-10758)

[2019-03-09 16:35:20 #2 store] 
Database 'C:\Users\Carlos Dominguez\Desktop\BetAndRuin_FloatSoft\resources\db\bets.odb' is opened by 13048@DESKTOP-F3FKHV4

[2019-03-09 16:35:20 #3 type] 
Type domain.Question is not enhanced.

[2019-03-09 16:35:20 #4 type] 
Type domain.Bet is not enhanced.

[2019-03-09 16:35:20 #5 type] 
Type domain.Event is not enhanced.

[2019-03-09 16:35:20 #6 type] 
Type domain.User is not enhanced.

------------------------------------------------------------------------------------------------------------------------

[2019-03-09 16:38:27 #1 store] 
Database 'C:\Users\Carlos Dominguez\Desktop\BetAndRuin_FloatSoft\resources\db\bets.odb' is opened by 12652@DESKTOP-F3FKHV4

[2019-03-09 16:38:27 #2 type] 
Type domain.Question is not enhanced.

[2019-03-09 16:38:27 #3 type] 
Type domain.Bet is not enhanced.

[2019-03-09 16:38:27 #4 type] 
Type domain.Event is not enhanced.

[2019-03-09 16:38:27 #5 type] 
Type domain.User is not enhanced.

------------------------------------------------------------------------------------------------------------------------

[2019-03-09 16:39:03 #1 store] 
Database 'C:\Users\Carlos Dominguez\Desktop\BetAndRuin_FloatSoft\resources\db\bets.odb' has been recovered (tr. 10759-10759)

[2019-03-09 16:39:03 #2 store] 
Database 'C:\Users\Carlos Dominguez\Desktop\BetAndRuin_FloatSoft\resources\db\bets.odb' is opened by 11904@DESKTOP-F3FKHV4

[2019-03-09 16:39:03 #3 type] 
Type domain.Question is not enhanced.

[2019-03-09 16:39:03 #4 type] 
Type domain.Bet is not enhanced.

[2019-03-09 16:39:03 #5 type] 
Type domain.Event is not enhanced.

[2019-03-09 16:39:03 #6 type] 
Type domain.User is not enhanced.

------------------------------------------------------------------------------------------------------------------------

[2019-03-09 16:43:14 #1 store] 
Database 'C:\Users\Carlos Dominguez\Desktop\BetAndRuin_FloatSoft\resources\db\bets.odb' has been recovered (tr. 10760-10766)

[2019-03-09 16:43:14 #2 store] 
Database 'C:\Users\Carlos Dominguez\Desktop\BetAndRuin_FloatSoft\resources\db\bets.odb' is opened by 496@DESKTOP-F3FKHV4

[2019-03-09 16:43:14 #3 type] 
Type domain.Question is not enhanced.

[2019-03-09 16:43:14 #4 type] 
Type domain.Bet is not enhanced.

[2019-03-09 16:43:14 #5 type] 
Type domain.Event is not enhanced.

[2019-03-09 16:43:14 #6 type] 
Type domain.User is not enhanced.

------------------------------------------------------------------------------------------------------------------------

[2019-03-09 16:44:31 #1 store] 
Database 'C:\Users\Carlos Dominguez\Desktop\BetAndRuin_FloatSoft\resources\db\bets.odb' has been recovered (tr. 10767-10767)

[2019-03-09 16:44:32 #2 store] 
Database 'C:\Users\Carlos Dominguez\Desktop\BetAndRuin_FloatSoft\resources\db\bets.odb' is opened by 2848@DESKTOP-F3FKHV4

[2019-03-09 16:44:32 #3 type] 
Type domain.Question is not enhanced.

[2019-03-09 16:44:32 #4 type] 
Type domain.Bet is not enhanced.

[2019-03-09 16:44:32 #5 type] 
Type domain.Event is not enhanced.

[2019-03-09 16:44:32 #6 type] 
Type domain.User is not enhanced.

------------------------------------------------------------------------------------------------------------------------

[2019-03-09 16:44:56 #1 store] 
Database 'C:\Users\Carlos Dominguez\Desktop\BetAndRuin_FloatSoft\resources\db\bets.odb' is opened by 5084@DESKTOP-F3FKHV4

[2019-03-09 16:44:56 #2 type] 
Type domain.Question is not enhanced.

[2019-03-09 16:44:56 #3 type] 
Type domain.Bet is not enhanced.

[2019-03-09 16:44:56 #4 type] 
Type domain.Event is not enhanced.

[2019-03-09 16:44:56 #5 type] 
Type domain.User is not enhanced.

------------------------------------------------------------------------------------------------------------------------

[2019-03-09 16:55:05 #1 store] 
Database 'C:\Users\Carlos Dominguez\Desktop\BetAndRuin_FloatSoft\resources\db\bets.odb' is opened by 308@DESKTOP-F3FKHV4

[2019-03-09 16:55:05 #2 type] 
Type domain.Question is not enhanced.

[2019-03-09 16:55:05 #3 type] 
Type domain.Bet is not enhanced.

[2019-03-09 16:55:05 #4 type] 
Type domain.Event is not enhanced.

[2019-03-09 16:55:05 #5 type] 
Type domain.User is not enhanced.

------------------------------------------------------------------------------------------------------------------------

[2019-03-09 16:55:30 #1 store] 
Database 'C:\Users\Carlos Dominguez\Desktop\BetAndRuin_FloatSoft\resources\db\bets.odb' has been recovered (tr. 10770-10772)

[2019-03-09 16:55:30 #2 store] 
Database 'C:\Users\Carlos Dominguez\Desktop\BetAndRuin_FloatSoft\resources\db\bets.odb' is opened by 12312@DESKTOP-F3FKHV4

[2019-03-09 16:55:31 #3 type] 
Type domain.Question is not enhanced.

[2019-03-09 16:55:31 #4 type] 
Type domain.Bet is not enhanced.

[2019-03-09 16:55:31 #5 type] 
Type domain.Event is not enhanced.

[2019-03-09 16:55:31 #6 type] 
Type domain.User is not enhanced.

------------------------------------------------------------------------------------------------------------------------

[2019-03-09 16:56:29 #1 store] 
Database 'C:\Users\Carlos Dominguez\Desktop\BetAndRuin_FloatSoft\resources\db\bets.odb' is opened by 13864@DESKTOP-F3FKHV4

[2019-03-09 16:56:29 #2 type] 
Type domain.Question is not enhanced.

[2019-03-09 16:56:29 #3 type] 
Type domain.Bet is not enhanced.

[2019-03-09 16:56:29 #4 type] 
Type domain.Event is not enhanced.

[2019-03-09 16:56:29 #5 type] 
Type domain.User is not enhanced.

------------------------------------------------------------------------------------------------------------------------

[2019-03-09 17:15:32 #1 store] 
Database 'C:\Users\Carlos Dominguez\Desktop\BetAndRuin_FloatSoft\resources\db\bets.odb' has been recovered (tr. 10773-10774)

[2019-03-09 17:15:32 #2 store] 
Database 'C:\Users\Carlos Dominguez\Desktop\BetAndRuin_FloatSoft\resources\db\bets.odb' is opened by 2912@DESKTOP-F3FKHV4

[2019-03-09 17:15:32 #3 type] 
Type domain.Question is not enhanced.

[2019-03-09 17:15:32 #4 type] 
Type domain.Bet is not enhanced.

[2019-03-09 17:15:32 #5 type] 
Type domain.Event is not enhanced.

[2019-03-09 17:15:32 #6 type] 
Type domain.User is not enhanced.

------------------------------------------------------------------------------------------------------------------------

[2019-03-09 17:15:48 #1 store] 
Database 'C:\Users\Carlos Dominguez\Desktop\BetAndRuin_FloatSoft\resources\db\bets.odb' is opened by 3400@DESKTOP-F3FKHV4

[2019-03-09 17:15:48 #2 type] 
Type domain.Question is not enhanced.

[2019-03-09 17:15:48 #3 type] 
Type domain.Bet is not enhanced.

[2019-03-09 17:15:48 #4 type] 
Type domain.Event is not enhanced.

[2019-03-09 17:15:48 #5 type] 
Type domain.User is not enhanced.

------------------------------------------------------------------------------------------------------------------------

[2019-03-09 17:17:06 #1 store] 
Database 'C:\Users\Carlos Dominguez\Desktop\BetAndRuin_FloatSoft\resources\db\bets.odb' is opened by 4476@DESKTOP-F3FKHV4

[2019-03-09 17:17:06 #2 type] 
Type domain.Question is not enhanced.

[2019-03-09 17:17:06 #3 type] 
Type domain.Bet is not enhanced.

[2019-03-09 17:17:06 #4 type] 
Type domain.Event is not enhanced.

[2019-03-09 17:17:06 #5 type] 
Type domain.User is not enhanced.

------------------------------------------------------------------------------------------------------------------------

[2019-03-09 17:17:34 #1 store] 
Database 'C:\Users\Carlos Dominguez\Desktop\BetAndRuin_FloatSoft\resources\db\bets.odb' is opened by 6480@DESKTOP-F3FKHV4

[2019-03-09 17:17:34 #2 type] 
Type domain.Question is not enhanced.

[2019-03-09 17:17:34 #3 type] 
Type domain.Bet is not enhanced.

[2019-03-09 17:17:34 #4 type] 
Type domain.Event is not enhanced.

[2019-03-09 17:17:34 #5 type] 
Type domain.User is not enhanced.

------------------------------------------------------------------------------------------------------------------------

[2019-03-09 21:01:34 #1 store] 
Database 'C:\Users\Carlos Dominguez\Desktop\BetAndRuin_FloatSoft\resources\db\bets.odb' is opened by 9468@DESKTOP-F3FKHV4

[2019-03-09 21:01:34 #2 type] 
Type domain.Question is not enhanced.

[2019-03-09 21:01:34 #3 type] 
Type domain.Bet is not enhanced.

[2019-03-09 21:01:34 #4 type] 
Type domain.Event is not enhanced.

[2019-03-09 21:01:34 #5 type] 
Type domain.User is not enhanced.

------------------------------------------------------------------------------------------------------------------------

[2019-03-09 22:44:11 #1 store] 
Database 'C:\Users\Carlos Dominguez\Desktop\BetAndRuin_FloatSoft\resources\db\bets.odb' is opened by 8772@DESKTOP-F3FKHV4

[2019-03-09 22:44:12 #2 type] 
Type domain.Question is not enhanced.

[2019-03-09 22:44:12 #3 type] 
Type domain.Bet is not enhanced.

[2019-03-09 22:44:12 #4 type] 
Type domain.Event is not enhanced.

[2019-03-09 22:44:12 #5 type] 
Type domain.User is not enhanced.

------------------------------------------------------------------------------------------------------------------------

[2019-03-09 22:46:42 #1 store] 
Database 'C:\Users\Carlos Dominguez\Desktop\BetAndRuin_FloatSoft\resources\db\bets.odb' is opened by 11220@DESKTOP-F3FKHV4

[2019-03-09 22:46:42 #2 type] 
Type domain.Question is not enhanced.

[2019-03-09 22:46:42 #3 type] 
Type domain.Bet is not enhanced.

[2019-03-09 22:46:42 #4 type] 
Type domain.Event is not enhanced.

[2019-03-09 22:46:42 #5 type] 
Type domain.User is not enhanced.

------------------------------------------------------------------------------------------------------------------------

[2019-03-09 22:46:54 #1 store] 
Database 'C:\Users\Carlos Dominguez\Desktop\BetAndRuin_FloatSoft\resources\db\bets.odb' is opened by 2916@DESKTOP-F3FKHV4

[2019-03-09 22:46:54 #2 type] 
Type domain.Question is not enhanced.

[2019-03-09 22:46:54 #3 type] 
Type domain.Bet is not enhanced.

[2019-03-09 22:46:54 #4 type] 
Type domain.Event is not enhanced.

[2019-03-09 22:46:54 #5 type] 
Type domain.User is not enhanced.

------------------------------------------------------------------------------------------------------------------------

[2019-03-09 22:47:18 #1 store] 
Database 'C:\Users\Carlos Dominguez\Desktop\BetAndRuin_FloatSoft\resources\db\bets.odb' is opened by 5632@DESKTOP-F3FKHV4

[2019-03-09 22:47:18 #2 type] 
Type domain.Question is not enhanced.

[2019-03-09 22:47:18 #3 type] 
Type domain.Bet is not enhanced.

[2019-03-09 22:47:18 #4 type] 
Type domain.Event is not enhanced.

[2019-03-09 22:47:18 #5 type] 
Type domain.User is not enhanced.

------------------------------------------------------------------------------------------------------------------------

[2019-03-09 22:49:18 #1 store] 
Database 'C:\Users\Carlos Dominguez\Desktop\BetAndRuin_FloatSoft\resources\db\bets.odb' is opened by 7384@DESKTOP-F3FKHV4

[2019-03-09 22:49:18 #2 type] 
Type domain.Question is not enhanced.

[2019-03-09 22:49:18 #3 type] 
Type domain.Bet is not enhanced.

[2019-03-09 22:49:18 #4 type] 
Type domain.Event is not enhanced.

[2019-03-09 22:49:18 #5 type] 
Type domain.User is not enhanced.

------------------------------------------------------------------------------------------------------------------------

[2019-03-09 22:52:10 #1 store] 
Database 'C:\Users\Carlos Dominguez\Desktop\BetAndRuin_FloatSoft\resources\db\bets.odb' is opened by 12300@DESKTOP-F3FKHV4

[2019-03-09 22:52:10 #2 type] 
Type domain.Question is not enhanced.

[2019-03-09 22:52:10 #3 type] 
Type domain.Bet is not enhanced.

[2019-03-09 22:52:10 #4 type] 
Type domain.Event is not enhanced.

[2019-03-09 22:52:10 #5 type] 
Type domain.User is not enhanced.

------------------------------------------------------------------------------------------------------------------------

[2019-03-09 22:54:02 #1 store] 
Database 'C:\Users\Carlos Dominguez\Desktop\BetAndRuin_FloatSoft\resources\db\bets.odb' is opened by 5096@DESKTOP-F3FKHV4

[2019-03-09 22:54:02 #2 type] 
Type domain.Question is not enhanced.

[2019-03-09 22:54:02 #3 type] 
Type domain.Bet is not enhanced.

[2019-03-09 22:54:02 #4 type] 
Type domain.Event is not enhanced.

[2019-03-09 22:54:02 #5 type] 
Type domain.User is not enhanced.

------------------------------------------------------------------------------------------------------------------------

[2019-03-09 23:02:50 #1 store] 
Database 'C:\Users\Carlos Dominguez\Desktop\BetAndRuin_FloatSoft\resources\db\bets.odb' is opened by 3332@DESKTOP-F3FKHV4

[2019-03-09 23:02:50 #2 type.registry] 
New type domainV1.User

[2019-03-09 23:02:50 #3 type] 
Type domainV1.User is not enhanced.

------------------------------------------------------------------------------------------------------------------------

[2019-03-09 23:03:52 #1 store] 
Database 'C:\Users\Carlos Dominguez\Desktop\BetAndRuin_FloatSoft\resources\db\bets.odb' is opened by 1788@DESKTOP-F3FKHV4

[2019-03-09 23:03:52 #2 type.registry] 
New type domainV1.Question

[2019-03-09 23:03:52 #3 type] 
Type domainV1.Question is not enhanced.

[2019-03-09 23:03:52 #4 type.registry] 
New type domainV1.Bet

[2019-03-09 23:03:52 #5 type.registry] 
New type java.util.Hashtable<java.lang.String,domainV1.Bet>

[2019-03-09 23:03:52 #6 type.registry] 
New type domainV1.Event

[2019-03-09 23:03:52 #7 type] 
Type domainV1.Bet is not enhanced.

[2019-03-09 23:03:52 #8 type.registry] 
New type domainV1.User

[2019-03-09 23:03:52 #9 type] 
Type domainV1.Event is not enhanced.

[2019-03-09 23:03:52 #10 type.registry] 
New type java.util.Vector<domainV1.Question>

[2019-03-09 23:03:52 #11 type] 
Type domainV1.User is not enhanced.

[2019-03-09 23:03:52 #12 type.registry] 
New type java.util.Vector<java.lang.Object>

[2019-03-09 23:03:52 #13 type.registry] 
New type java.util.Hashtable<java.lang.Object,java.lang.Object>

------------------------------------------------------------------------------------------------------------------------

[2019-03-09 23:04:10 #1 store] 
Database 'C:\Users\Carlos Dominguez\Desktop\BetAndRuin_FloatSoft\resources\db\bets.odb' has been recovered (tr. 1-6)

[2019-03-09 23:04:10 #2 store] 
Database 'C:\Users\Carlos Dominguez\Desktop\BetAndRuin_FloatSoft\resources\db\bets.odb' is opened by 9656@DESKTOP-F3FKHV4

[2019-03-09 23:04:10 #3 type] 
Type domainV1.Question is not enhanced.

[2019-03-09 23:04:10 #4 type] 
Type domainV1.Bet is not enhanced.

[2019-03-09 23:04:10 #5 type] 
Type domainV1.Event is not enhanced.

[2019-03-09 23:04:10 #6 type] 
Type domainV1.User is not enhanced.

[2019-03-09 23:04:10 #7 type.registry] 
New type java.util.LinkedList<java.lang.Object>

[2019-03-09 23:04:10 #8 type.registry] 
New type java.util.LinkedList<java.lang.String>

------------------------------------------------------------------------------------------------------------------------

[2019-03-09 23:04:59 #1 store] 
Database 'C:\Users\Carlos Dominguez\Desktop\BetAndRuin_FloatSoft\resources\db\bets.odb' has been recovered (tr. 7-3646)

[2019-03-09 23:04:59 #2 store] 
Database 'C:\Users\Carlos Dominguez\Desktop\BetAndRuin_FloatSoft\resources\db\bets.odb' is opened by 13888@DESKTOP-F3FKHV4

[2019-03-09 23:04:59 #3 type] 
Type domainV1.Question is not enhanced.

[2019-03-09 23:04:59 #4 type] 
Type domainV1.Bet is not enhanced.

[2019-03-09 23:04:59 #5 type] 
Type domainV1.Event is not enhanced.

[2019-03-09 23:04:59 #6 type] 
Type domainV1.User is not enhanced.

------------------------------------------------------------------------------------------------------------------------

[2019-03-09 23:05:26 #1 store] 
Database 'C:\Users\Carlos Dominguez\Desktop\BetAndRuin_FloatSoft\resources\db\bets.odb' has been recovered (tr. 3647-4532)

[2019-03-09 23:05:26 #2 store] 
Database 'C:\Users\Carlos Dominguez\Desktop\BetAndRuin_FloatSoft\resources\db\bets.odb' is opened by 284@DESKTOP-F3FKHV4

[2019-03-09 23:05:27 #3 type] 
Type domainV1.Question is not enhanced.

[2019-03-09 23:05:27 #4 type] 
Type domainV1.Bet is not enhanced.

[2019-03-09 23:05:27 #5 type] 
Type domainV1.Event is not enhanced.

[2019-03-09 23:05:27 #6 type] 
Type domainV1.User is not enhanced.

------------------------------------------------------------------------------------------------------------------------

[2019-03-09 23:05:32 #1 store] 
Database 'C:\Users\Carlos Dominguez\Desktop\BetAndRuin_FloatSoft\resources\db\bets.odb' has been recovered (tr. 4533-4650)

[2019-03-09 23:05:32 #2 store] 
Database 'C:\Users\Carlos Dominguez\Desktop\BetAndRuin_FloatSoft\resources\db\bets.odb' is opened by 13328@DESKTOP-F3FKHV4

[2019-03-09 23:05:32 #3 type] 
Type domainV1.Question is not enhanced.

[2019-03-09 23:05:32 #4 type] 
Type domainV1.Bet is not enhanced.

[2019-03-09 23:05:32 #5 type] 
Type domainV1.Event is not enhanced.

[2019-03-09 23:05:32 #6 type] 
Type domainV1.User is not enhanced.

------------------------------------------------------------------------------------------------------------------------

[2019-03-09 23:05:45 #1 store] 
Database 'C:\Users\Carlos Dominguez\Desktop\BetAndRuin_FloatSoft\resources\db\bets.odb' has been recovered (tr. 4651-4733)

[2019-03-09 23:05:45 #2 store] 
Database 'C:\Users\Carlos Dominguez\Desktop\BetAndRuin_FloatSoft\resources\db\bets.odb' is opened by 7240@DESKTOP-F3FKHV4

[2019-03-09 23:05:45 #3 type] 
Type domainV1.Question is not enhanced.

[2019-03-09 23:05:45 #4 type] 
Type domainV1.Bet is not enhanced.

[2019-03-09 23:05:45 #5 type] 
Type domainV1.Event is not enhanced.

[2019-03-09 23:05:45 #6 type] 
Type domainV1.User is not enhanced.

------------------------------------------------------------------------------------------------------------------------

[2019-03-09 23:10:16 #1 store] 
Database 'C:\Users\Carlos Dominguez\Desktop\BetAndRuin_FloatSoft\resources\db\bets.odb' has been recovered (tr. 4734-4739)

[2019-03-09 23:10:16 #2 store] 
Database 'C:\Users\Carlos Dominguez\Desktop\BetAndRuin_FloatSoft\resources\db\bets.odb' is opened by 1068@DESKTOP-F3FKHV4

[2019-03-09 23:10:16 #3 type] 
Type domainV1.Question is not enhanced.

[2019-03-09 23:10:16 #4 type] 
Type domainV1.Bet is not enhanced.

[2019-03-09 23:10:16 #5 type] 
Type domainV1.Event is not enhanced.

[2019-03-09 23:10:16 #6 type] 
Type domainV1.User is not enhanced.

------------------------------------------------------------------------------------------------------------------------

[2019-03-09 23:10:28 #1 store] 
Database 'C:\Users\Carlos Dominguez\Desktop\BetAndRuin_FloatSoft\resources\db\bets.odb' has been recovered (tr. 4740-5205)

[2019-03-09 23:10:28 #2 store] 
Database 'C:\Users\Carlos Dominguez\Desktop\BetAndRuin_FloatSoft\resources\db\bets.odb' is opened by 6484@DESKTOP-F3FKHV4

[2019-03-09 23:10:28 #3 type] 
Type domainV1.Question is not enhanced.

[2019-03-09 23:10:28 #4 type] 
Type domainV1.Bet is not enhanced.

[2019-03-09 23:10:28 #5 type] 
Type domainV1.Event is not enhanced.

[2019-03-09 23:10:28 #6 type] 
Type domainV1.User is not enhanced.

------------------------------------------------------------------------------------------------------------------------

[2019-03-09 23:11:50 #1 store] 
Database 'C:\Users\Carlos Dominguez\Desktop\BetAndRuin_FloatSoft\resources\db\bets.odb' has been recovered (tr. 5206-7557)

[2019-03-09 23:11:50 #2 store] 
Database 'C:\Users\Carlos Dominguez\Desktop\BetAndRuin_FloatSoft\resources\db\bets.odb' is opened by 10440@DESKTOP-F3FKHV4

[2019-03-09 23:11:50 #3 type] 
Type domainV1.Question is not enhanced.

[2019-03-09 23:11:50 #4 type] 
Type domainV1.Bet is not enhanced.

[2019-03-09 23:11:50 #5 type] 
Type domainV1.Event is not enhanced.

[2019-03-09 23:11:50 #6 type] 
Type domainV1.User is not enhanced.

------------------------------------------------------------------------------------------------------------------------

[2019-03-09 23:17:36 #1 store] 
Database 'C:\Users\Carlos Dominguez\Desktop\BetAndRuin_FloatSoft\resources\db\bets.odb' is opened by 5860@DESKTOP-F3FKHV4

[2019-03-09 23:17:36 #2 type] 
Type domainV1.Question is not enhanced.

[2019-03-09 23:17:36 #3 type] 
Type domainV1.Bet is not enhanced.

[2019-03-09 23:17:36 #4 type] 
Type domainV1.Event is not enhanced.

[2019-03-09 23:17:36 #5 type] 
Type domainV1.User is not enhanced.

------------------------------------------------------------------------------------------------------------------------

[2019-03-09 23:19:02 #1 store] 
Database 'C:\Users\Carlos Dominguez\Desktop\BetAndRuin_FloatSoft\resources\db\bets.odb' has been recovered (tr. 7558-7558)

[2019-03-09 23:19:02 #2 store] 
Database 'C:\Users\Carlos Dominguez\Desktop\BetAndRuin_FloatSoft\resources\db\bets.odb' is opened by 10172@DESKTOP-F3FKHV4

[2019-03-09 23:19:02 #3 type] 
Type domainV1.Question is not enhanced.

[2019-03-09 23:19:02 #4 type] 
Type domainV1.Bet is not enhanced.

[2019-03-09 23:19:02 #5 type] 
Type domainV1.Event is not enhanced.

[2019-03-09 23:19:02 #6 type] 
Type domainV1.User is not enhanced.

------------------------------------------------------------------------------------------------------------------------

[2019-03-09 23:19:32 #1 store] 
Database 'C:\Users\Carlos Dominguez\Desktop\BetAndRuin_FloatSoft\resources\db\bets.odb' is opened by 10120@DESKTOP-F3FKHV4

[2019-03-09 23:19:32 #2 type] 
Type domainV1.Question is not enhanced.

[2019-03-09 23:19:32 #3 type] 
Type domainV1.Bet is not enhanced.

[2019-03-09 23:19:32 #4 type] 
Type domainV1.Event is not enhanced.

[2019-03-09 23:19:32 #5 type] 
Type domainV1.User is not enhanced.

------------------------------------------------------------------------------------------------------------------------

[2019-03-09 23:20:15 #1 store] 
Database 'C:\Users\Carlos Dominguez\Desktop\BetAndRuin_FloatSoft\resources\db\bets.odb' is opened by 8020@DESKTOP-F3FKHV4

[2019-03-09 23:20:16 #2 type] 
Type domainV1.Question is not enhanced.

[2019-03-09 23:20:16 #3 type] 
Type domainV1.Bet is not enhanced.

[2019-03-09 23:20:16 #4 type] 
Type domainV1.Event is not enhanced.

[2019-03-09 23:20:16 #5 type] 
Type domainV1.User is not enhanced.

------------------------------------------------------------------------------------------------------------------------

[2019-03-09 23:23:41 #1 store] 
Database 'C:\Users\Carlos Dominguez\Desktop\BetAndRuin_FloatSoft\resources\db\bets.odb' has been recovered (tr. 7559-7559)

[2019-03-09 23:23:41 #2 store] 
Database 'C:\Users\Carlos Dominguez\Desktop\BetAndRuin_FloatSoft\resources\db\bets.odb' is opened by 6228@DESKTOP-F3FKHV4

[2019-03-09 23:23:41 #3 type] 
Type domainV1.Question is not enhanced.

[2019-03-09 23:23:41 #4 type] 
Type domainV1.Bet is not enhanced.

[2019-03-09 23:23:41 #5 type] 
Type domainV1.Event is not enhanced.

[2019-03-09 23:23:41 #6 type] 
Type domainV1.User is not enhanced.

