------------------------------------------------------------------------------------------------------------------------

[2019-02-20 16:23:24 #1 store] 
Database 'C:\Users\Carlos Dominguez\Desktop\BetAndRuin\resources\db\UsersDB.odb' has been recovered (tr. 42-42)

[2019-02-20 16:23:24 #2 store] 
Database 'C:\Users\Carlos Dominguez\Desktop\BetAndRuin\resources\db\UsersDB.odb' is opened by 3904@DESKTOP-F3FKHV4

[2019-02-20 16:23:24 #3 type] 
Type domain.User is not enhanced.

------------------------------------------------------------------------------------------------------------------------

[2019-02-20 16:23:51 #1 store] 
Database 'C:\Users\Carlos Dominguez\Desktop\BetAndRuin\resources\db\UsersDB.odb' is opened by 4960@DESKTOP-F3FKHV4

[2019-02-20 16:23:51 #2 type] 
Type domain.User is not enhanced.

------------------------------------------------------------------------------------------------------------------------

[2019-02-20 16:25:49 #1 store] 
Database 'C:\Users\Carlos Dominguez\Desktop\BetAndRuin\resources\db\UsersDB.odb' is opened by 13232@DESKTOP-F3FKHV4

[2019-02-20 16:25:49 #2 type] 
Type domain.User is not enhanced.

------------------------------------------------------------------------------------------------------------------------

[2019-02-20 16:26:16 #1 store] 
Database 'C:\Users\Carlos Dominguez\Desktop\BetAndRuin\resources\db\UsersDB.odb' is opened by 6020@DESKTOP-F3FKHV4

[2019-02-20 16:26:16 #2 type] 
Type domain.User is not enhanced.

------------------------------------------------------------------------------------------------------------------------

[2019-02-20 16:28:49 #1 store] 
Database 'C:\Users\Carlos Dominguez\Desktop\BetAndRuin\resources\db\UsersDB.odb' is opened by 4876@DESKTOP-F3FKHV4

[2019-02-20 16:28:50 #2 type] 
Type domain.User is not enhanced.

------------------------------------------------------------------------------------------------------------------------

[2019-02-20 16:29:47 #1 store] 
Database 'C:\Users\Carlos Dominguez\Desktop\BetAndRuin\resources\db\UsersDB.odb' is opened by 348@DESKTOP-F3FKHV4

[2019-02-20 16:29:47 #2 type] 
Type domain.User is not enhanced.

------------------------------------------------------------------------------------------------------------------------

[2019-02-20 16:31:04 #1 store] 
Database 'C:\Users\Carlos Dominguez\Desktop\BetAndRuin\resources\db\UsersDB.odb' is opened by 11940@DESKTOP-F3FKHV4

[2019-02-20 16:31:04 #2 type] 
Type domain.User is not enhanced.

------------------------------------------------------------------------------------------------------------------------

[2019-02-20 16:31:19 #1 store] 
Database 'C:\Users\Carlos Dominguez\Desktop\BetAndRuin\resources\db\UsersDB.odb' is opened by 3356@DESKTOP-F3FKHV4

[2019-02-20 16:31:19 #2 type] 
Type domain.User is not enhanced.

------------------------------------------------------------------------------------------------------------------------

[2019-02-20 16:33:05 #1 store] 
Database 'C:\Users\Carlos Dominguez\Desktop\BetAndRuin\resources\db\UsersDB.odb' is opened by 4696@DESKTOP-F3FKHV4

[2019-02-20 16:33:05 #2 type] 
Type domain.User is not enhanced.

------------------------------------------------------------------------------------------------------------------------

[2019-02-20 16:33:55 #1 store] 
Database 'C:\Users\Carlos Dominguez\Desktop\BetAndRuin\resources\db\UsersDB.odb' is opened by 10364@DESKTOP-F3FKHV4

[2019-02-20 16:33:55 #2 type] 
Type domain.User is not enhanced.

------------------------------------------------------------------------------------------------------------------------

[2019-02-20 16:34:51 #1 store] 
Database 'C:\Users\Carlos Dominguez\Desktop\BetAndRuin\resources\db\UsersDB.odb' is opened by 8976@DESKTOP-F3FKHV4

[2019-02-20 16:34:52 #2 type] 
Type domain.User is not enhanced.

------------------------------------------------------------------------------------------------------------------------

[2019-02-20 16:37:05 #1 store] 
Database 'C:\Users\Carlos Dominguez\Desktop\BetAndRuin\resources\db\UsersDB.odb' is opened by 748@DESKTOP-F3FKHV4

[2019-02-20 16:37:05 #2 type] 
Type domain.User is not enhanced.

------------------------------------------------------------------------------------------------------------------------

[2019-02-20 16:37:55 #1 store] 
Database 'C:\Users\Carlos Dominguez\Desktop\BetAndRuin\resources\db\UsersDB.odb' is opened by 1952@DESKTOP-F3FKHV4

[2019-02-20 16:37:55 #2 type] 
Type domain.User is not enhanced.

------------------------------------------------------------------------------------------------------------------------

[2019-02-20 16:38:36 #1 store] 
Database 'C:\Users\Carlos Dominguez\Desktop\BetAndRuin\resources\db\UsersDB.odb' is opened by 9660@DESKTOP-F3FKHV4

[2019-02-20 16:38:36 #2 type] 
Type domain.User is not enhanced.

------------------------------------------------------------------------------------------------------------------------

[2019-02-20 16:39:14 #1 store] 
Database 'C:\Users\Carlos Dominguez\Desktop\BetAndRuin\resources\db\UsersDB.odb' is opened by 8904@DESKTOP-F3FKHV4

[2019-02-20 16:39:15 #2 type] 
Type domain.User is not enhanced.

------------------------------------------------------------------------------------------------------------------------

[2019-02-20 16:39:46 #1 store] 
Database 'C:\Users\Carlos Dominguez\Desktop\BetAndRuin\resources\db\UsersDB.odb' is opened by 11540@DESKTOP-F3FKHV4

[2019-02-20 16:39:46 #2 type] 
Type domain.User is not enhanced.

------------------------------------------------------------------------------------------------------------------------

[2019-02-20 16:43:42 #1 store] 
Database 'C:\Users\Carlos Dominguez\Desktop\BetAndRuin\resources\db\UsersDB.odb' is opened by 13168@DESKTOP-F3FKHV4

[2019-02-20 16:43:42 #2 type] 
Type domain.User is not enhanced.

------------------------------------------------------------------------------------------------------------------------

[2019-02-20 16:45:11 #1 store] 
Database 'C:\Users\Carlos Dominguez\Desktop\BetAndRuin\resources\db\UsersDB.odb' is opened by 936@DESKTOP-F3FKHV4

[2019-02-20 16:45:11 #2 type] 
Type domain.User is not enhanced.

------------------------------------------------------------------------------------------------------------------------

[2019-02-20 16:46:46 #1 store] 
Database 'C:\Users\Carlos Dominguez\Desktop\BetAndRuin\resources\db\UsersDB.odb' is opened by 11824@DESKTOP-F3FKHV4

[2019-02-20 16:46:46 #2 type] 
Type domain.User is not enhanced.

------------------------------------------------------------------------------------------------------------------------

[2019-02-20 16:48:19 #1 store] 
Database 'C:\Users\Carlos Dominguez\Desktop\BetAndRuin\resources\db\UsersDB.odb' is opened by 12776@DESKTOP-F3FKHV4

[2019-02-20 16:48:19 #2 type] 
Type domain.User is not enhanced.

------------------------------------------------------------------------------------------------------------------------

[2019-02-20 16:54:55 #1 store] 
Database 'C:\Users\Carlos Dominguez\Desktop\BetAndRuin\resources\db\bets.odb' is opened by 3060@DESKTOP-F3FKHV4

[2019-02-20 16:54:55 #2 type.registry] 
New type domain.Event

[2019-02-20 16:54:55 #3 type] 
Type domain.Event is not enhanced.

[2019-02-20 16:54:55 #4 type.registry] 
New type domain.Question

[2019-02-20 16:54:55 #5 type.registry] 
New type java.util.Vector<domain.Question>

[2019-02-20 16:54:55 #6 type] 
Type domain.Question is not enhanced.

[2019-02-20 16:54:55 #7 type.registry] 
New type domain.User

[2019-02-20 16:54:55 #8 type.registry] 
New type domain.Bet

[2019-02-20 16:54:55 #9 type.registry] 
New type java.util.HashMap<domain.User,domain.Bet>

[2019-02-20 16:54:55 #10 type] 
Type domain.User is not enhanced.

------------------------------------------------------------------------------------------------------------------------

[2019-02-20 16:55:51 #1 store] 
Database 'C:\Users\Carlos Dominguez\Desktop\BetAndRuin\resources\db\bets.odb' is opened by 12108@DESKTOP-F3FKHV4

[2019-02-20 16:55:51 #2 type] 
Type domain.Event is not enhanced.

[2019-02-20 16:55:51 #3 type] 
Type domain.Question is not enhanced.

[2019-02-20 16:55:51 #4 type] 
Type domain.User is not enhanced.

------------------------------------------------------------------------------------------------------------------------

[2019-02-20 16:56:37 #1 store] 
Database 'C:\Users\Carlos Dominguez\Desktop\BetAndRuin\resources\db\bets.odb' is opened by 3608@DESKTOP-F3FKHV4

[2019-02-20 16:56:37 #2 type] 
Type domain.Event is not enhanced.

[2019-02-20 16:56:37 #3 type] 
Type domain.Question is not enhanced.

[2019-02-20 16:56:37 #4 type] 
Type domain.User is not enhanced.

------------------------------------------------------------------------------------------------------------------------

[2019-02-20 16:57:35 #1 store] 
Database 'C:\Users\Carlos Dominguez\Desktop\BetAndRuin\resources\db\bets.odb' is opened by 9328@DESKTOP-F3FKHV4

[2019-02-20 16:57:35 #2 type] 
Type domain.Event is not enhanced.

[2019-02-20 16:57:35 #3 type] 
Type domain.Question is not enhanced.

[2019-02-20 16:57:35 #4 type] 
Type domain.User is not enhanced.

[2019-02-20 16:57:35 #5 type.registry] 
New type java.util.Vector<java.lang.Object>

------------------------------------------------------------------------------------------------------------------------

[2019-02-20 16:57:38 #1 store] 
Database 'C:\Users\Carlos Dominguez\Desktop\BetAndRuin\resources\db\bets.odb' has been recovered (tr. 4-5)

[2019-02-20 16:57:38 #2 store] 
Database 'C:\Users\Carlos Dominguez\Desktop\BetAndRuin\resources\db\bets.odb' is opened by 12300@DESKTOP-F3FKHV4

[2019-02-20 16:57:39 #3 type] 
Type domain.Event is not enhanced.

[2019-02-20 16:57:39 #4 type] 
Type domain.Question is not enhanced.

[2019-02-20 16:57:39 #5 type] 
Type domain.User is not enhanced.

------------------------------------------------------------------------------------------------------------------------

[2019-02-20 17:07:01 #1 store] 
Database 'C:\Users\Carlos Dominguez\Desktop\BetAndRuin\resources\db\bets.odb' is opened by 9340@DESKTOP-F3FKHV4

[2019-02-20 17:07:01 #2 type] 
Type domain.Event is not enhanced.

[2019-02-20 17:07:01 #3 type] 
Type domain.Question is not enhanced.

[2019-02-20 17:07:01 #4 type] 
Type domain.User is not enhanced.

[2019-02-20 17:07:04 #5 store] 
Database 'C:\Users\Carlos Dominguez\Desktop\BetAndRuin\resources\db\UsersDB.odb' is opened by 9340@DESKTOP-F3FKHV4

------------------------------------------------------------------------------------------------------------------------

[2019-02-20 17:07:53 #1 store] 
Database 'C:\Users\Carlos Dominguez\Desktop\BetAndRuin\resources\db\UsersDB.odb' is opened by 2368@DESKTOP-F3FKHV4

[2019-02-20 17:07:53 #2 type] 
Type domain.User is not enhanced.

[2019-02-20 17:07:54 #3 store] 
Database 'C:\Users\Carlos Dominguez\Desktop\BetAndRuin\resources\db\bets.odb' is opened by 2368@DESKTOP-F3FKHV4

[2019-02-20 17:07:54 #4 type] 
Type domain.Event is not enhanced.

[2019-02-20 17:07:54 #5 type] 
Type domain.Question is not enhanced.

------------------------------------------------------------------------------------------------------------------------

[2019-02-20 17:08:03 #1 store] 
Database 'C:\Users\Carlos Dominguez\Desktop\BetAndRuin\resources\db\bets.odb' is opened by 9196@DESKTOP-F3FKHV4

[2019-02-20 17:08:03 #2 type] 
Type domain.Event is not enhanced.

[2019-02-20 17:08:03 #3 type] 
Type domain.Question is not enhanced.

[2019-02-20 17:08:03 #4 type] 
Type domain.User is not enhanced.

------------------------------------------------------------------------------------------------------------------------

[2019-02-20 17:08:24 #1 store] 
Database 'C:\Users\Carlos Dominguez\Desktop\BetAndRuin\resources\db\bets.odb' is opened by 11544@DESKTOP-F3FKHV4

[2019-02-20 17:08:24 #2 type] 
Type domain.Event is not enhanced.

[2019-02-20 17:08:24 #3 type] 
Type domain.Question is not enhanced.

[2019-02-20 17:08:24 #4 type] 
Type domain.User is not enhanced.

------------------------------------------------------------------------------------------------------------------------

[2019-02-20 17:11:57 #1 store] 
Database 'C:\Users\Carlos Dominguez\Desktop\BetAndRuin\resources\db\bets.odb' is opened by 2308@DESKTOP-F3FKHV4

[2019-02-20 17:11:57 #2 type] 
Type domain.Event is not enhanced.

[2019-02-20 17:11:57 #3 type] 
Type domain.Question is not enhanced.

[2019-02-20 17:11:57 #4 type] 
Type domain.User is not enhanced.

------------------------------------------------------------------------------------------------------------------------

[2019-02-20 17:13:10 #1 store] 
Database 'C:\Users\Carlos Dominguez\Desktop\BetAndRuin\resources\db\UsersDB.odb' is opened by 9908@DESKTOP-F3FKHV4

[2019-02-20 17:13:10 #2 type] 
Type domain.User is not enhanced.

[2019-02-20 17:13:22 #3 store] 
Database 'C:\Users\Carlos Dominguez\Desktop\BetAndRuin\resources\db\bets.odb' is opened by 9908@DESKTOP-F3FKHV4

[2019-02-20 17:13:22 #4 type] 
Type domain.Event is not enhanced.

[2019-02-20 17:13:22 #5 type] 
Type domain.Question is not enhanced.

------------------------------------------------------------------------------------------------------------------------

[2019-02-20 17:18:55 #1 store] 
Database 'C:\Users\Carlos Dominguez\Desktop\BetAndRuin\resources\db\bets.odb' is opened by 5384@DESKTOP-F3FKHV4

[2019-02-20 17:18:55 #2 type] 
Type domain.Event is not enhanced.

[2019-02-20 17:18:55 #3 type] 
Type domain.Question is not enhanced.

[2019-02-20 17:18:55 #4 type] 
Type domain.User is not enhanced.

------------------------------------------------------------------------------------------------------------------------

[2019-02-20 17:19:14 #1 store] 
Database 'C:\Users\Carlos Dominguez\Desktop\BetAndRuin\resources\db\bets.odb' is opened by 8448@DESKTOP-F3FKHV4

[2019-02-20 17:19:14 #2 type] 
Type domain.Event is not enhanced.

[2019-02-20 17:19:14 #3 type] 
Type domain.Question is not enhanced.

[2019-02-20 17:19:14 #4 type] 
Type domain.User is not enhanced.

[2019-02-20 17:19:18 #5 store] 
Database 'C:\Users\Carlos Dominguez\Desktop\BetAndRuin\resources\db\UsersDB.odb' is opened by 8448@DESKTOP-F3FKHV4

------------------------------------------------------------------------------------------------------------------------

[2019-02-20 17:23:21 #1 store] 
Database 'C:\Users\Carlos Dominguez\Desktop\BetAndRuin\resources\db\bets.odb' is opened by 11728@DESKTOP-F3FKHV4

[2019-02-20 17:23:21 #2 type] 
Type domain.Event is not enhanced.

[2019-02-20 17:23:21 #3 type] 
Type domain.Question is not enhanced.

[2019-02-20 17:23:21 #4 type] 
Type domain.User is not enhanced.

------------------------------------------------------------------------------------------------------------------------

[2019-02-20 17:23:34 #1 store] 
Database 'C:\Users\Carlos Dominguez\Desktop\BetAndRuin\resources\db\bets.odb' is opened by 10148@DESKTOP-F3FKHV4

[2019-02-20 17:23:34 #2 type] 
Type domain.Event is not enhanced.

[2019-02-20 17:23:34 #3 type] 
Type domain.Question is not enhanced.

[2019-02-20 17:23:34 #4 type] 
Type domain.User is not enhanced.

[2019-02-20 17:23:36 #5 store] 
Database 'C:\Users\Carlos Dominguez\Desktop\BetAndRuin\resources\db\UsersDB.odb' is opened by 10148@DESKTOP-F3FKHV4

------------------------------------------------------------------------------------------------------------------------

[2019-02-20 17:24:24 #1 store] 
Database 'C:\Users\Carlos Dominguez\Desktop\BetAndRuin\resources\db\bets.odb' is opened by 9680@DESKTOP-F3FKHV4

[2019-02-20 17:24:24 #2 type] 
Type domain.Event is not enhanced.

[2019-02-20 17:24:24 #3 type] 
Type domain.Question is not enhanced.

[2019-02-20 17:24:24 #4 type] 
Type domain.User is not enhanced.

[2019-02-20 17:24:25 #5 store] 
Database 'C:\Users\Carlos Dominguez\Desktop\BetAndRuin\resources\db\UsersDB.odb' is opened by 9680@DESKTOP-F3FKHV4

------------------------------------------------------------------------------------------------------------------------

[2019-02-20 17:28:17 #1 store] 
Database 'C:\Users\Carlos Dominguez\Desktop\BetAndRuin\resources\db\bets.odb' is opened by 7252@DESKTOP-F3FKHV4

[2019-02-20 17:28:17 #2 type] 
Type domain.Event is not enhanced.

[2019-02-20 17:28:17 #3 type] 
Type domain.Question is not enhanced.

[2019-02-20 17:28:17 #4 type] 
Type domain.User is not enhanced.

------------------------------------------------------------------------------------------------------------------------

[2019-02-20 17:29:53 #1 store] 
Database 'C:\Users\Carlos Dominguez\Desktop\BetAndRuin\resources\db\bets.odb' is opened by 2120@DESKTOP-F3FKHV4

[2019-02-20 17:29:53 #2 type] 
Type domain.Event is not enhanced.

[2019-02-20 17:29:53 #3 type] 
Type domain.Question is not enhanced.

[2019-02-20 17:29:53 #4 type] 
Type domain.User is not enhanced.

------------------------------------------------------------------------------------------------------------------------

[2019-02-20 17:34:42 #1 store] 
Database 'C:\Users\Carlos Dominguez\Desktop\BetAndRuin\resources\db\bets.odb' is opened by 10564@DESKTOP-F3FKHV4

[2019-02-20 17:34:42 #2 type] 
Type domain.Event is not enhanced.

[2019-02-20 17:34:42 #3 type] 
Type domain.Question is not enhanced.

[2019-02-20 17:34:42 #4 type] 
Type domain.User is not enhanced.

[2019-02-20 17:34:43 #5 store] 
Database 'C:\Users\Carlos Dominguez\Desktop\BetAndRuin\resources\db\UsersDB.odb' is opened by 10564@DESKTOP-F3FKHV4

------------------------------------------------------------------------------------------------------------------------

[2019-02-20 17:36:38 #1 store] 
Database 'C:\Users\Carlos Dominguez\Desktop\BetAndRuin\resources\db\bets.odb' is opened by 6728@DESKTOP-F3FKHV4

[2019-02-20 17:36:38 #2 type] 
Type domain.Event is not enhanced.

[2019-02-20 17:36:38 #3 type] 
Type domain.Question is not enhanced.

[2019-02-20 17:36:38 #4 type] 
Type domain.User is not enhanced.

[2019-02-20 17:36:48 #5 store] 
Database 'C:\Users\Carlos Dominguez\Desktop\BetAndRuin\resources\db\UsersDB.odb' is opened by 6728@DESKTOP-F3FKHV4

------------------------------------------------------------------------------------------------------------------------

[2019-02-20 17:37:17 #1 store] 
Database 'C:\Users\Carlos Dominguez\Desktop\BetAndRuin\resources\db\UsersDB.odb' is opened by 3532@DESKTOP-F3FKHV4

[2019-02-20 17:37:17 #2 type] 
Type domain.User is not enhanced.

------------------------------------------------------------------------------------------------------------------------

[2019-02-20 17:38:23 #1 store] 
Database 'C:\Users\Carlos Dominguez\Desktop\BetAndRuin\resources\db\bets.odb' is opened by 12684@DESKTOP-F3FKHV4

[2019-02-20 17:38:23 #2 type] 
Type domain.Event is not enhanced.

[2019-02-20 17:38:23 #3 type] 
Type domain.Question is not enhanced.

[2019-02-20 17:38:23 #4 type] 
Type domain.User is not enhanced.

[2019-02-20 17:38:25 #5 store] 
Database 'C:\Users\Carlos Dominguez\Desktop\BetAndRuin\resources\db\UsersDB.odb' is opened by 12684@DESKTOP-F3FKHV4

------------------------------------------------------------------------------------------------------------------------

[2019-02-20 17:39:28 #1 store] 
Database 'C:\Users\Carlos Dominguez\Desktop\BetAndRuin\resources\db\UsersDB.odb' is opened by 2112@DESKTOP-F3FKHV4

[2019-02-20 17:39:28 #2 type] 
Type domain.User is not enhanced.

[2019-02-20 17:39:30 #3 store] 
Database 'C:\Users\Carlos Dominguez\Desktop\BetAndRuin\resources\db\bets.odb' is opened by 2112@DESKTOP-F3FKHV4

[2019-02-20 17:39:30 #4 type] 
Type domain.Event is not enhanced.

[2019-02-20 17:39:30 #5 type] 
Type domain.Question is not enhanced.

------------------------------------------------------------------------------------------------------------------------

[2019-02-20 17:40:43 #1 store] 
Database 'C:\Users\Carlos Dominguez\Desktop\BetAndRuin\resources\db\bets.odb' is opened by 12060@DESKTOP-F3FKHV4

[2019-02-20 17:40:43 #2 type] 
Type domain.Event is not enhanced.

[2019-02-20 17:40:43 #3 type] 
Type domain.Question is not enhanced.

[2019-02-20 17:40:43 #4 type] 
Type domain.User is not enhanced.

[2019-02-20 17:40:44 #5 store] 
Database 'C:\Users\Carlos Dominguez\Desktop\BetAndRuin\resources\db\UsersDB.odb' is opened by 12060@DESKTOP-F3FKHV4

------------------------------------------------------------------------------------------------------------------------

[2019-02-20 17:44:02 #1 store] 
Database 'C:\Users\Carlos Dominguez\Desktop\BetAndRuin\resources\db\UsersDB.odb' is opened by 12808@DESKTOP-F3FKHV4

[2019-02-20 17:44:02 #2 type] 
Type domain.User is not enhanced.

[2019-02-20 17:44:04 #3 store] 
Database 'C:\Users\Carlos Dominguez\Desktop\BetAndRuin\resources\db\bets.odb' is opened by 12808@DESKTOP-F3FKHV4

[2019-02-20 17:44:04 #4 type] 
Type domain.Event is not enhanced.

[2019-02-20 17:44:04 #5 type] 
Type domain.Question is not enhanced.

------------------------------------------------------------------------------------------------------------------------

[2019-02-20 17:45:20 #1 store] 
Database 'C:\Users\Carlos Dominguez\Desktop\BetAndRuin\resources\db\bets.odb' is opened by 11936@DESKTOP-F3FKHV4

[2019-02-20 17:45:20 #2 type] 
Type domain.Event is not enhanced.

[2019-02-20 17:45:20 #3 type] 
Type domain.Question is not enhanced.

[2019-02-20 17:45:20 #4 type] 
Type domain.User is not enhanced.

[2019-02-20 17:45:23 #5 store] 
Database 'C:\Users\Carlos Dominguez\Desktop\BetAndRuin\resources\db\UsersDB.odb' is opened by 11936@DESKTOP-F3FKHV4

------------------------------------------------------------------------------------------------------------------------

[2019-02-20 17:45:43 #1 store] 
Database 'C:\Users\Carlos Dominguez\Desktop\BetAndRuin\resources\db\UsersDB.odb' is opened by 3940@DESKTOP-F3FKHV4

[2019-02-20 17:45:43 #2 type] 
Type domain.User is not enhanced.

[2019-02-20 17:45:48 #3 store] 
Database 'C:\Users\Carlos Dominguez\Desktop\BetAndRuin\resources\db\bets.odb' is opened by 3940@DESKTOP-F3FKHV4

[2019-02-20 17:45:48 #4 type] 
Type domain.Event is not enhanced.

[2019-02-20 17:45:48 #5 type] 
Type domain.Question is not enhanced.

------------------------------------------------------------------------------------------------------------------------

[2019-02-20 17:46:18 #1 store] 
Database 'C:\Users\Carlos Dominguez\Desktop\BetAndRuin\resources\db\bets.odb' is opened by 2020@DESKTOP-F3FKHV4

[2019-02-20 17:46:18 #2 type] 
Type domain.Event is not enhanced.

[2019-02-20 17:46:18 #3 type] 
Type domain.Question is not enhanced.

[2019-02-20 17:46:18 #4 type] 
Type domain.User is not enhanced.

[2019-02-20 17:46:27 #5 store] 
Database 'C:\Users\Carlos Dominguez\Desktop\BetAndRuin\resources\db\UsersDB.odb' is opened by 2020@DESKTOP-F3FKHV4

------------------------------------------------------------------------------------------------------------------------

[2019-02-20 17:47:58 #1 store] 
Database 'C:\Users\Carlos Dominguez\Desktop\BetAndRuin\resources\db\bets.odb' is opened by 12388@DESKTOP-F3FKHV4

[2019-02-20 17:47:58 #2 type] 
Type domain.Event is not enhanced.

[2019-02-20 17:47:58 #3 type] 
Type domain.Question is not enhanced.

[2019-02-20 17:47:58 #4 type] 
Type domain.User is not enhanced.

------------------------------------------------------------------------------------------------------------------------

[2019-02-20 17:48:20 #1 store] 
Database 'C:\Users\Carlos Dominguez\Desktop\BetAndRuin\resources\db\UsersDB.odb' is opened by 1608@DESKTOP-F3FKHV4

[2019-02-20 17:48:20 #2 type] 
Type domain.User is not enhanced.

[2019-02-20 17:48:23 #3 store] 
Database 'C:\Users\Carlos Dominguez\Desktop\BetAndRuin\resources\db\bets.odb' is opened by 1608@DESKTOP-F3FKHV4

[2019-02-20 17:48:23 #4 type] 
Type domain.Event is not enhanced.

[2019-02-20 17:48:23 #5 type] 
Type domain.Question is not enhanced.

------------------------------------------------------------------------------------------------------------------------

[2019-02-20 17:48:47 #1 store] 
Database 'C:\Users\Carlos Dominguez\Desktop\BetAndRuin\resources\db\UsersDB.odb' is opened by 9828@DESKTOP-F3FKHV4

[2019-02-20 17:48:47 #2 type] 
Type domain.User is not enhanced.

[2019-02-20 17:49:12 #3 store] 
Database 'C:\Users\Carlos Dominguez\Desktop\BetAndRuin\resources\db\bets.odb' is opened by 9828@DESKTOP-F3FKHV4

[2019-02-20 17:49:12 #4 type] 
Type domain.Event is not enhanced.

[2019-02-20 17:49:12 #5 type] 
Type domain.Question is not enhanced.

------------------------------------------------------------------------------------------------------------------------

[2019-02-20 17:50:41 #1 store] 
Database 'C:\Users\Carlos Dominguez\Desktop\BetAndRuin\resources\db\bets.odb' is opened by 3652@DESKTOP-F3FKHV4

[2019-02-20 17:50:41 #2 type] 
Type domain.Event is not enhanced.

[2019-02-20 17:50:41 #3 type] 
Type domain.Question is not enhanced.

[2019-02-20 17:50:41 #4 type] 
Type domain.User is not enhanced.

------------------------------------------------------------------------------------------------------------------------

[2019-02-20 17:51:40 #1 store] 
Database 'C:\Users\Carlos Dominguez\Desktop\BetAndRuin\resources\db\bets.odb' is opened by 6528@DESKTOP-F3FKHV4

[2019-02-20 17:51:40 #2 type] 
Type domain.Event is not enhanced.

[2019-02-20 17:51:40 #3 type] 
Type domain.Question is not enhanced.

[2019-02-20 17:51:40 #4 type] 
Type domain.User is not enhanced.

[2019-02-20 17:51:43 #5 store] 
Database 'C:\Users\Carlos Dominguez\Desktop\BetAndRuin\resources\db\UsersDB.odb' is opened by 6528@DESKTOP-F3FKHV4

------------------------------------------------------------------------------------------------------------------------

[2019-02-20 17:54:07 #1 store] 
Database 'C:\Users\Carlos Dominguez\Desktop\BetAndRuin\resources\db\UsersDB.odb' is opened by 8240@DESKTOP-F3FKHV4

[2019-02-20 17:54:07 #2 type] 
Type domain.User is not enhanced.

------------------------------------------------------------------------------------------------------------------------

[2019-02-20 18:05:38 #1 store] 
Database 'C:\Users\Carlos Dominguez\Desktop\BetAndRuin\resources\db\UsersDB.odb' is opened by 4420@DESKTOP-F3FKHV4

[2019-02-20 18:05:38 #2 type] 
Type domain.User is not enhanced.

[2019-02-20 18:05:43 #3 store] 
Database 'C:\Users\Carlos Dominguez\Desktop\BetAndRuin\resources\db\bets.odb' is opened by 4420@DESKTOP-F3FKHV4

[2019-02-20 18:05:43 #4 type] 
Type domain.Event is not enhanced.

[2019-02-20 18:05:43 #5 type] 
Type domain.Question is not enhanced.

------------------------------------------------------------------------------------------------------------------------

[2019-02-20 18:06:37 #1 store] 
Database 'C:\Users\Carlos Dominguez\Desktop\BetAndRuin\resources\db\UsersDB.odb' is opened by 4736@DESKTOP-F3FKHV4

[2019-02-20 18:06:37 #2 type] 
Type domain.User is not enhanced.

[2019-02-20 18:06:47 #3 store] 
Database 'C:\Users\Carlos Dominguez\Desktop\BetAndRuin\resources\db\bets.odb' is opened by 4736@DESKTOP-F3FKHV4

[2019-02-20 18:06:47 #4 type] 
Type domain.Event is not enhanced.

[2019-02-20 18:06:47 #5 type] 
Type domain.Question is not enhanced.

------------------------------------------------------------------------------------------------------------------------

[2019-02-20 18:07:52 #1 store] 
Database 'C:\Users\Carlos Dominguez\Desktop\BetAndRuin\resources\db\bets.odb' is opened by 880@DESKTOP-F3FKHV4

[2019-02-20 18:07:52 #2 type] 
Type domain.Event is not enhanced.

[2019-02-20 18:07:52 #3 type] 
Type domain.Question is not enhanced.

[2019-02-20 18:07:52 #4 type] 
Type domain.User is not enhanced.

------------------------------------------------------------------------------------------------------------------------

[2019-02-20 18:09:14 #1 store] 
Database 'C:\Users\Carlos Dominguez\Desktop\BetAndRuin\resources\db\bets.odb' is opened by 12132@DESKTOP-F3FKHV4

[2019-02-20 18:09:15 #2 type] 
Type domain.Event is not enhanced.

[2019-02-20 18:09:15 #3 type] 
Type domain.Question is not enhanced.

[2019-02-20 18:09:15 #4 type] 
Type domain.User is not enhanced.

------------------------------------------------------------------------------------------------------------------------

[2019-02-20 18:13:59 #1 store] 
Database 'C:\Users\Carlos Dominguez\Desktop\BetAndRuin\resources\db\bets.odb' is opened by 7080@DESKTOP-F3FKHV4

[2019-02-20 18:13:59 #2 type] 
Type domain.Event is not enhanced.

[2019-02-20 18:13:59 #3 type] 
Type domain.Question is not enhanced.

[2019-02-20 18:13:59 #4 type] 
Type domain.User is not enhanced.

------------------------------------------------------------------------------------------------------------------------

[2019-02-20 18:14:43 #1 store] 
Database 'C:\Users\Carlos Dominguez\Desktop\BetAndRuin\resources\db\bets.odb' is opened by 10728@DESKTOP-F3FKHV4

[2019-02-20 18:14:44 #2 type] 
Type domain.Event is not enhanced.

[2019-02-20 18:14:44 #3 type] 
Type domain.Question is not enhanced.

[2019-02-20 18:14:44 #4 type] 
Type domain.User is not enhanced.

------------------------------------------------------------------------------------------------------------------------

[2019-02-20 18:15:27 #1 store] 
Database 'C:\Users\Carlos Dominguez\Desktop\BetAndRuin\resources\db\bets.odb' is opened by 4932@DESKTOP-F3FKHV4

[2019-02-20 18:15:27 #2 type] 
Type domain.Event is not enhanced.

[2019-02-20 18:15:27 #3 type] 
Type domain.Question is not enhanced.

[2019-02-20 18:15:27 #4 type] 
Type domain.User is not enhanced.

------------------------------------------------------------------------------------------------------------------------

[2019-02-20 18:15:57 #1 store] 
Database 'C:\Users\Carlos Dominguez\Desktop\BetAndRuin\resources\db\bets.odb' is opened by 10952@DESKTOP-F3FKHV4

[2019-02-20 18:15:57 #2 type] 
Type domain.Event is not enhanced.

[2019-02-20 18:15:57 #3 type] 
Type domain.Question is not enhanced.

[2019-02-20 18:15:57 #4 type] 
Type domain.User is not enhanced.

------------------------------------------------------------------------------------------------------------------------

[2019-02-20 18:16:07 #1 store] 
Database 'C:\Users\Carlos Dominguez\Desktop\BetAndRuin\resources\db\bets.odb' is opened by 12760@DESKTOP-F3FKHV4

[2019-02-20 18:16:07 #2 type] 
Type domain.Event is not enhanced.

[2019-02-20 18:16:07 #3 type] 
Type domain.Question is not enhanced.

[2019-02-20 18:16:07 #4 type] 
Type domain.User is not enhanced.

------------------------------------------------------------------------------------------------------------------------

[2019-02-20 18:16:14 #1 store] 
Database 'C:\Users\Carlos Dominguez\Desktop\BetAndRuin\resources\db\bets.odb' is opened by 13176@DESKTOP-F3FKHV4

[2019-02-20 18:16:14 #2 type] 
Type domain.Event is not enhanced.

[2019-02-20 18:16:14 #3 type] 
Type domain.Question is not enhanced.

[2019-02-20 18:16:14 #4 type] 
Type domain.User is not enhanced.

------------------------------------------------------------------------------------------------------------------------

[2019-02-20 18:17:03 #1 store] 
Database 'C:\Users\Carlos Dominguez\Desktop\BetAndRuin\resources\db\bets.odb' is opened by 11880@DESKTOP-F3FKHV4

[2019-02-20 18:17:03 #2 type] 
Type domain.Event is not enhanced.

[2019-02-20 18:17:03 #3 type] 
Type domain.Question is not enhanced.

[2019-02-20 18:17:03 #4 type] 
Type domain.User is not enhanced.

------------------------------------------------------------------------------------------------------------------------

[2019-02-20 18:19:06 #1 store] 
Database 'C:\Users\Carlos Dominguez\Desktop\BetAndRuin\resources\db\bets.odb' is opened by 4116@DESKTOP-F3FKHV4

[2019-02-20 18:19:06 #2 type] 
Type domain.Event is not enhanced.

[2019-02-20 18:19:06 #3 type] 
Type domain.Question is not enhanced.

[2019-02-20 18:19:06 #4 type] 
Type domain.User is not enhanced.

------------------------------------------------------------------------------------------------------------------------

[2019-02-20 18:19:23 #1 store] 
Database 'C:\Users\Carlos Dominguez\Desktop\BetAndRuin\resources\db\bets.odb' is opened by 7400@DESKTOP-F3FKHV4

[2019-02-20 18:19:23 #2 type] 
Type domain.Event is not enhanced.

[2019-02-20 18:19:23 #3 type] 
Type domain.Question is not enhanced.

[2019-02-20 18:19:23 #4 type] 
Type domain.User is not enhanced.

------------------------------------------------------------------------------------------------------------------------

[2019-02-20 18:19:38 #1 store] 
Database 'C:\Users\Carlos Dominguez\Desktop\BetAndRuin\resources\db\bets.odb' is opened by 5220@DESKTOP-F3FKHV4

[2019-02-20 18:19:38 #2 type] 
Type domain.Event is not enhanced.

[2019-02-20 18:19:38 #3 type] 
Type domain.Question is not enhanced.

[2019-02-20 18:19:38 #4 type] 
Type domain.User is not enhanced.

------------------------------------------------------------------------------------------------------------------------

[2019-02-20 18:19:52 #1 store] 
Database 'C:\Users\Carlos Dominguez\Desktop\BetAndRuin\resources\db\bets.odb' is opened by 3136@DESKTOP-F3FKHV4

[2019-02-20 18:19:53 #2 type] 
Type domain.Event is not enhanced.

[2019-02-20 18:19:53 #3 type] 
Type domain.Question is not enhanced.

[2019-02-20 18:19:53 #4 type] 
Type domain.User is not enhanced.

------------------------------------------------------------------------------------------------------------------------

[2019-02-20 18:20:10 #1 store] 
Database 'C:\Users\Carlos Dominguez\Desktop\BetAndRuin\resources\db\bets.odb' is opened by 4252@DESKTOP-F3FKHV4

[2019-02-20 18:20:10 #2 type] 
Type domain.Event is not enhanced.

[2019-02-20 18:20:10 #3 type] 
Type domain.Question is not enhanced.

[2019-02-20 18:20:10 #4 type] 
Type domain.User is not enhanced.

------------------------------------------------------------------------------------------------------------------------

[2019-02-20 18:25:50 #1 store] 
Database 'C:\Users\Carlos Dominguez\Desktop\BetAndRuin\resources\db\bets.odb' is opened by 5564@DESKTOP-F3FKHV4

[2019-02-20 18:25:50 #2 type] 
Type domain.Event is not enhanced.

[2019-02-20 18:25:50 #3 type] 
Type domain.Question is not enhanced.

[2019-02-20 18:25:50 #4 type] 
Type domain.User is not enhanced.

------------------------------------------------------------------------------------------------------------------------

[2019-02-20 18:26:41 #1 store] 
Database 'C:\Users\Carlos Dominguez\Desktop\BetAndRuin\resources\db\bets.odb' is opened by 1540@DESKTOP-F3FKHV4

[2019-02-20 18:26:41 #2 type] 
Type domain.Event is not enhanced.

[2019-02-20 18:26:41 #3 type] 
Type domain.Question is not enhanced.

[2019-02-20 18:26:41 #4 type] 
Type domain.User is not enhanced.

[2019-02-20 18:26:46 #5 store] 
Database 'C:\Users\Carlos Dominguez\Desktop\BetAndRuin\resources\db\UsersDB.odb' is opened by 1540@DESKTOP-F3FKHV4

------------------------------------------------------------------------------------------------------------------------

[2019-02-20 18:40:47 #1 store] 
Database 'C:\Users\Carlos Dominguez\Desktop\BetAndRuin\resources\db\bets.odb' is opened by 6244@DESKTOP-F3FKHV4

[2019-02-20 18:40:47 #2 type] 
Type domain.Event is not enhanced.

[2019-02-20 18:40:47 #3 type] 
Type domain.Question is not enhanced.

[2019-02-20 18:40:47 #4 type] 
Type domain.User is not enhanced.

[2019-02-20 18:40:52 #5 store] 
Database 'C:\Users\Carlos Dominguez\Desktop\BetAndRuin\resources\db\UsersDB.odb' is opened by 6244@DESKTOP-F3FKHV4

------------------------------------------------------------------------------------------------------------------------

[2019-02-20 18:42:54 #1 store] 
Database 'C:\Users\Carlos Dominguez\Desktop\BetAndRuin\resources\db\bets.odb' is opened by 12356@DESKTOP-F3FKHV4

[2019-02-20 18:42:54 #2 type] 
Type domain.Event is not enhanced.

[2019-02-20 18:42:54 #3 type] 
Type domain.Question is not enhanced.

[2019-02-20 18:42:54 #4 type] 
Type domain.User is not enhanced.

[2019-02-20 18:42:56 #5 store] 
Database 'C:\Users\Carlos Dominguez\Desktop\BetAndRuin\resources\db\UsersDB.odb' is opened by 12356@DESKTOP-F3FKHV4

------------------------------------------------------------------------------------------------------------------------

[2019-02-20 18:45:01 #1 store] 
Database 'C:\Users\Carlos Dominguez\Desktop\BetAndRuin\resources\db\bets.odb' is opened by 8540@DESKTOP-F3FKHV4

[2019-02-20 18:45:01 #2 type] 
Type domain.Event is not enhanced.

[2019-02-20 18:45:01 #3 type] 
Type domain.Question is not enhanced.

[2019-02-20 18:45:01 #4 type] 
Type domain.User is not enhanced.

[2019-02-20 18:45:04 #5 store] 
Database 'C:\Users\Carlos Dominguez\Desktop\BetAndRuin\resources\db\UsersDB.odb' is opened by 8540@DESKTOP-F3FKHV4

------------------------------------------------------------------------------------------------------------------------

[2019-02-20 18:45:41 #1 store] 
Database 'C:\Users\Carlos Dominguez\Desktop\BetAndRuin\resources\db\UsersDB.odb' is opened by 11176@DESKTOP-F3FKHV4

[2019-02-20 18:45:41 #2 type] 
Type domain.User is not enhanced.

------------------------------------------------------------------------------------------------------------------------

[2019-02-20 18:46:22 #1 store] 
Database 'C:\Users\Carlos Dominguez\Desktop\BetAndRuin\resources\db\UsersDB.odb' is opened by 12300@DESKTOP-F3FKHV4

[2019-02-20 18:46:22 #2 type] 
Type domain.User is not enhanced.

[2019-02-20 18:46:23 #3 store] 
Database 'C:\Users\Carlos Dominguez\Desktop\BetAndRuin\resources\db\bets.odb' is opened by 12300@DESKTOP-F3FKHV4

[2019-02-20 18:46:23 #4 type] 
Type domain.Event is not enhanced.

[2019-02-20 18:46:23 #5 type] 
Type domain.Question is not enhanced.

------------------------------------------------------------------------------------------------------------------------

[2019-02-20 18:51:11 #1 store] 
Database 'C:\Users\Carlos Dominguez\Desktop\BetAndRuin\resources\db\UsersDB.odb' is opened by 7532@DESKTOP-F3FKHV4

[2019-02-20 18:51:11 #2 type] 
Type domain.User is not enhanced.

[2019-02-20 18:51:16 #3 store] 
Database 'C:\Users\Carlos Dominguez\Desktop\BetAndRuin\resources\db\bets.odb' is opened by 7532@DESKTOP-F3FKHV4

[2019-02-20 18:51:16 #4 type] 
Type domain.Event is not enhanced.

[2019-02-20 18:51:16 #5 type] 
Type domain.Question is not enhanced.

------------------------------------------------------------------------------------------------------------------------

[2019-02-20 18:53:14 #1 store] 
Database 'C:\Users\Carlos Dominguez\Desktop\BetAndRuin\resources\db\bets.odb' is opened by 7456@DESKTOP-F3FKHV4

[2019-02-20 18:53:14 #2 type] 
Type domain.Event is not enhanced.

[2019-02-20 18:53:14 #3 type] 
Type domain.Question is not enhanced.

[2019-02-20 18:53:14 #4 type] 
Type domain.User is not enhanced.

------------------------------------------------------------------------------------------------------------------------

[2019-02-20 18:54:51 #1 store] 
Database 'C:\Users\Carlos Dominguez\Desktop\BetAndRuin\resources\db\bets.odb' is opened by 2088@DESKTOP-F3FKHV4

[2019-02-20 18:54:51 #2 type] 
Type domain.Event is not enhanced.

[2019-02-20 18:54:51 #3 type] 
Type domain.Question is not enhanced.

[2019-02-20 18:54:51 #4 type] 
Type domain.User is not enhanced.

[2019-02-20 18:54:58 #5 store] 
Database 'C:\Users\Carlos Dominguez\Desktop\BetAndRuin\resources\db\UsersDB.odb' is opened by 2088@DESKTOP-F3FKHV4

------------------------------------------------------------------------------------------------------------------------

[2019-02-20 18:55:30 #1 store] 
Database 'C:\Users\Carlos Dominguez\Desktop\BetAndRuin\resources\db\bets.odb' is opened by 9192@DESKTOP-F3FKHV4

[2019-02-20 18:55:30 #2 type] 
Type domain.Event is not enhanced.

[2019-02-20 18:55:30 #3 type] 
Type domain.Question is not enhanced.

[2019-02-20 18:55:30 #4 type] 
Type domain.User is not enhanced.

------------------------------------------------------------------------------------------------------------------------

[2019-02-20 18:55:54 #1 store] 
Database 'C:\Users\Carlos Dominguez\Desktop\BetAndRuin\resources\db\bets.odb' is opened by 9720@DESKTOP-F3FKHV4

[2019-02-20 18:55:54 #2 type] 
Type domain.Event is not enhanced.

[2019-02-20 18:55:54 #3 type] 
Type domain.Question is not enhanced.

[2019-02-20 18:55:54 #4 type] 
Type domain.User is not enhanced.

------------------------------------------------------------------------------------------------------------------------

[2019-02-20 18:57:49 #1 store] 
Database 'C:\Users\Carlos Dominguez\Desktop\BetAndRuin\resources\db\bets.odb' is opened by 9052@DESKTOP-F3FKHV4

[2019-02-20 18:57:49 #2 type] 
Type domain.Event is not enhanced.

[2019-02-20 18:57:49 #3 type] 
Type domain.Question is not enhanced.

[2019-02-20 18:57:49 #4 type] 
Type domain.User is not enhanced.

------------------------------------------------------------------------------------------------------------------------

[2019-02-20 19:01:08 #1 store] 
Database 'C:\Users\Carlos Dominguez\Desktop\BetAndRuin\resources\db\bets.odb' is opened by 1380@DESKTOP-F3FKHV4

[2019-02-20 19:01:08 #2 type] 
Type domain.Event is not enhanced.

[2019-02-20 19:01:08 #3 type] 
Type domain.Question is not enhanced.

[2019-02-20 19:01:08 #4 type] 
Type domain.User is not enhanced.

------------------------------------------------------------------------------------------------------------------------

[2019-02-20 19:01:33 #1 store] 
Database 'C:\Users\Carlos Dominguez\Desktop\BetAndRuin\resources\db\bets.odb' is opened by 9544@DESKTOP-F3FKHV4

[2019-02-20 19:01:33 #2 type] 
Type domain.Event is not enhanced.

[2019-02-20 19:01:33 #3 type] 
Type domain.Question is not enhanced.

[2019-02-20 19:01:33 #4 type] 
Type domain.User is not enhanced.

------------------------------------------------------------------------------------------------------------------------

[2019-02-20 19:05:40 #1 store] 
Database 'C:\Users\Carlos Dominguez\Desktop\BetAndRuin\resources\db\bets.odb' is opened by 3508@DESKTOP-F3FKHV4

[2019-02-20 19:05:41 #2 type] 
Type domain.Event is not enhanced.

[2019-02-20 19:05:41 #3 type] 
Type domain.Question is not enhanced.

[2019-02-20 19:05:41 #4 type] 
Type domain.User is not enhanced.

------------------------------------------------------------------------------------------------------------------------

[2019-02-20 19:08:11 #1 store] 
Database 'C:\Users\Carlos Dominguez\Desktop\BetAndRuin\resources\db\bets.odb' is opened by 6896@DESKTOP-F3FKHV4

[2019-02-20 19:08:11 #2 type] 
Type domain.Event is not enhanced.

[2019-02-20 19:08:11 #3 type] 
Type domain.Question is not enhanced.

[2019-02-20 19:08:11 #4 type] 
Type domain.User is not enhanced.

------------------------------------------------------------------------------------------------------------------------

[2019-02-20 19:08:32 #1 store] 
Database 'C:\Users\Carlos Dominguez\Desktop\BetAndRuin\resources\db\bets.odb' is opened by 8156@DESKTOP-F3FKHV4

[2019-02-20 19:08:33 #2 type] 
Type domain.Event is not enhanced.

[2019-02-20 19:08:33 #3 type] 
Type domain.Question is not enhanced.

[2019-02-20 19:08:33 #4 type] 
Type domain.User is not enhanced.

------------------------------------------------------------------------------------------------------------------------

[2019-02-20 19:08:57 #1 store] 
Database 'C:\Users\Carlos Dominguez\Desktop\BetAndRuin\resources\db\bets.odb' is opened by 7264@DESKTOP-F3FKHV4

[2019-02-20 19:08:57 #2 type] 
Type domain.Event is not enhanced.

[2019-02-20 19:08:57 #3 type] 
Type domain.Question is not enhanced.

[2019-02-20 19:08:57 #4 type] 
Type domain.User is not enhanced.

------------------------------------------------------------------------------------------------------------------------

[2019-02-20 19:10:18 #1 store] 
Database 'C:\Users\Carlos Dominguez\Desktop\BetAndRuin\resources\db\bets.odb' is opened by 6240@DESKTOP-F3FKHV4

[2019-02-20 19:10:19 #2 type] 
Type domain.Event is not enhanced.

[2019-02-20 19:10:19 #3 type] 
Type domain.Question is not enhanced.

[2019-02-20 19:10:19 #4 type] 
Type domain.User is not enhanced.

------------------------------------------------------------------------------------------------------------------------

[2019-02-20 19:11:31 #1 store] 
Database 'C:\Users\Carlos Dominguez\Desktop\BetAndRuin\resources\db\bets.odb' is opened by 8516@DESKTOP-F3FKHV4

[2019-02-20 19:11:32 #2 type] 
Type domain.Event is not enhanced.

[2019-02-20 19:11:32 #3 type] 
Type domain.Question is not enhanced.

[2019-02-20 19:11:32 #4 type] 
Type domain.User is not enhanced.

------------------------------------------------------------------------------------------------------------------------

[2019-02-20 19:12:05 #1 store] 
Database 'C:\Users\Carlos Dominguez\Desktop\BetAndRuin\resources\db\bets.odb' is opened by 9440@DESKTOP-F3FKHV4

[2019-02-20 19:12:05 #2 type] 
Type domain.Event is not enhanced.

[2019-02-20 19:12:05 #3 type] 
Type domain.Question is not enhanced.

[2019-02-20 19:12:05 #4 type] 
Type domain.User is not enhanced.

------------------------------------------------------------------------------------------------------------------------

[2019-02-20 19:13:09 #1 store] 
Database 'C:\Users\Carlos Dominguez\Desktop\BetAndRuin\resources\db\bets.odb' is opened by 4152@DESKTOP-F3FKHV4

[2019-02-20 19:13:09 #2 type] 
Type domain.Event is not enhanced.

[2019-02-20 19:13:09 #3 type] 
Type domain.Question is not enhanced.

[2019-02-20 19:13:09 #4 type] 
Type domain.User is not enhanced.

[2019-02-20 19:13:40 #5 store] 
Database 'C:\Users\Carlos Dominguez\Desktop\BetAndRuin\resources\db\UsersDB.odb' is opened by 4152@DESKTOP-F3FKHV4

------------------------------------------------------------------------------------------------------------------------

[2019-02-20 19:14:09 #1 store] 
Database 'C:\Users\Carlos Dominguez\Desktop\BetAndRuin\resources\db\bets.odb' is opened by 6872@DESKTOP-F3FKHV4

[2019-02-20 19:14:09 #2 type] 
Type domain.Event is not enhanced.

[2019-02-20 19:14:09 #3 type] 
Type domain.Question is not enhanced.

[2019-02-20 19:14:09 #4 type] 
Type domain.User is not enhanced.

------------------------------------------------------------------------------------------------------------------------

[2019-02-20 19:16:31 #1 store] 
Database 'C:\Users\Carlos Dominguez\Desktop\BetAndRuin\resources\db\bets.odb' is opened by 11036@DESKTOP-F3FKHV4

[2019-02-20 19:16:32 #2 type] 
Type domain.Event is not enhanced.

[2019-02-20 19:16:32 #3 type] 
Type domain.Question is not enhanced.

[2019-02-20 19:16:32 #4 type] 
Type domain.User is not enhanced.

------------------------------------------------------------------------------------------------------------------------

[2019-02-20 19:27:36 #1 store] 
Database 'C:\Users\Carlos Dominguez\Desktop\BetAndRuin\resources\db\bets.odb' is opened by 1636@DESKTOP-F3FKHV4

[2019-02-20 19:27:37 #2 type] 
Type domain.Event is not enhanced.

[2019-02-20 19:27:37 #3 type] 
Type domain.Question is not enhanced.

[2019-02-20 19:27:37 #4 type] 
Type domain.User is not enhanced.

------------------------------------------------------------------------------------------------------------------------

[2019-02-20 19:32:56 #1 store] 
Database 'C:\Users\Carlos Dominguez\Desktop\BetAndRuin\resources\db\bets.odb' is opened by 5704@DESKTOP-F3FKHV4

[2019-02-20 19:32:56 #2 type] 
Type domain.Event is not enhanced.

[2019-02-20 19:32:56 #3 type] 
Type domain.Question is not enhanced.

[2019-02-20 19:32:56 #4 type] 
Type domain.User is not enhanced.

------------------------------------------------------------------------------------------------------------------------

[2019-02-20 19:39:11 #1 store] 
Database 'C:\Users\Carlos Dominguez\Desktop\BetAndRuin\resources\db\bets.odb' is opened by 11348@DESKTOP-F3FKHV4

[2019-02-20 19:39:11 #2 type] 
Type domain.Event is not enhanced.

[2019-02-20 19:39:11 #3 type] 
Type domain.Question is not enhanced.

[2019-02-20 19:39:11 #4 type] 
Type domain.User is not enhanced.

[2019-02-20 19:39:15 #5 store] 
Database 'C:\Users\Carlos Dominguez\Desktop\BetAndRuin\resources\db\UsersDB.odb' is opened by 11348@DESKTOP-F3FKHV4

------------------------------------------------------------------------------------------------------------------------

[2019-02-20 19:51:08 #1 store] 
Database 'C:\Users\Carlos Dominguez\Desktop\BetAndRuin\resources\db\UsersDB.odb' is opened by 3660@DESKTOP-F3FKHV4

[2019-02-20 19:51:08 #2 type] 
Type domain.User is not enhanced.

------------------------------------------------------------------------------------------------------------------------

[2019-02-20 20:01:19 #1 store] 
Database 'C:\Users\Carlos Dominguez\Desktop\BetAndRuin\resources\db\bets.odb' is opened by 6372@DESKTOP-F3FKHV4

[2019-02-20 20:01:19 #2 type] 
Type domain.Event is not enhanced.

[2019-02-20 20:01:19 #3 type] 
Type domain.Question is not enhanced.

[2019-02-20 20:01:19 #4 type] 
Type domain.User is not enhanced.

------------------------------------------------------------------------------------------------------------------------

[2019-02-20 20:02:07 #1 store] 
Database 'C:\Users\Carlos Dominguez\Desktop\BetAndRuin\resources\db\bets.odb' is opened by 3444@DESKTOP-F3FKHV4

[2019-02-20 20:02:07 #2 type.registry] 
New type domain.Event

[2019-02-20 20:02:07 #3 type] 
Type domain.Event is not enhanced.

[2019-02-20 20:02:07 #4 type.registry] 
New type domain.Question

[2019-02-20 20:02:07 #5 type.registry] 
New type java.util.Vector<domain.Question>

[2019-02-20 20:02:07 #6 type] 
Type domain.Question is not enhanced.

[2019-02-20 20:02:07 #7 type.registry] 
New type domain.User

[2019-02-20 20:02:07 #8 type.registry] 
New type domain.Bet

[2019-02-20 20:02:07 #9 type.registry] 
New type java.util.HashMap<domain.User,domain.Bet>

[2019-02-20 20:02:07 #10 type] 
Type domain.User is not enhanced.

[2019-02-20 20:02:07 #11 type.registry] 
New type java.util.Vector<java.lang.Object>

------------------------------------------------------------------------------------------------------------------------

[2019-02-20 20:06:02 #1 store] 
Database 'C:\Users\Carlos Dominguez\Desktop\BetAndRuin\resources\db\bets.odb' has been recovered (tr. 1-9)

[2019-02-20 20:06:02 #2 store] 
Database 'C:\Users\Carlos Dominguez\Desktop\BetAndRuin\resources\db\bets.odb' is opened by 10588@DESKTOP-F3FKHV4

[2019-02-20 20:06:02 #3 type] 
Type domain.Event is not enhanced.

[2019-02-20 20:06:02 #4 type] 
Type domain.Question is not enhanced.

[2019-02-20 20:06:02 #5 type] 
Type domain.User is not enhanced.

------------------------------------------------------------------------------------------------------------------------

[2019-02-20 20:07:00 #1 store] 
Database 'C:\Users\Carlos Dominguez\Desktop\BetAndRuin\resources\db\bets.odb' has been recovered (tr. 10-10)

[2019-02-20 20:07:00 #2 store] 
Database 'C:\Users\Carlos Dominguez\Desktop\BetAndRuin\resources\db\bets.odb' is opened by 116@DESKTOP-F3FKHV4

[2019-02-20 20:07:01 #3 type] 
Type domain.Event is not enhanced.

[2019-02-20 20:07:01 #4 type] 
Type domain.Question is not enhanced.

[2019-02-20 20:07:01 #5 type] 
Type domain.User is not enhanced.

------------------------------------------------------------------------------------------------------------------------

[2019-02-20 20:07:37 #1 store] 
Database 'C:\Users\Carlos Dominguez\Desktop\BetAndRuin\resources\db\bets.odb' has been recovered (tr. 11-11)

[2019-02-20 20:07:37 #2 store] 
Database 'C:\Users\Carlos Dominguez\Desktop\BetAndRuin\resources\db\bets.odb' is opened by 9432@DESKTOP-F3FKHV4

[2019-02-20 20:07:38 #3 type] 
Type domain.Event is not enhanced.

[2019-02-20 20:07:38 #4 type] 
Type domain.Question is not enhanced.

[2019-02-20 20:07:38 #5 type] 
Type domain.User is not enhanced.

------------------------------------------------------------------------------------------------------------------------

[2019-02-20 20:10:13 #1 store] 
Database 'C:\Users\Carlos Dominguez\Desktop\BetAndRuin\resources\db\bets.odb' has been recovered (tr. 12-12)

[2019-02-20 20:10:13 #2 store] 
Database 'C:\Users\Carlos Dominguez\Desktop\BetAndRuin\resources\db\bets.odb' is opened by 2604@DESKTOP-F3FKHV4

[2019-02-20 20:10:13 #3 type] 
Type domain.Event is not enhanced.

[2019-02-20 20:10:13 #4 type] 
Type domain.Question is not enhanced.

[2019-02-20 20:10:13 #5 type] 
Type domain.User is not enhanced.

------------------------------------------------------------------------------------------------------------------------

[2019-02-20 20:11:55 #1 store] 
Database 'C:\Users\Carlos Dominguez\Desktop\BetAndRuin\resources\db\bets.odb' has been recovered (tr. 13-13)

[2019-02-20 20:11:55 #2 store] 
Database 'C:\Users\Carlos Dominguez\Desktop\BetAndRuin\resources\db\bets.odb' is opened by 5488@DESKTOP-F3FKHV4

[2019-02-20 20:11:56 #3 type] 
Type domain.Event is not enhanced.

[2019-02-20 20:11:56 #4 type] 
Type domain.Question is not enhanced.

[2019-02-20 20:11:56 #5 type] 
Type domain.User is not enhanced.

------------------------------------------------------------------------------------------------------------------------

[2019-02-20 20:12:15 #1 store] 
Database 'C:\Users\Carlos Dominguez\Desktop\BetAndRuin\resources\db\bets.odb' has been recovered (tr. 14-14)

[2019-02-20 20:12:15 #2 store] 
Database 'C:\Users\Carlos Dominguez\Desktop\BetAndRuin\resources\db\bets.odb' is opened by 9284@DESKTOP-F3FKHV4

[2019-02-20 20:12:15 #3 type] 
Type domain.Event is not enhanced.

[2019-02-20 20:12:15 #4 type] 
Type domain.Question is not enhanced.

[2019-02-20 20:12:15 #5 type] 
Type domain.User is not enhanced.

------------------------------------------------------------------------------------------------------------------------

[2019-02-20 20:13:04 #1 store] 
Database 'C:\Users\Carlos Dominguez\Desktop\BetAndRuin\resources\db\bets.odb' has been recovered (tr. 15-15)

[2019-02-20 20:13:04 #2 store] 
Database 'C:\Users\Carlos Dominguez\Desktop\BetAndRuin\resources\db\bets.odb' is opened by 10328@DESKTOP-F3FKHV4

[2019-02-20 20:13:04 #3 type] 
Type domain.Event is not enhanced.

[2019-02-20 20:13:04 #4 type] 
Type domain.Question is not enhanced.

[2019-02-20 20:13:04 #5 type] 
Type domain.User is not enhanced.

[2019-02-20 20:13:33 #6 store] 
Database 'C:\Users\Carlos Dominguez\Desktop\BetAndRuin\resources\db\UsersDB.odb' is opened by 10328@DESKTOP-F3FKHV4

------------------------------------------------------------------------------------------------------------------------

[2019-02-20 20:58:35 #1 store] 
Database 'C:\Users\Carlos Dominguez\Desktop\BetAndRuin\resources\db\bets.odb' is opened by 1836@DESKTOP-F3FKHV4

[2019-02-20 20:58:35 #2 type] 
Type domain.Event is not enhanced.

[2019-02-20 20:58:35 #3 type] 
Type domain.Question is not enhanced.

[2019-02-20 20:58:35 #4 type] 
Type domain.User is not enhanced.

------------------------------------------------------------------------------------------------------------------------

[2019-02-20 21:03:08 #1 store] 
Database 'C:\Users\Carlos Dominguez\Desktop\BetAndRuin\resources\db\bets.odb' is opened by 7576@DESKTOP-F3FKHV4

[2019-02-20 21:03:08 #2 type] 
Type domain.Event is not enhanced.

[2019-02-20 21:03:08 #3 type] 
Type domain.Question is not enhanced.

[2019-02-20 21:03:08 #4 type] 
Type domain.User is not enhanced.

------------------------------------------------------------------------------------------------------------------------

[2019-02-20 21:03:23 #1 store] 
Database 'C:\Users\Carlos Dominguez\Desktop\BetAndRuin\resources\db\bets.odb' has been recovered (tr. 16-17)

[2019-02-20 21:03:23 #2 store] 
Database 'C:\Users\Carlos Dominguez\Desktop\BetAndRuin\resources\db\bets.odb' is opened by 9932@DESKTOP-F3FKHV4

[2019-02-20 21:03:23 #3 type] 
Type domain.Event is not enhanced.

[2019-02-20 21:03:23 #4 type] 
Type domain.Question is not enhanced.

[2019-02-20 21:03:23 #5 type] 
Type domain.User is not enhanced.

------------------------------------------------------------------------------------------------------------------------

[2019-02-20 21:04:19 #1 store] 
Database 'C:\Users\Carlos Dominguez\Desktop\BetAndRuin\resources\db\bets.odb' is opened by 12744@DESKTOP-F3FKHV4

[2019-02-20 21:04:20 #2 type] 
Type domain.Event is not enhanced.

[2019-02-20 21:04:20 #3 type] 
Type domain.Question is not enhanced.

[2019-02-20 21:04:20 #4 type] 
Type domain.User is not enhanced.

------------------------------------------------------------------------------------------------------------------------

[2019-02-20 21:04:38 #1 store] 
Database 'C:\Users\Carlos Dominguez\Desktop\BetAndRuin\resources\db\bets.odb' is opened by 5420@DESKTOP-F3FKHV4

[2019-02-20 21:04:38 #2 type] 
Type domain.Event is not enhanced.

[2019-02-20 21:04:38 #3 type] 
Type domain.Question is not enhanced.

[2019-02-20 21:04:38 #4 type] 
Type domain.User is not enhanced.

------------------------------------------------------------------------------------------------------------------------

[2019-02-20 21:07:30 #1 store] 
Database 'C:\Users\Carlos Dominguez\Desktop\BetAndRuin\resources\db\bets.odb' is opened by 1140@DESKTOP-F3FKHV4

[2019-02-20 21:07:30 #2 type] 
Type domain.Event is not enhanced.

[2019-02-20 21:07:30 #3 type] 
Type domain.Question is not enhanced.

[2019-02-20 21:07:30 #4 type] 
Type domain.User is not enhanced.

------------------------------------------------------------------------------------------------------------------------

[2019-02-20 21:08:05 #1 store] 
Database 'C:\Users\Carlos Dominguez\Desktop\BetAndRuin\resources\db\bets.odb' is opened by 10360@DESKTOP-F3FKHV4

[2019-02-20 21:08:05 #2 type] 
Type domain.Event is not enhanced.

[2019-02-20 21:08:05 #3 type] 
Type domain.Question is not enhanced.

[2019-02-20 21:08:05 #4 type] 
Type domain.User is not enhanced.

[2019-02-20 21:08:10 #5 store] 
Database 'C:\Users\Carlos Dominguez\Desktop\BetAndRuin\resources\db\UsersDB.odb' is opened by 10360@DESKTOP-F3FKHV4

------------------------------------------------------------------------------------------------------------------------

[2019-02-20 21:10:30 #1 store] 
Database 'C:\Users\Carlos Dominguez\Desktop\BetAndRuin\resources\db\UsersDB.odb' is opened by 5040@DESKTOP-F3FKHV4

[2019-02-20 21:10:30 #2 type] 
Type domain.User is not enhanced.

[2019-02-20 21:10:34 #3 store] 
Database 'C:\Users\Carlos Dominguez\Desktop\BetAndRuin\resources\db\bets.odb' is opened by 5040@DESKTOP-F3FKHV4

[2019-02-20 21:10:34 #4 type] 
Type domain.Event is not enhanced.

[2019-02-20 21:10:34 #5 type] 
Type domain.Question is not enhanced.

------------------------------------------------------------------------------------------------------------------------

[2019-02-20 21:11:15 #1 store] 
Database 'C:\Users\Carlos Dominguez\Desktop\BetAndRuin\resources\db\UsersDB.odb' is opened by 2940@DESKTOP-F3FKHV4

[2019-02-20 21:11:15 #2 type] 
Type domain.User is not enhanced.

------------------------------------------------------------------------------------------------------------------------

[2019-02-20 21:12:20 #1 store] 
Database 'C:\Users\Carlos Dominguez\Desktop\BetAndRuin\resources\db\UsersDB.odb' is opened by 11524@DESKTOP-F3FKHV4

[2019-02-20 21:12:20 #2 type] 
Type domain.User is not enhanced.

[2019-02-20 21:12:32 #3 store] 
Database 'C:\Users\Carlos Dominguez\Desktop\BetAndRuin\resources\db\bets.odb' is opened by 11524@DESKTOP-F3FKHV4

[2019-02-20 21:12:32 #4 type] 
Type domain.Event is not enhanced.

[2019-02-20 21:12:32 #5 type] 
Type domain.Question is not enhanced.

------------------------------------------------------------------------------------------------------------------------

[2019-02-20 21:13:16 #1 store] 
Database 'C:\Users\Carlos Dominguez\Desktop\BetAndRuin\resources\db\UsersDB.odb' is opened by 10908@DESKTOP-F3FKHV4

[2019-02-20 21:13:16 #2 type] 
Type domain.User is not enhanced.

[2019-02-20 21:13:41 #3 store] 
Database 'C:\Users\Carlos Dominguez\Desktop\BetAndRuin\resources\db\bets.odb' is opened by 10908@DESKTOP-F3FKHV4

[2019-02-20 21:13:41 #4 type] 
Type domain.Event is not enhanced.

[2019-02-20 21:13:41 #5 type] 
Type domain.Question is not enhanced.

------------------------------------------------------------------------------------------------------------------------

[2019-02-20 21:15:39 #1 store] 
Database 'C:\Users\Carlos Dominguez\Desktop\BetAndRuin\resources\db\bets.odb' is opened by 12108@DESKTOP-F3FKHV4

[2019-02-20 21:15:39 #2 type] 
Type domain.Event is not enhanced.

[2019-02-20 21:15:39 #3 type] 
Type domain.Question is not enhanced.

[2019-02-20 21:15:39 #4 type] 
Type domain.User is not enhanced.

------------------------------------------------------------------------------------------------------------------------

[2019-02-20 21:18:27 #1 store] 
Database 'C:\Users\Carlos Dominguez\Desktop\BetAndRuin\resources\db\bets.odb' is opened by 4464@DESKTOP-F3FKHV4

[2019-02-20 21:18:27 #2 type] 
Type domain.Event is not enhanced.

[2019-02-20 21:18:27 #3 type] 
Type domain.Question is not enhanced.

[2019-02-20 21:18:27 #4 type] 
Type domain.User is not enhanced.

------------------------------------------------------------------------------------------------------------------------

[2019-02-20 21:20:37 #1 store] 
Database 'C:\Users\Carlos Dominguez\Desktop\BetAndRuin\resources\db\bets.odb' has been recovered (tr. 26-26)

[2019-02-20 21:20:37 #2 store] 
Database 'C:\Users\Carlos Dominguez\Desktop\BetAndRuin\resources\db\bets.odb' is opened by 6464@DESKTOP-F3FKHV4

[2019-02-20 21:20:37 #3 type] 
Type domain.Event is not enhanced.

[2019-02-20 21:20:37 #4 type] 
Type domain.Question is not enhanced.

[2019-02-20 21:20:37 #5 type] 
Type domain.User is not enhanced.

[2019-02-20 21:20:48 #6 store] 
Database 'C:\Users\Carlos Dominguez\Desktop\BetAndRuin\resources\db\UsersDB.odb' is opened by 6464@DESKTOP-F3FKHV4

------------------------------------------------------------------------------------------------------------------------

[2019-02-20 21:59:06 #1 store] 
Database 'C:\Users\Carlos Dominguez\Desktop\BetAndRuin\resources\db\UsersDB.odb' is opened by 7472@DESKTOP-F3FKHV4

[2019-02-20 21:59:06 #2 type] 
Type domain.User is not enhanced.

[2019-02-20 21:59:09 #3 store] 
Database 'C:\Users\Carlos Dominguez\Desktop\BetAndRuin\resources\db\bets.odb' is opened by 7472@DESKTOP-F3FKHV4

[2019-02-20 21:59:09 #4 type] 
Type domain.Event is not enhanced.

[2019-02-20 21:59:09 #5 type] 
Type domain.Question is not enhanced.

------------------------------------------------------------------------------------------------------------------------

[2019-02-20 22:59:57 #1 store] 
Database 'C:\Users\Carlos Dominguez\Desktop\BetAndRuin\resources\db\UsersDB.odb' is opened by 7632@DESKTOP-F3FKHV4

[2019-02-20 22:59:57 #2 type] 
Type domain.User is not enhanced.

[2019-02-20 23:00:00 #3 store] 
Database 'C:\Users\Carlos Dominguez\Desktop\BetAndRuin\resources\db\bets.odb' is opened by 7632@DESKTOP-F3FKHV4

[2019-02-20 23:00:00 #4 type] 
Type domain.Event is not enhanced.

[2019-02-20 23:00:00 #5 type] 
Type domain.Question is not enhanced.

------------------------------------------------------------------------------------------------------------------------

[2019-02-20 23:09:41 #1 store] 
Database 'C:\Users\Carlos Dominguez\Desktop\BetAndRuin\resources\db\UsersDB.odb' is opened by 2560@DESKTOP-F3FKHV4

[2019-02-20 23:09:41 #2 type] 
Type domain.User is not enhanced.

------------------------------------------------------------------------------------------------------------------------

[2019-02-20 23:10:08 #1 store] 
Database 'C:\Users\Carlos Dominguez\Desktop\BetAndRuin\resources\db\UsersDB.odb' has been recovered (tr. 49-50)

[2019-02-20 23:10:08 #2 store] 
Database 'C:\Users\Carlos Dominguez\Desktop\BetAndRuin\resources\db\UsersDB.odb' is opened by 9196@DESKTOP-F3FKHV4

[2019-02-20 23:10:08 #3 type] 
Type domain.User is not enhanced.

