------------------------------------------------------------------------------------------------------------------------

[2019-03-02 11:31:25 #1 store] 
Database 'C:\Users\Carlos Dominguez\Desktop\BetAndRuin\resources\db\bets.odb' is opened by 10832@DESKTOP-F3FKHV4

[2019-03-02 11:31:25 #2 type] 
Type domain.Question is not enhanced.

[2019-03-02 11:31:25 #3 type] 
Type domain.User is not enhanced.

[2019-03-02 11:31:25 #4 type] 
Type domain.Bet is not enhanced.

[2019-03-02 11:31:25 #5 type] 
Type domain.Event is not enhanced.

------------------------------------------------------------------------------------------------------------------------

[2019-03-02 11:33:46 #1 store] 
Database 'C:\Users\Carlos Dominguez\Desktop\BetAndRuin\resources\db\bets.odb' has been recovered (tr. 12-12)

[2019-03-02 11:33:46 #2 store] 
Database 'C:\Users\Carlos Dominguez\Desktop\BetAndRuin\resources\db\bets.odb' is opened by 7812@DESKTOP-F3FKHV4

[2019-03-02 11:33:46 #3 type] 
Type domain.Question is not enhanced.

[2019-03-02 11:33:46 #4 type] 
Type domain.User is not enhanced.

[2019-03-02 11:33:46 #5 type] 
Type domain.Bet is not enhanced.

[2019-03-02 11:33:46 #6 type] 
Type domain.Event is not enhanced.

[2019-03-02 11:33:55 #7 store] 
Database 'C:\Users\Carlos Dominguez\Desktop\BetAndRuin\resources\db\UsersDB.odb' is opened by 7812@DESKTOP-F3FKHV4

------------------------------------------------------------------------------------------------------------------------

[2019-03-02 11:36:17 #1 store] 
Database 'C:\Users\Carlos Dominguez\Desktop\BetAndRuin\resources\db\bets.odb' is opened by 7360@DESKTOP-F3FKHV4

[2019-03-02 11:36:17 #2 type] 
Type domain.Question is not enhanced.

[2019-03-02 11:36:17 #3 type] 
Type domain.User is not enhanced.

[2019-03-02 11:36:17 #4 type] 
Type domain.Bet is not enhanced.

[2019-03-02 11:36:17 #5 type] 
Type domain.Event is not enhanced.

------------------------------------------------------------------------------------------------------------------------

[2019-03-02 11:37:10 #1 store] 
Database 'C:\Users\Carlos Dominguez\Desktop\BetAndRuin\resources\db\bets.odb' is opened by 2960@DESKTOP-F3FKHV4

[2019-03-02 11:37:10 #2 type] 
Type domain.Question is not enhanced.

[2019-03-02 11:37:10 #3 type] 
Type domain.User is not enhanced.

[2019-03-02 11:37:10 #4 type] 
Type domain.Bet is not enhanced.

[2019-03-02 11:37:10 #5 type] 
Type domain.Event is not enhanced.

------------------------------------------------------------------------------------------------------------------------

[2019-03-02 11:39:55 #1 store] 
Database 'C:\Users\Carlos Dominguez\Desktop\BetAndRuin\resources\db\bets.odb' is opened by 1344@DESKTOP-F3FKHV4

[2019-03-02 11:39:55 #2 type] 
Type domain.Question is not enhanced.

[2019-03-02 11:39:55 #3 type] 
Type domain.User is not enhanced.

[2019-03-02 11:39:55 #4 type] 
Type domain.Bet is not enhanced.

[2019-03-02 11:39:55 #5 type] 
Type domain.Event is not enhanced.

------------------------------------------------------------------------------------------------------------------------

[2019-03-02 12:02:54 #1 store] 
Database 'C:\Users\Carlos Dominguez\Desktop\BetAndRuin\resources\db\bets.odb' is opened by 6096@DESKTOP-F3FKHV4

[2019-03-02 12:02:54 #2 type] 
Type domain.Question is not enhanced.

[2019-03-02 12:02:54 #3 type] 
Type domain.User is not enhanced.

[2019-03-02 12:02:54 #4 type] 
Type domain.Bet is not enhanced.

[2019-03-02 12:02:54 #5 type] 
Type domain.Event is not enhanced.

------------------------------------------------------------------------------------------------------------------------

[2019-03-02 12:13:02 #1 store] 
Database 'C:\Users\Carlos Dominguez\Desktop\BetAndRuin\resources\db\bets.odb' is opened by 7464@DESKTOP-F3FKHV4

[2019-03-02 12:13:02 #2 type] 
Type domain.Question is not enhanced.

[2019-03-02 12:13:02 #3 type] 
Type domain.User is not enhanced.

[2019-03-02 12:13:02 #4 type] 
Type domain.Bet is not enhanced.

[2019-03-02 12:13:02 #5 type] 
Type domain.Event is not enhanced.

------------------------------------------------------------------------------------------------------------------------

[2019-03-02 12:21:33 #1 store] 
Database 'C:\Users\Carlos Dominguez\Desktop\BetAndRuin\resources\db\UsersDB.odb' is opened by 1124@DESKTOP-F3FKHV4

[2019-03-02 12:21:33 #2 type] 
Type domain.User is not enhanced.

[2019-03-02 12:21:33 #3 store] 
Database 'C:\Users\Carlos Dominguez\Desktop\BetAndRuin\resources\db\bets.odb' is opened by 1124@DESKTOP-F3FKHV4

[2019-03-02 12:21:33 #4 type] 
Type domain.Question is not enhanced.

[2019-03-02 12:21:33 #5 type] 
Type domain.Bet is not enhanced.

[2019-03-02 12:21:33 #6 type] 
Type domain.Event is not enhanced.

------------------------------------------------------------------------------------------------------------------------

[2019-03-02 12:23:00 #1 store] 
Database 'C:\Users\Carlos Dominguez\Desktop\BetAndRuin\resources\db\UsersDB.odb' is opened by 1948@DESKTOP-F3FKHV4

[2019-03-02 12:23:00 #2 type] 
Type domain.User is not enhanced.

[2019-03-02 12:23:00 #3 store] 
Database 'C:\Users\Carlos Dominguez\Desktop\BetAndRuin\resources\db\bets.odb' is opened by 1948@DESKTOP-F3FKHV4

[2019-03-02 12:23:00 #4 type] 
Type domain.Question is not enhanced.

[2019-03-02 12:23:00 #5 type] 
Type domain.Bet is not enhanced.

[2019-03-02 12:23:00 #6 type] 
Type domain.Event is not enhanced.

------------------------------------------------------------------------------------------------------------------------

[2019-03-02 12:24:00 #1 store] 
Database 'C:\Users\Carlos Dominguez\Desktop\BetAndRuin\resources\db\bets.odb' is opened by 10504@DESKTOP-F3FKHV4

[2019-03-02 12:24:00 #2 type] 
Type domain.Question is not enhanced.

[2019-03-02 12:24:00 #3 type] 
Type domain.User is not enhanced.

[2019-03-02 12:24:00 #4 type] 
Type domain.Bet is not enhanced.

[2019-03-02 12:24:00 #5 type] 
Type domain.Event is not enhanced.

------------------------------------------------------------------------------------------------------------------------

[2019-03-02 12:24:44 #1 store] 
Database 'C:\Users\Carlos Dominguez\Desktop\BetAndRuin\resources\db\UsersDB.odb' is opened by 6476@DESKTOP-F3FKHV4

[2019-03-02 12:24:44 #2 type] 
Type domain.User is not enhanced.

[2019-03-02 12:24:44 #3 store] 
Database 'C:\Users\Carlos Dominguez\Desktop\BetAndRuin\resources\db\bets.odb' is opened by 6476@DESKTOP-F3FKHV4

[2019-03-02 12:24:44 #4 type] 
Type domain.Question is not enhanced.

[2019-03-02 12:24:44 #5 type] 
Type domain.Bet is not enhanced.

[2019-03-02 12:24:44 #6 type] 
Type domain.Event is not enhanced.

------------------------------------------------------------------------------------------------------------------------

[2019-03-02 12:25:01 #1 store] 
Database 'C:\Users\Carlos Dominguez\Desktop\BetAndRuin\resources\db\UsersDB.odb' is opened by 10964@DESKTOP-F3FKHV4

[2019-03-02 12:25:01 #2 type] 
Type domain.User is not enhanced.

[2019-03-02 12:25:01 #3 store] 
Database 'C:\Users\Carlos Dominguez\Desktop\BetAndRuin\resources\db\bets.odb' has been recovered (tr. 17-17)

[2019-03-02 12:25:01 #4 store] 
Database 'C:\Users\Carlos Dominguez\Desktop\BetAndRuin\resources\db\bets.odb' is opened by 10964@DESKTOP-F3FKHV4

[2019-03-02 12:25:01 #5 type] 
Type domain.Question is not enhanced.

[2019-03-02 12:25:01 #6 type] 
Type domain.Bet is not enhanced.

[2019-03-02 12:25:01 #7 type] 
Type domain.Event is not enhanced.

------------------------------------------------------------------------------------------------------------------------

[2019-03-02 12:25:10 #1 store] 
Database 'C:\Users\Carlos Dominguez\Desktop\BetAndRuin\resources\db\bets.odb' has been recovered (tr. 18-18)

[2019-03-02 12:25:10 #2 store] 
Database 'C:\Users\Carlos Dominguez\Desktop\BetAndRuin\resources\db\bets.odb' is opened by 11144@DESKTOP-F3FKHV4

[2019-03-02 12:25:10 #3 type] 
Type domain.Question is not enhanced.

[2019-03-02 12:25:10 #4 type] 
Type domain.User is not enhanced.

[2019-03-02 12:25:10 #5 type] 
Type domain.Bet is not enhanced.

[2019-03-02 12:25:10 #6 type] 
Type domain.Event is not enhanced.

------------------------------------------------------------------------------------------------------------------------

[2019-03-02 12:27:41 #1 store] 
Database 'C:\Users\Carlos Dominguez\Desktop\BetAndRuin\resources\db\bets.odb' has been recovered (tr. 19-20)

[2019-03-02 12:27:41 #2 store] 
Database 'C:\Users\Carlos Dominguez\Desktop\BetAndRuin\resources\db\bets.odb' is opened by 2632@DESKTOP-F3FKHV4

[2019-03-02 12:27:41 #3 type] 
Type domain.Question is not enhanced.

[2019-03-02 12:27:41 #4 type] 
Type domain.User is not enhanced.

[2019-03-02 12:27:41 #5 type] 
Type domain.Bet is not enhanced.

[2019-03-02 12:27:41 #6 type] 
Type domain.Event is not enhanced.

------------------------------------------------------------------------------------------------------------------------

[2019-03-02 12:28:53 #1 store] 
Database 'C:\Users\Carlos Dominguez\Desktop\BetAndRuin\resources\db\bets.odb' is opened by 2380@DESKTOP-F3FKHV4

[2019-03-02 12:28:53 #2 type] 
Type domain.Question is not enhanced.

[2019-03-02 12:28:53 #3 type] 
Type domain.User is not enhanced.

[2019-03-02 12:28:53 #4 type] 
Type domain.Bet is not enhanced.

[2019-03-02 12:28:53 #5 type] 
Type domain.Event is not enhanced.

------------------------------------------------------------------------------------------------------------------------

[2019-03-02 12:29:19 #1 store] 
Database 'C:\Users\Carlos Dominguez\Desktop\BetAndRuin\resources\db\UsersDB.odb' is opened by 5188@DESKTOP-F3FKHV4

[2019-03-02 12:29:19 #2 type] 
Type domain.User is not enhanced.

[2019-03-02 12:29:19 #3 store] 
Database 'C:\Users\Carlos Dominguez\Desktop\BetAndRuin\resources\db\bets.odb' has been recovered (tr. 21-21)

[2019-03-02 12:29:19 #4 store] 
Database 'C:\Users\Carlos Dominguez\Desktop\BetAndRuin\resources\db\bets.odb' is opened by 5188@DESKTOP-F3FKHV4

[2019-03-02 12:29:19 #5 type] 
Type domain.Question is not enhanced.

[2019-03-02 12:29:19 #6 type] 
Type domain.Bet is not enhanced.

[2019-03-02 12:29:19 #7 type] 
Type domain.Event is not enhanced.

------------------------------------------------------------------------------------------------------------------------

[2019-03-02 12:29:24 #1 store] 
Database 'C:\Users\Carlos Dominguez\Desktop\BetAndRuin\resources\db\bets.odb' has been recovered (tr. 22-22)

[2019-03-02 12:29:24 #2 store] 
Database 'C:\Users\Carlos Dominguez\Desktop\BetAndRuin\resources\db\bets.odb' is opened by 6004@DESKTOP-F3FKHV4

[2019-03-02 12:29:24 #3 type] 
Type domain.Question is not enhanced.

[2019-03-02 12:29:24 #4 type] 
Type domain.User is not enhanced.

[2019-03-02 12:29:24 #5 type] 
Type domain.Bet is not enhanced.

[2019-03-02 12:29:24 #6 type] 
Type domain.Event is not enhanced.

------------------------------------------------------------------------------------------------------------------------

[2019-03-02 12:30:36 #1 store] 
Database 'C:\Users\Carlos Dominguez\Desktop\BetAndRuin\resources\db\bets.odb' is opened by 6200@DESKTOP-F3FKHV4

[2019-03-02 12:30:36 #2 type] 
Type domain.Question is not enhanced.

[2019-03-02 12:30:36 #3 type] 
Type domain.User is not enhanced.

[2019-03-02 12:30:36 #4 type] 
Type domain.Bet is not enhanced.

[2019-03-02 12:30:36 #5 type] 
Type domain.Event is not enhanced.

------------------------------------------------------------------------------------------------------------------------

[2019-03-02 12:34:58 #1 store] 
Database 'C:\Users\Carlos Dominguez\Desktop\BetAndRuin\resources\db\UsersDB.odb' is opened by 6544@DESKTOP-F3FKHV4

[2019-03-02 12:34:59 #2 type] 
Type domain.User is not enhanced.

[2019-03-02 12:34:59 #3 store] 
Database 'C:\Users\Carlos Dominguez\Desktop\BetAndRuin\resources\db\bets.odb' is opened by 6544@DESKTOP-F3FKHV4

[2019-03-02 12:34:59 #4 type] 
Type domain.Question is not enhanced.

[2019-03-02 12:34:59 #5 type] 
Type domain.Bet is not enhanced.

[2019-03-02 12:34:59 #6 type] 
Type domain.Event is not enhanced.

------------------------------------------------------------------------------------------------------------------------

[2019-03-02 12:35:17 #1 store] 
Database 'C:\Users\Carlos Dominguez\Desktop\BetAndRuin\resources\db\bets.odb' has been recovered (tr. 23-23)

[2019-03-02 12:35:17 #2 store] 
Database 'C:\Users\Carlos Dominguez\Desktop\BetAndRuin\resources\db\bets.odb' is opened by 2772@DESKTOP-F3FKHV4

[2019-03-02 12:35:17 #3 type] 
Type domain.Question is not enhanced.

[2019-03-02 12:35:17 #4 type] 
Type domain.User is not enhanced.

[2019-03-02 12:35:17 #5 type] 
Type domain.Bet is not enhanced.

[2019-03-02 12:35:17 #6 type] 
Type domain.Event is not enhanced.

------------------------------------------------------------------------------------------------------------------------

[2019-03-02 12:35:42 #1 store] 
Database 'C:\Users\Carlos Dominguez\Desktop\BetAndRuin\resources\db\UsersDB.odb' is opened by 9964@DESKTOP-F3FKHV4

[2019-03-02 12:35:42 #2 type] 
Type domain.User is not enhanced.

[2019-03-02 12:35:43 #3 store] 
Database 'C:\Users\Carlos Dominguez\Desktop\BetAndRuin\resources\db\bets.odb' is opened by 9964@DESKTOP-F3FKHV4

[2019-03-02 12:35:43 #4 type] 
Type domain.Question is not enhanced.

[2019-03-02 12:35:43 #5 type] 
Type domain.Bet is not enhanced.

[2019-03-02 12:35:43 #6 type] 
Type domain.Event is not enhanced.

------------------------------------------------------------------------------------------------------------------------

[2019-03-02 12:35:51 #1 store] 
Database 'C:\Users\Carlos Dominguez\Desktop\BetAndRuin\resources\db\bets.odb' has been recovered (tr. 24-24)

[2019-03-02 12:35:51 #2 store] 
Database 'C:\Users\Carlos Dominguez\Desktop\BetAndRuin\resources\db\bets.odb' is opened by 8048@DESKTOP-F3FKHV4

[2019-03-02 12:35:51 #3 type] 
Type domain.Question is not enhanced.

[2019-03-02 12:35:51 #4 type] 
Type domain.User is not enhanced.

[2019-03-02 12:35:51 #5 type] 
Type domain.Bet is not enhanced.

[2019-03-02 12:35:51 #6 type] 
Type domain.Event is not enhanced.

------------------------------------------------------------------------------------------------------------------------

[2019-03-02 12:47:57 #1 store] 
Database 'C:\Users\Carlos Dominguez\Desktop\BetAndRuin\resources\db\bets.odb' is opened by 6576@DESKTOP-F3FKHV4

[2019-03-02 12:47:57 #2 type.registry] 
New type domain.Question

[2019-03-02 12:47:57 #3 type] 
Type domain.Question is not enhanced.

[2019-03-02 12:47:57 #4 type.registry] 
New type domain.User

[2019-03-02 12:47:57 #5 type.registry] 
New type domain.Bet

[2019-03-02 12:47:57 #6 type.registry] 
New type java.util.HashMap<domain.User,domain.Bet>

[2019-03-02 12:47:57 #7 type.registry] 
New type domain.Event

[2019-03-02 12:47:57 #8 type] 
Type domain.User is not enhanced.

[2019-03-02 12:47:57 #9 type] 
Type domain.Bet is not enhanced.

[2019-03-02 12:47:57 #10 type] 
Type domain.Event is not enhanced.

[2019-03-02 12:47:57 #11 type.registry] 
New type java.util.Vector<domain.Question>

[2019-03-02 12:47:57 #12 type.registry] 
New type java.util.Vector<java.lang.Object>

------------------------------------------------------------------------------------------------------------------------

[2019-03-02 12:48:25 #1 store] 
Database 'C:\Users\Carlos Dominguez\Desktop\BetAndRuin\resources\db\bets.odb' is opened by 9276@DESKTOP-F3FKHV4

[2019-03-02 12:48:25 #2 type] 
Type domain.Question is not enhanced.

[2019-03-02 12:48:25 #3 type] 
Type domain.User is not enhanced.

[2019-03-02 12:48:25 #4 type] 
Type domain.Bet is not enhanced.

[2019-03-02 12:48:25 #5 type] 
Type domain.Event is not enhanced.

------------------------------------------------------------------------------------------------------------------------

[2019-03-02 12:48:54 #1 store] 
Database 'C:\Users\Carlos Dominguez\Desktop\BetAndRuin\resources\db\bets.odb' is opened by 2184@DESKTOP-F3FKHV4

[2019-03-02 12:48:54 #2 type] 
Type domain.Question is not enhanced.

[2019-03-02 12:48:54 #3 type] 
Type domain.User is not enhanced.

[2019-03-02 12:48:54 #4 type] 
Type domain.Bet is not enhanced.

[2019-03-02 12:48:54 #5 type] 
Type domain.Event is not enhanced.

------------------------------------------------------------------------------------------------------------------------

[2019-03-02 12:49:09 #1 store] 
Database 'C:\Users\Carlos Dominguez\Desktop\BetAndRuin\resources\db\bets.odb' is opened by 712@DESKTOP-F3FKHV4

[2019-03-02 12:49:09 #2 type] 
Type domain.Question is not enhanced.

[2019-03-02 12:49:09 #3 type] 
Type domain.User is not enhanced.

[2019-03-02 12:49:09 #4 type] 
Type domain.Bet is not enhanced.

[2019-03-02 12:49:09 #5 type] 
Type domain.Event is not enhanced.

[2019-03-02 12:49:10 #6 type.registry] 
New type java.util.LinkedList<java.lang.Object>

[2019-03-02 12:49:10 #7 type.registry] 
New type java.util.LinkedList<java.lang.String>

------------------------------------------------------------------------------------------------------------------------

[2019-03-02 12:49:20 #1 store] 
Database 'C:\Users\Carlos Dominguez\Desktop\BetAndRuin\resources\db\bets.odb' has been recovered (tr. 6-8)

[2019-03-02 12:49:21 #2 store] 
Database 'C:\Users\Carlos Dominguez\Desktop\BetAndRuin\resources\db\bets.odb' is opened by 10336@DESKTOP-F3FKHV4

[2019-03-02 12:49:21 #3 type] 
Type domain.Question is not enhanced.

[2019-03-02 12:49:21 #4 type] 
Type domain.User is not enhanced.

[2019-03-02 12:49:21 #5 type] 
Type domain.Bet is not enhanced.

[2019-03-02 12:49:21 #6 type] 
Type domain.Event is not enhanced.

------------------------------------------------------------------------------------------------------------------------

[2019-03-02 12:50:37 #1 store] 
Database 'C:\Users\Carlos Dominguez\Desktop\BetAndRuin\resources\db\bets.odb' is opened by 1492@DESKTOP-F3FKHV4

[2019-03-02 12:50:38 #2 type] 
Type domain.Question is not enhanced.

[2019-03-02 12:50:38 #3 type] 
Type domain.User is not enhanced.

[2019-03-02 12:50:38 #4 type] 
Type domain.Bet is not enhanced.

[2019-03-02 12:50:38 #5 type] 
Type domain.Event is not enhanced.

------------------------------------------------------------------------------------------------------------------------

[2019-03-02 12:50:45 #1 store] 
Database 'C:\Users\Carlos Dominguez\Desktop\BetAndRuin\resources\db\bets.odb' has been recovered (tr. 9-11)

[2019-03-02 12:50:45 #2 store] 
Database 'C:\Users\Carlos Dominguez\Desktop\BetAndRuin\resources\db\bets.odb' is opened by 10852@DESKTOP-F3FKHV4

[2019-03-02 12:50:46 #3 type] 
Type domain.Question is not enhanced.

[2019-03-02 12:50:46 #4 type] 
Type domain.User is not enhanced.

[2019-03-02 12:50:46 #5 type] 
Type domain.Bet is not enhanced.

[2019-03-02 12:50:46 #6 type] 
Type domain.Event is not enhanced.

------------------------------------------------------------------------------------------------------------------------

[2019-03-02 12:50:52 #1 store] 
Database 'C:\Users\Carlos Dominguez\Desktop\BetAndRuin\resources\db\bets.odb' has been recovered (tr. 12-12)

[2019-03-02 12:50:52 #2 store] 
Database 'C:\Users\Carlos Dominguez\Desktop\BetAndRuin\resources\db\bets.odb' is opened by 6388@DESKTOP-F3FKHV4

[2019-03-02 12:50:52 #3 type] 
Type domain.Question is not enhanced.

[2019-03-02 12:50:52 #4 type] 
Type domain.User is not enhanced.

[2019-03-02 12:50:52 #5 type] 
Type domain.Bet is not enhanced.

[2019-03-02 12:50:52 #6 type] 
Type domain.Event is not enhanced.

------------------------------------------------------------------------------------------------------------------------

[2019-03-02 12:52:24 #1 store] 
Database 'C:\Users\Carlos Dominguez\Desktop\BetAndRuin\resources\db\bets.odb' is opened by 11164@DESKTOP-F3FKHV4

[2019-03-02 12:52:24 #2 type] 
Type domain.Question is not enhanced.

[2019-03-02 12:52:24 #3 type] 
Type domain.User is not enhanced.

[2019-03-02 12:52:24 #4 type] 
Type domain.Bet is not enhanced.

[2019-03-02 12:52:24 #5 type] 
Type domain.Event is not enhanced.

------------------------------------------------------------------------------------------------------------------------

[2019-03-02 12:58:03 #1 store] 
Database 'C:\Users\Carlos Dominguez\Desktop\BetAndRuin\resources\db\bets.odb' is opened by 5764@DESKTOP-F3FKHV4

[2019-03-02 12:58:03 #2 type] 
Type domain.Question is not enhanced.

[2019-03-02 12:58:03 #3 type] 
Type domain.User is not enhanced.

[2019-03-02 12:58:03 #4 type] 
Type domain.Bet is not enhanced.

[2019-03-02 12:58:03 #5 type] 
Type domain.Event is not enhanced.

------------------------------------------------------------------------------------------------------------------------

[2019-03-02 12:59:51 #1 store] 
Database 'C:\Users\Carlos Dominguez\Desktop\BetAndRuin\resources\db\bets.odb' is opened by 9740@DESKTOP-F3FKHV4

[2019-03-02 12:59:51 #2 type] 
Type domain.Question is not enhanced.

[2019-03-02 12:59:51 #3 type] 
Type domain.User is not enhanced.

[2019-03-02 12:59:51 #4 type] 
Type domain.Bet is not enhanced.

[2019-03-02 12:59:51 #5 type] 
Type domain.Event is not enhanced.

------------------------------------------------------------------------------------------------------------------------

[2019-03-02 13:00:33 #1 store] 
Database 'C:\Users\Carlos Dominguez\Desktop\BetAndRuin\resources\db\bets.odb' is opened by 6684@DESKTOP-F3FKHV4

[2019-03-02 13:00:33 #2 type] 
Type domain.Question is not enhanced.

[2019-03-02 13:00:33 #3 type] 
Type domain.User is not enhanced.

[2019-03-02 13:00:33 #4 type] 
Type domain.Bet is not enhanced.

[2019-03-02 13:00:33 #5 type] 
Type domain.Event is not enhanced.

------------------------------------------------------------------------------------------------------------------------

[2019-03-02 13:01:20 #1 store] 
Database 'C:\Users\Carlos Dominguez\Desktop\BetAndRuin\resources\db\bets.odb' is opened by 9048@DESKTOP-F3FKHV4

[2019-03-02 13:01:20 #2 type] 
Type domain.Question is not enhanced.

[2019-03-02 13:01:20 #3 type] 
Type domain.User is not enhanced.

[2019-03-02 13:01:20 #4 type] 
Type domain.Bet is not enhanced.

[2019-03-02 13:01:20 #5 type] 
Type domain.Event is not enhanced.

------------------------------------------------------------------------------------------------------------------------

[2019-03-02 13:02:49 #1 store] 
Database 'C:\Users\Carlos Dominguez\Desktop\BetAndRuin\resources\db\bets.odb' is opened by 5136@DESKTOP-F3FKHV4

[2019-03-02 13:02:49 #2 type] 
Type domain.Question is not enhanced.

[2019-03-02 13:02:49 #3 type] 
Type domain.User is not enhanced.

[2019-03-02 13:02:49 #4 type] 
Type domain.Bet is not enhanced.

[2019-03-02 13:02:49 #5 type] 
Type domain.Event is not enhanced.

------------------------------------------------------------------------------------------------------------------------

[2019-03-02 13:03:11 #1 store] 
Database 'C:\Users\Carlos Dominguez\Desktop\BetAndRuin\resources\db\bets.odb' is opened by 9396@DESKTOP-F3FKHV4

[2019-03-02 13:03:12 #2 type.registry] 
New type domain.Question

[2019-03-02 13:03:12 #3 type] 
Type domain.Question is not enhanced.

[2019-03-02 13:03:12 #4 type.registry] 
New type domain.User

[2019-03-02 13:03:12 #5 type.registry] 
New type domain.Bet

[2019-03-02 13:03:12 #6 type.registry] 
New type java.util.HashMap<domain.User,domain.Bet>

[2019-03-02 13:03:12 #7 type.registry] 
New type domain.Event

[2019-03-02 13:03:12 #8 type] 
Type domain.User is not enhanced.

[2019-03-02 13:03:12 #9 type] 
Type domain.Bet is not enhanced.

[2019-03-02 13:03:12 #10 type] 
Type domain.Event is not enhanced.

[2019-03-02 13:03:12 #11 type.registry] 
New type java.util.Vector<domain.Question>

[2019-03-02 13:03:12 #12 type.registry] 
New type java.util.Vector<java.lang.Object>

[2019-03-02 13:03:12 #13 type.registry] 
New type java.util.HashMap<java.lang.Object,java.lang.Object>

------------------------------------------------------------------------------------------------------------------------

[2019-03-02 13:03:20 #1 store] 
Database 'C:\Users\Carlos Dominguez\Desktop\BetAndRuin\resources\db\bets.odb' has been recovered (tr. 1-6)

[2019-03-02 13:03:20 #2 store] 
Database 'C:\Users\Carlos Dominguez\Desktop\BetAndRuin\resources\db\bets.odb' is opened by 10132@DESKTOP-F3FKHV4

[2019-03-02 13:03:21 #3 type] 
Type domain.Question is not enhanced.

[2019-03-02 13:03:21 #4 type] 
Type domain.User is not enhanced.

[2019-03-02 13:03:21 #5 type] 
Type domain.Bet is not enhanced.

[2019-03-02 13:03:21 #6 type] 
Type domain.Event is not enhanced.

------------------------------------------------------------------------------------------------------------------------

[2019-03-02 13:03:40 #1 store] 
Database 'C:\Users\Carlos Dominguez\Desktop\BetAndRuin\resources\db\bets.odb' is opened by 11680@DESKTOP-F3FKHV4

[2019-03-02 13:03:40 #2 type] 
Type domain.Question is not enhanced.

[2019-03-02 13:03:40 #3 type] 
Type domain.User is not enhanced.

[2019-03-02 13:03:40 #4 type] 
Type domain.Bet is not enhanced.

[2019-03-02 13:03:40 #5 type] 
Type domain.Event is not enhanced.

[2019-03-02 13:03:40 #6 type.registry] 
New type java.util.LinkedList<java.lang.Object>

[2019-03-02 13:03:40 #7 type.registry] 
New type java.util.LinkedList<java.lang.String>

------------------------------------------------------------------------------------------------------------------------

[2019-03-02 13:04:11 #1 store] 
Database 'C:\Users\Carlos Dominguez\Desktop\BetAndRuin\resources\db\bets.odb' has been recovered (tr. 7-12)

[2019-03-02 13:04:11 #2 store] 
Database 'C:\Users\Carlos Dominguez\Desktop\BetAndRuin\resources\db\bets.odb' is opened by 5968@DESKTOP-F3FKHV4

[2019-03-02 13:04:11 #3 type] 
Type domain.Question is not enhanced.

[2019-03-02 13:04:11 #4 type] 
Type domain.User is not enhanced.

[2019-03-02 13:04:11 #5 type] 
Type domain.Bet is not enhanced.

[2019-03-02 13:04:11 #6 type] 
Type domain.Event is not enhanced.

------------------------------------------------------------------------------------------------------------------------

[2019-03-02 13:04:22 #1 store] 
Database 'C:\Users\Carlos Dominguez\Desktop\BetAndRuin\resources\db\bets.odb' is opened by 11892@DESKTOP-F3FKHV4

[2019-03-02 13:04:22 #2 type] 
Type domain.Question is not enhanced.

[2019-03-02 13:04:22 #3 type] 
Type domain.User is not enhanced.

[2019-03-02 13:04:22 #4 type] 
Type domain.Bet is not enhanced.

[2019-03-02 13:04:22 #5 type] 
Type domain.Event is not enhanced.

------------------------------------------------------------------------------------------------------------------------

[2019-03-02 13:04:29 #1 store] 
Database 'C:\Users\Carlos Dominguez\Desktop\BetAndRuin\resources\db\bets.odb' has been recovered (tr. 13-13)

[2019-03-02 13:04:29 #2 store] 
Database 'C:\Users\Carlos Dominguez\Desktop\BetAndRuin\resources\db\bets.odb' is opened by 4052@DESKTOP-F3FKHV4

[2019-03-02 13:04:29 #3 type] 
Type domain.Question is not enhanced.

[2019-03-02 13:04:29 #4 type] 
Type domain.User is not enhanced.

[2019-03-02 13:04:29 #5 type] 
Type domain.Bet is not enhanced.

[2019-03-02 13:04:29 #6 type] 
Type domain.Event is not enhanced.

------------------------------------------------------------------------------------------------------------------------

[2019-03-02 13:10:29 #1 store] 
Database 'C:\Users\Carlos Dominguez\Desktop\BetAndRuin\resources\db\bets.odb' is opened by 11600@DESKTOP-F3FKHV4

[2019-03-02 13:10:29 #2 type] 
Type domain.Question is not enhanced.

[2019-03-02 13:10:29 #3 type] 
Type domain.User is not enhanced.

[2019-03-02 13:10:29 #4 type] 
Type domain.Bet is not enhanced.

[2019-03-02 13:10:29 #5 type] 
Type domain.Event is not enhanced.

------------------------------------------------------------------------------------------------------------------------

[2019-03-02 13:54:49 #1 store] 
Database 'C:\Users\Carlos Dominguez\Desktop\BetAndRuin\resources\db\bets.odb' is opened by 5144@DESKTOP-F3FKHV4

[2019-03-02 13:54:49 #2 type] 
Type domain.Question is not enhanced.

[2019-03-02 13:54:49 #3 type] 
Type domain.User is not enhanced.

[2019-03-02 13:54:49 #4 type] 
Type domain.Bet is not enhanced.

[2019-03-02 13:54:49 #5 type] 
Type domain.Event is not enhanced.

------------------------------------------------------------------------------------------------------------------------

[2019-03-02 14:02:55 #1 store] 
Database 'C:\Users\Carlos Dominguez\Desktop\BetAndRuin\resources\db\bets.odb' is opened by 10220@DESKTOP-F3FKHV4

[2019-03-02 14:02:55 #2 type] 
Type domain.Question is not enhanced.

[2019-03-02 14:02:55 #3 type] 
Type domain.User is not enhanced.

[2019-03-02 14:02:55 #4 type] 
Type domain.Bet is not enhanced.

[2019-03-02 14:02:55 #5 type] 
Type domain.Event is not enhanced.

------------------------------------------------------------------------------------------------------------------------

[2019-03-02 14:03:30 #1 store] 
Database 'C:\Users\Carlos Dominguez\Desktop\BetAndRuin\resources\db\bets.odb' is opened by 6536@DESKTOP-F3FKHV4

[2019-03-02 14:03:30 #2 type] 
Type domain.Question is not enhanced.

[2019-03-02 14:03:30 #3 type] 
Type domain.User is not enhanced.

[2019-03-02 14:03:30 #4 type] 
Type domain.Bet is not enhanced.

[2019-03-02 14:03:30 #5 type] 
Type domain.Event is not enhanced.

------------------------------------------------------------------------------------------------------------------------

[2019-03-02 14:04:25 #1 store] 
Database 'C:\Users\Carlos Dominguez\Desktop\BetAndRuin\resources\db\bets.odb' is opened by 10400@DESKTOP-F3FKHV4

[2019-03-02 14:04:25 #2 type] 
Type domain.Question is not enhanced.

[2019-03-02 14:04:25 #3 type] 
Type domain.User is not enhanced.

[2019-03-02 14:04:25 #4 type] 
Type domain.Bet is not enhanced.

[2019-03-02 14:04:25 #5 type] 
Type domain.Event is not enhanced.

------------------------------------------------------------------------------------------------------------------------

[2019-03-02 14:04:39 #1 store] 
Database 'C:\Users\Carlos Dominguez\Desktop\BetAndRuin\resources\db\bets.odb' is opened by 7624@DESKTOP-F3FKHV4

[2019-03-02 14:04:40 #2 type] 
Type domain.Question is not enhanced.

[2019-03-02 14:04:40 #3 type] 
Type domain.User is not enhanced.

[2019-03-02 14:04:40 #4 type] 
Type domain.Bet is not enhanced.

[2019-03-02 14:04:40 #5 type] 
Type domain.Event is not enhanced.

------------------------------------------------------------------------------------------------------------------------

[2019-03-02 14:05:05 #1 store] 
Database 'C:\Users\Carlos Dominguez\Desktop\BetAndRuin\resources\db\bets.odb' is opened by 4948@DESKTOP-F3FKHV4

[2019-03-02 14:05:05 #2 type] 
Type domain.Question is not enhanced.

[2019-03-02 14:05:05 #3 type] 
Type domain.User is not enhanced.

[2019-03-02 14:05:05 #4 type] 
Type domain.Bet is not enhanced.

[2019-03-02 14:05:05 #5 type] 
Type domain.Event is not enhanced.

------------------------------------------------------------------------------------------------------------------------

[2019-03-02 14:08:41 #1 store] 
Database 'C:\Users\Carlos Dominguez\Desktop\BetAndRuin\resources\db\bets.odb' is opened by 2960@DESKTOP-F3FKHV4

[2019-03-02 14:08:41 #2 type] 
Type domain.Question is not enhanced.

[2019-03-02 14:08:41 #3 type] 
Type domain.User is not enhanced.

[2019-03-02 14:08:41 #4 type] 
Type domain.Bet is not enhanced.

[2019-03-02 14:08:41 #5 type] 
Type domain.Event is not enhanced.

------------------------------------------------------------------------------------------------------------------------

[2019-03-02 14:09:18 #1 store] 
Database 'C:\Users\Carlos Dominguez\Desktop\BetAndRuin\resources\db\bets.odb' has been recovered (tr. 14-15)

[2019-03-02 14:09:19 #2 store] 
Database 'C:\Users\Carlos Dominguez\Desktop\BetAndRuin\resources\db\bets.odb' is opened by 9532@DESKTOP-F3FKHV4

[2019-03-02 14:09:19 #3 type] 
Type domain.Question is not enhanced.

[2019-03-02 14:09:19 #4 type] 
Type domain.User is not enhanced.

[2019-03-02 14:09:19 #5 type] 
Type domain.Bet is not enhanced.

[2019-03-02 14:09:19 #6 type] 
Type domain.Event is not enhanced.

------------------------------------------------------------------------------------------------------------------------

[2019-03-02 14:09:27 #1 store] 
Database 'C:\Users\Carlos Dominguez\Desktop\BetAndRuin\resources\db\bets.odb' is opened by 2224@DESKTOP-F3FKHV4

[2019-03-02 14:09:27 #2 type] 
Type domain.Question is not enhanced.

[2019-03-02 14:09:27 #3 type] 
Type domain.User is not enhanced.

[2019-03-02 14:09:27 #4 type] 
Type domain.Bet is not enhanced.

[2019-03-02 14:09:27 #5 type] 
Type domain.Event is not enhanced.

------------------------------------------------------------------------------------------------------------------------

[2019-03-02 14:10:40 #1 store] 
Database 'C:\Users\Carlos Dominguez\Desktop\BetAndRuin\resources\db\bets.odb' is opened by 5220@DESKTOP-F3FKHV4

[2019-03-02 14:10:40 #2 type] 
Type domain.Question is not enhanced.

[2019-03-02 14:10:40 #3 type] 
Type domain.User is not enhanced.

[2019-03-02 14:10:40 #4 type] 
Type domain.Bet is not enhanced.

[2019-03-02 14:10:40 #5 type] 
Type domain.Event is not enhanced.

------------------------------------------------------------------------------------------------------------------------

[2019-03-02 14:11:15 #1 store] 
Database 'C:\Users\Carlos Dominguez\Desktop\BetAndRuin\resources\db\bets.odb' is opened by 11388@DESKTOP-F3FKHV4

[2019-03-02 14:11:16 #2 type] 
Type domain.Question is not enhanced.

[2019-03-02 14:11:16 #3 type] 
Type domain.User is not enhanced.

[2019-03-02 14:11:16 #4 type] 
Type domain.Bet is not enhanced.

[2019-03-02 14:11:16 #5 type] 
Type domain.Event is not enhanced.

------------------------------------------------------------------------------------------------------------------------

[2019-03-02 14:12:00 #1 store] 
Database 'C:\Users\Carlos Dominguez\Desktop\BetAndRuin\resources\db\bets.odb' is opened by 7840@DESKTOP-F3FKHV4

[2019-03-02 14:12:00 #2 type] 
Type domain.Question is not enhanced.

[2019-03-02 14:12:00 #3 type] 
Type domain.User is not enhanced.

[2019-03-02 14:12:00 #4 type] 
Type domain.Bet is not enhanced.

[2019-03-02 14:12:00 #5 type] 
Type domain.Event is not enhanced.

------------------------------------------------------------------------------------------------------------------------

[2019-03-02 14:13:12 #1 store] 
Database 'C:\Users\Carlos Dominguez\Desktop\BetAndRuin\resources\db\bets.odb' is opened by 11280@DESKTOP-F3FKHV4

[2019-03-02 14:13:12 #2 type] 
Type domain.Question is not enhanced.

[2019-03-02 14:13:12 #3 type] 
Type domain.User is not enhanced.

[2019-03-02 14:13:12 #4 type] 
Type domain.Bet is not enhanced.

[2019-03-02 14:13:12 #5 type] 
Type domain.Event is not enhanced.

------------------------------------------------------------------------------------------------------------------------

[2019-03-02 14:13:32 #1 store] 
Database 'C:\Users\Carlos Dominguez\Desktop\BetAndRuin\resources\db\bets.odb' is opened by 8352@DESKTOP-F3FKHV4

[2019-03-02 14:13:32 #2 type] 
Type domain.Question is not enhanced.

[2019-03-02 14:13:32 #3 type] 
Type domain.User is not enhanced.

[2019-03-02 14:13:32 #4 type] 
Type domain.Bet is not enhanced.

[2019-03-02 14:13:32 #5 type] 
Type domain.Event is not enhanced.

------------------------------------------------------------------------------------------------------------------------

[2019-03-02 14:14:22 #1 store] 
Database 'C:\Users\Carlos Dominguez\Desktop\BetAndRuin\resources\db\bets.odb' is opened by 9124@DESKTOP-F3FKHV4

[2019-03-02 14:14:23 #2 type] 
Type domain.Question is not enhanced.

[2019-03-02 14:14:23 #3 type] 
Type domain.User is not enhanced.

[2019-03-02 14:14:23 #4 type] 
Type domain.Bet is not enhanced.

[2019-03-02 14:14:23 #5 type] 
Type domain.Event is not enhanced.

------------------------------------------------------------------------------------------------------------------------

[2019-03-02 14:14:55 #1 store] 
Database 'C:\Users\Carlos Dominguez\Desktop\BetAndRuin\resources\db\bets.odb' is opened by 8584@DESKTOP-F3FKHV4

[2019-03-02 14:14:55 #2 type] 
Type domain.Question is not enhanced.

[2019-03-02 14:14:55 #3 type] 
Type domain.User is not enhanced.

[2019-03-02 14:14:55 #4 type] 
Type domain.Bet is not enhanced.

[2019-03-02 14:14:55 #5 type] 
Type domain.Event is not enhanced.

------------------------------------------------------------------------------------------------------------------------

[2019-03-02 14:15:48 #1 store] 
Database 'C:\Users\Carlos Dominguez\Desktop\BetAndRuin\resources\db\bets.odb' is opened by 3672@DESKTOP-F3FKHV4

[2019-03-02 14:15:48 #2 type] 
Type domain.Question is not enhanced.

[2019-03-02 14:15:48 #3 type] 
Type domain.User is not enhanced.

[2019-03-02 14:15:48 #4 type] 
Type domain.Bet is not enhanced.

[2019-03-02 14:15:48 #5 type] 
Type domain.Event is not enhanced.

------------------------------------------------------------------------------------------------------------------------

[2019-03-02 14:16:06 #1 store] 
Database 'C:\Users\Carlos Dominguez\Desktop\BetAndRuin\resources\db\bets.odb' is opened by 6052@DESKTOP-F3FKHV4

[2019-03-02 14:16:06 #2 type] 
Type domain.Question is not enhanced.

[2019-03-02 14:16:06 #3 type] 
Type domain.User is not enhanced.

[2019-03-02 14:16:06 #4 type] 
Type domain.Bet is not enhanced.

[2019-03-02 14:16:06 #5 type] 
Type domain.Event is not enhanced.

------------------------------------------------------------------------------------------------------------------------

[2019-03-02 14:17:05 #1 store] 
Database 'C:\Users\Carlos Dominguez\Desktop\BetAndRuin\resources\db\bets.odb' is opened by 9688@DESKTOP-F3FKHV4

[2019-03-02 14:17:05 #2 type] 
Type domain.Question is not enhanced.

[2019-03-02 14:17:05 #3 type] 
Type domain.User is not enhanced.

[2019-03-02 14:17:05 #4 type] 
Type domain.Bet is not enhanced.

[2019-03-02 14:17:05 #5 type] 
Type domain.Event is not enhanced.

------------------------------------------------------------------------------------------------------------------------

[2019-03-02 14:18:52 #1 store] 
Database 'C:\Users\Carlos Dominguez\Desktop\BetAndRuin\resources\db\bets.odb' is opened by 2312@DESKTOP-F3FKHV4

[2019-03-02 14:18:52 #2 type] 
Type domain.Question is not enhanced.

[2019-03-02 14:18:52 #3 type] 
Type domain.User is not enhanced.

[2019-03-02 14:18:52 #4 type] 
Type domain.Bet is not enhanced.

[2019-03-02 14:18:52 #5 type] 
Type domain.Event is not enhanced.

------------------------------------------------------------------------------------------------------------------------

[2019-03-02 14:21:25 #1 store] 
Database 'C:\Users\Carlos Dominguez\Desktop\BetAndRuin\resources\db\bets.odb' is opened by 10864@DESKTOP-F3FKHV4

[2019-03-02 14:21:25 #2 type] 
Type domain.Question is not enhanced.

[2019-03-02 14:21:25 #3 type] 
Type domain.User is not enhanced.

[2019-03-02 14:21:25 #4 type] 
Type domain.Bet is not enhanced.

[2019-03-02 14:21:25 #5 type] 
Type domain.Event is not enhanced.

------------------------------------------------------------------------------------------------------------------------

[2019-03-02 14:22:00 #1 store] 
Database 'C:\Users\Carlos Dominguez\Desktop\BetAndRuin\resources\db\bets.odb' has been recovered (tr. 16-17)

[2019-03-02 14:22:00 #2 store] 
Database 'C:\Users\Carlos Dominguez\Desktop\BetAndRuin\resources\db\bets.odb' is opened by 9180@DESKTOP-F3FKHV4

[2019-03-02 14:22:00 #3 type] 
Type domain.Question is not enhanced.

[2019-03-02 14:22:00 #4 type] 
Type domain.User is not enhanced.

[2019-03-02 14:22:00 #5 type] 
Type domain.Bet is not enhanced.

[2019-03-02 14:22:00 #6 type] 
Type domain.Event is not enhanced.

------------------------------------------------------------------------------------------------------------------------

[2019-03-02 14:24:01 #1 store] 
Database 'C:\Users\Carlos Dominguez\Desktop\BetAndRuin\resources\db\bets.odb' has been recovered (tr. 18-19)

[2019-03-02 14:24:01 #2 store] 
Database 'C:\Users\Carlos Dominguez\Desktop\BetAndRuin\resources\db\bets.odb' is opened by 11900@DESKTOP-F3FKHV4

[2019-03-02 14:24:01 #3 type] 
Type domain.Question is not enhanced.

[2019-03-02 14:24:01 #4 type] 
Type domain.User is not enhanced.

[2019-03-02 14:24:01 #5 type] 
Type domain.Bet is not enhanced.

[2019-03-02 14:24:01 #6 type] 
Type domain.Event is not enhanced.

------------------------------------------------------------------------------------------------------------------------

[2019-03-02 14:27:23 #1 store] 
Database 'C:\Users\Carlos Dominguez\Desktop\BetAndRuin\resources\db\bets.odb' is opened by 1808@DESKTOP-F3FKHV4

[2019-03-02 14:27:23 #2 type] 
Type domain.Question is not enhanced.

[2019-03-02 14:27:23 #3 type] 
Type domain.User is not enhanced.

[2019-03-02 14:27:23 #4 type] 
Type domain.Bet is not enhanced.

[2019-03-02 14:27:23 #5 type] 
Type domain.Event is not enhanced.

------------------------------------------------------------------------------------------------------------------------

[2019-03-02 14:27:59 #1 store] 
Database 'C:\Users\Carlos Dominguez\Desktop\BetAndRuin\resources\db\bets.odb' is opened by 2812@DESKTOP-F3FKHV4

[2019-03-02 14:28:00 #2 type] 
Type domain.Question is not enhanced.

[2019-03-02 14:28:00 #3 type] 
Type domain.User is not enhanced.

[2019-03-02 14:28:00 #4 type] 
Type domain.Bet is not enhanced.

[2019-03-02 14:28:00 #5 type] 
Type domain.Event is not enhanced.

------------------------------------------------------------------------------------------------------------------------

[2019-03-02 14:28:46 #1 store] 
Database 'C:\Users\Carlos Dominguez\Desktop\BetAndRuin\resources\db\bets.odb' is opened by 4992@DESKTOP-F3FKHV4

[2019-03-02 14:28:46 #2 type] 
Type domain.Question is not enhanced.

[2019-03-02 14:28:46 #3 type] 
Type domain.User is not enhanced.

[2019-03-02 14:28:46 #4 type] 
Type domain.Bet is not enhanced.

[2019-03-02 14:28:46 #5 type] 
Type domain.Event is not enhanced.

------------------------------------------------------------------------------------------------------------------------

[2019-03-02 14:32:40 #1 store] 
Database 'C:\Users\Carlos Dominguez\Desktop\BetAndRuin\resources\db\bets.odb' is opened by 5592@DESKTOP-F3FKHV4

[2019-03-02 14:32:40 #2 type] 
Type domain.Question is not enhanced.

[2019-03-02 14:32:40 #3 type] 
Type domain.User is not enhanced.

[2019-03-02 14:32:40 #4 type] 
Type domain.Bet is not enhanced.

[2019-03-02 14:32:40 #5 type] 
Type domain.Event is not enhanced.

------------------------------------------------------------------------------------------------------------------------

[2019-03-02 14:34:34 #1 store] 
Database 'C:\Users\Carlos Dominguez\Desktop\BetAndRuin\resources\db\bets.odb' has been recovered (tr. 20-20)

[2019-03-02 14:34:34 #2 store] 
Database 'C:\Users\Carlos Dominguez\Desktop\BetAndRuin\resources\db\bets.odb' is opened by 1824@DESKTOP-F3FKHV4

[2019-03-02 14:34:34 #3 type] 
Type domain.Question is not enhanced.

[2019-03-02 14:34:34 #4 type] 
Type domain.User is not enhanced.

[2019-03-02 14:34:34 #5 type] 
Type domain.Bet is not enhanced.

[2019-03-02 14:34:34 #6 type] 
Type domain.Event is not enhanced.

------------------------------------------------------------------------------------------------------------------------

[2019-03-02 14:37:48 #1 store] 
Database 'C:\Users\Carlos Dominguez\Desktop\BetAndRuin\resources\db\bets.odb' is opened by 6404@DESKTOP-F3FKHV4

[2019-03-02 14:37:48 #2 type] 
Type domain.Question is not enhanced.

[2019-03-02 14:37:48 #3 type] 
Type domain.User is not enhanced.

[2019-03-02 14:37:48 #4 type] 
Type domain.Bet is not enhanced.

[2019-03-02 14:37:48 #5 type] 
Type domain.Event is not enhanced.

