------------------------------------------------------------------------------------------------------------------------

[2019-03-20 20:34:31 #1 store] 
Database 'C:\Users\Carlos\Desktop\BetAndRuin_FloatSoft\resources\db\bets.odb' has been recovered (tr. 612-612)

[2019-03-20 20:34:31 #2 store] 
Database 'C:\Users\Carlos\Desktop\BetAndRuin_FloatSoft\resources\db\bets.odb' is opened by 9112@DESKTOP-K71H3G5

[2019-03-20 20:34:31 #3 type] 
Type domainV2.User is not enhanced.

[2019-03-20 20:34:31 #4 type] 
Type domainV2.News is not enhanced.

------------------------------------------------------------------------------------------------------------------------

[2019-03-20 20:35:22 #1 store] 
Database 'C:\Users\Carlos\Desktop\BetAndRuin_FloatSoft\resources\db\bets.odb' has been recovered (tr. 613-613)

[2019-03-20 20:35:22 #2 store] 
Database 'C:\Users\Carlos\Desktop\BetAndRuin_FloatSoft\resources\db\bets.odb' is opened by 2512@DESKTOP-K71H3G5

[2019-03-20 20:35:22 #3 type] 
Type domainV2.User is not enhanced.

[2019-03-20 20:35:22 #4 type] 
Type domainV2.News is not enhanced.

------------------------------------------------------------------------------------------------------------------------

[2019-03-20 20:37:25 #1 store] 
Database 'C:\Users\Carlos\Desktop\BetAndRuin_FloatSoft\resources\db\bets.odb' has been recovered (tr. 614-614)

[2019-03-20 20:37:25 #2 store] 
Database 'C:\Users\Carlos\Desktop\BetAndRuin_FloatSoft\resources\db\bets.odb' is opened by 8768@DESKTOP-K71H3G5

[2019-03-20 20:37:25 #3 type] 
Type domainV2.User is not enhanced.

[2019-03-20 20:37:25 #4 type] 
Type domainV2.News is not enhanced.

------------------------------------------------------------------------------------------------------------------------

[2019-03-20 20:38:52 #1 store] 
Database 'C:\Users\Carlos\Desktop\BetAndRuin_FloatSoft\resources\db\bets.odb' has been recovered (tr. 615-615)

[2019-03-20 20:38:52 #2 store] 
Database 'C:\Users\Carlos\Desktop\BetAndRuin_FloatSoft\resources\db\bets.odb' is opened by 8724@DESKTOP-K71H3G5

[2019-03-20 20:38:53 #3 type] 
Type domainV2.User is not enhanced.

[2019-03-20 20:38:53 #4 type] 
Type domainV2.News is not enhanced.

------------------------------------------------------------------------------------------------------------------------

[2019-03-20 20:47:06 #1 store] 
Database 'C:\Users\Carlos\Desktop\BetAndRuin_FloatSoft\resources\db\bets.odb' has been recovered (tr. 616-616)

[2019-03-20 20:47:06 #2 store] 
Database 'C:\Users\Carlos\Desktop\BetAndRuin_FloatSoft\resources\db\bets.odb' is opened by 10848@DESKTOP-K71H3G5

[2019-03-20 20:47:07 #3 type] 
Type domainV2.User is not enhanced.

[2019-03-20 20:47:07 #4 type] 
Type domainV2.News is not enhanced.

------------------------------------------------------------------------------------------------------------------------

[2019-03-20 20:49:54 #1 store] 
Database 'C:\Users\Carlos\Desktop\BetAndRuin_FloatSoft\resources\db\bets.odb' has been recovered (tr. 617-620)

[2019-03-20 20:49:54 #2 store] 
Database 'C:\Users\Carlos\Desktop\BetAndRuin_FloatSoft\resources\db\bets.odb' is opened by 6372@DESKTOP-K71H3G5

[2019-03-20 20:49:54 #3 type] 
Type domainV2.User is not enhanced.

[2019-03-20 20:49:54 #4 type] 
Type domainV2.News is not enhanced.

------------------------------------------------------------------------------------------------------------------------

[2019-03-20 20:51:08 #1 store] 
Database 'C:\Users\Carlos\Desktop\BetAndRuin_FloatSoft\resources\db\bets.odb' has been recovered (tr. 621-623)

[2019-03-20 20:51:08 #2 store] 
Database 'C:\Users\Carlos\Desktop\BetAndRuin_FloatSoft\resources\db\bets.odb' is opened by 9852@DESKTOP-K71H3G5

[2019-03-20 20:51:08 #3 type] 
Type domainV2.User is not enhanced.

[2019-03-20 20:51:08 #4 type] 
Type domainV2.News is not enhanced.

------------------------------------------------------------------------------------------------------------------------

[2019-03-20 20:57:56 #1 store] 
Database 'C:\Users\Carlos\Desktop\BetAndRuin_FloatSoft\resources\db\bets.odb' has been recovered (tr. 624-636)

[2019-03-20 20:57:56 #2 store] 
Database 'C:\Users\Carlos\Desktop\BetAndRuin_FloatSoft\resources\db\bets.odb' is opened by 3528@DESKTOP-K71H3G5

[2019-03-20 20:57:56 #3 type] 
Type domainV2.User is not enhanced.

[2019-03-20 20:57:56 #4 type] 
Type domainV2.News is not enhanced.

------------------------------------------------------------------------------------------------------------------------

[2019-03-20 20:58:39 #1 store] 
Database 'C:\Users\Carlos\Desktop\BetAndRuin_FloatSoft\resources\db\bets.odb' has been recovered (tr. 637-637)

[2019-03-20 20:58:39 #2 store] 
Database 'C:\Users\Carlos\Desktop\BetAndRuin_FloatSoft\resources\db\bets.odb' is opened by 5684@DESKTOP-K71H3G5

[2019-03-20 20:58:39 #3 type] 
Type domainV2.User is not enhanced.

[2019-03-20 20:58:39 #4 type] 
Type domainV2.News is not enhanced.

------------------------------------------------------------------------------------------------------------------------

[2019-03-20 21:00:27 #1 store] 
Database 'C:\Users\Carlos\Desktop\BetAndRuin_FloatSoft\resources\db\bets.odb' has been recovered (tr. 638-638)

[2019-03-20 21:00:27 #2 store] 
Database 'C:\Users\Carlos\Desktop\BetAndRuin_FloatSoft\resources\db\bets.odb' is opened by 10044@DESKTOP-K71H3G5

[2019-03-20 21:00:27 #3 type] 
Type domainV2.User is not enhanced.

[2019-03-20 21:00:27 #4 type] 
Type domainV2.News is not enhanced.

------------------------------------------------------------------------------------------------------------------------

[2019-03-20 21:05:19 #1 store] 
Database 'C:\Users\Carlos\Desktop\BetAndRuin_FloatSoft\resources\db\bets.odb' has been recovered (tr. 639-641)

[2019-03-20 21:05:19 #2 store] 
Database 'C:\Users\Carlos\Desktop\BetAndRuin_FloatSoft\resources\db\bets.odb' is opened by 5112@DESKTOP-K71H3G5

[2019-03-20 21:05:19 #3 type] 
Type domainV2.User is not enhanced.

[2019-03-20 21:05:19 #4 type] 
Type domainV2.News is not enhanced.

