------------------------------------------------------------------------------------------------------------------------

[2019-05-14 00:15:20 #1 store] 
Database 'C:\Users\Karl Toomas Vana\git\BetAndRuin_FloatSoft\resources\db\bets.odb' has been recovered (tr. 2924-2924)

[2019-05-14 00:15:20 #2 store] 
Database 'C:\Users\Karl Toomas Vana\git\BetAndRuin_FloatSoft\resources\db\bets.odb' is opened by 527952@DESKTOP-6J26I7U

[2019-05-14 00:15:20 #3 type] 
Type domainV2.User is not enhanced.

[2019-05-14 00:15:20 #4 type] 
Type domainV2.Transaction is not enhanced.

[2019-05-14 00:15:20 #5 type] 
Type domainV2.News is not enhanced.

[2019-05-14 00:15:20 #6 type] 
Type domainV2.event.Event is not enhanced.

[2019-05-14 00:15:20 #7 type] 
Type domainV2.question.Question is not enhanced.

[2019-05-14 00:15:20 #8 type] 
Type domainV2.util.Translation is not enhanced.

[2019-05-14 00:15:20 #9 type] 
Type domainV2.bet.BetSuperClass is not enhanced.

[2019-05-14 00:15:20 #10 type] 
Type domainV2.bet.Bet is not enhanced.

------------------------------------------------------------------------------------------------------------------------

[2019-05-14 00:16:24 #1 store] 
Database 'C:\Users\Karl Toomas Vana\git\BetAndRuin_FloatSoft\resources\db\bets.odb' has been recovered (tr. 2925-2925)

[2019-05-14 00:16:24 #2 store] 
Database 'C:\Users\Karl Toomas Vana\git\BetAndRuin_FloatSoft\resources\db\bets.odb' is opened by 534920@DESKTOP-6J26I7U

[2019-05-14 00:16:24 #3 type] 
Type domainV2.User is not enhanced.

[2019-05-14 00:16:24 #4 type] 
Type domainV2.Transaction is not enhanced.

[2019-05-14 00:16:24 #5 type] 
Type domainV2.News is not enhanced.

[2019-05-14 00:16:24 #6 type] 
Type domainV2.event.Event is not enhanced.

[2019-05-14 00:16:24 #7 type] 
Type domainV2.question.Question is not enhanced.

[2019-05-14 00:16:24 #8 type] 
Type domainV2.util.Translation is not enhanced.

[2019-05-14 00:16:24 #9 type] 
Type domainV2.bet.BetSuperClass is not enhanced.

[2019-05-14 00:16:24 #10 type] 
Type domainV2.bet.Bet is not enhanced.

------------------------------------------------------------------------------------------------------------------------

[2019-05-14 00:29:06 #1 store] 
Database 'C:\Users\Karl Toomas Vana\git\BetAndRuin_FloatSoft\resources\db\bets.odb' has been recovered (tr. 2926-2926)

[2019-05-14 00:29:06 #2 store] 
Database 'C:\Users\Karl Toomas Vana\git\BetAndRuin_FloatSoft\resources\db\bets.odb' is opened by 539652@DESKTOP-6J26I7U

[2019-05-14 00:29:07 #3 type] 
Type domainV2.User is not enhanced.

[2019-05-14 00:29:07 #4 type] 
Type domainV2.Transaction is not enhanced.

[2019-05-14 00:29:07 #5 type] 
Type domainV2.News is not enhanced.

[2019-05-14 00:29:07 #6 type] 
Type domainV2.event.Event is not enhanced.

[2019-05-14 00:29:07 #7 type] 
Type domainV2.question.Question is not enhanced.

[2019-05-14 00:29:07 #8 type] 
Type domainV2.util.Translation is not enhanced.

[2019-05-14 00:29:07 #9 type] 
Type domainV2.bet.BetSuperClass is not enhanced.

[2019-05-14 00:29:07 #10 type] 
Type domainV2.bet.Bet is not enhanced.

------------------------------------------------------------------------------------------------------------------------

[2019-05-14 00:30:31 #1 store] 
Database 'C:\Users\Karl Toomas Vana\git\BetAndRuin_FloatSoft\resources\db\bets.odb' has been recovered (tr. 2927-2927)

[2019-05-14 00:30:31 #2 store] 
Database 'C:\Users\Karl Toomas Vana\git\BetAndRuin_FloatSoft\resources\db\bets.odb' is opened by 539976@DESKTOP-6J26I7U

[2019-05-14 00:30:32 #3 type] 
Type domainV2.User is not enhanced.

[2019-05-14 00:30:32 #4 type] 
Type domainV2.Transaction is not enhanced.

[2019-05-14 00:30:32 #5 type] 
Type domainV2.News is not enhanced.

[2019-05-14 00:30:32 #6 type] 
Type domainV2.event.Event is not enhanced.

[2019-05-14 00:30:32 #7 type] 
Type domainV2.question.Question is not enhanced.

[2019-05-14 00:30:32 #8 type] 
Type domainV2.util.Translation is not enhanced.

[2019-05-14 00:30:32 #9 type] 
Type domainV2.bet.BetSuperClass is not enhanced.

[2019-05-14 00:30:32 #10 type] 
Type domainV2.bet.Bet is not enhanced.

------------------------------------------------------------------------------------------------------------------------

[2019-05-14 00:55:35 #1 store] 
Database 'C:\Users\Karl Toomas Vana\git\BetAndRuin_FloatSoft\resources\db\bets.odb' has been recovered (tr. 2928-2928)

[2019-05-14 00:55:35 #2 store] 
Database 'C:\Users\Karl Toomas Vana\git\BetAndRuin_FloatSoft\resources\db\bets.odb' is opened by 550428@DESKTOP-6J26I7U

[2019-05-14 00:55:35 #3 type] 
Type domainV2.User is not enhanced.

[2019-05-14 00:55:36 #4 type] 
Type domainV2.Transaction is not enhanced.

[2019-05-14 00:55:36 #5 type] 
Type domainV2.News is not enhanced.

[2019-05-14 00:55:36 #6 type] 
Type domainV2.event.Event is not enhanced.

[2019-05-14 00:55:36 #7 type] 
Type domainV2.question.Question is not enhanced.

[2019-05-14 00:55:36 #8 type] 
Type domainV2.util.Translation is not enhanced.

[2019-05-14 00:55:36 #9 type] 
Type domainV2.bet.BetSuperClass is not enhanced.

[2019-05-14 00:55:36 #10 type] 
Type domainV2.bet.Bet is not enhanced.

------------------------------------------------------------------------------------------------------------------------

[2019-05-14 01:32:08 #1 store] 
Database 'C:\Users\Karl Toomas Vana\git\BetAndRuin_FloatSoft\resources\db\bets.odb' has been recovered (tr. 2929-2929)

[2019-05-14 01:32:08 #2 store] 
Database 'C:\Users\Karl Toomas Vana\git\BetAndRuin_FloatSoft\resources\db\bets.odb' is opened by 553208@DESKTOP-6J26I7U

[2019-05-14 01:32:09 #3 type] 
Type domainV2.User is not enhanced.

[2019-05-14 01:32:09 #4 type] 
Type domainV2.Transaction is not enhanced.

[2019-05-14 01:32:09 #5 type] 
Type domainV2.News is not enhanced.

[2019-05-14 01:32:09 #6 type] 
Type domainV2.event.Event is not enhanced.

[2019-05-14 01:32:09 #7 type] 
Type domainV2.question.Question is not enhanced.

[2019-05-14 01:32:09 #8 type] 
Type domainV2.util.Translation is not enhanced.

[2019-05-14 01:32:09 #9 type] 
Type domainV2.bet.BetSuperClass is not enhanced.

[2019-05-14 01:32:09 #10 type] 
Type domainV2.bet.Bet is not enhanced.

------------------------------------------------------------------------------------------------------------------------

[2019-05-14 01:43:57 #1 store] 
Database 'C:\Users\Karl Toomas Vana\git\BetAndRuin_FloatSoft\resources\db\bets.odb' has been recovered (tr. 2930-2932)

[2019-05-14 01:43:57 #2 store] 
Database 'C:\Users\Karl Toomas Vana\git\BetAndRuin_FloatSoft\resources\db\bets.odb' is opened by 556592@DESKTOP-6J26I7U

[2019-05-14 01:43:57 #3 type] 
Type domainV2.User is not enhanced.

[2019-05-14 01:43:57 #4 type] 
Type domainV2.Transaction is not enhanced.

[2019-05-14 01:43:57 #5 type] 
Type domainV2.News is not enhanced.

[2019-05-14 01:43:57 #6 type] 
Type domainV2.event.Event is not enhanced.

[2019-05-14 01:43:57 #7 type] 
Type domainV2.question.Question is not enhanced.

[2019-05-14 01:43:57 #8 type] 
Type domainV2.util.Translation is not enhanced.

[2019-05-14 01:43:57 #9 type] 
Type domainV2.bet.BetSuperClass is not enhanced.

[2019-05-14 01:43:57 #10 type] 
Type domainV2.bet.Bet is not enhanced.

------------------------------------------------------------------------------------------------------------------------

[2019-05-14 01:46:11 #1 store] 
Database 'C:\Users\Karl Toomas Vana\git\BetAndRuin_FloatSoft\resources\db\bets.odb' has been recovered (tr. 2933-2933)

[2019-05-14 01:46:11 #2 store] 
Database 'C:\Users\Karl Toomas Vana\git\BetAndRuin_FloatSoft\resources\db\bets.odb' is opened by 558068@DESKTOP-6J26I7U

[2019-05-14 01:46:11 #3 type] 
Type domainV2.User is not enhanced.

[2019-05-14 01:46:11 #4 type] 
Type domainV2.Transaction is not enhanced.

[2019-05-14 01:46:11 #5 type] 
Type domainV2.News is not enhanced.

[2019-05-14 01:46:11 #6 type] 
Type domainV2.event.Event is not enhanced.

[2019-05-14 01:46:11 #7 type] 
Type domainV2.question.Question is not enhanced.

[2019-05-14 01:46:11 #8 type] 
Type domainV2.util.Translation is not enhanced.

[2019-05-14 01:46:11 #9 type] 
Type domainV2.bet.BetSuperClass is not enhanced.

[2019-05-14 01:46:11 #10 type] 
Type domainV2.bet.Bet is not enhanced.

------------------------------------------------------------------------------------------------------------------------

[2019-05-14 01:49:39 #1 store] 
Database 'C:\Users\Karl Toomas Vana\git\BetAndRuin_FloatSoft\resources\db\bets.odb' has been recovered (tr. 2934-2934)

[2019-05-14 01:49:39 #2 store] 
Database 'C:\Users\Karl Toomas Vana\git\BetAndRuin_FloatSoft\resources\db\bets.odb' is opened by 451896@DESKTOP-6J26I7U

[2019-05-14 01:49:39 #3 type] 
Type domainV2.User is not enhanced.

[2019-05-14 01:49:39 #4 type] 
Type domainV2.Transaction is not enhanced.

[2019-05-14 01:49:39 #5 type] 
Type domainV2.News is not enhanced.

[2019-05-14 01:49:39 #6 type] 
Type domainV2.event.Event is not enhanced.

[2019-05-14 01:49:39 #7 type] 
Type domainV2.question.Question is not enhanced.

[2019-05-14 01:49:39 #8 type] 
Type domainV2.util.Translation is not enhanced.

[2019-05-14 01:49:39 #9 type] 
Type domainV2.bet.BetSuperClass is not enhanced.

[2019-05-14 01:49:39 #10 type] 
Type domainV2.bet.Bet is not enhanced.

------------------------------------------------------------------------------------------------------------------------

[2019-05-14 01:54:21 #1 store] 
Database 'C:\Users\Karl Toomas Vana\git\BetAndRuin_FloatSoft\resources\db\bets.odb' has been recovered (tr. 2935-2935)

[2019-05-14 01:54:21 #2 store] 
Database 'C:\Users\Karl Toomas Vana\git\BetAndRuin_FloatSoft\resources\db\bets.odb' is opened by 519540@DESKTOP-6J26I7U

[2019-05-14 01:54:22 #3 type] 
Type domainV2.User is not enhanced.

[2019-05-14 01:54:22 #4 type] 
Type domainV2.Transaction is not enhanced.

[2019-05-14 01:54:22 #5 type] 
Type domainV2.News is not enhanced.

[2019-05-14 01:54:22 #6 type] 
Type domainV2.event.Event is not enhanced.

[2019-05-14 01:54:22 #7 type] 
Type domainV2.question.Question is not enhanced.

[2019-05-14 01:54:22 #8 type] 
Type domainV2.util.Translation is not enhanced.

[2019-05-14 01:54:22 #9 type] 
Type domainV2.bet.BetSuperClass is not enhanced.

[2019-05-14 01:54:22 #10 type] 
Type domainV2.bet.Bet is not enhanced.

------------------------------------------------------------------------------------------------------------------------

[2019-05-14 01:55:44 #1 store] 
Database 'C:\Users\Karl Toomas Vana\git\BetAndRuin_FloatSoft\resources\db\bets.odb' has been recovered (tr. 2936-2936)

[2019-05-14 01:55:44 #2 store] 
Database 'C:\Users\Karl Toomas Vana\git\BetAndRuin_FloatSoft\resources\db\bets.odb' is opened by 557920@DESKTOP-6J26I7U

[2019-05-14 01:55:44 #3 type] 
Type domainV2.User is not enhanced.

[2019-05-14 01:55:44 #4 type] 
Type domainV2.Transaction is not enhanced.

[2019-05-14 01:55:44 #5 type] 
Type domainV2.News is not enhanced.

[2019-05-14 01:55:44 #6 type] 
Type domainV2.event.Event is not enhanced.

[2019-05-14 01:55:44 #7 type] 
Type domainV2.question.Question is not enhanced.

[2019-05-14 01:55:44 #8 type] 
Type domainV2.util.Translation is not enhanced.

[2019-05-14 01:55:44 #9 type] 
Type domainV2.bet.BetSuperClass is not enhanced.

[2019-05-14 01:55:44 #10 type] 
Type domainV2.bet.Bet is not enhanced.

------------------------------------------------------------------------------------------------------------------------

[2019-05-14 01:57:56 #1 store] 
Database 'C:\Users\Karl Toomas Vana\git\BetAndRuin_FloatSoft\resources\db\bets.odb' has been recovered (tr. 2937-2937)

[2019-05-14 01:57:56 #2 store] 
Database 'C:\Users\Karl Toomas Vana\git\BetAndRuin_FloatSoft\resources\db\bets.odb' is opened by 560768@DESKTOP-6J26I7U

[2019-05-14 01:57:56 #3 type] 
Type domainV2.User is not enhanced.

[2019-05-14 01:57:56 #4 type] 
Type domainV2.Transaction is not enhanced.

[2019-05-14 01:57:56 #5 type] 
Type domainV2.News is not enhanced.

[2019-05-14 01:57:56 #6 type] 
Type domainV2.event.Event is not enhanced.

[2019-05-14 01:57:56 #7 type] 
Type domainV2.question.Question is not enhanced.

[2019-05-14 01:57:56 #8 type] 
Type domainV2.util.Translation is not enhanced.

[2019-05-14 01:57:56 #9 type] 
Type domainV2.bet.BetSuperClass is not enhanced.

[2019-05-14 01:57:56 #10 type] 
Type domainV2.bet.Bet is not enhanced.

------------------------------------------------------------------------------------------------------------------------

[2019-05-14 01:59:07 #1 store] 
Database 'C:\Users\Karl Toomas Vana\git\BetAndRuin_FloatSoft\resources\db\bets.odb' is opened by 559680@DESKTOP-6J26I7U

[2019-05-14 01:59:07 #2 type] 
Type domainV2.User is not enhanced.

[2019-05-14 01:59:07 #3 type] 
Type domainV2.Transaction is not enhanced.

[2019-05-14 01:59:07 #4 type] 
Type domainV2.News is not enhanced.

[2019-05-14 01:59:07 #5 type] 
Type domainV2.event.Event is not enhanced.

[2019-05-14 01:59:07 #6 type] 
Type domainV2.question.Question is not enhanced.

[2019-05-14 01:59:07 #7 type] 
Type domainV2.util.Translation is not enhanced.

[2019-05-14 01:59:07 #8 type] 
Type domainV2.bet.BetSuperClass is not enhanced.

[2019-05-14 01:59:07 #9 type] 
Type domainV2.bet.Bet is not enhanced.

------------------------------------------------------------------------------------------------------------------------

[2019-05-14 02:10:11 #1 store] 
Database 'C:\Users\Karl Toomas Vana\git\BetAndRuin_FloatSoft\resources\db\bets.odb' has been recovered (tr. 2938-2938)

[2019-05-14 02:10:11 #2 store] 
Database 'C:\Users\Karl Toomas Vana\git\BetAndRuin_FloatSoft\resources\db\bets.odb' is opened by 520912@DESKTOP-6J26I7U

[2019-05-14 02:10:11 #3 type] 
Type domainV2.User is not enhanced.

[2019-05-14 02:10:11 #4 type] 
Type domainV2.Transaction is not enhanced.

[2019-05-14 02:10:11 #5 type] 
Type domainV2.News is not enhanced.

[2019-05-14 02:10:11 #6 type] 
Type domainV2.event.Event is not enhanced.

[2019-05-14 02:10:11 #7 type] 
Type domainV2.question.Question is not enhanced.

[2019-05-14 02:10:11 #8 type] 
Type domainV2.util.Translation is not enhanced.

[2019-05-14 02:10:11 #9 type] 
Type domainV2.bet.BetSuperClass is not enhanced.

[2019-05-14 02:10:11 #10 type] 
Type domainV2.bet.Bet is not enhanced.

------------------------------------------------------------------------------------------------------------------------

[2019-05-14 02:19:12 #1 store] 
Database 'C:\Users\Karl Toomas Vana\git\BetAndRuin_FloatSoft\resources\db\bets.odb' has been recovered (tr. 2939-2939)

[2019-05-14 02:19:12 #2 store] 
Database 'C:\Users\Karl Toomas Vana\git\BetAndRuin_FloatSoft\resources\db\bets.odb' is opened by 562652@DESKTOP-6J26I7U

[2019-05-14 02:19:13 #3 type] 
Type domainV2.User is not enhanced.

[2019-05-14 02:19:13 #4 type] 
Type domainV2.Transaction is not enhanced.

[2019-05-14 02:19:13 #5 type] 
Type domainV2.News is not enhanced.

[2019-05-14 02:19:13 #6 type] 
Type domainV2.event.Event is not enhanced.

[2019-05-14 02:19:13 #7 type] 
Type domainV2.question.Question is not enhanced.

[2019-05-14 02:19:13 #8 type] 
Type domainV2.util.Translation is not enhanced.

[2019-05-14 02:19:13 #9 type] 
Type domainV2.bet.BetSuperClass is not enhanced.

[2019-05-14 02:19:13 #10 type] 
Type domainV2.bet.Bet is not enhanced.

