------------------------------------------------------------------------------------------------------------------------

[2019-04-24 10:42:29 #1 store] 
Database 'C:\Users\Carlos\Desktop\BetAndRuin_FloatSoft\resources\db\bets.odb' has been recovered (tr. 40093-41057)

[2019-04-24 10:42:29 #2 store] 
Database 'C:\Users\Carlos\Desktop\BetAndRuin_FloatSoft\resources\db\bets.odb' is opened by 9708@DESKTOP-K71H3G5

[2019-04-24 10:42:29 #3 type] 
Type domainV2.User is not enhanced.

[2019-04-24 10:42:29 #4 type] 
Type domainV2.Transaction is not enhanced.

[2019-04-24 10:42:29 #5 type] 
Type domainV2.News is not enhanced.

[2019-04-24 10:42:29 #6 type] 
Type domainV2.event.Event is not enhanced.

[2019-04-24 10:42:29 #7 type] 
Type domainV2.question.Question is not enhanced.

[2019-04-24 10:42:29 #8 type] 
Type domainV2.util.Translation is not enhanced.

[2019-04-24 10:42:29 #9 type] 
Type domainV2.bet.BetSuperClass is not enhanced.

[2019-04-24 10:42:29 #10 type] 
Type domainV2.bet.Bet is not enhanced.

[2019-04-24 10:42:29 #11 type] 
Type domainV2.RecoverPassword is not enhanced.

------------------------------------------------------------------------------------------------------------------------

[2019-04-24 10:44:16 #1 store] 
Database 'C:\Users\Carlos\Desktop\BetAndRuin_FloatSoft\resources\db\bets.odb' is opened by 1736@DESKTOP-K71H3G5

[2019-04-24 10:44:16 #2 type] 
Type domainV2.User is not enhanced.

[2019-04-24 10:44:16 #3 type] 
Type domainV2.Transaction is not enhanced.

[2019-04-24 10:44:16 #4 type] 
Type domainV2.News is not enhanced.

[2019-04-24 10:44:16 #5 type] 
Type domainV2.event.Event is not enhanced.

[2019-04-24 10:44:16 #6 type] 
Type domainV2.question.Question is not enhanced.

[2019-04-24 10:44:16 #7 type] 
Type domainV2.util.Translation is not enhanced.

[2019-04-24 10:44:16 #8 type] 
Type domainV2.bet.BetSuperClass is not enhanced.

[2019-04-24 10:44:16 #9 type] 
Type domainV2.bet.Bet is not enhanced.

[2019-04-24 10:44:16 #10 type] 
Type domainV2.RecoverPassword is not enhanced.

------------------------------------------------------------------------------------------------------------------------

[2019-04-24 10:45:14 #1 store] 
Database 'C:\Users\Carlos\Desktop\BetAndRuin_FloatSoft\resources\db\bets.odb' is opened by 13116@DESKTOP-K71H3G5

[2019-04-24 10:45:14 #2 type] 
Type domainV2.User is not enhanced.

[2019-04-24 10:45:14 #3 type] 
Type domainV2.Transaction is not enhanced.

[2019-04-24 10:45:14 #4 type] 
Type domainV2.News is not enhanced.

[2019-04-24 10:45:14 #5 type] 
Type domainV2.event.Event is not enhanced.

[2019-04-24 10:45:14 #6 type] 
Type domainV2.question.Question is not enhanced.

[2019-04-24 10:45:14 #7 type] 
Type domainV2.util.Translation is not enhanced.

[2019-04-24 10:45:14 #8 type] 
Type domainV2.bet.BetSuperClass is not enhanced.

[2019-04-24 10:45:14 #9 type] 
Type domainV2.bet.Bet is not enhanced.

[2019-04-24 10:45:14 #10 type] 
Type domainV2.RecoverPassword is not enhanced.

------------------------------------------------------------------------------------------------------------------------

[2019-04-24 10:46:25 #1 store] 
Database 'C:\Users\Carlos\Desktop\BetAndRuin_FloatSoft\resources\db\bets.odb' is opened by 7972@DESKTOP-K71H3G5

[2019-04-24 10:46:25 #2 type] 
Type domainV2.User is not enhanced.

[2019-04-24 10:46:25 #3 type] 
Type domainV2.Transaction is not enhanced.

[2019-04-24 10:46:25 #4 type] 
Type domainV2.News is not enhanced.

[2019-04-24 10:46:25 #5 type] 
Type domainV2.event.Event is not enhanced.

[2019-04-24 10:46:25 #6 type] 
Type domainV2.question.Question is not enhanced.

[2019-04-24 10:46:25 #7 type] 
Type domainV2.util.Translation is not enhanced.

[2019-04-24 10:46:25 #8 type] 
Type domainV2.bet.BetSuperClass is not enhanced.

[2019-04-24 10:46:25 #9 type] 
Type domainV2.bet.Bet is not enhanced.

[2019-04-24 10:46:25 #10 type] 
Type domainV2.RecoverPassword is not enhanced.

------------------------------------------------------------------------------------------------------------------------

[2019-04-24 10:46:57 #1 store] 
Database 'C:\Users\Carlos\Desktop\BetAndRuin_FloatSoft\resources\db\bets.odb' is opened by 10928@DESKTOP-K71H3G5

[2019-04-24 10:46:57 #2 type] 
Type domainV2.User is not enhanced.

[2019-04-24 10:46:57 #3 type] 
Type domainV2.Transaction is not enhanced.

[2019-04-24 10:46:57 #4 type] 
Type domainV2.News is not enhanced.

[2019-04-24 10:46:57 #5 type] 
Type domainV2.event.Event is not enhanced.

[2019-04-24 10:46:57 #6 type] 
Type domainV2.question.Question is not enhanced.

[2019-04-24 10:46:57 #7 type] 
Type domainV2.util.Translation is not enhanced.

[2019-04-24 10:46:57 #8 type] 
Type domainV2.bet.BetSuperClass is not enhanced.

[2019-04-24 10:46:57 #9 type] 
Type domainV2.bet.Bet is not enhanced.

[2019-04-24 10:46:57 #10 type] 
Type domainV2.RecoverPassword is not enhanced.

------------------------------------------------------------------------------------------------------------------------

[2019-04-24 10:48:49 #1 store] 
Database 'C:\Users\Carlos\Desktop\BetAndRuin_FloatSoft\resources\db\bets.odb' is opened by 13308@DESKTOP-K71H3G5

[2019-04-24 10:48:50 #2 type] 
Type domainV2.User is not enhanced.

[2019-04-24 10:48:50 #3 type] 
Type domainV2.Transaction is not enhanced.

[2019-04-24 10:48:50 #4 type] 
Type domainV2.News is not enhanced.

[2019-04-24 10:48:50 #5 type] 
Type domainV2.event.Event is not enhanced.

[2019-04-24 10:48:50 #6 type] 
Type domainV2.question.Question is not enhanced.

[2019-04-24 10:48:50 #7 type] 
Type domainV2.util.Translation is not enhanced.

[2019-04-24 10:48:50 #8 type] 
Type domainV2.bet.BetSuperClass is not enhanced.

[2019-04-24 10:48:50 #9 type] 
Type domainV2.bet.Bet is not enhanced.

[2019-04-24 10:48:50 #10 type] 
Type domainV2.RecoverPassword is not enhanced.

------------------------------------------------------------------------------------------------------------------------

[2019-04-24 10:50:19 #1 store] 
Database 'C:\Users\Carlos\Desktop\BetAndRuin_FloatSoft\resources\db\bets.odb' is opened by 116@DESKTOP-K71H3G5

[2019-04-24 10:50:19 #2 type] 
Type domainV2.User is not enhanced.

[2019-04-24 10:50:19 #3 type] 
Type domainV2.Transaction is not enhanced.

[2019-04-24 10:50:19 #4 type] 
Type domainV2.News is not enhanced.

[2019-04-24 10:50:19 #5 type] 
Type domainV2.event.Event is not enhanced.

[2019-04-24 10:50:19 #6 type] 
Type domainV2.question.Question is not enhanced.

[2019-04-24 10:50:19 #7 type] 
Type domainV2.util.Translation is not enhanced.

[2019-04-24 10:50:19 #8 type] 
Type domainV2.bet.BetSuperClass is not enhanced.

[2019-04-24 10:50:19 #9 type] 
Type domainV2.bet.Bet is not enhanced.

[2019-04-24 10:50:19 #10 type] 
Type domainV2.RecoverPassword is not enhanced.

------------------------------------------------------------------------------------------------------------------------

[2019-04-24 10:50:44 #1 store] 
Database 'C:\Users\Carlos\Desktop\BetAndRuin_FloatSoft\resources\db\bets.odb' is opened by 936@DESKTOP-K71H3G5

[2019-04-24 10:50:44 #2 type] 
Type domainV2.User is not enhanced.

[2019-04-24 10:50:44 #3 type] 
Type domainV2.Transaction is not enhanced.

[2019-04-24 10:50:44 #4 type] 
Type domainV2.News is not enhanced.

[2019-04-24 10:50:44 #5 type] 
Type domainV2.event.Event is not enhanced.

[2019-04-24 10:50:44 #6 type] 
Type domainV2.question.Question is not enhanced.

[2019-04-24 10:50:44 #7 type] 
Type domainV2.util.Translation is not enhanced.

[2019-04-24 10:50:44 #8 type] 
Type domainV2.bet.BetSuperClass is not enhanced.

[2019-04-24 10:50:44 #9 type] 
Type domainV2.bet.Bet is not enhanced.

[2019-04-24 10:50:44 #10 type] 
Type domainV2.RecoverPassword is not enhanced.

------------------------------------------------------------------------------------------------------------------------

[2019-04-24 10:54:49 #1 store] 
Database 'C:\Users\Carlos\Desktop\BetAndRuin_FloatSoft\resources\db\bets.odb' is opened by 392@DESKTOP-K71H3G5

[2019-04-24 10:54:49 #2 type] 
Type domainV2.User is not enhanced.

[2019-04-24 10:54:49 #3 type] 
Type domainV2.Transaction is not enhanced.

[2019-04-24 10:54:49 #4 type] 
Type domainV2.News is not enhanced.

[2019-04-24 10:54:49 #5 type] 
Type domainV2.event.Event is not enhanced.

[2019-04-24 10:54:49 #6 type] 
Type domainV2.question.Question is not enhanced.

[2019-04-24 10:54:49 #7 type] 
Type domainV2.util.Translation is not enhanced.

[2019-04-24 10:54:49 #8 type] 
Type domainV2.bet.BetSuperClass is not enhanced.

[2019-04-24 10:54:49 #9 type] 
Type domainV2.bet.Bet is not enhanced.

[2019-04-24 10:54:49 #10 type] 
Type domainV2.RecoverPassword is not enhanced.

------------------------------------------------------------------------------------------------------------------------

[2019-04-24 10:57:45 #1 store] 
Database 'C:\Users\Carlos\Desktop\BetAndRuin_FloatSoft\resources\db\bets.odb' is opened by 420@DESKTOP-K71H3G5

[2019-04-24 10:57:45 #2 type] 
Type domainV2.User is not enhanced.

[2019-04-24 10:57:45 #3 type] 
Type domainV2.Transaction is not enhanced.

[2019-04-24 10:57:45 #4 type] 
Type domainV2.News is not enhanced.

[2019-04-24 10:57:45 #5 type] 
Type domainV2.event.Event is not enhanced.

[2019-04-24 10:57:45 #6 type] 
Type domainV2.question.Question is not enhanced.

[2019-04-24 10:57:45 #7 type] 
Type domainV2.util.Translation is not enhanced.

[2019-04-24 10:57:45 #8 type] 
Type domainV2.bet.BetSuperClass is not enhanced.

[2019-04-24 10:57:45 #9 type] 
Type domainV2.bet.Bet is not enhanced.

[2019-04-24 10:57:45 #10 type] 
Type domainV2.RecoverPassword is not enhanced.

------------------------------------------------------------------------------------------------------------------------

[2019-04-24 10:58:03 #1 store] 
Database 'C:\Users\Carlos\Desktop\BetAndRuin_FloatSoft\resources\db\bets.odb' is opened by 3124@DESKTOP-K71H3G5

[2019-04-24 10:58:03 #2 type] 
Type domainV2.User is not enhanced.

[2019-04-24 10:58:03 #3 type] 
Type domainV2.Transaction is not enhanced.

[2019-04-24 10:58:03 #4 type] 
Type domainV2.News is not enhanced.

[2019-04-24 10:58:03 #5 type] 
Type domainV2.event.Event is not enhanced.

[2019-04-24 10:58:03 #6 type] 
Type domainV2.question.Question is not enhanced.

[2019-04-24 10:58:03 #7 type] 
Type domainV2.util.Translation is not enhanced.

[2019-04-24 10:58:03 #8 type] 
Type domainV2.bet.BetSuperClass is not enhanced.

[2019-04-24 10:58:03 #9 type] 
Type domainV2.bet.Bet is not enhanced.

[2019-04-24 10:58:03 #10 type] 
Type domainV2.RecoverPassword is not enhanced.

------------------------------------------------------------------------------------------------------------------------

[2019-04-24 10:58:21 #1 store] 
Database 'C:\Users\Carlos\Desktop\BetAndRuin_FloatSoft\resources\db\bets.odb' is opened by 11372@DESKTOP-K71H3G5

[2019-04-24 10:58:21 #2 type] 
Type domainV2.User is not enhanced.

[2019-04-24 10:58:21 #3 type] 
Type domainV2.Transaction is not enhanced.

[2019-04-24 10:58:21 #4 type] 
Type domainV2.News is not enhanced.

[2019-04-24 10:58:21 #5 type] 
Type domainV2.event.Event is not enhanced.

[2019-04-24 10:58:21 #6 type] 
Type domainV2.question.Question is not enhanced.

[2019-04-24 10:58:21 #7 type] 
Type domainV2.util.Translation is not enhanced.

[2019-04-24 10:58:21 #8 type] 
Type domainV2.bet.BetSuperClass is not enhanced.

[2019-04-24 10:58:21 #9 type] 
Type domainV2.bet.Bet is not enhanced.

[2019-04-24 10:58:21 #10 type] 
Type domainV2.RecoverPassword is not enhanced.

------------------------------------------------------------------------------------------------------------------------

[2019-04-24 11:09:35 #1 store] 
Database 'C:\Users\Carlos\Desktop\BetAndRuin_FloatSoft\resources\db\bets.odb' is opened by 10316@DESKTOP-K71H3G5

[2019-04-24 11:09:35 #2 type] 
Type domainV2.User is not enhanced.

[2019-04-24 11:09:35 #3 type] 
Type domainV2.Transaction is not enhanced.

[2019-04-24 11:09:35 #4 type] 
Type domainV2.News is not enhanced.

[2019-04-24 11:09:35 #5 type] 
Type domainV2.event.Event is not enhanced.

[2019-04-24 11:09:35 #6 type] 
Type domainV2.question.Question is not enhanced.

[2019-04-24 11:09:35 #7 type] 
Type domainV2.util.Translation is not enhanced.

[2019-04-24 11:09:35 #8 type] 
Type domainV2.bet.BetSuperClass is not enhanced.

[2019-04-24 11:09:35 #9 type] 
Type domainV2.bet.Bet is not enhanced.

[2019-04-24 11:09:35 #10 type] 
Type domainV2.RecoverPassword is not enhanced.

------------------------------------------------------------------------------------------------------------------------

[2019-04-24 11:25:19 #1 store] 
Database 'C:\Users\Carlos\Desktop\BetAndRuin_FloatSoft\resources\db\bets.odb' has been recovered (tr. 41058-41062)

[2019-04-24 11:25:19 #2 store] 
Database 'C:\Users\Carlos\Desktop\BetAndRuin_FloatSoft\resources\db\bets.odb' is opened by 11612@DESKTOP-K71H3G5

[2019-04-24 11:25:19 #3 type] 
Type domainV2.User is not enhanced.

[2019-04-24 11:25:19 #4 type] 
Type domainV2.Transaction is not enhanced.

[2019-04-24 11:25:19 #5 type] 
Type domainV2.News is not enhanced.

[2019-04-24 11:25:19 #6 type] 
Type domainV2.event.Event is not enhanced.

[2019-04-24 11:25:19 #7 type] 
Type domainV2.question.Question is not enhanced.

[2019-04-24 11:25:19 #8 type] 
Type domainV2.util.Translation is not enhanced.

[2019-04-24 11:25:19 #9 type] 
Type domainV2.bet.BetSuperClass is not enhanced.

[2019-04-24 11:25:19 #10 type] 
Type domainV2.bet.Bet is not enhanced.

[2019-04-24 11:25:19 #11 type] 
Type domainV2.RecoverPassword is not enhanced.

------------------------------------------------------------------------------------------------------------------------

[2019-04-24 11:26:33 #1 store] 
Database 'C:\Users\Carlos\Desktop\BetAndRuin_FloatSoft\resources\db\bets.odb' has been recovered (tr. 41063-41063)

[2019-04-24 11:26:33 #2 store] 
Database 'C:\Users\Carlos\Desktop\BetAndRuin_FloatSoft\resources\db\bets.odb' is opened by 8112@DESKTOP-K71H3G5

[2019-04-24 11:26:33 #3 type] 
Type domainV2.User is not enhanced.

[2019-04-24 11:26:33 #4 type] 
Type domainV2.Transaction is not enhanced.

[2019-04-24 11:26:33 #5 type] 
Type domainV2.News is not enhanced.

[2019-04-24 11:26:33 #6 type] 
Type domainV2.event.Event is not enhanced.

[2019-04-24 11:26:33 #7 type] 
Type domainV2.question.Question is not enhanced.

[2019-04-24 11:26:33 #8 type] 
Type domainV2.util.Translation is not enhanced.

[2019-04-24 11:26:33 #9 type] 
Type domainV2.bet.BetSuperClass is not enhanced.

[2019-04-24 11:26:33 #10 type] 
Type domainV2.bet.Bet is not enhanced.

[2019-04-24 11:26:33 #11 type] 
Type domainV2.RecoverPassword is not enhanced.

------------------------------------------------------------------------------------------------------------------------

[2019-04-24 11:53:45 #1 store] 
Database 'C:\Users\Carlos\Desktop\BetAndRuin_FloatSoft\resources\db\bets.odb' has been recovered (tr. 41064-41070)

[2019-04-24 11:53:45 #2 store] 
Database 'C:\Users\Carlos\Desktop\BetAndRuin_FloatSoft\resources\db\bets.odb' is opened by 2740@DESKTOP-K71H3G5

[2019-04-24 11:53:45 #3 type] 
Type domainV2.User is not enhanced.

[2019-04-24 11:53:45 #4 type] 
Type domainV2.Transaction is not enhanced.

[2019-04-24 11:53:45 #5 type] 
Type domainV2.News is not enhanced.

[2019-04-24 11:53:45 #6 type] 
Type domainV2.event.Event is not enhanced.

[2019-04-24 11:53:45 #7 type] 
Type domainV2.question.Question is not enhanced.

[2019-04-24 11:53:45 #8 type] 
Type domainV2.util.Translation is not enhanced.

[2019-04-24 11:53:45 #9 type] 
Type domainV2.bet.BetSuperClass is not enhanced.

[2019-04-24 11:53:45 #10 type] 
Type domainV2.bet.Bet is not enhanced.

[2019-04-24 11:53:45 #11 type] 
Type domainV2.RecoverPassword is not enhanced.

------------------------------------------------------------------------------------------------------------------------

[2019-04-24 12:53:33 #1 store] 
Database 'C:\Users\Carlos\Desktop\BetAndRuin_FloatSoft\resources\db\bets.odb' has been recovered (tr. 41071-41336)

[2019-04-24 12:53:33 #2 store] 
Database 'C:\Users\Carlos\Desktop\BetAndRuin_FloatSoft\resources\db\bets.odb' is opened by 12632@DESKTOP-K71H3G5

[2019-04-24 12:53:33 #3 type] 
Type domainV2.User is not enhanced.

[2019-04-24 12:53:33 #4 type] 
Type domainV2.Transaction is not enhanced.

[2019-04-24 12:53:33 #5 type] 
Type domainV2.News is not enhanced.

[2019-04-24 12:53:33 #6 type] 
Type domainV2.event.Event is not enhanced.

[2019-04-24 12:53:33 #7 type] 
Type domainV2.question.Question is not enhanced.

[2019-04-24 12:53:33 #8 type] 
Type domainV2.util.Translation is not enhanced.

[2019-04-24 12:53:33 #9 type] 
Type domainV2.bet.BetSuperClass is not enhanced.

[2019-04-24 12:53:33 #10 type] 
Type domainV2.bet.Bet is not enhanced.

[2019-04-24 12:53:33 #11 type] 
Type domainV2.RecoverPassword is not enhanced.

------------------------------------------------------------------------------------------------------------------------

[2019-04-24 12:55:52 #1 store] 
Database 'C:\Users\Carlos\Desktop\BetAndRuin_FloatSoft\resources\db\bets.odb' has been recovered (tr. 41337-41347)

[2019-04-24 12:55:52 #2 store] 
Database 'C:\Users\Carlos\Desktop\BetAndRuin_FloatSoft\resources\db\bets.odb' is opened by 8652@DESKTOP-K71H3G5

[2019-04-24 12:55:52 #3 type] 
Type domainV2.User is not enhanced.

[2019-04-24 12:55:52 #4 type] 
Type domainV2.Transaction is not enhanced.

[2019-04-24 12:55:52 #5 type] 
Type domainV2.News is not enhanced.

[2019-04-24 12:55:52 #6 type] 
Type domainV2.event.Event is not enhanced.

[2019-04-24 12:55:52 #7 type] 
Type domainV2.question.Question is not enhanced.

[2019-04-24 12:55:52 #8 type] 
Type domainV2.util.Translation is not enhanced.

[2019-04-24 12:55:52 #9 type] 
Type domainV2.bet.BetSuperClass is not enhanced.

[2019-04-24 12:55:52 #10 type] 
Type domainV2.bet.Bet is not enhanced.

[2019-04-24 12:55:52 #11 type] 
Type domainV2.RecoverPassword is not enhanced.

------------------------------------------------------------------------------------------------------------------------

[2019-04-24 13:14:14 #1 store] 
Database 'C:\Users\Carlos\Desktop\BetAndRuin_FloatSoft\resources\db\bets.odb' has been recovered (tr. 41348-41348)

[2019-04-24 13:14:14 #2 store] 
Database 'C:\Users\Carlos\Desktop\BetAndRuin_FloatSoft\resources\db\bets.odb' is opened by 6272@DESKTOP-K71H3G5

[2019-04-24 13:14:14 #3 type] 
Type domainV2.User is not enhanced.

[2019-04-24 13:14:14 #4 type] 
Type domainV2.Transaction is not enhanced.

[2019-04-24 13:14:14 #5 type] 
Type domainV2.News is not enhanced.

[2019-04-24 13:14:14 #6 type] 
Type domainV2.event.Event is not enhanced.

[2019-04-24 13:14:14 #7 type] 
Type domainV2.question.Question is not enhanced.

[2019-04-24 13:14:14 #8 type] 
Type domainV2.util.Translation is not enhanced.

[2019-04-24 13:14:14 #9 type] 
Type domainV2.bet.BetSuperClass is not enhanced.

[2019-04-24 13:14:14 #10 type] 
Type domainV2.bet.Bet is not enhanced.

[2019-04-24 13:14:14 #11 type] 
Type domainV2.RecoverPassword is not enhanced.

------------------------------------------------------------------------------------------------------------------------

[2019-04-24 13:15:49 #1 store] 
Database 'C:\Users\Carlos\Desktop\BetAndRuin_FloatSoft\resources\db\bets.odb' has been recovered (tr. 41349-41349)

[2019-04-24 13:15:49 #2 store] 
Database 'C:\Users\Carlos\Desktop\BetAndRuin_FloatSoft\resources\db\bets.odb' is opened by 10124@DESKTOP-K71H3G5

[2019-04-24 13:15:49 #3 type] 
Type domainV2.User is not enhanced.

[2019-04-24 13:15:49 #4 type] 
Type domainV2.Transaction is not enhanced.

[2019-04-24 13:15:49 #5 type] 
Type domainV2.News is not enhanced.

[2019-04-24 13:15:49 #6 type] 
Type domainV2.event.Event is not enhanced.

[2019-04-24 13:15:49 #7 type] 
Type domainV2.question.Question is not enhanced.

[2019-04-24 13:15:49 #8 type] 
Type domainV2.util.Translation is not enhanced.

[2019-04-24 13:15:49 #9 type] 
Type domainV2.bet.BetSuperClass is not enhanced.

[2019-04-24 13:15:49 #10 type] 
Type domainV2.bet.Bet is not enhanced.

[2019-04-24 13:15:49 #11 type] 
Type domainV2.RecoverPassword is not enhanced.

------------------------------------------------------------------------------------------------------------------------

[2019-04-24 13:18:31 #1 store] 
Database 'C:\Users\Carlos\Desktop\BetAndRuin_FloatSoft\resources\db\bets.odb' has been recovered (tr. 41350-41358)

[2019-04-24 13:18:31 #2 store] 
Database 'C:\Users\Carlos\Desktop\BetAndRuin_FloatSoft\resources\db\bets.odb' is opened by 8364@DESKTOP-K71H3G5

[2019-04-24 13:18:31 #3 type] 
Type domainV2.User is not enhanced.

[2019-04-24 13:18:31 #4 type] 
Type domainV2.Transaction is not enhanced.

[2019-04-24 13:18:31 #5 type] 
Type domainV2.News is not enhanced.

[2019-04-24 13:18:31 #6 type] 
Type domainV2.event.Event is not enhanced.

[2019-04-24 13:18:31 #7 type] 
Type domainV2.question.Question is not enhanced.

[2019-04-24 13:18:31 #8 type] 
Type domainV2.util.Translation is not enhanced.

[2019-04-24 13:18:31 #9 type] 
Type domainV2.bet.BetSuperClass is not enhanced.

[2019-04-24 13:18:31 #10 type] 
Type domainV2.bet.Bet is not enhanced.

[2019-04-24 13:18:31 #11 type] 
Type domainV2.RecoverPassword is not enhanced.

