------------------------------------------------------------------------------------------------------------------------

[2019-04-23 12:20:50 #1 store] 
Database 'C:\Users\Carlos\Desktop\BetAndRuin_FloatSoft\resources\db\bets.odb' has been recovered (tr. 40081-40090)

[2019-04-23 12:20:50 #2 store] 
Database 'C:\Users\Carlos\Desktop\BetAndRuin_FloatSoft\resources\db\bets.odb' is opened by 1356@DESKTOP-K71H3G5

[2019-04-23 12:20:51 #3 type] 
Type domainV2.User is not enhanced.

[2019-04-23 12:20:51 #4 type] 
Type domainV2.Transaction is not enhanced.

[2019-04-23 12:20:51 #5 type] 
Type domainV2.News is not enhanced.

[2019-04-23 12:20:51 #6 type] 
Type domainV2.event.Event is not enhanced.

[2019-04-23 12:20:51 #7 type] 
Type domainV2.question.Question is not enhanced.

[2019-04-23 12:20:51 #8 type] 
Type domainV2.util.Translation is not enhanced.

[2019-04-23 12:20:51 #9 type] 
Type domainV2.bet.BetSuperClass is not enhanced.

[2019-04-23 12:20:51 #10 type] 
Type domainV2.bet.Bet is not enhanced.

[2019-04-23 12:20:51 #11 type] 
Type domainV2.RecoverPassword is not enhanced.

------------------------------------------------------------------------------------------------------------------------

[2019-04-23 12:27:03 #1 store] 
Database 'C:\Users\Carlos\Desktop\BetAndRuin_FloatSoft\resources\db\bets.odb' has been recovered (tr. 40091-40092)

[2019-04-23 12:27:03 #2 store] 
Database 'C:\Users\Carlos\Desktop\BetAndRuin_FloatSoft\resources\db\bets.odb' is opened by 13160@DESKTOP-K71H3G5

[2019-04-23 12:27:03 #3 type] 
Type domainV2.User is not enhanced.

[2019-04-23 12:27:03 #4 type] 
Type domainV2.Transaction is not enhanced.

[2019-04-23 12:27:03 #5 type] 
Type domainV2.News is not enhanced.

[2019-04-23 12:27:03 #6 type] 
Type domainV2.event.Event is not enhanced.

[2019-04-23 12:27:03 #7 type] 
Type domainV2.question.Question is not enhanced.

[2019-04-23 12:27:03 #8 type] 
Type domainV2.util.Translation is not enhanced.

[2019-04-23 12:27:03 #9 type] 
Type domainV2.bet.BetSuperClass is not enhanced.

[2019-04-23 12:27:03 #10 type] 
Type domainV2.bet.Bet is not enhanced.

[2019-04-23 12:27:03 #11 type] 
Type domainV2.RecoverPassword is not enhanced.

