------------------------------------------------------------------------------------------------------------------------

[2019-03-07 20:11:21 #1 store] 
Database 'C:\Users\Carlos Dominguez\Desktop\BetAndRuin_FloatSoft\resources\db\bets.odb' has been recovered (tr. 447-449)

[2019-03-07 20:11:21 #2 store] 
Database 'C:\Users\Carlos Dominguez\Desktop\BetAndRuin_FloatSoft\resources\db\bets.odb' is opened by 10284@DESKTOP-F3FKHV4

[2019-03-07 20:11:21 #3 type] 
Type domain.Question is not enhanced.

[2019-03-07 20:11:21 #4 type] 
Type domain.Bet is not enhanced.

[2019-03-07 20:11:21 #5 type] 
Type domain.Event is not enhanced.

[2019-03-07 20:11:21 #6 type] 
Type domain.User is not enhanced.

------------------------------------------------------------------------------------------------------------------------

[2019-03-07 20:12:30 #1 store] 
Database 'C:\Users\Carlos Dominguez\Desktop\BetAndRuin_FloatSoft\resources\db\bets.odb' is opened by 7204@DESKTOP-F3FKHV4

[2019-03-07 20:12:30 #2 type] 
Type domain.Question is not enhanced.

[2019-03-07 20:12:30 #3 type] 
Type domain.Bet is not enhanced.

[2019-03-07 20:12:30 #4 type] 
Type domain.Event is not enhanced.

[2019-03-07 20:12:30 #5 type] 
Type domain.User is not enhanced.

------------------------------------------------------------------------------------------------------------------------

[2019-03-07 20:16:33 #1 store] 
Database 'C:\Users\Carlos Dominguez\Desktop\BetAndRuin_FloatSoft\resources\db\bets.odb' is opened by 1048@DESKTOP-F3FKHV4

[2019-03-07 20:16:33 #2 type] 
Type domain.Question is not enhanced.

[2019-03-07 20:16:33 #3 type] 
Type domain.Bet is not enhanced.

[2019-03-07 20:16:33 #4 type] 
Type domain.Event is not enhanced.

[2019-03-07 20:16:33 #5 type] 
Type domain.User is not enhanced.

------------------------------------------------------------------------------------------------------------------------

[2019-03-07 20:16:42 #1 store] 
Database 'C:\Users\Carlos Dominguez\Desktop\BetAndRuin_FloatSoft\resources\db\bets.odb' is opened by 1972@DESKTOP-F3FKHV4

[2019-03-07 20:16:42 #2 type] 
Type domain.Question is not enhanced.

[2019-03-07 20:16:42 #3 type] 
Type domain.Bet is not enhanced.

[2019-03-07 20:16:42 #4 type] 
Type domain.Event is not enhanced.

[2019-03-07 20:16:42 #5 type] 
Type domain.User is not enhanced.

------------------------------------------------------------------------------------------------------------------------

[2019-03-07 20:16:56 #1 store] 
Database 'C:\Users\Carlos Dominguez\Desktop\BetAndRuin_FloatSoft\resources\db\bets.odb' is opened by 7852@DESKTOP-F3FKHV4

[2019-03-07 20:16:56 #2 type] 
Type domain.Question is not enhanced.

[2019-03-07 20:16:56 #3 type] 
Type domain.Bet is not enhanced.

[2019-03-07 20:16:56 #4 type] 
Type domain.Event is not enhanced.

[2019-03-07 20:16:56 #5 type] 
Type domain.User is not enhanced.

------------------------------------------------------------------------------------------------------------------------

[2019-03-07 20:18:04 #1 store] 
Database 'C:\Users\Carlos Dominguez\Desktop\BetAndRuin_FloatSoft\resources\db\bets.odb' is opened by 6536@DESKTOP-F3FKHV4

[2019-03-07 20:18:04 #2 type] 
Type domain.Question is not enhanced.

[2019-03-07 20:18:04 #3 type] 
Type domain.Bet is not enhanced.

[2019-03-07 20:18:04 #4 type] 
Type domain.Event is not enhanced.

[2019-03-07 20:18:04 #5 type] 
Type domain.User is not enhanced.

------------------------------------------------------------------------------------------------------------------------

[2019-03-07 20:18:56 #1 store] 
Database 'C:\Users\Carlos Dominguez\Desktop\BetAndRuin_FloatSoft\resources\db\bets.odb' is opened by 2128@DESKTOP-F3FKHV4

[2019-03-07 20:18:56 #2 type] 
Type domain.Question is not enhanced.

[2019-03-07 20:18:56 #3 type] 
Type domain.Bet is not enhanced.

[2019-03-07 20:18:56 #4 type] 
Type domain.Event is not enhanced.

[2019-03-07 20:18:56 #5 type] 
Type domain.User is not enhanced.

------------------------------------------------------------------------------------------------------------------------

[2019-03-07 20:20:20 #1 store] 
Database 'C:\Users\Carlos Dominguez\Desktop\BetAndRuin_FloatSoft\resources\db\bets.odb' is opened by 5680@DESKTOP-F3FKHV4

[2019-03-07 20:20:20 #2 type] 
Type domain.Question is not enhanced.

[2019-03-07 20:20:20 #3 type] 
Type domain.Bet is not enhanced.

[2019-03-07 20:20:20 #4 type] 
Type domain.Event is not enhanced.

[2019-03-07 20:20:20 #5 type] 
Type domain.User is not enhanced.

------------------------------------------------------------------------------------------------------------------------

[2019-03-07 20:21:09 #1 store] 
Database 'C:\Users\Carlos Dominguez\Desktop\BetAndRuin_FloatSoft\resources\db\bets.odb' is opened by 9196@DESKTOP-F3FKHV4

[2019-03-07 20:21:09 #2 type] 
Type domain.Question is not enhanced.

[2019-03-07 20:21:09 #3 type] 
Type domain.Bet is not enhanced.

[2019-03-07 20:21:09 #4 type] 
Type domain.Event is not enhanced.

[2019-03-07 20:21:09 #5 type] 
Type domain.User is not enhanced.

------------------------------------------------------------------------------------------------------------------------

[2019-03-07 20:26:32 #1 store] 
Database 'C:\Users\Carlos Dominguez\Desktop\BetAndRuin_FloatSoft\resources\db\bets.odb' is opened by 4948@DESKTOP-F3FKHV4

[2019-03-07 20:26:32 #2 type] 
Type domain.Question is not enhanced.

[2019-03-07 20:26:32 #3 type] 
Type domain.Bet is not enhanced.

[2019-03-07 20:26:32 #4 type] 
Type domain.Event is not enhanced.

[2019-03-07 20:26:32 #5 type] 
Type domain.User is not enhanced.

------------------------------------------------------------------------------------------------------------------------

[2019-03-07 20:28:16 #1 store] 
Database 'C:\Users\Carlos Dominguez\Desktop\BetAndRuin_FloatSoft\resources\db\bets.odb' is opened by 1408@DESKTOP-F3FKHV4

[2019-03-07 20:28:17 #2 type] 
Type domain.Question is not enhanced.

[2019-03-07 20:28:17 #3 type] 
Type domain.Bet is not enhanced.

[2019-03-07 20:28:17 #4 type] 
Type domain.Event is not enhanced.

[2019-03-07 20:28:17 #5 type] 
Type domain.User is not enhanced.

------------------------------------------------------------------------------------------------------------------------

[2019-03-07 20:29:46 #1 store] 
Database 'C:\Users\Carlos Dominguez\Desktop\BetAndRuin_FloatSoft\resources\db\bets.odb' is opened by 1340@DESKTOP-F3FKHV4

[2019-03-07 20:29:47 #2 type] 
Type domain.Question is not enhanced.

[2019-03-07 20:29:47 #3 type] 
Type domain.Bet is not enhanced.

[2019-03-07 20:29:47 #4 type] 
Type domain.Event is not enhanced.

[2019-03-07 20:29:47 #5 type] 
Type domain.User is not enhanced.

------------------------------------------------------------------------------------------------------------------------

[2019-03-07 20:30:15 #1 store] 
Database 'C:\Users\Carlos Dominguez\Desktop\BetAndRuin_FloatSoft\resources\db\bets.odb' is opened by 2420@DESKTOP-F3FKHV4

[2019-03-07 20:30:15 #2 type] 
Type domain.Question is not enhanced.

[2019-03-07 20:30:15 #3 type] 
Type domain.Bet is not enhanced.

[2019-03-07 20:30:15 #4 type] 
Type domain.Event is not enhanced.

[2019-03-07 20:30:15 #5 type] 
Type domain.User is not enhanced.

------------------------------------------------------------------------------------------------------------------------

[2019-03-07 21:54:36 #1 store] 
Database 'C:\Users\Carlos Dominguez\Desktop\BetAndRuin_FloatSoft\resources\db\bets.odb' is opened by 8112@DESKTOP-F3FKHV4

[2019-03-07 21:54:37 #2 type] 
Type domain.Question is not enhanced.

[2019-03-07 21:54:37 #3 type] 
Type domain.Bet is not enhanced.

[2019-03-07 21:54:37 #4 type] 
Type domain.Event is not enhanced.

[2019-03-07 21:54:37 #5 type] 
Type domain.User is not enhanced.

------------------------------------------------------------------------------------------------------------------------

[2019-03-07 21:59:34 #1 store] 
Database 'C:\Users\Carlos Dominguez\Desktop\BetAndRuin_FloatSoft\resources\db\bets.odb' is opened by 2536@DESKTOP-F3FKHV4

[2019-03-07 21:59:34 #2 type] 
Type domain.Question is not enhanced.

[2019-03-07 21:59:34 #3 type] 
Type domain.Bet is not enhanced.

[2019-03-07 21:59:34 #4 type] 
Type domain.Event is not enhanced.

[2019-03-07 21:59:34 #5 type] 
Type domain.User is not enhanced.

------------------------------------------------------------------------------------------------------------------------

[2019-03-07 22:00:46 #1 store] 
Database 'C:\Users\Carlos Dominguez\Desktop\BetAndRuin_FloatSoft\resources\db\bets.odb' is opened by 8028@DESKTOP-F3FKHV4

[2019-03-07 22:00:46 #2 type] 
Type domain.Question is not enhanced.

[2019-03-07 22:00:46 #3 type] 
Type domain.Bet is not enhanced.

[2019-03-07 22:00:46 #4 type] 
Type domain.Event is not enhanced.

[2019-03-07 22:00:46 #5 type] 
Type domain.User is not enhanced.

------------------------------------------------------------------------------------------------------------------------

[2019-03-07 22:01:26 #1 store] 
Database 'C:\Users\Carlos Dominguez\Desktop\BetAndRuin_FloatSoft\resources\db\bets.odb' is opened by 1808@DESKTOP-F3FKHV4

[2019-03-07 22:01:26 #2 type] 
Type domain.Question is not enhanced.

[2019-03-07 22:01:26 #3 type] 
Type domain.Bet is not enhanced.

[2019-03-07 22:01:26 #4 type] 
Type domain.Event is not enhanced.

[2019-03-07 22:01:26 #5 type] 
Type domain.User is not enhanced.

------------------------------------------------------------------------------------------------------------------------

[2019-03-07 22:02:48 #1 store] 
Database 'C:\Users\Carlos Dominguez\Desktop\BetAndRuin_FloatSoft\resources\db\bets.odb' is opened by 12800@DESKTOP-F3FKHV4

[2019-03-07 22:02:48 #2 type] 
Type domain.Question is not enhanced.

[2019-03-07 22:02:48 #3 type] 
Type domain.Bet is not enhanced.

[2019-03-07 22:02:48 #4 type] 
Type domain.Event is not enhanced.

[2019-03-07 22:02:48 #5 type] 
Type domain.User is not enhanced.

------------------------------------------------------------------------------------------------------------------------

[2019-03-07 22:03:30 #1 store] 
Database 'C:\Users\Carlos Dominguez\Desktop\BetAndRuin_FloatSoft\resources\db\bets.odb' is opened by 8352@DESKTOP-F3FKHV4

[2019-03-07 22:03:30 #2 type] 
Type domain.Question is not enhanced.

[2019-03-07 22:03:30 #3 type] 
Type domain.Bet is not enhanced.

[2019-03-07 22:03:30 #4 type] 
Type domain.Event is not enhanced.

[2019-03-07 22:03:30 #5 type] 
Type domain.User is not enhanced.

